Subscribing to 13 datarefs at 5 Hz...
  [ 0] frame_time_s              = sim/operation/misc/frame_rate_period
  [ 1] gpu_time_s                = sim/time/gpu_time_per_frame_sec_approx
  [ 2] framerate_period_s        = sim/time/framerate_period
  [ 3] lat                       = sim/flightmodel/position/latitude
  [ 4] lon                       = sim/flightmodel/position/longitude
  [ 5] elev_m                    = sim/flightmodel/position/elevation
  [ 6] agl_m                     = sim/flightmodel/position/y_agl
  [ 7] gs_ms                     = sim/flightmodel/position/groundspeed
  [ 8] ias_ms                    = sim/flightmodel/position/indicated_airspeed
  [ 9] tas_ms                    = sim/flightmodel/position/true_airspeed
  [10] sim_time_s                = sim/time/total_running_time_sec
  [11] paused                    = sim/time/paused
  [12] sim_speed                 = sim/time/sim_speed
  No response (attempt 1), retrying in 2s...
  No response (attempt 2), retrying in 2s...
  No response (attempt 3), retrying in 2s...
  No response (attempt 4), retrying in 3s...
  No response (attempt 5), retrying in 4s...
  No response (attempt 6), retrying in 4s...
  No response (attempt 7), retrying in 4s...
  No response (attempt 8), retrying in 5s...
Connected — receiving data from X-Plane (attempt 9)

Recording at 5 Hz to monitoring/run_ae/xplane_telemetry.csv
Max duration: 7200s. Press Ctrl+C to stop.

[    3.0s] FPS=32.3  CPU=0.00ms  GPU=985.48ms  Lat=47.453255  GS=0.5kts  (1 samples)
[   13.6s] FPS=28.4  CPU=16.76ms  GPU=18.46ms  Lat=47.453259  GS=0.0kts  (44 samples)
[   23.7s] FPS=30.3  CPU=12.64ms  GPU=20.35ms  Lat=47.453259  GS=0.0kts  (90 samples)
[   33.9s] FPS=30.0  CPU=14.33ms  GPU=18.97ms  Lat=47.453259  GS=0.0kts  (136 samples)
[   43.9s] FPS=30.4  CPU=14.02ms  GPU=18.87ms  Lat=47.453259  GS=0.0kts  (182 samples)
[   54.0s] FPS=29.5  CPU=15.56ms  GPU=18.30ms  Lat=47.453259  GS=0.0kts  (228 samples)
[   64.1s] FPS=30.5  CPU=13.27ms  GPU=19.55ms  Lat=47.453259  GS=0.0kts  (274 samples)
[   74.2s] FPS=30.7  CPU=11.72ms  GPU=20.83ms  Lat=47.453259  GS=0.0kts  (320 samples)
[   84.2s] FPS=28.6  CPU=15.21ms  GPU=19.77ms  Lat=47.453259  GS=0.0kts  (366 samples)
[   94.4s] FPS=39.3  CPU=7.83ms  GPU=17.62ms  Lat=47.453259  GS=0.0kts  (411 samples)
[  104.6s] FPS=30.6  CPU=12.47ms  GPU=20.22ms  Lat=47.453259  GS=0.0kts  (458 samples)
[  114.8s] FPS=30.1  CPU=13.72ms  GPU=19.49ms  Lat=47.453259  GS=0.0kts  (505 samples)
[  124.9s] FPS=28.6  CPU=15.76ms  GPU=19.22ms  Lat=47.453259  GS=0.0kts  (552 samples)
[  135.0s] FPS=29.9  CPU=13.60ms  GPU=19.80ms  Lat=47.453259  GS=0.0kts  (597 samples)
[  145.1s] FPS=29.6  CPU=13.89ms  GPU=19.91ms  Lat=47.453259  GS=0.0kts  (643 samples)
[  155.3s] FPS=29.6  CPU=13.78ms  GPU=19.96ms  Lat=47.453259  GS=0.0kts  (689 samples)
[  165.5s] FPS=30.2  CPU=13.97ms  GPU=19.10ms  Lat=47.453259  GS=0.0kts  (735 samples)
[  175.5s] FPS=30.4  CPU=13.38ms  GPU=19.55ms  Lat=47.453259  GS=0.0kts  (780 samples)
[  185.5s] FPS=29.1  CPU=15.01ms  GPU=19.32ms  Lat=47.453259  GS=0.0kts  (826 samples)
[  195.7s] FPS=29.8  CPU=14.41ms  GPU=19.14ms  Lat=47.453259  GS=0.0kts  (872 samples)
[  205.8s] FPS=29.2  CPU=14.89ms  GPU=19.32ms  Lat=47.453259  GS=0.0kts  (918 samples)
[  215.9s] FPS=30.8  CPU=15.87ms  GPU=16.63ms  Lat=47.453259  GS=0.0kts  (964 samples)
[  226.0s] FPS=29.0  CPU=14.58ms  GPU=19.93ms  Lat=47.453259  GS=0.0kts  (1010 samples)
[  236.1s] FPS=29.8  CPU=13.66ms  GPU=19.90ms  Lat=47.453259  GS=0.0kts  (1052 samples)
[  246.1s] FPS=29.5  CPU=14.70ms  GPU=19.23ms  Lat=47.453259  GS=0.0kts  (1098 samples)
[  256.2s] FPS=30.2  CPU=13.13ms  GPU=19.95ms  Lat=47.453259  GS=0.0kts  (1144 samples)
[  266.4s] FPS=30.8  CPU=12.56ms  GPU=19.93ms  Lat=47.453259  GS=0.0kts  (1190 samples)
[  276.5s] FPS=30.4  CPU=12.64ms  GPU=20.22ms  Lat=47.453259  GS=0.0kts  (1236 samples)
[  286.7s] FPS=29.6  CPU=13.54ms  GPU=20.29ms  Lat=47.453259  GS=0.0kts  (1283 samples)
[  296.8s] FPS=30.1  CPU=12.36ms  GPU=20.89ms  Lat=47.453259  GS=0.0kts  (1329 samples)
[  307.0s] FPS=29.2  CPU=13.94ms  GPU=20.36ms  Lat=47.453259  GS=0.0kts  (1376 samples)
[  317.2s] FPS=29.5  CPU=13.65ms  GPU=20.29ms  Lat=47.453259  GS=0.0kts  (1423 samples)
[  327.4s] FPS=30.2  CPU=11.90ms  GPU=21.26ms  Lat=47.453259  GS=0.0kts  (1469 samples)
[  337.5s] FPS=28.7  CPU=14.56ms  GPU=20.23ms  Lat=47.453259  GS=0.0kts  (1515 samples)
[  347.6s] FPS=29.9  CPU=14.38ms  GPU=19.05ms  Lat=47.453259  GS=0.0kts  (1561 samples)
[  357.6s] FPS=29.3  CPU=13.11ms  GPU=20.98ms  Lat=47.453259  GS=0.0kts  (1607 samples)
[  367.7s] FPS=29.8  CPU=12.58ms  GPU=20.95ms  Lat=47.453259  GS=0.0kts  (1652 samples)
[  377.9s] FPS=29.2  CPU=14.41ms  GPU=19.82ms  Lat=47.453259  GS=0.0kts  (1698 samples)
[  388.1s] FPS=29.9  CPU=11.42ms  GPU=22.01ms  Lat=47.453259  GS=0.0kts  (1745 samples)
[  398.3s] FPS=29.5  CPU=11.93ms  GPU=21.91ms  Lat=47.453259  GS=0.0kts  (1791 samples)
[  408.5s] FPS=28.8  CPU=12.57ms  GPU=22.14ms  Lat=47.453259  GS=0.0kts  (1838 samples)
[  418.7s] FPS=30.3  CPU=12.75ms  GPU=20.25ms  Lat=47.453259  GS=0.0kts  (1885 samples)
[  428.7s] FPS=29.5  CPU=12.15ms  GPU=21.70ms  Lat=47.453259  GS=0.0kts  (1931 samples)
[  438.7s] FPS=30.1  CPU=13.16ms  GPU=20.12ms  Lat=47.453259  GS=0.0kts  (1977 samples)
[  448.9s] FPS=29.7  CPU=14.13ms  GPU=19.54ms  Lat=47.453259  GS=0.0kts  (2024 samples)
[  459.1s] FPS=30.4  CPU=13.34ms  GPU=19.60ms  Lat=47.453259  GS=0.0kts  (2070 samples)
[  469.2s] FPS=29.3  CPU=14.67ms  GPU=19.40ms  Lat=47.453259  GS=0.0kts  (2116 samples)
[  479.5s] FPS=29.5  CPU=13.42ms  GPU=20.44ms  Lat=47.453259  GS=0.0kts  (2163 samples)
[  489.5s] FPS=29.0  CPU=13.70ms  GPU=20.81ms  Lat=47.453259  GS=0.0kts  (2208 samples)
[  499.6s] FPS=30.0  CPU=13.44ms  GPU=19.91ms  Lat=47.453259  GS=0.0kts  (2254 samples)
[  509.8s] FPS=29.7  CPU=13.67ms  GPU=19.99ms  Lat=47.453259  GS=0.0kts  (2300 samples)
[  519.9s] FPS=29.7  CPU=14.41ms  GPU=19.30ms  Lat=47.453259  GS=0.0kts  (2346 samples)
[  530.1s] FPS=30.1  CPU=14.07ms  GPU=19.16ms  Lat=47.453259  GS=0.0kts  (2392 samples)
[  540.1s] FPS=29.7  CPU=14.30ms  GPU=19.37ms  Lat=47.453259  GS=0.0kts  (2437 samples)
[  550.3s] FPS=24.9  CPU=27.97ms  GPU=12.25ms  Lat=47.453259  GS=0.0kts  (2484 samples)
[  560.4s] FPS=29.8  CPU=19.69ms  GPU=13.85ms  Lat=47.453259  GS=0.0kts  (2531 samples)
[  570.5s] FPS=41.6  CPU=5.53ms  GPU=18.50ms  Lat=47.453259  GS=0.0kts  (2577 samples)
[  580.5s] FPS=29.8  CPU=13.33ms  GPU=20.28ms  Lat=47.453259  GS=0.0kts  (2624 samples)
[  590.5s] FPS=31.4  CPU=12.30ms  GPU=19.52ms  Lat=47.453259  GS=0.0kts  (2667 samples)
[  600.7s] FPS=29.8  CPU=13.67ms  GPU=19.92ms  Lat=47.453259  GS=0.0kts  (2714 samples)
[  610.9s] FPS=30.6  CPU=20.58ms  GPU=12.16ms  Lat=47.453259  GS=0.0kts  (2761 samples)
[  621.0s] FPS=30.6  CPU=12.98ms  GPU=19.68ms  Lat=47.453259  GS=0.0kts  (2808 samples)
[  631.0s] FPS=29.7  CPU=14.45ms  GPU=19.24ms  Lat=47.453259  GS=0.0kts  (2854 samples)
[  641.1s] FPS=30.1  CPU=13.20ms  GPU=19.98ms  Lat=47.453259  GS=0.0kts  (2900 samples)
[  651.3s] FPS=29.4  CPU=13.92ms  GPU=20.10ms  Lat=47.453259  GS=0.0kts  (2946 samples)
[  661.3s] FPS=29.5  CPU=13.69ms  GPU=20.21ms  Lat=47.453259  GS=0.0kts  (2991 samples)
[  671.3s] FPS=31.0  CPU=11.47ms  GPU=20.74ms  Lat=47.453259  GS=0.0kts  (3037 samples)
[  681.4s] FPS=28.6  CPU=13.76ms  GPU=21.24ms  Lat=47.453259  GS=0.0kts  (3083 samples)
[  691.5s] FPS=27.6  CPU=13.85ms  GPU=22.41ms  Lat=47.453259  GS=0.0kts  (3129 samples)
[  701.6s] FPS=28.3  CPU=13.58ms  GPU=21.73ms  Lat=47.453259  GS=0.0kts  (3175 samples)
[  711.6s] FPS=29.3  CPU=12.31ms  GPU=21.88ms  Lat=47.453259  GS=0.0kts  (3221 samples)
[  721.7s] FPS=29.4  CPU=12.58ms  GPU=21.45ms  Lat=47.453259  GS=0.0kts  (3268 samples)
[  731.7s] FPS=30.2  CPU=12.55ms  GPU=20.56ms  Lat=47.453259  GS=0.0kts  (3313 samples)
[  741.9s] FPS=30.1  CPU=13.26ms  GPU=20.02ms  Lat=47.453259  GS=0.0kts  (3359 samples)
[  751.9s] FPS=30.6  CPU=12.83ms  GPU=19.85ms  Lat=47.453259  GS=0.0kts  (3405 samples)
[  762.0s] FPS=29.1  CPU=14.25ms  GPU=20.15ms  Lat=47.453259  GS=0.0kts  (3451 samples)
[  772.1s] FPS=29.8  CPU=13.05ms  GPU=20.50ms  Lat=47.453259  GS=0.0kts  (3497 samples)
[  782.2s] FPS=29.8  CPU=13.70ms  GPU=19.83ms  Lat=47.453259  GS=0.0kts  (3543 samples)
[  792.4s] FPS=30.0  CPU=12.65ms  GPU=20.64ms  Lat=47.453259  GS=0.0kts  (3589 samples)
[  802.4s] FPS=29.8  CPU=13.84ms  GPU=19.67ms  Lat=47.453259  GS=0.0kts  (3635 samples)
[  812.6s] FPS=29.2  CPU=14.40ms  GPU=19.83ms  Lat=47.453259  GS=0.0kts  (3681 samples)
[  822.6s] FPS=29.7  CPU=13.85ms  GPU=19.77ms  Lat=47.453259  GS=0.0kts  (3727 samples)
[  832.8s] FPS=29.4  CPU=13.84ms  GPU=20.16ms  Lat=47.453259  GS=0.0kts  (3774 samples)
[  843.0s] FPS=29.8  CPU=12.80ms  GPU=20.77ms  Lat=47.453259  GS=0.0kts  (3821 samples)
[  853.1s] FPS=29.9  CPU=12.85ms  GPU=20.63ms  Lat=47.453259  GS=0.0kts  (3867 samples)
[  863.2s] FPS=30.2  CPU=12.83ms  GPU=20.25ms  Lat=47.453259  GS=0.0kts  (3913 samples)
[  873.4s] FPS=29.9  CPU=13.28ms  GPU=20.15ms  Lat=47.453259  GS=0.0kts  (3959 samples)
[  883.5s] FPS=29.9  CPU=12.83ms  GPU=20.62ms  Lat=47.453259  GS=0.0kts  (4005 samples)
[  893.6s] FPS=29.8  CPU=12.93ms  GPU=20.66ms  Lat=47.453259  GS=0.0kts  (4051 samples)
[  903.7s] FPS=31.4  CPU=10.72ms  GPU=21.16ms  Lat=47.453259  GS=0.0kts  (4098 samples)
[  913.8s] FPS=28.2  CPU=14.74ms  GPU=20.70ms  Lat=47.453259  GS=0.0kts  (4144 samples)
[  924.0s] FPS=27.3  CPU=15.17ms  GPU=21.48ms  Lat=47.453259  GS=0.0kts  (4190 samples)
[  934.1s] FPS=28.2  CPU=13.97ms  GPU=21.52ms  Lat=47.453259  GS=0.0kts  (4237 samples)
[  944.3s] FPS=30.5  CPU=11.19ms  GPU=21.62ms  Lat=47.453259  GS=0.0kts  (4283 samples)
[  954.4s] FPS=41.1  CPU=2.13ms  GPU=22.20ms  Lat=47.453259  GS=0.0kts  (4330 samples)
[  964.6s] FPS=29.9  CPU=12.81ms  GPU=20.58ms  Lat=47.453259  GS=0.0kts  (4377 samples)
[  974.7s] FPS=26.6  CPU=16.02ms  GPU=21.63ms  Lat=47.453259  GS=0.0kts  (4424 samples)
[  984.9s] FPS=26.6  CPU=15.12ms  GPU=22.41ms  Lat=47.453259  GS=0.0kts  (4470 samples)
[  995.1s] FPS=27.6  CPU=13.89ms  GPU=22.28ms  Lat=47.453259  GS=0.0kts  (4517 samples)
[ 1005.1s] FPS=29.3  CPU=12.80ms  GPU=21.30ms  Lat=47.453259  GS=0.0kts  (4563 samples)
[ 1015.2s] FPS=30.7  CPU=10.17ms  GPU=22.45ms  Lat=47.453259  GS=0.0kts  (4608 samples)
[ 1025.3s] FPS=27.6  CPU=13.52ms  GPU=22.68ms  Lat=47.453259  GS=0.0kts  (4654 samples)
[ 1035.4s] FPS=32.0  CPU=8.34ms  GPU=22.91ms  Lat=47.453259  GS=0.0kts  (4700 samples)
[ 1045.5s] FPS=29.3  CPU=11.39ms  GPU=22.74ms  Lat=47.453259  GS=0.0kts  (4746 samples)
[ 1055.6s] FPS=36.1  CPU=4.56ms  GPU=23.16ms  Lat=47.453259  GS=0.0kts  (4792 samples)
[ 1065.7s] FPS=31.8  CPU=9.51ms  GPU=21.97ms  Lat=47.453259  GS=0.0kts  (4838 samples)
[ 1075.8s] FPS=29.3  CPU=11.98ms  GPU=22.14ms  Lat=47.453259  GS=0.0kts  (4884 samples)
[ 1085.9s] FPS=30.1  CPU=11.58ms  GPU=21.70ms  Lat=47.453259  GS=0.0kts  (4930 samples)
[ 1096.0s] FPS=28.8  CPU=13.31ms  GPU=21.39ms  Lat=47.453259  GS=0.0kts  (4976 samples)
[ 1106.0s] FPS=29.4  CPU=12.60ms  GPU=21.42ms  Lat=47.453259  GS=0.0kts  (5021 samples)
[ 1116.1s] FPS=28.0  CPU=13.59ms  GPU=22.08ms  Lat=47.453259  GS=0.0kts  (5067 samples)
[ 1126.3s] FPS=28.6  CPU=15.17ms  GPU=19.74ms  Lat=47.453259  GS=0.0kts  (5114 samples)
[ 1136.5s] FPS=29.7  CPU=11.82ms  GPU=21.84ms  Lat=47.453259  GS=0.0kts  (5161 samples)
[ 1146.7s] FPS=40.8  CPU=5.20ms  GPU=19.28ms  Lat=47.453259  GS=0.0kts  (5207 samples)
[ 1156.7s] FPS=29.4  CPU=14.81ms  GPU=19.21ms  Lat=47.453259  GS=0.0kts  (5252 samples)
[ 1166.9s] FPS=29.8  CPU=13.99ms  GPU=19.57ms  Lat=47.453259  GS=0.0kts  (5299 samples)
[ 1177.1s] FPS=30.1  CPU=12.69ms  GPU=20.55ms  Lat=47.453259  GS=0.0kts  (5346 samples)
[ 1187.1s] FPS=29.6  CPU=14.56ms  GPU=19.22ms  Lat=47.453259  GS=0.0kts  (5392 samples)
[ 1197.2s] FPS=30.5  CPU=12.55ms  GPU=20.26ms  Lat=47.453259  GS=0.0kts  (5438 samples)
[ 1207.3s] FPS=34.6  CPU=9.38ms  GPU=19.50ms  Lat=47.453259  GS=0.0kts  (5484 samples)
[ 1217.5s] FPS=30.3  CPU=13.36ms  GPU=19.60ms  Lat=47.453259  GS=0.0kts  (5530 samples)
[ 1227.6s] FPS=28.1  CPU=14.34ms  GPU=21.25ms  Lat=47.453259  GS=0.0kts  (5576 samples)
[ 1237.7s] FPS=28.8  CPU=14.05ms  GPU=20.71ms  Lat=47.453259  GS=0.0kts  (5621 samples)
[ 1247.8s] FPS=30.1  CPU=16.70ms  GPU=16.57ms  Lat=47.453259  GS=0.0kts  (5667 samples)
[ 1257.8s] FPS=29.9  CPU=11.49ms  GPU=21.96ms  Lat=47.453259  GS=0.0kts  (5712 samples)
[ 1267.9s] FPS=32.6  CPU=17.17ms  GPU=13.51ms  Lat=47.453259  GS=0.0kts  (5758 samples)
[ 1278.1s] FPS=29.9  CPU=12.97ms  GPU=20.46ms  Lat=47.453259  GS=0.0kts  (5805 samples)
[ 1288.1s] FPS=19.9  CPU=30.07ms  GPU=20.18ms  Lat=47.453259  GS=0.0kts  (5851 samples)
[ 1298.4s] FPS=27.2  CPU=15.46ms  GPU=21.27ms  Lat=47.453259  GS=0.0kts  (5897 samples)
[ 1308.5s] FPS=19.9  CPU=26.03ms  GPU=24.23ms  Lat=47.453259  GS=0.0kts  (5942 samples)
[ 1318.5s] FPS=29.0  CPU=14.22ms  GPU=20.23ms  Lat=47.453259  GS=0.0kts  (5987 samples)
[ 1328.7s] FPS=30.1  CPU=12.63ms  GPU=20.55ms  Lat=47.453259  GS=0.0kts  (6032 samples)
[ 1338.8s] FPS=29.5  CPU=19.84ms  GPU=14.11ms  Lat=47.453259  GS=0.0kts  (6078 samples)
[ 1349.0s] FPS=31.0  CPU=8.10ms  GPU=24.20ms  Lat=47.453259  GS=0.0kts  (6124 samples)
[ 1359.1s] FPS=29.8  CPU=11.03ms  GPU=22.54ms  Lat=47.453259  GS=0.0kts  (6170 samples)
[ 1369.3s] FPS=30.4  CPU=11.59ms  GPU=21.29ms  Lat=47.453259  GS=0.0kts  (6216 samples)
[ 1379.4s] FPS=28.9  CPU=13.03ms  GPU=21.56ms  Lat=47.453259  GS=0.0kts  (6262 samples)
[ 1389.4s] FPS=28.5  CPU=14.10ms  GPU=21.03ms  Lat=47.453255  GS=0.0kts  (6308 samples)
[ 1399.5s] FPS=30.0  CPU=12.22ms  GPU=21.16ms  Lat=47.453255  GS=0.0kts  (6354 samples)
[ 1409.7s] FPS=29.1  CPU=14.21ms  GPU=20.19ms  Lat=47.453255  GS=0.0kts  (6400 samples)
[ 1419.8s] FPS=29.2  CPU=14.09ms  GPU=20.14ms  Lat=47.453255  GS=0.0kts  (6447 samples)
[ 1429.9s] FPS=31.4  CPU=10.98ms  GPU=20.87ms  Lat=47.453255  GS=0.0kts  (6492 samples)
[ 1439.9s] FPS=30.4  CPU=12.59ms  GPU=20.30ms  Lat=47.453255  GS=0.0kts  (6538 samples)
[ 1449.9s] FPS=27.0  CPU=16.00ms  GPU=21.08ms  Lat=47.453255  GS=0.0kts  (6584 samples)
[ 1460.0s] FPS=28.7  CPU=14.44ms  GPU=20.42ms  Lat=47.453255  GS=0.0kts  (6630 samples)
[ 1470.2s] FPS=29.5  CPU=12.90ms  GPU=21.03ms  Lat=47.453255  GS=0.0kts  (6676 samples)
[ 1480.3s] FPS=30.2  CPU=12.66ms  GPU=20.45ms  Lat=47.453255  GS=0.0kts  (6722 samples)
[ 1490.3s] FPS=30.1  CPU=11.85ms  GPU=21.40ms  Lat=47.453255  GS=0.0kts  (6768 samples)
[ 1500.4s] FPS=29.9  CPU=12.51ms  GPU=20.93ms  Lat=47.453255  GS=0.0kts  (6814 samples)
[ 1510.4s] FPS=28.8  CPU=14.43ms  GPU=20.32ms  Lat=47.453255  GS=0.0kts  (6860 samples)
[ 1520.5s] FPS=30.1  CPU=12.77ms  GPU=20.49ms  Lat=47.453255  GS=0.0kts  (6906 samples)
[ 1530.5s] FPS=29.0  CPU=13.62ms  GPU=20.88ms  Lat=47.453255  GS=0.0kts  (6951 samples)
[ 1540.6s] FPS=29.9  CPU=13.37ms  GPU=20.03ms  Lat=47.453255  GS=0.0kts  (6997 samples)
[ 1550.7s] FPS=32.0  CPU=9.57ms  GPU=21.64ms  Lat=47.453255  GS=0.0kts  (7043 samples)
[ 1560.7s] FPS=29.4  CPU=13.14ms  GPU=20.86ms  Lat=47.453255  GS=0.0kts  (7089 samples)
[ 1570.8s] FPS=29.2  CPU=14.65ms  GPU=19.57ms  Lat=47.453255  GS=0.0kts  (7135 samples)
[ 1581.0s] FPS=30.9  CPU=11.77ms  GPU=20.62ms  Lat=47.453255  GS=0.0kts  (7182 samples)
[ 1591.1s] FPS=32.4  CPU=9.68ms  GPU=21.20ms  Lat=47.453255  GS=0.0kts  (7228 samples)
[ 1601.2s] FPS=30.0  CPU=12.88ms  GPU=20.44ms  Lat=47.453255  GS=0.0kts  (7274 samples)
[ 1611.5s] FPS=29.4  CPU=13.23ms  GPU=20.73ms  Lat=47.453255  GS=0.0kts  (7321 samples)
[ 1621.5s] FPS=30.6  CPU=12.56ms  GPU=20.09ms  Lat=47.453255  GS=0.0kts  (7367 samples)
[ 1631.5s] FPS=28.6  CPU=14.33ms  GPU=20.59ms  Lat=47.453255  GS=0.0kts  (7413 samples)
[ 1641.6s] FPS=29.3  CPU=13.38ms  GPU=20.80ms  Lat=47.453255  GS=0.0kts  (7459 samples)
[ 1651.7s] FPS=29.5  CPU=14.00ms  GPU=19.94ms  Lat=47.453255  GS=0.0kts  (7505 samples)
[ 1661.7s] FPS=30.5  CPU=12.93ms  GPU=19.82ms  Lat=47.453255  GS=0.0kts  (7550 samples)
[ 1671.9s] FPS=29.7  CPU=13.33ms  GPU=20.35ms  Lat=47.453255  GS=0.0kts  (7596 samples)
[ 1682.0s] FPS=29.9  CPU=13.01ms  GPU=20.47ms  Lat=47.453255  GS=0.0kts  (7642 samples)
[ 1692.2s] FPS=29.6  CPU=12.73ms  GPU=21.02ms  Lat=47.453255  GS=0.0kts  (7688 samples)
[ 1702.2s] FPS=29.5  CPU=13.02ms  GPU=20.88ms  Lat=47.453255  GS=0.0kts  (7733 samples)
[ 1712.3s] FPS=27.8  CPU=14.90ms  GPU=21.09ms  Lat=47.453255  GS=0.0kts  (7779 samples)
[ 1722.4s] FPS=31.7  CPU=10.01ms  GPU=21.53ms  Lat=47.453255  GS=0.0kts  (7825 samples)
[ 1732.5s] FPS=30.2  CPU=11.42ms  GPU=21.66ms  Lat=47.453255  GS=0.0kts  (7871 samples)
[ 1742.7s] FPS=28.6  CPU=13.72ms  GPU=21.21ms  Lat=47.453255  GS=0.0kts  (7917 samples)
[ 1752.8s] FPS=33.3  CPU=8.14ms  GPU=21.91ms  Lat=47.453255  GS=0.0kts  (7963 samples)
[ 1762.9s] FPS=28.5  CPU=14.38ms  GPU=20.66ms  Lat=47.453255  GS=0.0kts  (8009 samples)
[ 1773.0s] FPS=29.3  CPU=12.07ms  GPU=22.06ms  Lat=47.453255  GS=0.0kts  (8055 samples)
[ 1783.0s] FPS=28.8  CPU=13.60ms  GPU=21.12ms  Lat=47.453255  GS=0.0kts  (8101 samples)
[ 1793.2s] FPS=29.3  CPU=12.38ms  GPU=21.79ms  Lat=47.453255  GS=0.0kts  (8147 samples)
[ 1803.2s] FPS=28.5  CPU=13.30ms  GPU=21.77ms  Lat=47.453255  GS=0.0kts  (8193 samples)
[ 1813.4s] FPS=28.7  CPU=12.35ms  GPU=22.53ms  Lat=47.453255  GS=0.0kts  (8239 samples)
[ 1823.4s] FPS=28.7  CPU=12.05ms  GPU=22.76ms  Lat=47.453255  GS=0.0kts  (8285 samples)
[ 1833.5s] FPS=28.4  CPU=14.40ms  GPU=20.80ms  Lat=47.453255  GS=0.0kts  (8331 samples)
[ 1843.7s] FPS=28.2  CPU=13.69ms  GPU=21.74ms  Lat=47.453255  GS=0.0kts  (8377 samples)
[ 1853.8s] FPS=30.1  CPU=12.09ms  GPU=21.12ms  Lat=47.453255  GS=0.0kts  (8423 samples)
[ 1863.9s] FPS=31.1  CPU=10.53ms  GPU=21.64ms  Lat=47.453255  GS=0.0kts  (8469 samples)
[ 1874.1s] FPS=30.9  CPU=11.09ms  GPU=21.30ms  Lat=47.453255  GS=0.0kts  (8515 samples)
[ 1884.1s] FPS=29.4  CPU=14.98ms  GPU=18.99ms  Lat=47.453255  GS=0.0kts  (8561 samples)
[ 1894.2s] FPS=29.5  CPU=13.80ms  GPU=20.13ms  Lat=47.453255  GS=0.0kts  (8607 samples)
[ 1904.3s] FPS=29.6  CPU=13.48ms  GPU=20.26ms  Lat=47.453255  GS=0.0kts  (8653 samples)
[ 1914.4s] FPS=29.5  CPU=13.47ms  GPU=20.44ms  Lat=47.453255  GS=0.0kts  (8699 samples)
[ 1924.6s] FPS=30.6  CPU=12.84ms  GPU=19.79ms  Lat=47.453255  GS=0.0kts  (8745 samples)
[ 1934.8s] FPS=53.9  CPU=5.02ms  GPU=13.52ms  Lat=47.453255  GS=0.0kts  (8791 samples)
[ 1944.9s] FPS=30.0  CPU=17.30ms  GPU=16.06ms  Lat=47.453255  GS=0.0kts  (8838 samples)
[ 1954.9s] FPS=30.3  CPU=12.71ms  GPU=20.34ms  Lat=47.453255  GS=0.0kts  (8884 samples)
[ 1965.0s] FPS=29.6  CPU=12.69ms  GPU=21.06ms  Lat=47.453243  GS=1.6kts  (8930 samples)
[ 1975.1s] FPS=31.6  CPU=16.80ms  GPU=14.83ms  Lat=47.453148  GS=2.1kts  (8976 samples)
[ 1985.3s] FPS=27.9  CPU=17.50ms  GPU=18.31ms  Lat=47.453045  GS=2.2kts  (9023 samples)
[ 1995.3s] FPS=29.8  CPU=14.20ms  GPU=19.41ms  Lat=47.452946  GS=2.2kts  (9069 samples)
[ 2005.5s] FPS=30.0  CPU=13.64ms  GPU=19.71ms  Lat=47.452843  GS=2.2kts  (9116 samples)
[ 2015.6s] FPS=28.9  CPU=15.66ms  GPU=18.93ms  Lat=47.452797  GS=1.6kts  (9162 samples)
[ 2025.7s] FPS=29.1  CPU=13.81ms  GPU=20.51ms  Lat=47.452694  GS=2.1kts  (9208 samples)
[ 2035.8s] FPS=30.5  CPU=14.01ms  GPU=18.79ms  Lat=47.452602  GS=2.2kts  (9254 samples)
[ 2046.0s] FPS=30.6  CPU=13.22ms  GPU=19.43ms  Lat=47.452526  GS=2.1kts  (9300 samples)
[ 2056.2s] FPS=29.8  CPU=13.74ms  GPU=19.80ms  Lat=47.452473  GS=2.1kts  (9346 samples)
[ 2066.2s] FPS=30.0  CPU=13.28ms  GPU=20.03ms  Lat=47.452457  GS=0.3kts  (9392 samples)
[ 2076.3s] FPS=30.1  CPU=12.58ms  GPU=20.66ms  Lat=47.452454  GS=1.0kts  (9438 samples)
[ 2086.3s] FPS=29.2  CPU=14.49ms  GPU=19.82ms  Lat=47.452454  GS=0.1kts  (9483 samples)
[ 2096.5s] FPS=29.2  CPU=13.67ms  GPU=20.57ms  Lat=47.452454  GS=0.1kts  (9530 samples)
[ 2106.6s] FPS=29.8  CPU=15.29ms  GPU=18.23ms  Lat=47.452454  GS=0.0kts  (9576 samples)
[ 2116.6s] FPS=29.1  CPU=13.65ms  GPU=20.67ms  Lat=47.452454  GS=0.0kts  (9622 samples)
[ 2126.6s] FPS=29.2  CPU=14.35ms  GPU=19.92ms  Lat=47.452454  GS=0.0kts  (9668 samples)
[ 2136.8s] FPS=27.2  CPU=17.15ms  GPU=19.65ms  Lat=47.452454  GS=0.0kts  (9715 samples)
[ 2147.0s] FPS=29.9  CPU=14.25ms  GPU=19.25ms  Lat=47.452454  GS=0.0kts  (9762 samples)
[ 2157.1s] FPS=30.8  CPU=12.33ms  GPU=20.18ms  Lat=47.452454  GS=0.0kts  (9808 samples)
[ 2167.3s] FPS=29.8  CPU=13.35ms  GPU=20.16ms  Lat=47.452454  GS=0.0kts  (9854 samples)
[ 2177.4s] FPS=29.5  CPU=14.58ms  GPU=19.36ms  Lat=47.452454  GS=0.0kts  (9900 samples)
[ 2187.5s] FPS=29.4  CPU=14.83ms  GPU=19.14ms  Lat=47.452454  GS=0.0kts  (9947 samples)
[ 2197.7s] FPS=30.8  CPU=13.12ms  GPU=19.34ms  Lat=47.452454  GS=0.4kts  (9994 samples)
[ 2207.7s] FPS=29.5  CPU=13.84ms  GPU=20.10ms  Lat=47.452457  GS=1.5kts  (10040 samples)
[ 2217.8s] FPS=30.2  CPU=13.41ms  GPU=19.69ms  Lat=47.452469  GS=3.8kts  (10086 samples)
[ 2227.8s] FPS=30.0  CPU=13.86ms  GPU=19.47ms  Lat=47.452496  GS=6.6kts  (10131 samples)
[ 2237.9s] FPS=29.4  CPU=16.17ms  GPU=17.82ms  Lat=47.452549  GS=10.9kts  (10178 samples)
[ 2248.1s] FPS=28.6  CPU=15.26ms  GPU=19.74ms  Lat=47.452621  GS=14.3kts  (10224 samples)
[ 2258.2s] FPS=29.9  CPU=12.43ms  GPU=21.00ms  Lat=47.452679  GS=15.0kts  (10270 samples)
[ 2268.3s] FPS=28.5  CPU=13.45ms  GPU=21.61ms  Lat=47.452904  GS=16.0kts  (10316 samples)
[ 2278.3s] FPS=28.6  CPU=13.11ms  GPU=21.89ms  Lat=47.453560  GS=15.5kts  (10362 samples)
[ 2288.4s] FPS=29.7  CPU=13.64ms  GPU=20.07ms  Lat=47.454224  GS=16.5kts  (10407 samples)
[ 2298.5s] FPS=30.4  CPU=12.88ms  GPU=20.05ms  Lat=47.454971  GS=16.9kts  (10452 samples)
[ 2308.6s] FPS=25.6  CPU=17.98ms  GPU=21.14ms  Lat=47.455223  GS=14.1kts  (10497 samples)
[ 2318.7s] FPS=27.1  CPU=14.47ms  GPU=22.43ms  Lat=47.455166  GS=14.0kts  (10541 samples)
[ 2328.9s] FPS=28.1  CPU=13.97ms  GPU=21.65ms  Lat=47.455093  GS=14.7kts  (10585 samples)
[ 2339.1s] FPS=29.0  CPU=12.33ms  GPU=22.14ms  Lat=47.455025  GS=15.5kts  (10630 samples)
[ 2349.3s] FPS=29.8  CPU=11.81ms  GPU=21.72ms  Lat=47.454948  GS=16.2kts  (10676 samples)
[ 2359.4s] FPS=27.7  CPU=15.82ms  GPU=20.23ms  Lat=47.454865  GS=15.8kts  (10723 samples)
[ 2369.6s] FPS=30.3  CPU=12.40ms  GPU=20.61ms  Lat=47.454788  GS=17.3kts  (10769 samples)
[ 2379.8s] FPS=29.6  CPU=13.53ms  GPU=20.25ms  Lat=47.455143  GS=19.5kts  (10816 samples)
[ 2389.8s] FPS=28.9  CPU=13.52ms  GPU=21.08ms  Lat=47.455734  GS=20.2kts  (10862 samples)
[ 2399.9s] FPS=28.5  CPU=12.36ms  GPU=22.69ms  Lat=47.455925  GS=18.3kts  (10908 samples)
[ 2410.0s] FPS=28.7  CPU=12.18ms  GPU=22.67ms  Lat=47.455833  GS=17.4kts  (10954 samples)
[ 2420.0s] FPS=29.4  CPU=11.24ms  GPU=22.77ms  Lat=47.455753  GS=11.4kts  (11000 samples)
[ 2430.0s] FPS=30.5  CPU=11.06ms  GPU=21.72ms  Lat=47.455742  GS=0.6kts  (11045 samples)
[ 2440.2s] FPS=29.5  CPU=11.07ms  GPU=22.85ms  Lat=47.455738  GS=1.4kts  (11092 samples)
[ 2450.4s] FPS=29.6  CPU=11.72ms  GPU=22.06ms  Lat=47.455727  GS=2.3kts  (11137 samples)
[ 2460.6s] FPS=28.7  CPU=12.32ms  GPU=22.51ms  Lat=47.455727  GS=0.0kts  (11182 samples)
[ 2470.7s] FPS=29.4  CPU=10.60ms  GPU=23.41ms  Lat=47.455727  GS=0.0kts  (11228 samples)
[ 2480.9s] FPS=30.0  CPU=11.23ms  GPU=22.06ms  Lat=47.455727  GS=0.0kts  (11274 samples)
[ 2491.0s] FPS=29.8  CPU=11.50ms  GPU=22.11ms  Lat=47.455727  GS=0.0kts  (11320 samples)
[ 2501.0s] FPS=30.3  CPU=9.85ms  GPU=23.16ms  Lat=47.455727  GS=0.0kts  (11365 samples)
[ 2511.2s] FPS=28.9  CPU=12.66ms  GPU=21.90ms  Lat=47.455727  GS=0.0kts  (11411 samples)
[ 2521.4s] FPS=30.3  CPU=10.93ms  GPU=22.12ms  Lat=47.455727  GS=0.0kts  (11457 samples)
[ 2531.6s] FPS=29.4  CPU=11.95ms  GPU=22.00ms  Lat=47.455727  GS=0.0kts  (11503 samples)
[ 2541.8s] FPS=29.7  CPU=11.55ms  GPU=22.14ms  Lat=47.455727  GS=0.0kts  (11549 samples)
[ 2551.9s] FPS=29.8  CPU=11.45ms  GPU=22.10ms  Lat=47.455727  GS=0.0kts  (11594 samples)
[ 2562.0s] FPS=30.4  CPU=11.14ms  GPU=21.70ms  Lat=47.455723  GS=1.1kts  (11640 samples)
[ 2572.1s] FPS=30.6  CPU=11.13ms  GPU=21.60ms  Lat=47.455715  GS=2.0kts  (11685 samples)
[ 2582.2s] FPS=30.6  CPU=10.41ms  GPU=22.32ms  Lat=47.455708  GS=3.0kts  (11730 samples)
[ 2592.3s] FPS=29.2  CPU=11.78ms  GPU=22.49ms  Lat=47.455692  GS=0.1kts  (11776 samples)
[ 2602.4s] FPS=28.7  CPU=13.01ms  GPU=21.85ms  Lat=47.455692  GS=0.0kts  (11821 samples)
[ 2612.5s] FPS=30.1  CPU=10.61ms  GPU=22.62ms  Lat=47.455692  GS=0.0kts  (11866 samples)
[ 2622.6s] FPS=28.5  CPU=13.21ms  GPU=21.93ms  Lat=47.455692  GS=0.0kts  (11912 samples)
[ 2632.7s] FPS=29.1  CPU=12.10ms  GPU=22.23ms  Lat=47.455688  GS=3.4kts  (11957 samples)
[ 2642.9s] FPS=33.5  CPU=7.46ms  GPU=22.43ms  Lat=47.455662  GS=6.1kts  (12003 samples)
[ 2652.9s] FPS=29.8  CPU=11.84ms  GPU=21.71ms  Lat=47.455658  GS=0.0kts  (12048 samples)
[ 2662.9s] FPS=29.8  CPU=11.91ms  GPU=21.68ms  Lat=47.455658  GS=0.0kts  (12093 samples)
[ 2673.0s] FPS=29.7  CPU=12.31ms  GPU=21.41ms  Lat=47.455658  GS=0.0kts  (12139 samples)
[ 2683.1s] FPS=29.4  CPU=12.04ms  GPU=21.99ms  Lat=47.455654  GS=2.3kts  (12185 samples)
[ 2693.2s] FPS=28.5  CPU=12.79ms  GPU=22.29ms  Lat=47.455631  GS=6.8kts  (12230 samples)
[ 2703.3s] FPS=29.9  CPU=13.43ms  GPU=19.99ms  Lat=47.455627  GS=0.0kts  (12276 samples)
[ 2713.4s] FPS=29.9  CPU=11.86ms  GPU=21.58ms  Lat=47.455627  GS=0.0kts  (12322 samples)
[ 2723.5s] FPS=30.5  CPU=10.99ms  GPU=21.84ms  Lat=47.455627  GS=2.4kts  (12367 samples)
[ 2733.5s] FPS=28.5  CPU=12.31ms  GPU=22.74ms  Lat=47.455612  GS=5.1kts  (12412 samples)
[ 2743.6s] FPS=30.1  CPU=8.57ms  GPU=24.66ms  Lat=47.455692  GS=0.2kts  (12458 samples)
[ 2753.8s] FPS=30.2  CPU=9.56ms  GPU=23.51ms  Lat=47.455692  GS=0.0kts  (12505 samples)
[ 2763.9s] FPS=29.0  CPU=10.47ms  GPU=24.03ms  Lat=47.455692  GS=0.0kts  (12551 samples)
[ 2774.0s] FPS=29.1  CPU=10.42ms  GPU=23.93ms  Lat=47.455696  GS=0.8kts  (12597 samples)
[ 2784.1s] FPS=29.2  CPU=11.42ms  GPU=22.83ms  Lat=47.455803  GS=2.5kts  (12643 samples)
[ 2794.2s] FPS=29.3  CPU=12.37ms  GPU=21.76ms  Lat=47.455845  GS=0.1kts  (12688 samples)
[ 2804.3s] FPS=29.6  CPU=12.53ms  GPU=21.22ms  Lat=47.455864  GS=4.0kts  (12734 samples)
[ 2814.4s] FPS=30.1  CPU=12.76ms  GPU=20.41ms  Lat=47.456146  GS=5.3kts  (12780 samples)
[ 2824.5s] FPS=29.4  CPU=13.32ms  GPU=20.70ms  Lat=47.456356  GS=5.4kts  (12826 samples)
[ 2834.6s] FPS=29.8  CPU=11.74ms  GPU=21.81ms  Lat=47.456596  GS=9.3kts  (12872 samples)
[ 2844.6s] FPS=29.4  CPU=12.19ms  GPU=21.88ms  Lat=47.456753  GS=54.2kts  (12918 samples)
[ 2854.7s] FPS=29.6  CPU=11.92ms  GPU=21.83ms  Lat=47.457146  GS=102.2kts  (12964 samples)
[ 2864.7s] FPS=29.3  CPU=12.78ms  GPU=21.37ms  Lat=47.457745  GS=143.1kts  (13010 samples)
[ 2874.8s] FPS=29.7  CPU=13.57ms  GPU=20.04ms  Lat=47.458492  GS=166.9kts  (13056 samples)
[ 2884.9s] FPS=29.7  CPU=16.49ms  GPU=17.22ms  Lat=47.459263  GS=176.9kts  (13102 samples)
[ 2895.0s] FPS=30.2  CPU=16.37ms  GPU=16.75ms  Lat=47.460125  GS=188.7kts  (13148 samples)
[ 2905.1s] FPS=30.0  CPU=16.49ms  GPU=16.84ms  Lat=47.461052  GS=199.2kts  (13194 samples)
[ 2915.0s] FPS=30.0  CPU=16.63ms  GPU=16.67ms  Lat=47.462067  GS=211.1kts  (13239 samples)
[ 2925.1s] FPS=29.4  CPU=16.49ms  GPU=17.54ms  Lat=47.462261  GS=223.4kts  (13285 samples)
[ 2935.2s] FPS=29.5  CPU=15.55ms  GPU=18.33ms  Lat=47.459015  GS=235.3kts  (13331 samples)
[ 2945.4s] FPS=30.6  CPU=13.73ms  GPU=18.98ms  Lat=47.451771  GS=248.4kts  (13377 samples)
[ 2955.5s] FPS=30.0  CPU=14.43ms  GPU=18.85ms  Lat=47.442223  GS=259.3kts  (13423 samples)
[ 2965.6s] FPS=29.8  CPU=15.31ms  GPU=18.27ms  Lat=47.432739  GS=270.1kts  (13469 samples)
[ 2975.7s] FPS=28.5  CPU=17.10ms  GPU=18.03ms  Lat=47.424274  GS=275.0kts  (13514 samples)
[ 2985.9s] FPS=30.3  CPU=16.95ms  GPU=16.07ms  Lat=47.416103  GS=279.7kts  (13561 samples)
[ 2996.0s] FPS=34.0  CPU=13.61ms  GPU=15.78ms  Lat=47.408192  GS=279.3kts  (13607 samples)
[ 3006.2s] FPS=19.9  CPU=35.00ms  GPU=15.25ms  Lat=47.400333  GS=279.4kts  (13652 samples)
[ 3016.4s] FPS=34.5  CPU=12.80ms  GPU=16.21ms  Lat=47.392319  GS=281.7kts  (13698 samples)
[ 3026.6s] FPS=22.0  CPU=30.24ms  GPU=15.29ms  Lat=47.384605  GS=285.0kts  (13743 samples)
[ 3036.8s] FPS=28.3  CPU=20.21ms  GPU=15.17ms  Lat=47.377743  GS=288.1kts  (13787 samples)
[ 3046.9s] FPS=24.0  CPU=26.05ms  GPU=15.56ms  Lat=47.372219  GS=291.3kts  (13830 samples)
[ 3057.0s] FPS=30.0  CPU=18.50ms  GPU=14.85ms  Lat=47.370674  GS=294.4kts  (13872 samples)
[ 3067.0s] FPS=30.1  CPU=17.63ms  GPU=15.60ms  Lat=47.371834  GS=295.9kts  (13914 samples)
[ 3077.1s] FPS=29.6  CPU=19.53ms  GPU=14.28ms  Lat=47.373695  GS=303.7kts  (13960 samples)
[ 3087.2s] FPS=30.4  CPU=18.13ms  GPU=14.80ms  Lat=47.375774  GS=315.5kts  (14005 samples)
[ 3097.3s] FPS=29.7  CPU=19.75ms  GPU=13.93ms  Lat=47.377876  GS=327.6kts  (14049 samples)
[ 3107.5s] FPS=29.9  CPU=19.73ms  GPU=13.76ms  Lat=47.379906  GS=336.8kts  (14095 samples)
[ 3117.6s] FPS=29.9  CPU=19.97ms  GPU=13.44ms  Lat=47.381828  GS=341.5kts  (14141 samples)
[ 3127.7s] FPS=29.0  CPU=21.20ms  GPU=13.34ms  Lat=47.383694  GS=344.3kts  (14187 samples)
[ 3137.7s] FPS=29.0  CPU=22.38ms  GPU=12.13ms  Lat=47.385498  GS=346.9kts  (14233 samples)
[ 3147.9s] FPS=29.8  CPU=20.34ms  GPU=13.27ms  Lat=47.387276  GS=349.4kts  (14279 samples)
[ 3158.0s] FPS=29.6  CPU=20.48ms  GPU=13.29ms  Lat=47.389011  GS=351.9kts  (14325 samples)
[ 3168.1s] FPS=30.0  CPU=19.84ms  GPU=13.52ms  Lat=47.390751  GS=354.3kts  (14371 samples)
[ 3178.1s] FPS=29.8  CPU=20.58ms  GPU=13.00ms  Lat=47.392464  GS=356.6kts  (14417 samples)
[ 3188.2s] FPS=28.3  CPU=21.90ms  GPU=13.47ms  Lat=47.394199  GS=359.8kts  (14463 samples)
[ 3198.4s] FPS=30.8  CPU=18.40ms  GPU=14.11ms  Lat=47.395935  GS=364.3kts  (14509 samples)
[ 3208.5s] FPS=30.3  CPU=16.94ms  GPU=16.04ms  Lat=47.397709  GS=367.3kts  (14556 samples)
[ 3218.6s] FPS=30.1  CPU=19.49ms  GPU=13.74ms  Lat=47.399452  GS=369.5kts  (14602 samples)
[ 3228.8s] FPS=31.3  CPU=17.30ms  GPU=14.65ms  Lat=47.401203  GS=371.0kts  (14648 samples)
[ 3238.9s] FPS=30.1  CPU=18.02ms  GPU=15.25ms  Lat=47.402977  GS=372.9kts  (14694 samples)
[ 3249.1s] FPS=28.7  CPU=19.78ms  GPU=15.08ms  Lat=47.404755  GS=375.9kts  (14740 samples)
[ 3259.2s] FPS=29.8  CPU=19.60ms  GPU=14.01ms  Lat=47.406509  GS=378.2kts  (14786 samples)
[ 3269.3s] FPS=30.0  CPU=18.89ms  GPU=14.46ms  Lat=47.408279  GS=379.6kts  (14832 samples)
[ 3279.5s] FPS=29.0  CPU=20.63ms  GPU=13.88ms  Lat=47.410057  GS=383.0kts  (14878 samples)
[ 3289.5s] FPS=29.7  CPU=19.64ms  GPU=13.99ms  Lat=47.411823  GS=387.8kts  (14923 samples)
[ 3299.6s] FPS=29.4  CPU=20.31ms  GPU=13.68ms  Lat=47.413620  GS=392.5kts  (14969 samples)
[ 3309.7s] FPS=30.0  CPU=19.48ms  GPU=13.84ms  Lat=47.415421  GS=396.9kts  (15015 samples)
[ 3319.7s] FPS=29.8  CPU=19.84ms  GPU=13.72ms  Lat=47.417225  GS=400.2kts  (15060 samples)
[ 3329.9s] FPS=29.8  CPU=20.57ms  GPU=13.04ms  Lat=47.419075  GS=402.3kts  (15106 samples)
[ 3340.0s] FPS=31.0  CPU=19.60ms  GPU=12.66ms  Lat=47.420918  GS=404.9kts  (15152 samples)
[ 3350.1s] FPS=29.8  CPU=21.24ms  GPU=12.33ms  Lat=47.422756  GS=408.6kts  (15198 samples)
[ 3360.3s] FPS=30.0  CPU=21.07ms  GPU=12.22ms  Lat=47.424618  GS=412.4kts  (15245 samples)
[ 3370.4s] FPS=30.0  CPU=20.47ms  GPU=12.83ms  Lat=47.426502  GS=416.0kts  (15291 samples)
[ 3380.5s] FPS=29.9  CPU=21.27ms  GPU=12.15ms  Lat=47.428356  GS=420.0kts  (15336 samples)
[ 3390.7s] FPS=30.2  CPU=20.70ms  GPU=12.42ms  Lat=47.430260  GS=421.6kts  (15383 samples)
[ 3400.8s] FPS=29.7  CPU=21.70ms  GPU=11.94ms  Lat=47.432137  GS=422.5kts  (15429 samples)
[ 3410.8s] FPS=28.2  CPU=22.23ms  GPU=13.23ms  Lat=47.434006  GS=424.2kts  (15474 samples)
[ 3420.8s] FPS=30.1  CPU=19.76ms  GPU=13.42ms  Lat=47.435863  GS=427.3kts  (15520 samples)
[ 3431.0s] FPS=29.9  CPU=20.02ms  GPU=13.47ms  Lat=47.437775  GS=431.6kts  (15567 samples)
[ 3441.2s] FPS=30.0  CPU=20.76ms  GPU=12.57ms  Lat=47.439667  GS=435.2kts  (15613 samples)
[ 3451.4s] FPS=30.1  CPU=17.89ms  GPU=15.31ms  Lat=47.441601  GS=437.9kts  (15660 samples)
[ 3461.3s] FPS=19.9  CPU=28.28ms  GPU=21.97ms  Lat=47.443520  GS=438.5kts  (15705 samples)
[ 3471.6s] FPS=55.4  CPU=3.63ms  GPU=14.44ms  Lat=47.445469  GS=439.3kts  (15751 samples)
[ 3481.7s] FPS=29.9  CPU=20.78ms  GPU=12.63ms  Lat=47.447407  GS=442.5kts  (15796 samples)
[ 3491.8s] FPS=30.3  CPU=20.06ms  GPU=12.98ms  Lat=47.449303  GS=445.5kts  (15841 samples)
[ 3501.8s] FPS=29.0  CPU=20.89ms  GPU=13.57ms  Lat=47.451199  GS=447.3kts  (15887 samples)
[ 3511.9s] FPS=28.4  CPU=22.47ms  GPU=12.74ms  Lat=47.453110  GS=450.2kts  (15933 samples)
[ 3522.0s] FPS=29.5  CPU=20.89ms  GPU=13.01ms  Lat=47.455017  GS=452.9kts  (15978 samples)
[ 3532.0s] FPS=30.1  CPU=20.56ms  GPU=12.66ms  Lat=47.456913  GS=453.2kts  (16023 samples)
[ 3542.1s] FPS=29.5  CPU=21.13ms  GPU=12.73ms  Lat=47.458797  GS=453.8kts  (16069 samples)
[ 3552.2s] FPS=34.3  CPU=17.36ms  GPU=11.78ms  Lat=47.460712  GS=457.7kts  (16115 samples)
[ 3562.2s] FPS=28.4  CPU=23.17ms  GPU=12.06ms  Lat=47.462620  GS=459.8kts  (16160 samples)
[ 3572.3s] FPS=29.2  CPU=21.65ms  GPU=12.62ms  Lat=47.464516  GS=460.6kts  (16206 samples)
[ 3582.3s] FPS=30.1  CPU=20.28ms  GPU=12.99ms  Lat=47.466393  GS=462.4kts  (16252 samples)
[ 3592.3s] FPS=29.7  CPU=20.88ms  GPU=12.75ms  Lat=47.468273  GS=465.4kts  (16298 samples)
[ 3602.4s] FPS=29.8  CPU=20.87ms  GPU=12.64ms  Lat=47.470249  GS=469.4kts  (16344 samples)
[ 3612.4s] FPS=29.7  CPU=21.32ms  GPU=12.31ms  Lat=47.474136  GS=470.2kts  (16389 samples)
[ 3622.7s] FPS=29.9  CPU=20.60ms  GPU=12.80ms  Lat=47.481686  GS=468.6kts  (16435 samples)
[ 3632.7s] FPS=29.9  CPU=20.34ms  GPU=13.11ms  Lat=47.492371  GS=465.2kts  (16481 samples)
[ 3642.9s] FPS=30.1  CPU=20.40ms  GPU=12.84ms  Lat=47.506165  GS=461.4kts  (16528 samples)
[ 3653.1s] FPS=29.5  CPU=20.40ms  GPU=13.47ms  Lat=47.522346  GS=457.0kts  (16574 samples)
[ 3663.3s] FPS=29.8  CPU=20.82ms  GPU=12.71ms  Lat=47.540440  GS=450.4kts  (16620 samples)
[ 3673.3s] FPS=30.1  CPU=20.62ms  GPU=12.58ms  Lat=47.559536  GS=441.7kts  (16666 samples)
[ 3683.5s] FPS=30.0  CPU=20.76ms  GPU=12.55ms  Lat=47.579414  GS=432.4kts  (16712 samples)
[ 3693.5s] FPS=30.1  CPU=20.80ms  GPU=12.45ms  Lat=47.599171  GS=427.3kts  (16758 samples)
[ 3703.5s] FPS=29.7  CPU=21.08ms  GPU=12.60ms  Lat=47.618744  GS=424.7kts  (16804 samples)
[ 3713.7s] FPS=29.9  CPU=21.17ms  GPU=12.29ms  Lat=47.638596  GS=424.2kts  (16850 samples)
[ 3723.9s] FPS=29.6  CPU=21.44ms  GPU=12.39ms  Lat=47.658318  GS=424.9kts  (16896 samples)
[ 3734.0s] FPS=29.8  CPU=21.14ms  GPU=12.42ms  Lat=47.678139  GS=425.8kts  (16942 samples)
[ 3744.1s] FPS=29.7  CPU=21.39ms  GPU=12.27ms  Lat=47.697727  GS=424.8kts  (16988 samples)
[ 3754.2s] FPS=30.1  CPU=20.84ms  GPU=12.37ms  Lat=47.717602  GS=422.7kts  (17034 samples)
[ 3764.3s] FPS=30.0  CPU=20.95ms  GPU=12.38ms  Lat=47.737106  GS=420.0kts  (17080 samples)
[ 3774.5s] FPS=29.4  CPU=21.29ms  GPU=12.72ms  Lat=47.756718  GS=418.6kts  (17126 samples)
[ 3784.6s] FPS=30.2  CPU=20.55ms  GPU=12.56ms  Lat=47.776287  GS=419.4kts  (17171 samples)
[ 3794.6s] FPS=30.0  CPU=20.73ms  GPU=12.61ms  Lat=47.795628  GS=420.5kts  (17217 samples)
[ 3804.8s] FPS=29.4  CPU=20.86ms  GPU=13.16ms  Lat=47.815418  GS=420.2kts  (17263 samples)
[ 3815.0s] FPS=30.3  CPU=20.87ms  GPU=12.08ms  Lat=47.835289  GS=418.9kts  (17310 samples)
[ 3825.0s] FPS=29.2  CPU=21.94ms  GPU=12.27ms  Lat=47.854542  GS=418.0kts  (17356 samples)
[ 3835.0s] FPS=28.9  CPU=22.34ms  GPU=12.26ms  Lat=47.873852  GS=417.5kts  (17401 samples)
[ 3845.2s] FPS=29.2  CPU=21.28ms  GPU=12.98ms  Lat=47.893402  GS=416.7kts  (17447 samples)
[ 3855.3s] FPS=30.1  CPU=21.17ms  GPU=12.08ms  Lat=47.912857  GS=415.4kts  (17493 samples)
[ 3865.4s] FPS=29.3  CPU=21.90ms  GPU=12.19ms  Lat=47.932079  GS=414.2kts  (17539 samples)
[ 3875.6s] FPS=29.7  CPU=21.61ms  GPU=12.10ms  Lat=47.951557  GS=413.2kts  (17585 samples)
[ 3885.8s] FPS=30.2  CPU=21.20ms  GPU=11.95ms  Lat=47.970802  GS=412.4kts  (17631 samples)
[ 3895.9s] FPS=30.0  CPU=21.74ms  GPU=11.63ms  Lat=47.990067  GS=411.3kts  (17677 samples)
[ 3906.1s] FPS=30.7  CPU=20.98ms  GPU=11.58ms  Lat=48.009190  GS=411.8kts  (17723 samples)
[ 3916.1s] FPS=30.4  CPU=21.07ms  GPU=11.80ms  Lat=48.028267  GS=413.1kts  (17769 samples)
[ 3926.3s] FPS=28.7  CPU=22.66ms  GPU=12.20ms  Lat=48.047668  GS=414.9kts  (17816 samples)
[ 3936.4s] FPS=29.3  CPU=22.08ms  GPU=12.00ms  Lat=48.067047  GS=416.1kts  (17862 samples)
[ 3946.5s] FPS=29.5  CPU=22.50ms  GPU=11.43ms  Lat=48.086330  GS=416.5kts  (17908 samples)
[ 3956.6s] FPS=31.0  CPU=20.02ms  GPU=12.28ms  Lat=48.105644  GS=416.4kts  (17954 samples)
[ 3966.7s] FPS=29.9  CPU=21.80ms  GPU=11.61ms  Lat=48.125126  GS=416.5kts  (18000 samples)
[ 3976.8s] FPS=30.3  CPU=21.05ms  GPU=11.95ms  Lat=48.144482  GS=417.0kts  (18046 samples)
[ 3987.0s] FPS=28.9  CPU=21.86ms  GPU=12.74ms  Lat=48.164177  GS=416.6kts  (18092 samples)
[ 3997.1s] FPS=30.7  CPU=20.19ms  GPU=12.35ms  Lat=48.184196  GS=416.6kts  (18139 samples)
[ 4007.3s] FPS=19.9  CPU=38.76ms  GPU=11.49ms  Lat=48.204037  GS=416.5kts  (18186 samples)
[ 4017.5s] FPS=29.6  CPU=22.26ms  GPU=11.58ms  Lat=48.223438  GS=416.7kts  (18232 samples)
[ 4027.5s] FPS=29.2  CPU=22.81ms  GPU=11.41ms  Lat=48.242916  GS=416.8kts  (18277 samples)
[ 4037.6s] FPS=30.0  CPU=21.93ms  GPU=11.37ms  Lat=48.262218  GS=416.7kts  (18323 samples)
[ 4047.6s] FPS=28.5  CPU=22.94ms  GPU=12.13ms  Lat=48.281578  GS=417.1kts  (18368 samples)
[ 4057.7s] FPS=32.0  CPU=19.36ms  GPU=11.92ms  Lat=48.300911  GS=416.7kts  (18414 samples)
[ 4067.7s] FPS=29.9  CPU=21.49ms  GPU=11.91ms  Lat=48.320103  GS=416.6kts  (18459 samples)
[ 4077.8s] FPS=29.0  CPU=22.35ms  GPU=12.09ms  Lat=48.339558  GS=416.0kts  (18504 samples)
[ 4087.9s] FPS=29.4  CPU=22.01ms  GPU=11.98ms  Lat=48.358788  GS=416.0kts  (18549 samples)
[ 4098.1s] FPS=29.7  CPU=21.87ms  GPU=11.77ms  Lat=48.378395  GS=416.4kts  (18596 samples)
[ 4108.2s] FPS=28.5  CPU=23.32ms  GPU=11.73ms  Lat=48.397686  GS=416.3kts  (18642 samples)
[ 4118.3s] FPS=30.0  CPU=22.06ms  GPU=11.30ms  Lat=48.417164  GS=416.3kts  (18689 samples)
[ 4128.4s] FPS=29.6  CPU=21.84ms  GPU=11.91ms  Lat=48.436436  GS=415.6kts  (18734 samples)
[ 4138.5s] FPS=29.7  CPU=22.31ms  GPU=11.40ms  Lat=48.455711  GS=415.8kts  (18781 samples)
[ 4148.6s] FPS=30.3  CPU=21.23ms  GPU=11.76ms  Lat=48.475189  GS=416.7kts  (18828 samples)
[ 4158.7s] FPS=29.6  CPU=21.96ms  GPU=11.83ms  Lat=48.494785  GS=416.0kts  (18874 samples)
[ 4168.8s] FPS=29.9  CPU=21.61ms  GPU=11.82ms  Lat=48.514256  GS=415.7kts  (18921 samples)
[ 4178.9s] FPS=28.0  CPU=23.12ms  GPU=12.54ms  Lat=48.533764  GS=416.5kts  (18966 samples)
[ 4189.1s] FPS=29.1  CPU=22.79ms  GPU=11.61ms  Lat=48.553532  GS=416.9kts  (19013 samples)
[ 4199.3s] FPS=30.5  CPU=21.11ms  GPU=11.73ms  Lat=48.572983  GS=417.4kts  (19059 samples)
[ 4209.3s] FPS=30.1  CPU=22.02ms  GPU=11.17ms  Lat=48.592350  GS=417.1kts  (19105 samples)
[ 4219.4s] FPS=29.9  CPU=21.87ms  GPU=11.62ms  Lat=48.611671  GS=417.2kts  (19151 samples)
[ 4229.5s] FPS=29.8  CPU=21.76ms  GPU=11.82ms  Lat=48.631001  GS=417.0kts  (19196 samples)
[ 4239.5s] FPS=29.4  CPU=22.46ms  GPU=11.54ms  Lat=48.650192  GS=417.2kts  (19242 samples)
[ 4249.7s] FPS=30.0  CPU=22.09ms  GPU=11.23ms  Lat=48.669720  GS=417.3kts  (19288 samples)
[ 4259.8s] FPS=29.1  CPU=23.12ms  GPU=11.29ms  Lat=48.689163  GS=416.7kts  (19334 samples)
[ 4269.9s] FPS=29.1  CPU=23.09ms  GPU=11.33ms  Lat=48.708580  GS=415.9kts  (19380 samples)
[ 4280.0s] FPS=29.2  CPU=23.09ms  GPU=11.17ms  Lat=48.727894  GS=415.1kts  (19426 samples)
[ 4290.2s] FPS=29.6  CPU=22.10ms  GPU=11.71ms  Lat=48.747318  GS=414.7kts  (19473 samples)
[ 4300.2s] FPS=30.1  CPU=21.78ms  GPU=11.46ms  Lat=48.766479  GS=415.2kts  (19519 samples)
[ 4310.4s] FPS=29.9  CPU=21.89ms  GPU=11.54ms  Lat=48.786030  GS=415.8kts  (19565 samples)
[ 4320.4s] FPS=29.9  CPU=21.87ms  GPU=11.62ms  Lat=48.805241  GS=416.2kts  (19611 samples)
[ 4330.5s] FPS=29.8  CPU=22.25ms  GPU=11.34ms  Lat=48.824467  GS=416.3kts  (19657 samples)
[ 4340.5s] FPS=29.6  CPU=22.32ms  GPU=11.42ms  Lat=48.843674  GS=415.5kts  (19702 samples)
[ 4350.6s] FPS=29.2  CPU=22.55ms  GPU=11.66ms  Lat=48.862911  GS=415.0kts  (19748 samples)
[ 4360.6s] FPS=29.7  CPU=22.46ms  GPU=11.16ms  Lat=48.882164  GS=413.6kts  (19794 samples)
[ 4370.7s] FPS=29.4  CPU=22.48ms  GPU=11.49ms  Lat=48.901363  GS=413.0kts  (19840 samples)
[ 4381.0s] FPS=29.7  CPU=22.20ms  GPU=11.47ms  Lat=48.920837  GS=414.1kts  (19886 samples)
[ 4391.1s] FPS=28.8  CPU=23.11ms  GPU=11.64ms  Lat=48.940090  GS=414.2kts  (19933 samples)
[ 4401.1s] FPS=29.9  CPU=22.33ms  GPU=11.10ms  Lat=48.959217  GS=414.8kts  (19979 samples)
[ 4411.1s] FPS=29.5  CPU=22.24ms  GPU=11.63ms  Lat=48.978333  GS=415.7kts  (20025 samples)
[ 4421.3s] FPS=29.4  CPU=22.36ms  GPU=11.61ms  Lat=48.997787  GS=415.3kts  (20071 samples)
[ 4431.4s] FPS=30.8  CPU=22.93ms  GPU=9.54ms  Lat=49.017437  GS=415.5kts  (20117 samples)
[ 4441.6s] FPS=30.0  CPU=22.35ms  GPU=10.95ms  Lat=49.036880  GS=414.8kts  (20164 samples)
[ 4451.8s] FPS=29.9  CPU=22.38ms  GPU=11.06ms  Lat=49.056328  GS=413.9kts  (20211 samples)
[ 4462.0s] FPS=28.9  CPU=23.27ms  GPU=11.32ms  Lat=49.075768  GS=415.3kts  (20258 samples)
[ 4472.1s] FPS=29.8  CPU=22.07ms  GPU=11.45ms  Lat=49.095242  GS=418.9kts  (20304 samples)
[ 4482.2s] FPS=29.7  CPU=22.09ms  GPU=11.56ms  Lat=49.114666  GS=420.9kts  (20350 samples)
[ 4492.4s] FPS=29.5  CPU=22.71ms  GPU=11.22ms  Lat=49.134228  GS=421.6kts  (20396 samples)
[ 4502.5s] FPS=30.0  CPU=21.78ms  GPU=11.57ms  Lat=49.153397  GS=421.6kts  (20442 samples)
[ 4512.7s] FPS=30.0  CPU=22.07ms  GPU=11.23ms  Lat=49.172596  GS=421.0kts  (20488 samples)
[ 4522.9s] FPS=29.8  CPU=22.41ms  GPU=11.19ms  Lat=49.191818  GS=420.5kts  (20535 samples)
[ 4533.0s] FPS=28.9  CPU=22.89ms  GPU=11.67ms  Lat=49.210621  GS=420.6kts  (20581 samples)
[ 4543.1s] FPS=28.5  CPU=24.13ms  GPU=10.91ms  Lat=49.229832  GS=420.5kts  (20627 samples)
[ 4553.2s] FPS=30.6  CPU=20.97ms  GPU=11.75ms  Lat=49.247585  GS=419.9kts  (20666 samples)
[ 4563.4s] FPS=25.1  CPU=26.99ms  GPU=12.79ms  Lat=49.266758  GS=420.0kts  (20712 samples)
[ 4573.4s] FPS=30.2  CPU=21.29ms  GPU=11.81ms  Lat=49.285442  GS=419.2kts  (20757 samples)
[ 4583.6s] FPS=39.4  CPU=11.30ms  GPU=14.09ms  Lat=49.304478  GS=419.5kts  (20800 samples)
[ 4593.7s] FPS=28.7  CPU=23.26ms  GPU=11.58ms  Lat=49.323444  GS=419.2kts  (20846 samples)
[ 4603.8s] FPS=30.4  CPU=21.46ms  GPU=11.41ms  Lat=49.342293  GS=419.6kts  (20892 samples)
[ 4613.9s] FPS=23.5  CPU=30.16ms  GPU=12.44ms  Lat=49.361385  GS=419.3kts  (20938 samples)
[ 4624.1s] FPS=28.8  CPU=23.10ms  GPU=11.58ms  Lat=49.380463  GS=418.7kts  (20981 samples)
[ 4634.2s] FPS=30.8  CPU=21.13ms  GPU=11.36ms  Lat=49.399433  GS=418.5kts  (21027 samples)
[ 4644.4s] FPS=41.8  CPU=11.74ms  GPU=12.18ms  Lat=49.418423  GS=418.3kts  (21073 samples)
[ 4654.4s] FPS=48.3  CPU=6.93ms  GPU=13.78ms  Lat=49.437458  GS=418.4kts  (21118 samples)
[ 4664.4s] FPS=29.8  CPU=21.84ms  GPU=11.74ms  Lat=49.456253  GS=419.1kts  (21163 samples)
[ 4674.6s] FPS=29.5  CPU=22.38ms  GPU=11.52ms  Lat=49.475147  GS=420.5kts  (21209 samples)
[ 4684.6s] FPS=29.3  CPU=22.65ms  GPU=11.46ms  Lat=49.493626  GS=422.1kts  (21255 samples)
[ 4694.7s] FPS=28.4  CPU=23.52ms  GPU=11.66ms  Lat=49.512035  GS=423.0kts  (21301 samples)
[ 4704.7s] FPS=29.2  CPU=22.86ms  GPU=11.43ms  Lat=49.530090  GS=423.6kts  (21347 samples)
[ 4714.8s] FPS=29.2  CPU=22.99ms  GPU=11.29ms  Lat=49.547844  GS=424.8kts  (21393 samples)
[ 4724.9s] FPS=28.6  CPU=23.24ms  GPU=11.68ms  Lat=49.565556  GS=425.7kts  (21439 samples)
[ 4735.1s] FPS=29.0  CPU=22.66ms  GPU=11.88ms  Lat=49.583424  GS=426.5kts  (21485 samples)
[ 4745.1s] FPS=29.6  CPU=22.90ms  GPU=10.85ms  Lat=49.600891  GS=426.2kts  (21530 samples)
[ 4755.2s] FPS=28.9  CPU=22.00ms  GPU=12.59ms  Lat=49.618366  GS=425.4kts  (21576 samples)
[ 4765.2s] FPS=29.6  CPU=22.49ms  GPU=11.25ms  Lat=49.635742  GS=424.6kts  (21622 samples)
[ 4775.3s] FPS=29.3  CPU=22.85ms  GPU=11.23ms  Lat=49.653141  GS=423.8kts  (21667 samples)
[ 4785.5s] FPS=29.2  CPU=22.72ms  GPU=11.50ms  Lat=49.670715  GS=424.1kts  (21714 samples)
[ 4795.5s] FPS=29.5  CPU=22.07ms  GPU=11.82ms  Lat=49.688049  GS=423.5kts  (21760 samples)
[ 4805.6s] FPS=30.1  CPU=21.53ms  GPU=11.66ms  Lat=49.705486  GS=423.5kts  (21806 samples)
[ 4815.6s] FPS=29.4  CPU=22.44ms  GPU=11.54ms  Lat=49.722809  GS=423.7kts  (21851 samples)
[ 4825.7s] FPS=29.7  CPU=22.02ms  GPU=11.68ms  Lat=49.740345  GS=424.7kts  (21897 samples)
[ 4835.8s] FPS=29.9  CPU=22.14ms  GPU=11.35ms  Lat=49.757904  GS=425.3kts  (21944 samples)
[ 4846.0s] FPS=29.6  CPU=22.00ms  GPU=11.77ms  Lat=49.775425  GS=425.4kts  (21990 samples)
[ 4856.1s] FPS=30.1  CPU=21.39ms  GPU=11.81ms  Lat=49.793034  GS=424.8kts  (22036 samples)
[ 4866.3s] FPS=29.5  CPU=22.56ms  GPU=11.30ms  Lat=49.810753  GS=424.7kts  (22082 samples)
[ 4876.4s] FPS=29.3  CPU=22.01ms  GPU=12.15ms  Lat=49.828243  GS=424.4kts  (22127 samples)
[ 4886.6s] FPS=30.1  CPU=21.76ms  GPU=11.46ms  Lat=49.845917  GS=424.2kts  (22173 samples)
[ 4896.8s] FPS=29.1  CPU=20.78ms  GPU=13.60ms  Lat=49.863556  GS=424.3kts  (22219 samples)
[ 4906.9s] FPS=29.6  CPU=21.35ms  GPU=12.43ms  Lat=49.879097  GS=423.8kts  (22260 samples)
[ 4916.9s] FPS=30.2  CPU=21.26ms  GPU=11.84ms  Lat=49.896461  GS=423.4kts  (22306 samples)
[ 4927.1s] FPS=29.8  CPU=21.79ms  GPU=11.77ms  Lat=49.913960  GS=423.6kts  (22352 samples)
[ 4937.3s] FPS=29.5  CPU=22.09ms  GPU=11.81ms  Lat=49.931564  GS=422.9kts  (22398 samples)
[ 4947.3s] FPS=29.9  CPU=21.95ms  GPU=11.44ms  Lat=49.948841  GS=422.3kts  (22444 samples)
[ 4957.5s] FPS=29.9  CPU=21.91ms  GPU=11.51ms  Lat=49.966316  GS=422.0kts  (22490 samples)
[ 4967.5s] FPS=29.2  CPU=22.88ms  GPU=11.34ms  Lat=49.983624  GS=421.1kts  (22536 samples)
[ 4977.7s] FPS=29.6  CPU=21.92ms  GPU=11.83ms  Lat=50.001045  GS=421.2kts  (22582 samples)
[ 4987.9s] FPS=29.4  CPU=23.04ms  GPU=11.00ms  Lat=50.018715  GS=422.9kts  (22629 samples)
[ 4998.0s] FPS=30.0  CPU=21.78ms  GPU=11.50ms  Lat=50.035908  GS=423.6kts  (22675 samples)
[ 5008.1s] FPS=29.9  CPU=21.84ms  GPU=11.55ms  Lat=50.052639  GS=425.0kts  (22721 samples)
[ 5018.2s] FPS=29.9  CPU=21.95ms  GPU=11.45ms  Lat=50.069050  GS=425.6kts  (22767 samples)
[ 5028.4s] FPS=29.6  CPU=22.21ms  GPU=11.57ms  Lat=50.085190  GS=427.0kts  (22813 samples)
[ 5038.5s] FPS=30.3  CPU=21.67ms  GPU=11.33ms  Lat=50.100769  GS=429.6kts  (22860 samples)
[ 5048.6s] FPS=30.3  CPU=21.88ms  GPU=11.15ms  Lat=50.116077  GS=430.3kts  (22906 samples)
[ 5058.8s] FPS=29.6  CPU=22.10ms  GPU=11.71ms  Lat=50.130730  GS=430.0kts  (22952 samples)
[ 5068.8s] FPS=20.7  CPU=36.08ms  GPU=12.11ms  Lat=50.145088  GS=430.3kts  (22998 samples)
[ 5078.9s] FPS=19.9  CPU=33.87ms  GPU=16.38ms  Lat=50.159729  GS=431.0kts  (23041 samples)
[ 5089.2s] FPS=39.2  CPU=12.84ms  GPU=12.69ms  Lat=50.174419  GS=430.8kts  (23084 samples)
[ 5099.4s] FPS=29.3  CPU=22.87ms  GPU=11.32ms  Lat=50.189190  GS=430.7kts  (23129 samples)
[ 5109.4s] FPS=30.7  CPU=20.44ms  GPU=12.17ms  Lat=50.203880  GS=430.8kts  (23175 samples)
[ 5119.6s] FPS=27.9  CPU=22.79ms  GPU=13.05ms  Lat=50.218620  GS=431.3kts  (23222 samples)
[ 5129.8s] FPS=30.1  CPU=19.55ms  GPU=13.66ms  Lat=50.233257  GS=431.1kts  (23268 samples)
[ 5140.0s] FPS=37.6  CPU=13.70ms  GPU=12.87ms  Lat=50.247829  GS=430.8kts  (23314 samples)
[ 5150.0s] FPS=28.9  CPU=20.48ms  GPU=14.17ms  Lat=50.262592  GS=430.1kts  (23360 samples)
[ 5160.2s] FPS=29.8  CPU=21.04ms  GPU=12.57ms  Lat=50.277336  GS=429.6kts  (23405 samples)
[ 5170.2s] FPS=29.9  CPU=19.45ms  GPU=13.96ms  Lat=50.291576  GS=428.8kts  (23451 samples)
[ 5180.3s] FPS=29.6  CPU=15.22ms  GPU=18.61ms  Lat=50.305889  GS=427.6kts  (23496 samples)
[ 5190.4s] FPS=30.2  CPU=18.81ms  GPU=14.32ms  Lat=50.320465  GS=426.6kts  (23541 samples)
[ 5200.5s] FPS=29.2  CPU=20.16ms  GPU=14.12ms  Lat=50.334793  GS=426.3kts  (23585 samples)
[ 5210.6s] FPS=30.5  CPU=18.70ms  GPU=14.10ms  Lat=50.349033  GS=426.8kts  (23631 samples)
[ 5220.6s] FPS=30.2  CPU=19.73ms  GPU=13.38ms  Lat=50.363228  GS=426.9kts  (23677 samples)
[ 5230.7s] FPS=29.3  CPU=20.28ms  GPU=13.80ms  Lat=50.377579  GS=427.5kts  (23724 samples)
[ 5240.8s] FPS=30.1  CPU=19.54ms  GPU=13.67ms  Lat=50.391796  GS=428.1kts  (23770 samples)
[ 5251.0s] FPS=29.3  CPU=17.64ms  GPU=16.43ms  Lat=50.406559  GS=428.6kts  (23816 samples)
[ 5261.1s] FPS=29.6  CPU=20.16ms  GPU=13.66ms  Lat=50.420940  GS=427.2kts  (23861 samples)
[ 5271.2s] FPS=28.2  CPU=21.10ms  GPU=14.34ms  Lat=50.435265  GS=426.6kts  (23906 samples)
[ 5281.2s] FPS=29.9  CPU=19.61ms  GPU=13.84ms  Lat=50.449425  GS=426.5kts  (23951 samples)
[ 5291.4s] FPS=29.3  CPU=20.17ms  GPU=13.96ms  Lat=50.463715  GS=426.2kts  (23998 samples)
[ 5301.6s] FPS=29.8  CPU=20.24ms  GPU=13.27ms  Lat=50.477993  GS=426.1kts  (24044 samples)
[ 5311.6s] FPS=29.6  CPU=20.23ms  GPU=13.60ms  Lat=50.492031  GS=425.8kts  (24090 samples)
[ 5321.6s] FPS=28.7  CPU=21.38ms  GPU=13.48ms  Lat=50.506088  GS=425.5kts  (24136 samples)
[ 5331.8s] FPS=28.8  CPU=20.46ms  GPU=14.23ms  Lat=50.520370  GS=424.8kts  (24183 samples)
[ 5341.8s] FPS=30.3  CPU=19.13ms  GPU=13.91ms  Lat=50.534405  GS=425.1kts  (24229 samples)
[ 5352.0s] FPS=29.3  CPU=20.60ms  GPU=13.57ms  Lat=50.548656  GS=425.0kts  (24275 samples)
[ 5362.0s] FPS=28.5  CPU=21.18ms  GPU=13.86ms  Lat=50.562695  GS=425.2kts  (24320 samples)
[ 5372.3s] FPS=28.9  CPU=20.42ms  GPU=14.15ms  Lat=50.576950  GS=424.6kts  (24366 samples)
[ 5382.3s] FPS=28.9  CPU=20.87ms  GPU=13.78ms  Lat=50.591000  GS=424.5kts  (24412 samples)
[ 5392.4s] FPS=28.0  CPU=21.66ms  GPU=14.09ms  Lat=50.605022  GS=423.5kts  (24458 samples)
[ 5402.4s] FPS=31.4  CPU=18.19ms  GPU=13.69ms  Lat=50.618942  GS=421.9kts  (24504 samples)
[ 5412.4s] FPS=29.2  CPU=20.85ms  GPU=13.41ms  Lat=50.632801  GS=421.7kts  (24550 samples)
[ 5422.4s] FPS=29.4  CPU=20.85ms  GPU=13.14ms  Lat=50.646652  GS=421.6kts  (24596 samples)
[ 5432.5s] FPS=28.8  CPU=21.01ms  GPU=13.67ms  Lat=50.660595  GS=421.2kts  (24642 samples)
[ 5442.6s] FPS=29.0  CPU=21.12ms  GPU=13.31ms  Lat=50.674664  GS=420.9kts  (24689 samples)
[ 5452.7s] FPS=30.3  CPU=19.15ms  GPU=13.87ms  Lat=50.688614  GS=420.3kts  (24735 samples)
[ 5462.9s] FPS=30.3  CPU=19.44ms  GPU=13.60ms  Lat=50.702587  GS=420.0kts  (24781 samples)
[ 5472.9s] FPS=29.4  CPU=20.67ms  GPU=13.33ms  Lat=50.716385  GS=420.6kts  (24827 samples)
[ 5483.1s] FPS=30.1  CPU=19.60ms  GPU=13.60ms  Lat=50.730522  GS=421.5kts  (24873 samples)
[ 5493.1s] FPS=28.4  CPU=21.99ms  GPU=13.22ms  Lat=50.744442  GS=423.3kts  (24919 samples)
[ 5503.3s] FPS=29.5  CPU=20.90ms  GPU=12.97ms  Lat=50.758564  GS=425.7kts  (24965 samples)
[ 5513.5s] FPS=30.2  CPU=20.30ms  GPU=12.76ms  Lat=50.772842  GS=427.8kts  (25011 samples)
[ 5523.5s] FPS=30.1  CPU=20.11ms  GPU=13.14ms  Lat=50.786934  GS=429.0kts  (25057 samples)
[ 5533.5s] FPS=29.7  CPU=20.72ms  GPU=12.96ms  Lat=50.801025  GS=429.6kts  (25103 samples)
[ 5543.7s] FPS=29.8  CPU=20.74ms  GPU=12.84ms  Lat=50.815300  GS=428.4kts  (25150 samples)
[ 5553.7s] FPS=29.7  CPU=19.42ms  GPU=14.22ms  Lat=50.829388  GS=425.3kts  (25196 samples)
[ 5563.9s] FPS=30.8  CPU=18.72ms  GPU=13.76ms  Lat=50.843494  GS=425.5kts  (25242 samples)
[ 5574.1s] FPS=28.6  CPU=21.66ms  GPU=13.25ms  Lat=50.857677  GS=430.4kts  (25288 samples)
[ 5584.2s] FPS=30.1  CPU=20.69ms  GPU=12.56ms  Lat=50.871796  GS=435.3kts  (25334 samples)
[ 5594.4s] FPS=28.7  CPU=21.86ms  GPU=12.97ms  Lat=50.885513  GS=438.3kts  (25381 samples)
[ 5604.5s] FPS=30.3  CPU=19.78ms  GPU=13.20ms  Lat=50.898602  GS=440.0kts  (25428 samples)
[ 5614.6s] FPS=30.0  CPU=20.18ms  GPU=13.10ms  Lat=50.911037  GS=441.8kts  (25474 samples)
[ 5624.8s] FPS=30.2  CPU=20.07ms  GPU=13.03ms  Lat=50.923012  GS=444.0kts  (25520 samples)
[ 5635.0s] FPS=29.0  CPU=21.85ms  GPU=12.64ms  Lat=50.934326  GS=446.5kts  (25566 samples)
[ 5645.1s] FPS=30.2  CPU=20.90ms  GPU=12.24ms  Lat=50.945271  GS=447.8kts  (25611 samples)
[ 5655.1s] FPS=30.0  CPU=21.18ms  GPU=12.19ms  Lat=50.956093  GS=448.3kts  (25657 samples)
[ 5665.2s] FPS=30.5  CPU=21.08ms  GPU=11.74ms  Lat=50.966892  GS=448.2kts  (25704 samples)
[ 5675.3s] FPS=30.0  CPU=21.60ms  GPU=11.77ms  Lat=50.977753  GS=448.2kts  (25750 samples)
[ 5685.4s] FPS=25.1  CPU=26.64ms  GPU=13.14ms  Lat=50.988564  GS=449.3kts  (25796 samples)
[ 5695.4s] FPS=30.1  CPU=21.32ms  GPU=11.93ms  Lat=50.999443  GS=450.2kts  (25842 samples)
[ 5705.5s] FPS=29.3  CPU=22.34ms  GPU=11.83ms  Lat=51.010284  GS=450.8kts  (25888 samples)
[ 5715.5s] FPS=29.9  CPU=21.03ms  GPU=12.45ms  Lat=51.021114  GS=452.0kts  (25934 samples)
[ 5725.7s] FPS=29.7  CPU=21.25ms  GPU=12.44ms  Lat=51.032372  GS=450.5kts  (25980 samples)
[ 5735.9s] FPS=29.7  CPU=20.71ms  GPU=12.94ms  Lat=51.046047  GS=442.1kts  (26027 samples)
[ 5746.1s] FPS=29.6  CPU=20.85ms  GPU=12.96ms  Lat=51.062553  GS=433.7kts  (26073 samples)
[ 5756.1s] FPS=30.0  CPU=19.71ms  GPU=13.62ms  Lat=51.080307  GS=427.0kts  (26118 samples)
[ 5766.2s] FPS=29.8  CPU=19.08ms  GPU=14.52ms  Lat=51.099091  GS=421.1kts  (26164 samples)
[ 5776.3s] FPS=29.8  CPU=19.19ms  GPU=14.37ms  Lat=51.118259  GS=415.8kts  (26210 samples)
[ 5786.4s] FPS=30.1  CPU=16.49ms  GPU=16.71ms  Lat=51.137573  GS=413.1kts  (26256 samples)
[ 5796.5s] FPS=20.4  CPU=34.36ms  GPU=14.69ms  Lat=51.156857  GS=412.5kts  (26303 samples)
[ 5806.7s] FPS=28.8  CPU=19.68ms  GPU=15.03ms  Lat=51.176155  GS=412.1kts  (26349 samples)
[ 5816.8s] FPS=23.6  CPU=27.01ms  GPU=15.27ms  Lat=51.195271  GS=411.8kts  (26394 samples)
[ 5826.9s] FPS=29.2  CPU=18.65ms  GPU=15.55ms  Lat=51.214600  GS=411.5kts  (26440 samples)
[ 5837.1s] FPS=28.8  CPU=19.13ms  GPU=15.64ms  Lat=51.234001  GS=411.3kts  (26486 samples)
[ 5847.2s] FPS=29.2  CPU=18.89ms  GPU=15.41ms  Lat=51.253136  GS=410.9kts  (26532 samples)
[ 5857.3s] FPS=29.9  CPU=18.57ms  GPU=14.85ms  Lat=51.272278  GS=411.6kts  (26578 samples)
[ 5867.3s] FPS=29.2  CPU=19.04ms  GPU=15.16ms  Lat=51.291248  GS=411.7kts  (26623 samples)
[ 5877.3s] FPS=29.9  CPU=18.24ms  GPU=15.22ms  Lat=51.310276  GS=411.5kts  (26668 samples)
[ 5887.4s] FPS=29.1  CPU=19.16ms  GPU=15.18ms  Lat=51.329350  GS=410.5kts  (26714 samples)
[ 5897.4s] FPS=29.7  CPU=18.91ms  GPU=14.80ms  Lat=51.348232  GS=408.4kts  (26760 samples)
[ 5907.5s] FPS=30.2  CPU=18.35ms  GPU=14.73ms  Lat=51.367069  GS=406.1kts  (26806 samples)
[ 5917.5s] FPS=29.5  CPU=18.41ms  GPU=15.47ms  Lat=51.385933  GS=404.2kts  (26852 samples)
[ 5927.6s] FPS=30.1  CPU=18.32ms  GPU=14.87ms  Lat=51.404667  GS=402.3kts  (26898 samples)
[ 5937.7s] FPS=29.4  CPU=19.14ms  GPU=14.88ms  Lat=51.423363  GS=400.7kts  (26944 samples)
[ 5947.9s] FPS=29.8  CPU=18.92ms  GPU=14.61ms  Lat=51.442043  GS=399.0kts  (26990 samples)
[ 5957.9s] FPS=29.4  CPU=19.59ms  GPU=14.42ms  Lat=51.460629  GS=397.2kts  (27036 samples)
[ 5968.1s] FPS=29.5  CPU=19.62ms  GPU=14.27ms  Lat=51.479202  GS=395.5kts  (27081 samples)
[ 5978.1s] FPS=30.1  CPU=18.66ms  GPU=14.57ms  Lat=51.497459  GS=394.1kts  (27126 samples)
[ 5988.3s] FPS=30.4  CPU=17.86ms  GPU=15.07ms  Lat=51.515900  GS=392.7kts  (27172 samples)
[ 5998.3s] FPS=29.9  CPU=18.89ms  GPU=14.51ms  Lat=51.534023  GS=390.9kts  (27218 samples)
[ 6008.5s] FPS=30.0  CPU=18.74ms  GPU=14.57ms  Lat=51.552303  GS=389.0kts  (27265 samples)
[ 6018.6s] FPS=29.9  CPU=19.29ms  GPU=14.17ms  Lat=51.570381  GS=387.6kts  (27311 samples)
[ 6028.6s] FPS=29.1  CPU=20.74ms  GPU=13.66ms  Lat=51.588287  GS=386.7kts  (27356 samples)
[ 6038.8s] FPS=29.6  CPU=20.00ms  GPU=13.73ms  Lat=51.606388  GS=385.6kts  (27402 samples)
[ 6048.9s] FPS=29.9  CPU=18.84ms  GPU=14.57ms  Lat=51.624199  GS=384.5kts  (27448 samples)
[ 6058.9s] FPS=30.0  CPU=19.50ms  GPU=13.86ms  Lat=51.642014  GS=383.0kts  (27494 samples)
[ 6069.1s] FPS=30.0  CPU=19.78ms  GPU=13.54ms  Lat=51.659935  GS=381.5kts  (27540 samples)
[ 6079.2s] FPS=30.1  CPU=19.19ms  GPU=13.99ms  Lat=51.677727  GS=380.0kts  (27586 samples)
[ 6089.4s] FPS=30.0  CPU=20.00ms  GPU=13.39ms  Lat=51.695511  GS=378.4kts  (27633 samples)
[ 6099.6s] FPS=28.5  CPU=21.68ms  GPU=13.45ms  Lat=51.713276  GS=376.7kts  (27679 samples)
[ 6109.6s] FPS=30.1  CPU=19.94ms  GPU=13.26ms  Lat=51.730663  GS=375.1kts  (27725 samples)
[ 6119.7s] FPS=29.8  CPU=19.72ms  GPU=13.88ms  Lat=51.748127  GS=373.3kts  (27771 samples)
[ 6129.8s] FPS=30.5  CPU=18.80ms  GPU=14.01ms  Lat=51.765369  GS=368.1kts  (27817 samples)
[ 6139.8s] FPS=29.5  CPU=19.66ms  GPU=14.21ms  Lat=51.782238  GS=360.6kts  (27863 samples)
[ 6149.9s] FPS=29.5  CPU=19.61ms  GPU=14.29ms  Lat=51.799023  GS=361.6kts  (27909 samples)
[ 6160.0s] FPS=29.5  CPU=19.79ms  GPU=14.15ms  Lat=51.815945  GS=362.3kts  (27955 samples)
[ 6170.2s] FPS=30.1  CPU=19.20ms  GPU=14.08ms  Lat=51.833038  GS=361.3kts  (28002 samples)
[ 6180.3s] FPS=29.8  CPU=19.69ms  GPU=13.92ms  Lat=51.849949  GS=355.3kts  (28048 samples)
[ 6190.4s] FPS=30.3  CPU=19.55ms  GPU=13.46ms  Lat=51.866241  GS=347.6kts  (28093 samples)
[ 6200.4s] FPS=30.0  CPU=19.92ms  GPU=13.42ms  Lat=51.882168  GS=339.6kts  (28138 samples)
[ 6210.5s] FPS=29.6  CPU=20.34ms  GPU=13.42ms  Lat=51.897766  GS=330.0kts  (28184 samples)
[ 6220.6s] FPS=30.7  CPU=18.82ms  GPU=13.72ms  Lat=51.912277  GS=319.3kts  (28230 samples)
[ 6230.8s] FPS=24.2  CPU=26.95ms  GPU=14.45ms  Lat=51.925365  GS=304.8kts  (28276 samples)
[ 6240.9s] FPS=29.3  CPU=18.54ms  GPU=15.59ms  Lat=51.936390  GS=290.6kts  (28322 samples)
[ 6251.1s] FPS=28.6  CPU=19.37ms  GPU=15.54ms  Lat=51.946419  GS=279.7kts  (28368 samples)
[ 6261.3s] FPS=29.5  CPU=18.39ms  GPU=15.45ms  Lat=51.955975  GS=275.1kts  (28413 samples)
[ 6271.3s] FPS=30.8  CPU=16.07ms  GPU=16.36ms  Lat=51.965256  GS=273.7kts  (28459 samples)
[ 6281.4s] FPS=30.5  CPU=17.00ms  GPU=15.78ms  Lat=51.974533  GS=270.9kts  (28505 samples)
[ 6291.4s] FPS=30.5  CPU=16.06ms  GPU=16.68ms  Lat=51.983742  GS=269.9kts  (28551 samples)
[ 6301.6s] FPS=30.6  CPU=15.15ms  GPU=17.58ms  Lat=51.991810  GS=264.9kts  (28598 samples)
[ 6311.7s] FPS=30.4  CPU=15.13ms  GPU=17.72ms  Lat=51.998501  GS=265.6kts  (28644 samples)
[ 6321.7s] FPS=24.8  CPU=21.85ms  GPU=18.47ms  Lat=52.004753  GS=267.1kts  (28690 samples)
[ 6331.9s] FPS=19.9  CPU=31.96ms  GPU=18.30ms  Lat=52.011028  GS=266.4kts  (28736 samples)
[ 6342.0s] FPS=28.7  CPU=17.22ms  GPU=17.63ms  Lat=52.017220  GS=264.4kts  (28781 samples)
[ 6352.0s] FPS=33.4  CPU=12.50ms  GPU=17.41ms  Lat=52.023354  GS=262.8kts  (28827 samples)
[ 6362.2s] FPS=25.6  CPU=20.85ms  GPU=18.22ms  Lat=52.029572  GS=261.4kts  (28874 samples)
[ 6372.4s] FPS=29.8  CPU=15.81ms  GPU=17.78ms  Lat=52.035614  GS=260.1kts  (28921 samples)
[ 6382.4s] FPS=30.0  CPU=15.55ms  GPU=17.84ms  Lat=52.041492  GS=259.3kts  (28967 samples)
[ 6392.6s] FPS=30.1  CPU=16.04ms  GPU=17.21ms  Lat=52.047440  GS=258.7kts  (29014 samples)
[ 6402.8s] FPS=29.8  CPU=16.91ms  GPU=16.69ms  Lat=52.053299  GS=252.2kts  (29060 samples)
[ 6412.9s] FPS=29.7  CPU=17.13ms  GPU=16.58ms  Lat=52.058979  GS=242.5kts  (29107 samples)
[ 6423.0s] FPS=29.5  CPU=17.24ms  GPU=16.65ms  Lat=52.064373  GS=231.4kts  (29153 samples)
[ 6433.1s] FPS=29.4  CPU=18.08ms  GPU=15.96ms  Lat=52.069580  GS=217.4kts  (29199 samples)
[ 6443.3s] FPS=29.8  CPU=18.05ms  GPU=15.52ms  Lat=52.074497  GS=204.6kts  (29244 samples)
[ 6453.4s] FPS=29.1  CPU=18.76ms  GPU=15.59ms  Lat=52.079155  GS=203.5kts  (29290 samples)
[ 6463.5s] FPS=29.8  CPU=18.28ms  GPU=15.23ms  Lat=52.083824  GS=203.2kts  (29336 samples)
[ 6473.5s] FPS=30.1  CPU=18.41ms  GPU=14.83ms  Lat=52.088455  GS=203.3kts  (29382 samples)
[ 6483.7s] FPS=30.0  CPU=17.96ms  GPU=15.38ms  Lat=52.093178  GS=203.0kts  (29429 samples)
[ 6493.8s] FPS=30.0  CPU=18.31ms  GPU=15.01ms  Lat=52.097790  GS=200.2kts  (29475 samples)
[ 6503.9s] FPS=29.9  CPU=18.54ms  GPU=14.90ms  Lat=52.102348  GS=200.5kts  (29521 samples)
[ 6513.9s] FPS=29.9  CPU=18.98ms  GPU=14.44ms  Lat=52.106915  GS=201.5kts  (29567 samples)
[ 6523.9s] FPS=28.8  CPU=19.31ms  GPU=15.35ms  Lat=52.111492  GS=201.5kts  (29612 samples)
[ 6534.0s] FPS=30.1  CPU=18.74ms  GPU=14.51ms  Lat=52.116062  GS=200.7kts  (29658 samples)
[ 6544.1s] FPS=29.8  CPU=18.40ms  GPU=15.14ms  Lat=52.120644  GS=199.5kts  (29704 samples)
[ 6554.2s] FPS=30.2  CPU=15.57ms  GPU=17.60ms  Lat=52.125137  GS=198.9kts  (29750 samples)
[ 6564.2s] FPS=30.1  CPU=15.78ms  GPU=17.46ms  Lat=52.129681  GS=198.3kts  (29796 samples)
[ 6574.4s] FPS=29.3  CPU=11.39ms  GPU=22.76ms  Lat=52.134163  GS=197.7kts  (29842 samples)
[ 6584.6s] FPS=30.2  CPU=13.25ms  GPU=19.90ms  Lat=52.138687  GS=197.1kts  (29888 samples)
[ 6594.8s] FPS=19.9  CPU=33.35ms  GPU=16.90ms  Lat=52.143200  GS=195.8kts  (29934 samples)
[ 6604.7s] FPS=19.9  CPU=32.23ms  GPU=18.02ms  Lat=52.147881  GS=191.2kts  (29971 samples)
[ 6615.1s] FPS=29.8  CPU=18.31ms  GPU=15.30ms  Lat=52.154766  GS=182.0kts  (30009 samples)
[ 6625.1s] FPS=29.2  CPU=18.15ms  GPU=16.05ms  Lat=52.161705  GS=170.7kts  (30055 samples)
[ 6635.2s] FPS=21.6  CPU=30.98ms  GPU=15.32ms  Lat=52.168530  GS=160.4kts  (30102 samples)
[ 6645.3s] FPS=31.1  CPU=16.19ms  GPU=15.95ms  Lat=52.175571  GS=161.2kts  (30148 samples)
[ 6655.3s] FPS=30.7  CPU=15.84ms  GPU=16.76ms  Lat=52.182919  GS=163.5kts  (30193 samples)
[ 6665.5s] FPS=19.9  CPU=33.82ms  GPU=16.43ms  Lat=52.190624  GS=164.3kts  (30240 samples)
[ 6675.5s] FPS=30.3  CPU=16.59ms  GPU=16.46ms  Lat=52.198307  GS=164.9kts  (30286 samples)
[ 6685.7s] FPS=29.4  CPU=17.41ms  GPU=16.58ms  Lat=52.206104  GS=165.5kts  (30332 samples)
[ 6695.9s] FPS=31.4  CPU=14.91ms  GPU=16.91ms  Lat=52.213802  GS=164.2kts  (30378 samples)
[ 6706.1s] FPS=30.1  CPU=16.51ms  GPU=16.66ms  Lat=52.221539  GS=165.7kts  (30425 samples)
[ 6716.3s] FPS=30.0  CPU=15.01ms  GPU=18.30ms  Lat=52.229568  GS=175.5kts  (30472 samples)
[ 6726.4s] FPS=29.0  CPU=16.81ms  GPU=17.65ms  Lat=52.237862  GS=178.9kts  (30518 samples)
[ 6736.4s] FPS=29.8  CPU=15.77ms  GPU=17.83ms  Lat=52.246178  GS=180.1kts  (30564 samples)
[ 6746.6s] FPS=29.4  CPU=15.74ms  GPU=18.27ms  Lat=52.254562  GS=173.6kts  (30610 samples)
[ 6756.8s] FPS=29.6  CPU=15.65ms  GPU=18.16ms  Lat=52.262463  GS=164.2kts  (30656 samples)
[ 6766.9s] FPS=29.4  CPU=16.32ms  GPU=17.73ms  Lat=52.269875  GS=155.7kts  (30702 samples)
[ 6776.9s] FPS=29.1  CPU=15.89ms  GPU=18.53ms  Lat=52.276955  GS=149.0kts  (30748 samples)
[ 6787.0s] FPS=29.5  CPU=15.73ms  GPU=18.14ms  Lat=52.283699  GS=141.5kts  (30794 samples)
[ 6797.1s] FPS=29.9  CPU=15.12ms  GPU=18.37ms  Lat=52.290115  GS=135.9kts  (30840 samples)
[ 6807.2s] FPS=29.9  CPU=15.89ms  GPU=17.54ms  Lat=52.296387  GS=135.3kts  (30887 samples)
[ 6817.3s] FPS=30.0  CPU=15.17ms  GPU=18.13ms  Lat=52.302631  GS=133.5kts  (30933 samples)
[ 6827.4s] FPS=28.5  CPU=16.97ms  GPU=18.08ms  Lat=52.308727  GS=118.7kts  (30979 samples)
[ 6837.6s] FPS=30.0  CPU=14.55ms  GPU=18.73ms  Lat=52.313507  GS=86.3kts  (31025 samples)
[ 6847.7s] FPS=29.2  CPU=14.88ms  GPU=19.32ms  Lat=52.317268  GS=75.9kts  (31072 samples)
[ 6857.8s] FPS=29.7  CPU=14.33ms  GPU=19.31ms  Lat=52.319736  GS=24.2kts  (31119 samples)
[ 6868.0s] FPS=30.5  CPU=13.00ms  GPU=19.77ms  Lat=52.320263  GS=11.4kts  (31166 samples)
[ 6878.2s] FPS=24.7  CPU=20.09ms  GPU=20.33ms  Lat=52.320366  GS=0.3kts  (31213 samples)
[ 6888.2s] FPS=25.6  CPU=17.53ms  GPU=21.55ms  Lat=52.320366  GS=0.5kts  (31259 samples)
[ 6898.3s] FPS=29.3  CPU=13.13ms  GPU=21.04ms  Lat=52.320366  GS=1.6kts  (31306 samples)
[ 6908.4s] FPS=29.1  CPU=13.00ms  GPU=21.37ms  Lat=52.320366  GS=0.1kts  (31352 samples)
[ 6918.5s] FPS=30.1  CPU=12.61ms  GPU=20.65ms  Lat=52.320366  GS=0.0kts  (31398 samples)
[ 6928.7s] FPS=29.4  CPU=12.74ms  GPU=21.31ms  Lat=52.320366  GS=0.0kts  (31444 samples)
[ 6938.7s] FPS=29.4  CPU=13.51ms  GPU=20.46ms  Lat=52.320366  GS=0.0kts  (31490 samples)
[ 6948.9s] FPS=30.1  CPU=11.88ms  GPU=21.35ms  Lat=52.320366  GS=0.0kts  (31536 samples)
[ 6959.0s] FPS=29.3  CPU=12.65ms  GPU=21.43ms  Lat=52.320366  GS=0.0kts  (31581 samples)
[ 6969.2s] FPS=29.7  CPU=12.28ms  GPU=21.38ms  Lat=52.320366  GS=0.0kts  (31627 samples)
[ 6979.4s] FPS=30.0  CPU=14.23ms  GPU=19.10ms  Lat=52.320366  GS=1.6kts  (31673 samples)
[ 6989.6s] FPS=29.5  CPU=12.75ms  GPU=21.16ms  Lat=52.320347  GS=5.5kts  (31719 samples)
[ 6999.7s] FPS=29.7  CPU=11.83ms  GPU=21.82ms  Lat=52.320133  GS=9.7kts  (31765 samples)
[ 7009.8s] FPS=29.7  CPU=13.12ms  GPU=20.50ms  Lat=52.319668  GS=10.6kts  (31810 samples)
[ 7019.9s] FPS=29.6  CPU=12.36ms  GPU=21.41ms  Lat=52.319157  GS=11.4kts  (31856 samples)
[ 7030.0s] FPS=29.6  CPU=13.22ms  GPU=20.55ms  Lat=52.318607  GS=12.1kts  (31902 samples)
[ 7040.0s] FPS=29.7  CPU=13.17ms  GPU=20.48ms  Lat=52.318035  GS=12.7kts  (31948 samples)
[ 7050.2s] FPS=29.8  CPU=13.08ms  GPU=20.52ms  Lat=52.317425  GS=13.3kts  (31994 samples)
[ 7060.3s] FPS=30.4  CPU=12.21ms  GPU=20.70ms  Lat=52.316784  GS=14.7kts  (32040 samples)
[ 7070.5s] FPS=30.2  CPU=11.57ms  GPU=21.58ms  Lat=52.315987  GS=21.2kts  (32086 samples)
[ 7080.7s] FPS=29.9  CPU=12.35ms  GPU=21.05ms  Lat=52.314934  GS=23.5kts  (32132 samples)
[ 7090.8s] FPS=29.7  CPU=12.75ms  GPU=20.89ms  Lat=52.313580  GS=35.1kts  (32178 samples)
[ 7101.0s] FPS=29.8  CPU=12.49ms  GPU=21.07ms  Lat=52.311836  GS=38.8kts  (32224 samples)
[ 7111.1s] FPS=30.0  CPU=11.31ms  GPU=22.07ms  Lat=52.309998  GS=38.5kts  (32270 samples)
[ 7121.3s] FPS=30.0  CPU=11.33ms  GPU=22.01ms  Lat=52.308247  GS=36.3kts  (32316 samples)
[ 7131.3s] FPS=30.0  CPU=11.89ms  GPU=21.48ms  Lat=52.306610  GS=34.4kts  (32362 samples)
[ 7141.5s] FPS=30.0  CPU=10.05ms  GPU=23.30ms  Lat=52.305042  GS=32.5kts  (32408 samples)

Done. 32438 samples in 7148.4s (4.5 Hz) → monitoring/run_ae/xplane_telemetry.csv
