Subscribing to 13 datarefs at 5 Hz...
  [ 0] frame_time_s              = sim/operation/misc/frame_rate_period
  [ 1] gpu_time_s                = sim/time/gpu_time_per_frame_sec_approx
  [ 2] framerate_period_s        = sim/time/framerate_period
  [ 3] lat                       = sim/flightmodel/position/latitude
  [ 4] lon                       = sim/flightmodel/position/longitude
  [ 5] elev_m                    = sim/flightmodel/position/elevation
  [ 6] agl_m                     = sim/flightmodel/position/y_agl
  [ 7] gs_ms                     = sim/flightmodel/position/groundspeed
  [ 8] ias_ms                    = sim/flightmodel/position/indicated_airspeed
  [ 9] tas_ms                    = sim/flightmodel/position/true_airspeed
  [10] sim_time_s                = sim/time/total_running_time_sec
  [11] paused                    = sim/time/paused
  [12] sim_speed                 = sim/time/sim_speed
Connected — receiving data from X-Plane

Recording at 5 Hz to monitoring/run_AA/xplane_telemetry.csv
Max duration: 9000s. Press Ctrl+C to stop.

[    0.0s] FPS=30.0  CPU=13.65ms  GPU=19.69ms  Lat=0.000000  GS=0.0kts  (1 samples)
[    9.9s] FPS=29.3  CPU=16.24ms  GPU=17.90ms  Lat=51.893845  GS=9.9kts  (153 samples)
[   20.0s] FPS=29.9  CPU=14.88ms  GPU=18.59ms  Lat=51.894157  GS=10.2kts  (214 samples)
[   30.2s] FPS=30.2  CPU=15.32ms  GPU=17.82ms  Lat=51.894138  GS=10.4kts  (261 samples)
[   40.3s] FPS=30.1  CPU=15.42ms  GPU=17.77ms  Lat=51.894135  GS=0.2kts  (308 samples)
[   50.5s] FPS=30.0  CPU=15.45ms  GPU=17.86ms  Lat=51.894142  GS=1.1kts  (355 samples)
[   60.7s] FPS=30.0  CPU=15.71ms  GPU=17.68ms  Lat=51.894165  GS=1.9kts  (402 samples)
[   70.8s] FPS=29.6  CPU=15.48ms  GPU=18.26ms  Lat=51.894203  GS=2.5kts  (449 samples)
[   80.9s] FPS=30.9  CPU=12.31ms  GPU=20.04ms  Lat=51.894363  GS=8.5kts  (496 samples)
[   91.1s] FPS=29.9  CPU=15.63ms  GPU=17.83ms  Lat=51.894657  GS=9.8kts  (543 samples)
[  101.1s] FPS=30.0  CPU=15.13ms  GPU=18.19ms  Lat=51.894920  GS=10.3kts  (590 samples)
[  111.2s] FPS=29.6  CPU=14.20ms  GPU=19.56ms  Lat=51.894943  GS=11.5kts  (637 samples)
[  121.4s] FPS=30.0  CPU=14.22ms  GPU=19.14ms  Lat=51.894939  GS=11.9kts  (684 samples)
[  131.4s] FPS=28.9  CPU=14.95ms  GPU=19.62ms  Lat=51.894806  GS=9.8kts  (730 samples)
[  141.5s] FPS=29.6  CPU=14.92ms  GPU=18.89ms  Lat=51.894749  GS=0.0kts  (777 samples)
[  151.6s] FPS=29.9  CPU=18.20ms  GPU=15.24ms  Lat=51.894749  GS=0.0kts  (824 samples)
[  161.8s] FPS=53.4  CPU=0.00ms  GPU=20.24ms  Lat=51.894749  GS=0.0kts  (871 samples)
[  172.0s] FPS=29.9  CPU=14.13ms  GPU=19.36ms  Lat=51.894749  GS=0.0kts  (918 samples)
[  182.0s] FPS=28.9  CPU=14.46ms  GPU=20.14ms  Lat=51.894749  GS=0.0kts  (964 samples)
[  192.1s] FPS=29.9  CPU=14.75ms  GPU=18.73ms  Lat=51.894409  GS=34.1kts  (1011 samples)
[  202.2s] FPS=33.1  CPU=9.83ms  GPU=20.40ms  Lat=51.892281  GS=87.1kts  (1058 samples)
[  212.2s] FPS=29.1  CPU=14.47ms  GPU=19.87ms  Lat=51.888557  GS=130.9kts  (1104 samples)
[  222.5s] FPS=29.8  CPU=15.71ms  GPU=17.82ms  Lat=51.883427  GS=157.4kts  (1151 samples)
[  232.6s] FPS=29.1  CPU=17.31ms  GPU=17.02ms  Lat=51.877884  GS=164.1kts  (1198 samples)
[  242.8s] FPS=30.8  CPU=16.87ms  GPU=15.62ms  Lat=51.872410  GS=158.8kts  (1244 samples)
[  253.0s] FPS=30.7  CPU=17.14ms  GPU=15.42ms  Lat=51.867180  GS=151.4kts  (1291 samples)
[  263.1s] FPS=29.8  CPU=17.35ms  GPU=16.23ms  Lat=51.861992  GS=154.5kts  (1337 samples)
[  273.2s] FPS=30.4  CPU=16.78ms  GPU=16.07ms  Lat=51.855907  GS=163.6kts  (1383 samples)
[  283.2s] FPS=30.0  CPU=18.69ms  GPU=14.60ms  Lat=51.848526  GS=172.1kts  (1429 samples)
[  293.3s] FPS=30.0  CPU=19.43ms  GPU=13.90ms  Lat=51.840256  GS=181.2kts  (1475 samples)
[  303.5s] FPS=30.1  CPU=18.54ms  GPU=14.73ms  Lat=51.832146  GS=189.0kts  (1522 samples)
[  313.7s] FPS=68.8  CPU=3.14ms  GPU=11.40ms  Lat=51.825130  GS=195.7kts  (1569 samples)
[  323.7s] FPS=31.0  CPU=19.55ms  GPU=12.69ms  Lat=51.819687  GS=211.8kts  (1615 samples)
[  333.8s] FPS=29.6  CPU=20.80ms  GPU=13.00ms  Lat=51.815403  GS=232.7kts  (1661 samples)
[  343.8s] FPS=30.1  CPU=20.26ms  GPU=13.01ms  Lat=51.812927  GS=239.9kts  (1707 samples)
[  353.9s] FPS=29.7  CPU=20.49ms  GPU=13.17ms  Lat=51.812756  GS=246.3kts  (1754 samples)
[  364.1s] FPS=29.6  CPU=20.09ms  GPU=13.66ms  Lat=51.813667  GS=263.7kts  (1801 samples)
[  374.2s] FPS=29.6  CPU=17.58ms  GPU=16.21ms  Lat=51.814934  GS=279.8kts  (1847 samples)
[  384.2s] FPS=29.9  CPU=18.50ms  GPU=14.95ms  Lat=51.816212  GS=283.7kts  (1893 samples)
[  394.3s] FPS=30.1  CPU=17.02ms  GPU=16.18ms  Lat=51.817299  GS=290.8kts  (1940 samples)
[  404.5s] FPS=28.9  CPU=18.98ms  GPU=15.57ms  Lat=51.818260  GS=297.4kts  (1987 samples)
[  414.5s] FPS=29.8  CPU=19.17ms  GPU=14.44ms  Lat=51.819149  GS=292.9kts  (2033 samples)
[  424.7s] FPS=29.9  CPU=18.02ms  GPU=15.44ms  Lat=51.820034  GS=293.0kts  (2080 samples)
[  434.8s] FPS=31.1  CPU=17.28ms  GPU=14.93ms  Lat=51.820930  GS=294.3kts  (2127 samples)
[  444.9s] FPS=28.2  CPU=19.88ms  GPU=15.64ms  Lat=51.821831  GS=295.0kts  (2173 samples)
[  454.9s] FPS=29.6  CPU=18.63ms  GPU=15.17ms  Lat=51.822754  GS=299.1kts  (2219 samples)
[  465.0s] FPS=30.3  CPU=16.07ms  GPU=16.90ms  Lat=51.823700  GS=305.6kts  (2265 samples)
[  475.1s] FPS=30.3  CPU=16.14ms  GPU=16.90ms  Lat=51.824631  GS=307.2kts  (2311 samples)
[  485.2s] FPS=29.1  CPU=16.87ms  GPU=17.45ms  Lat=51.825546  GS=305.8kts  (2358 samples)
[  495.3s] FPS=30.1  CPU=14.93ms  GPU=18.34ms  Lat=51.826469  GS=307.1kts  (2404 samples)
[  505.3s] FPS=29.9  CPU=18.82ms  GPU=14.61ms  Lat=51.827385  GS=309.9kts  (2450 samples)
[  515.3s] FPS=66.6  CPU=0.00ms  GPU=17.80ms  Lat=51.828327  GS=313.0kts  (2496 samples)
[  525.5s] FPS=29.1  CPU=15.68ms  GPU=18.72ms  Lat=51.829292  GS=317.2kts  (2543 samples)
[  535.7s] FPS=28.3  CPU=18.04ms  GPU=17.32ms  Lat=51.830273  GS=321.8kts  (2589 samples)
[  545.8s] FPS=29.1  CPU=17.84ms  GPU=16.49ms  Lat=51.831257  GS=326.2kts  (2636 samples)
[  556.0s] FPS=29.7  CPU=17.02ms  GPU=16.61ms  Lat=51.832264  GS=330.7kts  (2682 samples)
[  566.2s] FPS=29.2  CPU=20.71ms  GPU=13.52ms  Lat=51.833267  GS=334.5kts  (2729 samples)
[  576.3s] FPS=30.7  CPU=17.24ms  GPU=15.33ms  Lat=51.834267  GS=336.9kts  (2776 samples)
[  586.4s] FPS=22.1  CPU=31.35ms  GPU=13.99ms  Lat=51.835266  GS=340.8kts  (2822 samples)
[  596.6s] FPS=30.3  CPU=17.42ms  GPU=15.56ms  Lat=51.836285  GS=345.4kts  (2868 samples)
[  606.7s] FPS=29.1  CPU=18.95ms  GPU=15.40ms  Lat=51.837311  GS=348.7kts  (2915 samples)
[  616.8s] FPS=29.5  CPU=17.68ms  GPU=16.27ms  Lat=51.838341  GS=351.2kts  (2961 samples)
[  627.0s] FPS=29.9  CPU=17.20ms  GPU=16.25ms  Lat=51.839504  GS=352.4kts  (3008 samples)
[  637.2s] FPS=30.6  CPU=16.84ms  GPU=15.85ms  Lat=51.842525  GS=350.9kts  (3055 samples)
[  647.4s] FPS=30.3  CPU=17.23ms  GPU=15.80ms  Lat=51.847256  GS=352.9kts  (3102 samples)
[  657.5s] FPS=29.8  CPU=18.31ms  GPU=15.28ms  Lat=51.852573  GS=355.1kts  (3149 samples)
[  667.6s] FPS=30.4  CPU=17.31ms  GPU=15.57ms  Lat=51.858017  GS=357.2kts  (3195 samples)
[  677.7s] FPS=28.9  CPU=18.87ms  GPU=15.72ms  Lat=51.863426  GS=360.9kts  (3242 samples)
[  687.8s] FPS=29.5  CPU=18.71ms  GPU=15.23ms  Lat=51.868755  GS=364.0kts  (3289 samples)
[  697.8s] FPS=29.6  CPU=18.40ms  GPU=15.36ms  Lat=51.873940  GS=366.1kts  (3335 samples)
[  707.9s] FPS=29.0  CPU=19.31ms  GPU=15.21ms  Lat=51.879135  GS=369.8kts  (3382 samples)
[  718.0s] FPS=28.8  CPU=19.99ms  GPU=14.70ms  Lat=51.884315  GS=372.8kts  (3428 samples)
[  728.1s] FPS=30.5  CPU=16.55ms  GPU=16.29ms  Lat=51.889458  GS=375.5kts  (3474 samples)
[  738.2s] FPS=30.1  CPU=16.60ms  GPU=16.57ms  Lat=51.894600  GS=377.2kts  (3520 samples)
[  748.4s] FPS=30.0  CPU=18.13ms  GPU=15.24ms  Lat=51.899738  GS=378.9kts  (3567 samples)
[  758.5s] FPS=29.6  CPU=15.70ms  GPU=18.10ms  Lat=51.904854  GS=381.6kts  (3614 samples)
[  768.7s] FPS=29.7  CPU=19.25ms  GPU=14.36ms  Lat=51.910103  GS=384.4kts  (3661 samples)
[  778.7s] FPS=29.7  CPU=19.47ms  GPU=14.20ms  Lat=51.915253  GS=386.6kts  (3707 samples)
[  788.7s] FPS=30.2  CPU=23.54ms  GPU=9.61ms  Lat=51.920406  GS=388.5kts  (3753 samples)
[  798.7s] FPS=29.8  CPU=17.96ms  GPU=15.57ms  Lat=51.925598  GS=390.6kts  (3799 samples)
[  808.8s] FPS=29.7  CPU=19.23ms  GPU=14.47ms  Lat=51.930859  GS=392.5kts  (3846 samples)
[  818.9s] FPS=29.0  CPU=20.50ms  GPU=14.00ms  Lat=51.936119  GS=394.1kts  (3893 samples)
[  829.0s] FPS=30.2  CPU=18.58ms  GPU=14.49ms  Lat=51.941410  GS=396.0kts  (3940 samples)
[  839.2s] FPS=30.1  CPU=17.34ms  GPU=15.86ms  Lat=51.946697  GS=397.8kts  (3987 samples)
[  849.3s] FPS=30.0  CPU=17.46ms  GPU=15.91ms  Lat=51.952042  GS=399.6kts  (4033 samples)
[  859.4s] FPS=30.1  CPU=17.02ms  GPU=16.23ms  Lat=51.957436  GS=400.6kts  (4080 samples)
[  869.6s] FPS=30.1  CPU=18.25ms  GPU=15.01ms  Lat=51.962811  GS=402.9kts  (4126 samples)
[  879.7s] FPS=30.1  CPU=18.57ms  GPU=14.67ms  Lat=51.968182  GS=403.8kts  (4173 samples)
[  889.9s] FPS=29.4  CPU=18.75ms  GPU=15.31ms  Lat=51.973495  GS=404.9kts  (4220 samples)
[  900.0s] FPS=29.5  CPU=19.60ms  GPU=14.35ms  Lat=51.978874  GS=405.4kts  (4267 samples)
[  910.1s] FPS=19.9  CPU=20.57ms  GPU=29.68ms  Lat=51.984112  GS=407.0kts  (4312 samples)
[  920.3s] FPS=29.5  CPU=21.22ms  GPU=12.62ms  Lat=51.989620  GS=409.0kts  (4359 samples)
[  930.3s] FPS=29.8  CPU=19.54ms  GPU=14.07ms  Lat=51.995007  GS=411.5kts  (4405 samples)
[  940.5s] FPS=29.6  CPU=19.59ms  GPU=14.18ms  Lat=52.000446  GS=413.3kts  (4452 samples)
[  950.6s] FPS=29.5  CPU=20.75ms  GPU=13.13ms  Lat=52.005878  GS=415.1kts  (4499 samples)
[  960.6s] FPS=30.0  CPU=18.96ms  GPU=14.35ms  Lat=52.011295  GS=416.7kts  (4545 samples)
[  970.7s] FPS=30.5  CPU=18.80ms  GPU=13.97ms  Lat=52.016712  GS=417.1kts  (4591 samples)
[  980.8s] FPS=29.2  CPU=24.37ms  GPU=9.90ms  Lat=52.022137  GS=418.5kts  (4637 samples)
[  990.9s] FPS=29.8  CPU=20.09ms  GPU=13.47ms  Lat=52.027672  GS=419.5kts  (4684 samples)
[ 1001.0s] FPS=33.0  CPU=16.63ms  GPU=13.63ms  Lat=52.033054  GS=419.9kts  (4730 samples)
[ 1011.0s] FPS=30.4  CPU=18.50ms  GPU=14.44ms  Lat=52.038475  GS=420.9kts  (4776 samples)
[ 1021.2s] FPS=29.9  CPU=19.55ms  GPU=13.85ms  Lat=52.044033  GS=423.1kts  (4823 samples)
[ 1031.2s] FPS=29.8  CPU=18.97ms  GPU=14.57ms  Lat=52.049522  GS=424.8kts  (4869 samples)
[ 1041.2s] FPS=29.9  CPU=19.04ms  GPU=14.36ms  Lat=52.054958  GS=424.5kts  (4916 samples)
[ 1051.3s] FPS=28.7  CPU=21.18ms  GPU=13.68ms  Lat=52.060394  GS=423.7kts  (4962 samples)
[ 1061.3s] FPS=30.0  CPU=19.59ms  GPU=13.73ms  Lat=52.065796  GS=422.9kts  (5008 samples)
[ 1071.4s] FPS=30.1  CPU=18.91ms  GPU=14.32ms  Lat=52.071247  GS=422.6kts  (5055 samples)
[ 1081.6s] FPS=29.8  CPU=19.39ms  GPU=14.22ms  Lat=52.076725  GS=422.2kts  (5102 samples)
[ 1091.8s] FPS=30.0  CPU=19.00ms  GPU=14.38ms  Lat=52.082153  GS=420.8kts  (5149 samples)
[ 1101.8s] FPS=29.7  CPU=19.98ms  GPU=13.71ms  Lat=52.087486  GS=418.6kts  (5195 samples)
[ 1112.0s] FPS=29.8  CPU=19.81ms  GPU=13.77ms  Lat=52.092857  GS=418.5kts  (5242 samples)
[ 1122.2s] FPS=29.9  CPU=19.80ms  GPU=13.66ms  Lat=52.098270  GS=419.1kts  (5289 samples)
[ 1132.2s] FPS=30.4  CPU=19.48ms  GPU=13.44ms  Lat=52.103642  GS=422.9kts  (5335 samples)
[ 1142.2s] FPS=30.2  CPU=19.10ms  GPU=14.05ms  Lat=52.109055  GS=426.9kts  (5381 samples)
[ 1152.4s] FPS=29.5  CPU=19.69ms  GPU=14.26ms  Lat=52.114571  GS=430.7kts  (5428 samples)
[ 1162.6s] FPS=30.0  CPU=18.33ms  GPU=15.02ms  Lat=52.120110  GS=433.2kts  (5475 samples)
[ 1172.7s] FPS=30.1  CPU=18.53ms  GPU=14.69ms  Lat=52.125614  GS=434.2kts  (5521 samples)
[ 1182.7s] FPS=29.8  CPU=19.23ms  GPU=14.34ms  Lat=52.131046  GS=433.7kts  (5567 samples)
[ 1192.8s] FPS=30.3  CPU=18.87ms  GPU=14.18ms  Lat=52.136505  GS=433.4kts  (5614 samples)
[ 1202.8s] FPS=29.4  CPU=20.83ms  GPU=13.18ms  Lat=52.141926  GS=432.9kts  (5660 samples)
[ 1213.0s] FPS=29.4  CPU=19.97ms  GPU=14.09ms  Lat=52.147419  GS=432.6kts  (5707 samples)
[ 1223.1s] FPS=29.8  CPU=19.81ms  GPU=13.74ms  Lat=52.152836  GS=432.9kts  (5753 samples)
[ 1233.2s] FPS=29.9  CPU=19.34ms  GPU=14.10ms  Lat=52.158264  GS=433.7kts  (5800 samples)
[ 1243.2s] FPS=30.2  CPU=18.96ms  GPU=14.17ms  Lat=52.163658  GS=434.2kts  (5846 samples)
[ 1253.4s] FPS=29.9  CPU=19.76ms  GPU=13.68ms  Lat=52.169216  GS=435.9kts  (5893 samples)
[ 1263.5s] FPS=30.3  CPU=19.05ms  GPU=13.96ms  Lat=52.174709  GS=437.2kts  (5940 samples)
[ 1273.6s] FPS=30.0  CPU=19.87ms  GPU=13.50ms  Lat=52.180172  GS=438.7kts  (5986 samples)
[ 1283.7s] FPS=39.5  CPU=11.56ms  GPU=13.73ms  Lat=52.185699  GS=439.3kts  (6033 samples)
[ 1293.9s] FPS=29.7  CPU=18.62ms  GPU=15.08ms  Lat=52.191288  GS=440.2kts  (6080 samples)
[ 1304.1s] FPS=29.5  CPU=20.95ms  GPU=12.93ms  Lat=52.196838  GS=441.3kts  (6127 samples)
[ 1314.2s] FPS=29.7  CPU=18.16ms  GPU=15.47ms  Lat=52.202343  GS=442.1kts  (6174 samples)
[ 1324.3s] FPS=29.8  CPU=17.94ms  GPU=15.61ms  Lat=52.207817  GS=442.4kts  (6221 samples)
[ 1334.5s] FPS=29.6  CPU=17.61ms  GPU=16.15ms  Lat=52.213318  GS=442.4kts  (6268 samples)
[ 1344.5s] FPS=29.9  CPU=17.35ms  GPU=16.05ms  Lat=52.218739  GS=442.3kts  (6314 samples)
[ 1354.7s] FPS=29.9  CPU=17.82ms  GPU=15.66ms  Lat=52.224224  GS=443.1kts  (6361 samples)
[ 1364.7s] FPS=29.9  CPU=17.49ms  GPU=15.91ms  Lat=52.229694  GS=444.4kts  (6407 samples)
[ 1374.9s] FPS=30.0  CPU=17.93ms  GPU=15.38ms  Lat=52.235100  GS=447.4kts  (6454 samples)
[ 1385.1s] FPS=30.2  CPU=17.29ms  GPU=15.85ms  Lat=52.239323  GS=454.4kts  (6501 samples)
[ 1395.3s] FPS=29.0  CPU=18.75ms  GPU=15.75ms  Lat=52.241859  GS=461.7kts  (6548 samples)
[ 1405.4s] FPS=30.0  CPU=16.97ms  GPU=16.30ms  Lat=52.242538  GS=467.1kts  (6595 samples)
[ 1415.6s] FPS=30.1  CPU=16.71ms  GPU=16.55ms  Lat=52.241310  GS=470.5kts  (6642 samples)
[ 1425.8s] FPS=29.8  CPU=17.26ms  GPU=16.30ms  Lat=52.238251  GS=476.9kts  (6689 samples)
[ 1435.8s] FPS=29.0  CPU=17.43ms  GPU=17.09ms  Lat=52.233223  GS=484.0kts  (6735 samples)
[ 1445.9s] FPS=30.4  CPU=16.36ms  GPU=16.48ms  Lat=52.226162  GS=490.2kts  (6781 samples)
[ 1456.0s] FPS=30.1  CPU=16.24ms  GPU=16.94ms  Lat=52.217583  GS=493.6kts  (6827 samples)
[ 1466.1s] FPS=30.2  CPU=16.49ms  GPU=16.64ms  Lat=52.208599  GS=496.2kts  (6873 samples)
[ 1476.1s] FPS=29.1  CPU=17.83ms  GPU=16.51ms  Lat=52.199436  GS=498.3kts  (6919 samples)
[ 1486.2s] FPS=29.7  CPU=16.61ms  GPU=17.04ms  Lat=52.190140  GS=500.3kts  (6965 samples)
[ 1496.3s] FPS=29.8  CPU=16.61ms  GPU=16.93ms  Lat=52.180782  GS=502.2kts  (7011 samples)
[ 1506.5s] FPS=30.4  CPU=15.13ms  GPU=17.82ms  Lat=52.171394  GS=503.8kts  (7058 samples)
[ 1516.7s] FPS=28.9  CPU=18.66ms  GPU=15.94ms  Lat=52.162098  GS=505.5kts  (7104 samples)
[ 1526.9s] FPS=29.9  CPU=17.12ms  GPU=16.27ms  Lat=52.152744  GS=507.3kts  (7151 samples)
[ 1537.1s] FPS=29.6  CPU=17.43ms  GPU=16.38ms  Lat=52.143410  GS=508.9kts  (7198 samples)
[ 1547.2s] FPS=29.8  CPU=17.49ms  GPU=16.02ms  Lat=52.134155  GS=510.5kts  (7245 samples)
[ 1557.4s] FPS=25.1  CPU=22.37ms  GPU=17.46ms  Lat=52.124737  GS=512.0kts  (7292 samples)
[ 1567.4s] FPS=29.6  CPU=17.78ms  GPU=16.03ms  Lat=52.115326  GS=513.7kts  (7338 samples)
[ 1577.4s] FPS=30.5  CPU=16.56ms  GPU=16.27ms  Lat=52.105911  GS=515.2kts  (7383 samples)
[ 1587.5s] FPS=53.1  CPU=2.02ms  GPU=16.81ms  Lat=52.096493  GS=516.9kts  (7430 samples)
[ 1597.6s] FPS=28.1  CPU=18.39ms  GPU=17.23ms  Lat=52.087029  GS=518.5kts  (7476 samples)
[ 1607.6s] FPS=29.5  CPU=16.35ms  GPU=17.53ms  Lat=52.077641  GS=519.9kts  (7522 samples)
[ 1617.8s] FPS=29.6  CPU=18.07ms  GPU=15.74ms  Lat=52.068104  GS=521.2kts  (7568 samples)
[ 1628.0s] FPS=30.1  CPU=16.55ms  GPU=16.64ms  Lat=52.058487  GS=521.7kts  (7615 samples)
[ 1638.0s] FPS=29.8  CPU=16.10ms  GPU=17.44ms  Lat=52.048958  GS=521.9kts  (7661 samples)
[ 1648.3s] FPS=30.0  CPU=18.56ms  GPU=14.83ms  Lat=52.039276  GS=521.5kts  (7708 samples)
[ 1658.3s] FPS=30.3  CPU=15.97ms  GPU=16.99ms  Lat=52.029808  GS=521.5kts  (7754 samples)
[ 1668.4s] FPS=29.5  CPU=16.87ms  GPU=17.06ms  Lat=52.020260  GS=520.3kts  (7801 samples)
[ 1678.5s] FPS=39.6  CPU=9.40ms  GPU=15.87ms  Lat=52.010574  GS=519.5kts  (7848 samples)
[ 1688.7s] FPS=28.6  CPU=15.67ms  GPU=19.23ms  Lat=52.000931  GS=518.9kts  (7895 samples)
[ 1698.7s] FPS=29.6  CPU=17.72ms  GPU=16.04ms  Lat=51.991470  GS=519.1kts  (7942 samples)
[ 1708.8s] FPS=29.6  CPU=17.24ms  GPU=16.59ms  Lat=51.982021  GS=519.9kts  (7988 samples)
[ 1718.9s] FPS=29.9  CPU=17.18ms  GPU=16.22ms  Lat=51.972477  GS=520.3kts  (8034 samples)
[ 1729.0s] FPS=29.4  CPU=17.85ms  GPU=16.13ms  Lat=51.962849  GS=520.2kts  (8081 samples)
[ 1739.0s] FPS=30.4  CPU=16.78ms  GPU=16.11ms  Lat=51.953278  GS=519.3kts  (8127 samples)
[ 1749.2s] FPS=29.8  CPU=17.73ms  GPU=15.85ms  Lat=51.943581  GS=518.4kts  (8174 samples)
[ 1759.5s] FPS=29.9  CPU=17.12ms  GPU=16.30ms  Lat=51.933891  GS=518.3kts  (8221 samples)
[ 1769.6s] FPS=29.4  CPU=19.42ms  GPU=14.59ms  Lat=51.924305  GS=518.3kts  (8268 samples)
[ 1779.6s] FPS=29.9  CPU=17.93ms  GPU=15.46ms  Lat=51.914738  GS=518.3kts  (8315 samples)
[ 1789.6s] FPS=28.8  CPU=19.07ms  GPU=15.62ms  Lat=51.905224  GS=518.2kts  (8361 samples)
[ 1799.6s] FPS=32.7  CPU=15.47ms  GPU=15.08ms  Lat=51.895641  GS=518.5kts  (8407 samples)
[ 1809.8s] FPS=30.0  CPU=18.37ms  GPU=14.96ms  Lat=51.885933  GS=518.9kts  (8454 samples)
[ 1819.9s] FPS=29.9  CPU=18.37ms  GPU=15.08ms  Lat=51.876305  GS=519.1kts  (8500 samples)
[ 1830.1s] FPS=35.3  CPU=12.91ms  GPU=15.38ms  Lat=51.866520  GS=519.3kts  (8547 samples)
[ 1840.1s] FPS=31.2  CPU=17.54ms  GPU=14.53ms  Lat=51.856796  GS=518.7kts  (8593 samples)
[ 1850.2s] FPS=29.9  CPU=18.92ms  GPU=14.49ms  Lat=51.847069  GS=518.5kts  (8639 samples)
[ 1860.4s] FPS=30.7  CPU=18.50ms  GPU=14.08ms  Lat=51.837315  GS=518.2kts  (8686 samples)
[ 1870.4s] FPS=29.4  CPU=19.34ms  GPU=14.67ms  Lat=51.827652  GS=518.0kts  (8732 samples)
[ 1880.5s] FPS=29.7  CPU=19.34ms  GPU=14.32ms  Lat=51.817951  GS=519.1kts  (8779 samples)
[ 1890.7s] FPS=28.8  CPU=20.03ms  GPU=14.72ms  Lat=51.807934  GS=519.0kts  (8824 samples)
[ 1900.7s] FPS=29.7  CPU=16.26ms  GPU=17.41ms  Lat=51.798115  GS=518.2kts  (8868 samples)
[ 1910.8s] FPS=29.8  CPU=19.24ms  GPU=14.35ms  Lat=51.788418  GS=519.1kts  (8914 samples)
[ 1920.8s] FPS=30.2  CPU=18.48ms  GPU=14.62ms  Lat=51.778706  GS=519.1kts  (8961 samples)
[ 1930.9s] FPS=29.1  CPU=19.71ms  GPU=14.67ms  Lat=51.768852  GS=518.4kts  (9008 samples)
[ 1941.0s] FPS=29.6  CPU=19.67ms  GPU=14.10ms  Lat=51.759094  GS=518.1kts  (9054 samples)
[ 1951.1s] FPS=29.8  CPU=19.39ms  GPU=14.12ms  Lat=51.749321  GS=517.0kts  (9100 samples)
[ 1961.3s] FPS=30.6  CPU=18.17ms  GPU=14.56ms  Lat=51.739326  GS=516.1kts  (9147 samples)
[ 1971.4s] FPS=29.9  CPU=19.41ms  GPU=13.99ms  Lat=51.729507  GS=515.9kts  (9194 samples)
[ 1981.5s] FPS=31.0  CPU=18.65ms  GPU=13.57ms  Lat=51.719711  GS=516.7kts  (9241 samples)
[ 1991.6s] FPS=28.9  CPU=20.03ms  GPU=14.60ms  Lat=51.709938  GS=515.6kts  (9287 samples)
[ 2001.6s] FPS=30.1  CPU=19.11ms  GPU=14.11ms  Lat=51.700237  GS=515.2kts  (9333 samples)
[ 2011.6s] FPS=30.1  CPU=20.14ms  GPU=13.08ms  Lat=51.690475  GS=515.5kts  (9379 samples)
[ 2021.8s] FPS=29.2  CPU=19.98ms  GPU=14.28ms  Lat=51.680611  GS=515.6kts  (9426 samples)
[ 2031.9s] FPS=30.5  CPU=18.87ms  GPU=13.87ms  Lat=51.670738  GS=515.4kts  (9473 samples)
[ 2041.9s] FPS=30.3  CPU=19.45ms  GPU=13.58ms  Lat=51.661026  GS=513.2kts  (9519 samples)
[ 2052.1s] FPS=31.8  CPU=17.85ms  GPU=13.58ms  Lat=51.651165  GS=512.6kts  (9566 samples)
[ 2062.2s] FPS=30.4  CPU=19.31ms  GPU=13.55ms  Lat=51.641327  GS=512.7kts  (9613 samples)
[ 2072.3s] FPS=29.0  CPU=20.83ms  GPU=13.67ms  Lat=51.631554  GS=512.6kts  (9659 samples)
[ 2082.3s] FPS=29.9  CPU=19.57ms  GPU=13.82ms  Lat=51.621777  GS=513.0kts  (9705 samples)
[ 2092.4s] FPS=30.1  CPU=18.93ms  GPU=14.30ms  Lat=51.611923  GS=514.4kts  (9751 samples)
[ 2102.5s] FPS=29.3  CPU=20.02ms  GPU=14.10ms  Lat=51.602062  GS=513.7kts  (9797 samples)
[ 2112.7s] FPS=35.2  CPU=14.29ms  GPU=14.10ms  Lat=51.591942  GS=512.4kts  (9843 samples)
[ 2122.7s] FPS=19.9  CPU=36.64ms  GPU=13.62ms  Lat=51.581963  GS=511.1kts  (9887 samples)
[ 2132.8s] FPS=30.3  CPU=20.00ms  GPU=13.04ms  Lat=51.572041  GS=509.4kts  (9933 samples)
[ 2142.9s] FPS=30.1  CPU=20.21ms  GPU=13.02ms  Lat=51.562145  GS=509.3kts  (9980 samples)
[ 2153.0s] FPS=30.3  CPU=18.61ms  GPU=14.38ms  Lat=51.552265  GS=509.6kts  (10027 samples)
[ 2163.1s] FPS=30.0  CPU=19.57ms  GPU=13.71ms  Lat=51.542431  GS=509.3kts  (10073 samples)
[ 2173.3s] FPS=30.0  CPU=19.83ms  GPU=13.52ms  Lat=51.532452  GS=510.8kts  (10120 samples)
[ 2183.5s] FPS=29.6  CPU=19.95ms  GPU=13.82ms  Lat=51.522472  GS=510.3kts  (10167 samples)
[ 2193.6s] FPS=29.9  CPU=19.83ms  GPU=13.60ms  Lat=51.512585  GS=510.2kts  (10213 samples)
[ 2203.7s] FPS=30.1  CPU=18.77ms  GPU=14.47ms  Lat=51.502495  GS=510.1kts  (10259 samples)
[ 2213.8s] FPS=29.8  CPU=18.80ms  GPU=14.71ms  Lat=51.492443  GS=509.5kts  (10303 samples)
[ 2223.9s] FPS=30.1  CPU=20.64ms  GPU=12.60ms  Lat=51.482368  GS=510.5kts  (10349 samples)
[ 2234.0s] FPS=29.8  CPU=20.39ms  GPU=13.15ms  Lat=51.472385  GS=510.5kts  (10395 samples)
[ 2244.1s] FPS=27.6  CPU=24.49ms  GPU=11.78ms  Lat=51.462318  GS=510.5kts  (10441 samples)
[ 2254.2s] FPS=30.6  CPU=19.35ms  GPU=13.32ms  Lat=51.452438  GS=510.1kts  (10486 samples)
[ 2264.3s] FPS=29.7  CPU=20.75ms  GPU=12.91ms  Lat=51.442379  GS=509.5kts  (10532 samples)
[ 2274.4s] FPS=29.4  CPU=20.91ms  GPU=13.13ms  Lat=51.432449  GS=509.8kts  (10578 samples)
[ 2284.5s] FPS=29.8  CPU=20.36ms  GPU=13.24ms  Lat=51.422443  GS=508.3kts  (10624 samples)
[ 2294.5s] FPS=29.6  CPU=19.90ms  GPU=13.86ms  Lat=51.412529  GS=508.7kts  (10670 samples)
[ 2304.7s] FPS=29.9  CPU=19.87ms  GPU=13.58ms  Lat=51.402538  GS=508.5kts  (10717 samples)
[ 2314.8s] FPS=29.8  CPU=20.47ms  GPU=13.07ms  Lat=51.392448  GS=508.1kts  (10764 samples)
[ 2324.9s] FPS=30.0  CPU=19.99ms  GPU=13.33ms  Lat=51.382504  GS=507.3kts  (10810 samples)
[ 2335.0s] FPS=30.0  CPU=20.44ms  GPU=12.94ms  Lat=51.372520  GS=507.9kts  (10856 samples)
[ 2345.0s] FPS=30.0  CPU=20.54ms  GPU=12.79ms  Lat=51.362614  GS=508.3kts  (10902 samples)
[ 2355.2s] FPS=30.0  CPU=20.27ms  GPU=13.01ms  Lat=51.352573  GS=508.3kts  (10949 samples)
[ 2365.2s] FPS=30.1  CPU=19.31ms  GPU=13.90ms  Lat=51.342606  GS=508.8kts  (10995 samples)
[ 2375.3s] FPS=27.3  CPU=23.87ms  GPU=12.74ms  Lat=51.332561  GS=507.9kts  (11041 samples)
[ 2385.5s] FPS=30.4  CPU=19.31ms  GPU=13.64ms  Lat=51.322433  GS=507.8kts  (11088 samples)
[ 2395.5s] FPS=29.5  CPU=21.15ms  GPU=12.80ms  Lat=51.312450  GS=508.0kts  (11133 samples)
[ 2405.5s] FPS=29.4  CPU=21.21ms  GPU=12.83ms  Lat=51.302406  GS=507.7kts  (11179 samples)
[ 2415.7s] FPS=19.9  CPU=33.84ms  GPU=16.41ms  Lat=51.292191  GS=506.9kts  (11225 samples)
[ 2425.8s] FPS=25.9  CPU=26.10ms  GPU=12.44ms  Lat=51.282238  GS=506.8kts  (11268 samples)
[ 2435.9s] FPS=29.7  CPU=20.11ms  GPU=13.52ms  Lat=51.272137  GS=506.5kts  (11313 samples)
[ 2445.9s] FPS=30.1  CPU=20.39ms  GPU=12.82ms  Lat=51.262150  GS=506.9kts  (11359 samples)
[ 2456.0s] FPS=29.9  CPU=20.02ms  GPU=13.43ms  Lat=51.252056  GS=505.9kts  (11405 samples)
[ 2466.1s] FPS=28.9  CPU=20.88ms  GPU=13.71ms  Lat=51.241974  GS=505.8kts  (11452 samples)
[ 2476.2s] FPS=29.8  CPU=19.72ms  GPU=13.83ms  Lat=51.231953  GS=505.6kts  (11498 samples)
[ 2486.4s] FPS=29.9  CPU=20.34ms  GPU=13.13ms  Lat=51.221745  GS=505.5kts  (11545 samples)
[ 2496.4s] FPS=29.8  CPU=20.15ms  GPU=13.41ms  Lat=51.211720  GS=505.7kts  (11591 samples)
[ 2506.5s] FPS=30.1  CPU=19.72ms  GPU=13.47ms  Lat=51.201572  GS=504.9kts  (11638 samples)
[ 2516.6s] FPS=30.8  CPU=18.57ms  GPU=13.91ms  Lat=51.191528  GS=504.3kts  (11684 samples)
[ 2526.7s] FPS=29.3  CPU=21.24ms  GPU=12.94ms  Lat=51.181404  GS=504.2kts  (11730 samples)
[ 2536.8s] FPS=30.7  CPU=19.62ms  GPU=13.00ms  Lat=51.171303  GS=505.3kts  (11776 samples)
[ 2546.9s] FPS=29.2  CPU=20.90ms  GPU=13.30ms  Lat=51.161083  GS=504.8kts  (11822 samples)
[ 2557.1s] FPS=29.7  CPU=21.19ms  GPU=12.49ms  Lat=51.150875  GS=504.9kts  (11868 samples)
[ 2567.2s] FPS=22.7  CPU=31.10ms  GPU=12.98ms  Lat=51.140724  GS=504.9kts  (11914 samples)
[ 2577.2s] FPS=29.3  CPU=21.17ms  GPU=13.02ms  Lat=51.130642  GS=504.8kts  (11960 samples)
[ 2587.4s] FPS=29.8  CPU=20.29ms  GPU=13.22ms  Lat=51.120457  GS=503.7kts  (12006 samples)
[ 2597.5s] FPS=30.6  CPU=19.33ms  GPU=13.31ms  Lat=51.110279  GS=503.2kts  (12053 samples)
[ 2607.6s] FPS=28.4  CPU=22.43ms  GPU=12.79ms  Lat=51.100105  GS=503.5kts  (12100 samples)
[ 2617.7s] FPS=30.1  CPU=20.30ms  GPU=12.95ms  Lat=51.089928  GS=502.8kts  (12147 samples)
[ 2627.7s] FPS=30.2  CPU=19.93ms  GPU=13.14ms  Lat=51.079830  GS=503.5kts  (12193 samples)
[ 2637.7s] FPS=30.6  CPU=18.90ms  GPU=13.73ms  Lat=51.069695  GS=504.2kts  (12239 samples)
[ 2647.8s] FPS=28.8  CPU=21.33ms  GPU=13.38ms  Lat=51.059464  GS=503.9kts  (12286 samples)
[ 2658.0s] FPS=30.1  CPU=20.04ms  GPU=13.21ms  Lat=51.049133  GS=503.8kts  (12333 samples)
[ 2668.1s] FPS=29.4  CPU=20.94ms  GPU=13.07ms  Lat=51.038883  GS=503.5kts  (12380 samples)
[ 2678.3s] FPS=29.0  CPU=21.22ms  GPU=13.28ms  Lat=51.028553  GS=504.4kts  (12427 samples)
[ 2688.5s] FPS=29.6  CPU=20.51ms  GPU=13.29ms  Lat=51.018250  GS=504.4kts  (12474 samples)
[ 2698.7s] FPS=29.8  CPU=20.04ms  GPU=13.54ms  Lat=51.007820  GS=503.9kts  (12521 samples)
[ 2708.8s] FPS=38.9  CPU=12.02ms  GPU=13.70ms  Lat=50.997440  GS=503.8kts  (12567 samples)
[ 2719.0s] FPS=37.1  CPU=14.40ms  GPU=12.56ms  Lat=50.987064  GS=502.4kts  (12610 samples)
[ 2729.1s] FPS=29.1  CPU=20.77ms  GPU=13.58ms  Lat=50.976822  GS=501.6kts  (12656 samples)
[ 2739.2s] FPS=30.4  CPU=19.85ms  GPU=13.00ms  Lat=50.966473  GS=501.6kts  (12703 samples)
[ 2749.2s] FPS=30.5  CPU=19.49ms  GPU=13.24ms  Lat=50.955421  GS=501.2kts  (12749 samples)
[ 2759.3s] FPS=30.0  CPU=20.11ms  GPU=13.19ms  Lat=50.943291  GS=501.6kts  (12795 samples)
[ 2769.3s] FPS=29.2  CPU=20.89ms  GPU=13.41ms  Lat=50.930325  GS=502.3kts  (12841 samples)
[ 2779.5s] FPS=30.4  CPU=19.49ms  GPU=13.46ms  Lat=50.916176  GS=503.6kts  (12888 samples)
[ 2789.7s] FPS=30.5  CPU=19.67ms  GPU=13.13ms  Lat=50.901196  GS=503.6kts  (12935 samples)
[ 2799.9s] FPS=29.1  CPU=21.85ms  GPU=12.51ms  Lat=50.885258  GS=502.6kts  (12982 samples)
[ 2810.0s] FPS=29.6  CPU=22.04ms  GPU=11.70ms  Lat=50.868649  GS=502.0kts  (13029 samples)
[ 2820.0s] FPS=29.4  CPU=19.58ms  GPU=14.39ms  Lat=50.851421  GS=502.6kts  (13075 samples)
[ 2830.0s] FPS=30.2  CPU=20.37ms  GPU=12.75ms  Lat=50.833656  GS=503.0kts  (13121 samples)
[ 2840.2s] FPS=30.6  CPU=18.74ms  GPU=13.98ms  Lat=50.815590  GS=502.4kts  (13168 samples)
[ 2850.3s] FPS=19.9  CPU=36.01ms  GPU=14.24ms  Lat=50.797264  GS=502.0kts  (13213 samples)
[ 2860.4s] FPS=19.9  CPU=36.80ms  GPU=13.45ms  Lat=50.779110  GS=501.9kts  (13258 samples)
[ 2870.6s] FPS=49.8  CPU=2.62ms  GPU=17.47ms  Lat=50.760689  GS=502.0kts  (13303 samples)
[ 2880.8s] FPS=28.3  CPU=22.89ms  GPU=12.46ms  Lat=50.742458  GS=502.3kts  (13348 samples)
[ 2891.0s] FPS=30.0  CPU=19.62ms  GPU=13.72ms  Lat=50.724411  GS=501.9kts  (13395 samples)
[ 2901.1s] FPS=29.7  CPU=20.34ms  GPU=13.37ms  Lat=50.706348  GS=502.0kts  (13442 samples)
[ 2911.3s] FPS=29.5  CPU=21.12ms  GPU=12.82ms  Lat=50.688282  GS=503.2kts  (13489 samples)
[ 2921.4s] FPS=29.4  CPU=20.41ms  GPU=13.61ms  Lat=50.670334  GS=503.0kts  (13535 samples)
[ 2931.6s] FPS=28.4  CPU=21.94ms  GPU=13.24ms  Lat=50.652367  GS=502.6kts  (13581 samples)
[ 2941.7s] FPS=29.8  CPU=20.97ms  GPU=12.54ms  Lat=50.634380  GS=502.4kts  (13627 samples)
[ 2951.8s] FPS=30.0  CPU=20.86ms  GPU=12.47ms  Lat=50.616306  GS=503.1kts  (13674 samples)
[ 2962.0s] FPS=29.7  CPU=20.25ms  GPU=13.43ms  Lat=50.598251  GS=503.4kts  (13721 samples)
[ 2972.1s] FPS=30.0  CPU=20.86ms  GPU=12.48ms  Lat=50.580257  GS=503.2kts  (13768 samples)
[ 2982.3s] FPS=29.7  CPU=19.79ms  GPU=13.89ms  Lat=50.562187  GS=503.3kts  (13815 samples)
[ 2992.3s] FPS=29.8  CPU=18.90ms  GPU=14.65ms  Lat=50.544296  GS=502.5kts  (13861 samples)
[ 3002.3s] FPS=30.1  CPU=19.28ms  GPU=13.90ms  Lat=50.526443  GS=502.0kts  (13907 samples)
[ 3012.4s] FPS=29.9  CPU=19.14ms  GPU=14.32ms  Lat=50.508656  GS=502.4kts  (13953 samples)
[ 3022.6s] FPS=29.1  CPU=20.42ms  GPU=13.91ms  Lat=50.490513  GS=502.8kts  (14000 samples)
[ 3032.8s] FPS=29.9  CPU=19.54ms  GPU=13.92ms  Lat=50.472462  GS=502.2kts  (14047 samples)
[ 3042.7s] FPS=29.7  CPU=19.35ms  GPU=14.29ms  Lat=50.454704  GS=502.6kts  (14093 samples)
[ 3052.8s] FPS=30.0  CPU=18.53ms  GPU=14.77ms  Lat=50.436874  GS=502.9kts  (14139 samples)
[ 3062.9s] FPS=29.9  CPU=19.18ms  GPU=14.21ms  Lat=50.419033  GS=502.2kts  (14186 samples)
[ 3073.0s] FPS=54.1  CPU=1.99ms  GPU=16.50ms  Lat=50.401478  GS=501.3kts  (14232 samples)
[ 3083.1s] FPS=29.1  CPU=20.20ms  GPU=14.19ms  Lat=50.383438  GS=501.0kts  (14277 samples)
[ 3093.1s] FPS=19.9  CPU=30.06ms  GPU=20.19ms  Lat=50.365795  GS=500.2kts  (14322 samples)
[ 3103.4s] FPS=21.2  CPU=28.00ms  GPU=19.16ms  Lat=50.347691  GS=499.5kts  (14367 samples)
[ 3113.6s] FPS=53.6  CPU=2.43ms  GPU=16.22ms  Lat=50.330746  GS=500.1kts  (14412 samples)
[ 3123.6s] FPS=28.3  CPU=20.97ms  GPU=14.40ms  Lat=50.314774  GS=500.5kts  (14458 samples)
[ 3133.8s] FPS=34.4  CPU=15.53ms  GPU=13.57ms  Lat=50.299854  GS=500.5kts  (14504 samples)
[ 3144.0s] FPS=29.1  CPU=21.21ms  GPU=13.21ms  Lat=50.286465  GS=500.3kts  (14551 samples)
[ 3154.0s] FPS=30.3  CPU=19.90ms  GPU=13.11ms  Lat=50.274456  GS=500.2kts  (14597 samples)
[ 3164.2s] FPS=30.0  CPU=19.35ms  GPU=14.02ms  Lat=50.263325  GS=499.8kts  (14644 samples)
[ 3174.2s] FPS=29.8  CPU=19.39ms  GPU=14.14ms  Lat=50.253521  GS=499.2kts  (14690 samples)
[ 3184.3s] FPS=21.0  CPU=33.45ms  GPU=14.08ms  Lat=50.244774  GS=498.5kts  (14736 samples)
[ 3194.3s] FPS=29.3  CPU=22.06ms  GPU=12.02ms  Lat=50.237091  GS=497.8kts  (14782 samples)
[ 3204.4s] FPS=28.6  CPU=21.06ms  GPU=13.95ms  Lat=50.229740  GS=498.0kts  (14829 samples)
[ 3214.5s] FPS=29.5  CPU=19.41ms  GPU=14.46ms  Lat=50.222553  GS=497.0kts  (14875 samples)
[ 3224.5s] FPS=29.9  CPU=19.70ms  GPU=13.70ms  Lat=50.215401  GS=496.2kts  (14920 samples)
[ 3234.7s] FPS=29.3  CPU=19.65ms  GPU=14.51ms  Lat=50.208252  GS=495.5kts  (14967 samples)
[ 3244.8s] FPS=29.1  CPU=19.96ms  GPU=14.45ms  Lat=50.201797  GS=495.1kts  (15014 samples)
[ 3254.9s] FPS=29.8  CPU=20.03ms  GPU=13.55ms  Lat=50.196213  GS=494.7kts  (15060 samples)
[ 3264.9s] FPS=29.8  CPU=19.43ms  GPU=14.16ms  Lat=50.191521  GS=493.1kts  (15106 samples)
[ 3275.1s] FPS=29.7  CPU=20.40ms  GPU=13.25ms  Lat=50.187733  GS=489.2kts  (15153 samples)
[ 3285.1s] FPS=29.4  CPU=19.55ms  GPU=14.43ms  Lat=50.184940  GS=485.4kts  (15199 samples)
[ 3295.2s] FPS=29.8  CPU=18.92ms  GPU=14.68ms  Lat=50.183079  GS=483.3kts  (15245 samples)
[ 3305.3s] FPS=29.6  CPU=18.93ms  GPU=14.88ms  Lat=50.182152  GS=483.9kts  (15292 samples)
[ 3315.5s] FPS=29.9  CPU=18.83ms  GPU=14.64ms  Lat=50.182152  GS=485.5kts  (15339 samples)
[ 3325.6s] FPS=29.4  CPU=19.97ms  GPU=13.99ms  Lat=50.182720  GS=487.0kts  (15386 samples)
[ 3335.6s] FPS=29.0  CPU=20.23ms  GPU=14.29ms  Lat=50.183483  GS=487.1kts  (15432 samples)
[ 3345.7s] FPS=30.0  CPU=19.25ms  GPU=14.09ms  Lat=50.184139  GS=486.2kts  (15478 samples)
[ 3355.7s] FPS=29.2  CPU=20.49ms  GPU=13.71ms  Lat=50.184715  GS=487.6kts  (15525 samples)
[ 3365.9s] FPS=29.2  CPU=19.80ms  GPU=14.42ms  Lat=50.185196  GS=488.2kts  (15572 samples)
[ 3375.9s] FPS=29.8  CPU=18.33ms  GPU=15.24ms  Lat=50.185616  GS=486.9kts  (15618 samples)
[ 3386.1s] FPS=30.0  CPU=18.62ms  GPU=14.75ms  Lat=50.185734  GS=488.6kts  (15665 samples)
[ 3396.3s] FPS=30.6  CPU=17.51ms  GPU=15.20ms  Lat=50.183392  GS=493.9kts  (15711 samples)
[ 3406.4s] FPS=21.1  CPU=30.07ms  GPU=17.31ms  Lat=50.178219  GS=496.7kts  (15755 samples)
[ 3416.5s] FPS=30.0  CPU=19.08ms  GPU=14.30ms  Lat=50.170345  GS=499.2kts  (15801 samples)
[ 3426.6s] FPS=30.3  CPU=18.70ms  GPU=14.32ms  Lat=50.160187  GS=505.6kts  (15847 samples)
[ 3436.6s] FPS=19.9  CPU=34.41ms  GPU=15.85ms  Lat=50.147560  GS=514.0kts  (15893 samples)
[ 3446.7s] FPS=28.8  CPU=22.19ms  GPU=12.50ms  Lat=50.132423  GS=519.5kts  (15938 samples)
[ 3456.7s] FPS=30.4  CPU=18.22ms  GPU=14.69ms  Lat=50.116257  GS=519.7kts  (15984 samples)
[ 3466.8s] FPS=29.6  CPU=18.67ms  GPU=15.07ms  Lat=50.099716  GS=518.8kts  (16029 samples)
[ 3477.0s] FPS=29.2  CPU=19.92ms  GPU=14.27ms  Lat=50.082916  GS=519.9kts  (16076 samples)
[ 3487.1s] FPS=30.3  CPU=17.64ms  GPU=15.41ms  Lat=50.066326  GS=523.9kts  (16122 samples)
[ 3497.2s] FPS=30.2  CPU=18.23ms  GPU=14.93ms  Lat=50.049465  GS=528.3kts  (16169 samples)
[ 3507.3s] FPS=30.5  CPU=17.24ms  GPU=15.53ms  Lat=50.032730  GS=532.2kts  (16215 samples)
[ 3517.3s] FPS=30.6  CPU=17.33ms  GPU=15.40ms  Lat=50.015881  GS=535.5kts  (16261 samples)
[ 3527.4s] FPS=29.6  CPU=18.16ms  GPU=15.63ms  Lat=49.999004  GS=537.5kts  (16307 samples)
[ 3537.5s] FPS=30.3  CPU=17.98ms  GPU=15.03ms  Lat=49.982117  GS=537.4kts  (16353 samples)
[ 3547.5s] FPS=30.2  CPU=17.22ms  GPU=15.84ms  Lat=49.965160  GS=539.4kts  (16399 samples)
[ 3557.6s] FPS=30.1  CPU=17.58ms  GPU=15.67ms  Lat=49.948261  GS=541.3kts  (16445 samples)
[ 3567.8s] FPS=29.8  CPU=18.21ms  GPU=15.40ms  Lat=49.931046  GS=543.5kts  (16492 samples)
[ 3578.0s] FPS=29.5  CPU=18.58ms  GPU=15.32ms  Lat=49.913700  GS=543.0kts  (16539 samples)
[ 3588.0s] FPS=29.7  CPU=19.22ms  GPU=14.39ms  Lat=49.896511  GS=548.4kts  (16585 samples)
[ 3598.1s] FPS=30.3  CPU=16.33ms  GPU=16.70ms  Lat=49.879124  GS=548.8kts  (16632 samples)
[ 3608.2s] FPS=30.2  CPU=17.48ms  GPU=15.65ms  Lat=49.861748  GS=549.1kts  (16679 samples)
[ 3618.3s] FPS=61.4  CPU=2.12ms  GPU=14.17ms  Lat=49.844330  GS=545.2kts  (16726 samples)
[ 3628.4s] FPS=24.8  CPU=23.20ms  GPU=17.16ms  Lat=49.827160  GS=536.6kts  (16772 samples)
[ 3638.5s] FPS=30.0  CPU=17.88ms  GPU=15.48ms  Lat=49.810154  GS=524.5kts  (16819 samples)
[ 3648.8s] FPS=28.2  CPU=20.24ms  GPU=15.25ms  Lat=49.793655  GS=508.1kts  (16866 samples)
[ 3658.8s] FPS=31.4  CPU=17.03ms  GPU=14.80ms  Lat=49.777954  GS=490.3kts  (16912 samples)
[ 3668.9s] FPS=30.2  CPU=17.73ms  GPU=15.34ms  Lat=49.762768  GS=471.8kts  (16959 samples)
[ 3679.1s] FPS=29.9  CPU=18.17ms  GPU=15.29ms  Lat=49.747967  GS=454.8kts  (17006 samples)
[ 3689.2s] FPS=30.6  CPU=17.04ms  GPU=15.69ms  Lat=49.733768  GS=439.4kts  (17053 samples)
[ 3699.3s] FPS=29.7  CPU=18.02ms  GPU=15.62ms  Lat=49.720001  GS=425.0kts  (17099 samples)
[ 3709.4s] FPS=29.4  CPU=18.64ms  GPU=15.39ms  Lat=49.706730  GS=412.1kts  (17146 samples)
[ 3719.4s] FPS=29.7  CPU=18.67ms  GPU=14.96ms  Lat=49.693943  GS=400.4kts  (17192 samples)
[ 3729.6s] FPS=29.2  CPU=18.24ms  GPU=16.06ms  Lat=49.681210  GS=389.8kts  (17239 samples)
[ 3739.9s] FPS=30.0  CPU=16.98ms  GPU=16.39ms  Lat=49.668884  GS=383.8kts  (17286 samples)
[ 3750.0s] FPS=47.9  CPU=5.58ms  GPU=15.29ms  Lat=49.656464  GS=389.6kts  (17332 samples)
[ 3760.1s] FPS=24.0  CPU=20.58ms  GPU=21.16ms  Lat=49.644356  GS=389.6kts  (17376 samples)
[ 3770.2s] FPS=28.7  CPU=18.17ms  GPU=16.67ms  Lat=49.634766  GS=390.2kts  (17420 samples)
[ 3780.3s] FPS=29.9  CPU=12.64ms  GPU=20.86ms  Lat=49.628830  GS=385.9kts  (17464 samples)
[ 3790.3s] FPS=30.3  CPU=16.83ms  GPU=16.15ms  Lat=49.625618  GS=384.5kts  (17508 samples)
[ 3800.4s] FPS=28.8  CPU=17.95ms  GPU=16.81ms  Lat=49.623226  GS=382.6kts  (17554 samples)
[ 3810.5s] FPS=28.5  CPU=17.38ms  GPU=17.64ms  Lat=49.621044  GS=380.1kts  (17600 samples)
[ 3820.7s] FPS=29.4  CPU=17.34ms  GPU=16.65ms  Lat=49.618805  GS=377.0kts  (17647 samples)
[ 3830.8s] FPS=30.0  CPU=15.36ms  GPU=18.00ms  Lat=49.616493  GS=373.8kts  (17693 samples)
[ 3840.8s] FPS=29.6  CPU=17.57ms  GPU=16.26ms  Lat=49.614090  GS=370.8kts  (17739 samples)
[ 3850.9s] FPS=27.7  CPU=20.01ms  GPU=16.04ms  Lat=49.611588  GS=367.8kts  (17786 samples)
[ 3861.0s] FPS=29.9  CPU=16.55ms  GPU=16.84ms  Lat=49.609077  GS=365.0kts  (17832 samples)
[ 3871.1s] FPS=29.6  CPU=17.54ms  GPU=16.30ms  Lat=49.606541  GS=363.1kts  (17878 samples)
[ 3881.3s] FPS=59.3  CPU=0.47ms  GPU=16.38ms  Lat=49.603981  GS=361.6kts  (17925 samples)
[ 3891.3s] FPS=29.1  CPU=17.65ms  GPU=16.73ms  Lat=49.601452  GS=359.6kts  (17971 samples)
[ 3901.4s] FPS=48.7  CPU=4.22ms  GPU=16.30ms  Lat=49.598934  GS=357.2kts  (18017 samples)
[ 3911.6s] FPS=29.5  CPU=16.21ms  GPU=17.63ms  Lat=49.596405  GS=354.6kts  (18064 samples)
[ 3921.7s] FPS=29.2  CPU=16.36ms  GPU=17.86ms  Lat=49.593891  GS=350.5kts  (18111 samples)
[ 3931.8s] FPS=30.5  CPU=14.91ms  GPU=17.87ms  Lat=49.591438  GS=345.6kts  (18158 samples)
[ 3941.9s] FPS=28.9  CPU=16.72ms  GPU=17.92ms  Lat=49.589031  GS=340.5kts  (18204 samples)
[ 3952.0s] FPS=29.5  CPU=15.71ms  GPU=18.14ms  Lat=49.586617  GS=338.0kts  (18251 samples)
[ 3962.2s] FPS=29.6  CPU=16.36ms  GPU=17.47ms  Lat=49.584217  GS=336.4kts  (18298 samples)
[ 3972.3s] FPS=30.3  CPU=14.90ms  GPU=18.09ms  Lat=49.581810  GS=334.3kts  (18346 samples)
[ 3982.5s] FPS=29.9  CPU=13.90ms  GPU=19.58ms  Lat=49.579418  GS=333.2kts  (18393 samples)
[ 3992.7s] FPS=30.0  CPU=14.64ms  GPU=18.65ms  Lat=49.577026  GS=331.7kts  (18440 samples)
[ 4002.7s] FPS=29.9  CPU=14.66ms  GPU=18.79ms  Lat=49.574684  GS=330.1kts  (18486 samples)
[ 4012.7s] FPS=31.8  CPU=12.42ms  GPU=19.03ms  Lat=49.572350  GS=328.4kts  (18532 samples)
[ 4023.0s] FPS=30.2  CPU=15.75ms  GPU=17.37ms  Lat=49.569984  GS=325.1kts  (18579 samples)
[ 4033.2s] FPS=30.5  CPU=15.87ms  GPU=16.89ms  Lat=49.567657  GS=321.6kts  (18626 samples)
[ 4043.3s] FPS=29.7  CPU=16.03ms  GPU=17.61ms  Lat=49.565372  GS=315.6kts  (18672 samples)
[ 4053.3s] FPS=29.4  CPU=17.44ms  GPU=16.53ms  Lat=49.563126  GS=313.1kts  (18718 samples)
[ 4063.3s] FPS=29.8  CPU=17.50ms  GPU=16.08ms  Lat=49.560902  GS=311.6kts  (18764 samples)
[ 4073.4s] FPS=30.0  CPU=15.80ms  GPU=17.51ms  Lat=49.558624  GS=309.8kts  (18810 samples)
[ 4083.6s] FPS=30.8  CPU=15.84ms  GPU=16.59ms  Lat=49.554604  GS=307.2kts  (18857 samples)
[ 4093.7s] FPS=30.0  CPU=17.56ms  GPU=15.72ms  Lat=49.546520  GS=298.2kts  (18904 samples)
[ 4103.8s] FPS=30.2  CPU=15.92ms  GPU=17.16ms  Lat=49.535397  GS=285.3kts  (18950 samples)
[ 4113.8s] FPS=29.4  CPU=17.68ms  GPU=16.37ms  Lat=49.522884  GS=270.1kts  (18996 samples)
[ 4123.8s] FPS=30.7  CPU=15.26ms  GPU=17.32ms  Lat=49.510960  GS=253.1kts  (19042 samples)
[ 4134.0s] FPS=53.6  CPU=0.54ms  GPU=18.10ms  Lat=49.500469  GS=240.8kts  (19089 samples)
[ 4144.0s] FPS=30.2  CPU=15.39ms  GPU=17.70ms  Lat=49.491905  GS=227.7kts  (19135 samples)
[ 4154.1s] FPS=30.3  CPU=14.73ms  GPU=18.24ms  Lat=49.485249  GS=218.8kts  (19181 samples)
[ 4164.2s] FPS=29.2  CPU=16.07ms  GPU=18.12ms  Lat=49.480595  GS=208.3kts  (19227 samples)
[ 4174.4s] FPS=29.7  CPU=13.43ms  GPU=20.22ms  Lat=49.477215  GS=204.1kts  (19274 samples)
[ 4184.4s] FPS=30.5  CPU=12.36ms  GPU=20.48ms  Lat=49.474083  GS=199.3kts  (19320 samples)
[ 4194.5s] FPS=29.6  CPU=14.19ms  GPU=19.60ms  Lat=49.470982  GS=194.7kts  (19366 samples)
[ 4204.6s] FPS=29.7  CPU=13.70ms  GPU=19.96ms  Lat=49.468693  GS=190.4kts  (19412 samples)
[ 4214.7s] FPS=29.8  CPU=13.33ms  GPU=20.18ms  Lat=49.467133  GS=186.7kts  (19459 samples)
[ 4224.8s] FPS=30.1  CPU=13.57ms  GPU=19.62ms  Lat=49.466599  GS=183.4kts  (19506 samples)
[ 4235.0s] FPS=29.1  CPU=15.25ms  GPU=19.09ms  Lat=49.466904  GS=180.5kts  (19553 samples)
[ 4245.1s] FPS=30.0  CPU=14.45ms  GPU=18.88ms  Lat=49.467930  GS=178.0kts  (19600 samples)
[ 4255.3s] FPS=29.9  CPU=14.77ms  GPU=18.63ms  Lat=49.469288  GS=175.7kts  (19647 samples)
[ 4265.4s] FPS=29.8  CPU=15.08ms  GPU=18.48ms  Lat=49.470654  GS=171.8kts  (19694 samples)
[ 4275.5s] FPS=28.9  CPU=15.54ms  GPU=19.02ms  Lat=49.471928  GS=163.4kts  (19741 samples)
[ 4285.6s] FPS=29.6  CPU=14.30ms  GPU=19.44ms  Lat=49.473114  GS=159.6kts  (19788 samples)
[ 4295.8s] FPS=29.8  CPU=14.42ms  GPU=19.13ms  Lat=49.474239  GS=155.8kts  (19835 samples)
[ 4306.0s] FPS=31.1  CPU=12.35ms  GPU=19.77ms  Lat=49.475311  GS=152.4kts  (19882 samples)
[ 4316.2s] FPS=30.0  CPU=14.68ms  GPU=18.66ms  Lat=49.476341  GS=148.6kts  (19929 samples)
[ 4326.4s] FPS=29.8  CPU=14.02ms  GPU=19.59ms  Lat=49.477341  GS=145.1kts  (19976 samples)
[ 4336.5s] FPS=30.1  CPU=14.36ms  GPU=18.89ms  Lat=49.478306  GS=141.7kts  (20023 samples)
[ 4346.6s] FPS=30.0  CPU=14.41ms  GPU=18.93ms  Lat=49.479237  GS=137.8kts  (20069 samples)
[ 4356.7s] FPS=29.8  CPU=13.42ms  GPU=20.15ms  Lat=49.480152  GS=134.3kts  (20115 samples)
[ 4366.8s] FPS=29.6  CPU=11.75ms  GPU=22.08ms  Lat=49.481049  GS=133.4kts  (20161 samples)
[ 4377.0s] FPS=29.1  CPU=11.43ms  GPU=22.93ms  Lat=49.481956  GS=133.6kts  (20208 samples)
[ 4387.0s] FPS=29.8  CPU=11.57ms  GPU=21.96ms  Lat=49.482861  GS=133.9kts  (20254 samples)
[ 4397.0s] FPS=29.9  CPU=13.77ms  GPU=19.63ms  Lat=49.483749  GS=132.9kts  (20300 samples)
[ 4407.2s] FPS=38.8  CPU=5.51ms  GPU=20.28ms  Lat=49.484657  GS=132.2kts  (20347 samples)
[ 4417.2s] FPS=37.1  CPU=4.20ms  GPU=22.73ms  Lat=49.485554  GS=131.9kts  (20393 samples)
[ 4427.3s] FPS=29.3  CPU=12.54ms  GPU=21.64ms  Lat=49.486443  GS=131.4kts  (20439 samples)
[ 4437.4s] FPS=30.7  CPU=11.14ms  GPU=21.45ms  Lat=49.487347  GS=131.5kts  (20485 samples)
[ 4447.6s] FPS=30.3  CPU=11.98ms  GPU=21.07ms  Lat=49.488247  GS=130.6kts  (20532 samples)
[ 4457.7s] FPS=29.9  CPU=12.68ms  GPU=20.79ms  Lat=49.489140  GS=130.2kts  (20579 samples)
[ 4467.7s] FPS=29.8  CPU=12.87ms  GPU=20.71ms  Lat=49.490044  GS=129.6kts  (20625 samples)
[ 4477.9s] FPS=29.0  CPU=13.55ms  GPU=20.96ms  Lat=49.490940  GS=129.4kts  (20672 samples)
[ 4488.0s] FPS=34.8  CPU=7.61ms  GPU=21.11ms  Lat=49.491833  GS=130.2kts  (20718 samples)
[ 4498.1s] FPS=25.4  CPU=17.83ms  GPU=21.51ms  Lat=49.492748  GS=130.4kts  (20765 samples)
[ 4508.3s] FPS=30.5  CPU=10.60ms  GPU=22.16ms  Lat=49.493668  GS=131.5kts  (20812 samples)
[ 4518.4s] FPS=29.8  CPU=12.26ms  GPU=21.27ms  Lat=49.494572  GS=129.1kts  (20858 samples)
[ 4528.4s] FPS=30.0  CPU=11.06ms  GPU=22.23ms  Lat=49.495468  GS=127.3kts  (20904 samples)
[ 4538.5s] FPS=28.9  CPU=13.80ms  GPU=20.78ms  Lat=49.496311  GS=128.7kts  (20951 samples)
[ 4548.7s] FPS=29.9  CPU=11.48ms  GPU=22.00ms  Lat=49.497280  GS=125.6kts  (20998 samples)
[ 4558.9s] FPS=29.4  CPU=11.06ms  GPU=22.92ms  Lat=49.498112  GS=96.9kts  (21044 samples)
[ 4569.1s] FPS=29.7  CPU=10.68ms  GPU=22.98ms  Lat=49.498653  GS=63.5kts  (21091 samples)
[ 4579.3s] FPS=29.4  CPU=10.91ms  GPU=23.06ms  Lat=49.499058  GS=49.9kts  (21137 samples)
[ 4589.4s] FPS=29.4  CPU=11.61ms  GPU=22.43ms  Lat=49.499393  GS=27.8kts  (21183 samples)
[ 4599.5s] FPS=31.0  CPU=7.44ms  GPU=24.82ms  Lat=49.499187  GS=16.4kts  (21229 samples)
[ 4609.7s] FPS=32.0  CPU=6.54ms  GPU=24.73ms  Lat=49.498463  GS=11.9kts  (21275 samples)
[ 4619.9s] FPS=30.5  CPU=8.63ms  GPU=24.17ms  Lat=49.498276  GS=0.0kts  (21323 samples)
[ 4630.1s] FPS=27.3  CPU=13.21ms  GPU=23.43ms  Lat=49.498241  GS=3.9kts  (21371 samples)
[ 4640.1s] FPS=31.1  CPU=7.65ms  GPU=24.46ms  Lat=49.497948  GS=7.2kts  (21418 samples)
[ 4650.2s] FPS=28.9  CPU=8.71ms  GPU=25.87ms  Lat=49.497627  GS=8.2kts  (21463 samples)
[ 4660.2s] FPS=29.7  CPU=7.79ms  GPU=25.82ms  Lat=49.497429  GS=7.8kts  (21509 samples)
[ 4670.3s] FPS=29.9  CPU=9.35ms  GPU=24.12ms  Lat=49.497337  GS=7.9kts  (21555 samples)
[ 4680.4s] FPS=30.0  CPU=8.26ms  GPU=25.09ms  Lat=49.497017  GS=9.3kts  (21601 samples)
[ 4690.6s] FPS=29.8  CPU=8.67ms  GPU=24.88ms  Lat=49.496563  GS=9.8kts  (21647 samples)
[ 4700.7s] FPS=29.6  CPU=8.82ms  GPU=24.91ms  Lat=49.496334  GS=10.2kts  (21693 samples)
[ 4710.9s] FPS=32.4  CPU=5.57ms  GPU=25.35ms  Lat=49.496269  GS=11.0kts  (21740 samples)
[ 4721.1s] FPS=34.3  CPU=8.26ms  GPU=20.89ms  Lat=49.496204  GS=11.9kts  (21787 samples)
[ 4731.2s] FPS=30.3  CPU=7.95ms  GPU=25.00ms  Lat=49.496128  GS=12.5kts  (21834 samples)
[ 4741.3s] FPS=30.5  CPU=6.90ms  GPU=25.88ms  Lat=49.495914  GS=8.7kts  (21880 samples)
[ 4751.5s] FPS=29.2  CPU=8.96ms  GPU=25.28ms  Lat=49.495552  GS=5.9kts  (21927 samples)
[ 4761.6s] FPS=30.3  CPU=9.40ms  GPU=23.63ms  Lat=49.495434  GS=2.9kts  (21973 samples)
[ 4771.8s] FPS=29.4  CPU=9.39ms  GPU=24.65ms  Lat=49.495392  GS=0.0kts  (22020 samples)
[ 4781.9s] FPS=29.1  CPU=9.94ms  GPU=24.45ms  Lat=49.495392  GS=0.0kts  (22066 samples)
[ 4792.0s] FPS=30.1  CPU=8.66ms  GPU=24.54ms  Lat=49.495392  GS=0.0kts  (22113 samples)
[ 4802.1s] FPS=30.1  CPU=7.50ms  GPU=25.69ms  Lat=49.495392  GS=0.0kts  (22159 samples)
[ 4812.1s] FPS=29.2  CPU=7.98ms  GPU=26.28ms  Lat=49.495392  GS=0.0kts  (22206 samples)
[ 4822.2s] FPS=34.9  CPU=5.52ms  GPU=23.13ms  Lat=49.495392  GS=0.0kts  (22252 samples)
[ 4832.4s] FPS=30.0  CPU=9.63ms  GPU=23.71ms  Lat=49.495392  GS=0.0kts  (22293 samples)
[ 4842.5s] FPS=29.1  CPU=10.87ms  GPU=23.45ms  Lat=49.495392  GS=0.0kts  (22339 samples)
[ 4852.7s] FPS=30.7  CPU=8.32ms  GPU=24.22ms  Lat=49.495392  GS=0.0kts  (22385 samples)
[ 4862.8s] FPS=30.7  CPU=8.47ms  GPU=24.16ms  Lat=49.495392  GS=0.0kts  (22432 samples)
[ 4872.9s] FPS=30.2  CPU=9.59ms  GPU=23.51ms  Lat=49.495392  GS=0.0kts  (22478 samples)
[ 4883.0s] FPS=29.7  CPU=9.64ms  GPU=24.05ms  Lat=49.495392  GS=0.0kts  (22524 samples)
[ 4893.2s] FPS=29.5  CPU=10.51ms  GPU=23.40ms  Lat=49.495392  GS=0.0kts  (22570 samples)
[ 4903.4s] FPS=29.7  CPU=10.43ms  GPU=23.22ms  Lat=49.495392  GS=0.0kts  (22617 samples)
[ 4913.6s] FPS=30.6  CPU=8.74ms  GPU=23.94ms  Lat=49.495392  GS=0.0kts  (22664 samples)
[ 4923.6s] FPS=29.7  CPU=10.15ms  GPU=23.56ms  Lat=49.495392  GS=0.0kts  (22710 samples)
[ 4933.7s] FPS=29.4  CPU=10.77ms  GPU=23.24ms  Lat=49.495392  GS=0.0kts  (22756 samples)
[ 4943.7s] FPS=30.0  CPU=9.65ms  GPU=23.71ms  Lat=49.495392  GS=0.0kts  (22802 samples)
[ 4953.7s] FPS=30.2  CPU=9.35ms  GPU=23.79ms  Lat=49.495392  GS=0.0kts  (22848 samples)

Done. 22850 samples in 4954.5s (4.6 Hz) → monitoring/run_AA/xplane_telemetry.csv
