Subscribing to 13 datarefs at 5 Hz...
  [ 0] frame_time_s              = sim/operation/misc/frame_rate_period
  [ 1] gpu_time_s                = sim/time/gpu_time_per_frame_sec_approx
  [ 2] framerate_period_s        = sim/time/framerate_period
  [ 3] lat                       = sim/flightmodel/position/latitude
  [ 4] lon                       = sim/flightmodel/position/longitude
  [ 5] elev_m                    = sim/flightmodel/position/elevation
  [ 6] agl_m                     = sim/flightmodel/position/y_agl
  [ 7] gs_ms                     = sim/flightmodel/position/groundspeed
  [ 8] ias_ms                    = sim/flightmodel/position/indicated_airspeed
  [ 9] tas_ms                    = sim/flightmodel/position/true_airspeed
  [10] sim_time_s                = sim/time/total_running_time_sec
  [11] paused                    = sim/time/paused
  [12] sim_speed                 = sim/time/sim_speed
  No response (attempt 1), retrying in 2s...
  No response (attempt 2), retrying in 2s...
  No response (attempt 3), retrying in 2s...
  No response (attempt 4), retrying in 3s...
  No response (attempt 5), retrying in 4s...
  No response (attempt 6), retrying in 4s...
  No response (attempt 7), retrying in 4s...
  No response (attempt 8), retrying in 5s...
  No response (attempt 9), retrying in 5s...
  No response (attempt 10), retrying in 5s...
  No response (attempt 11), retrying in 5s...
  No response (attempt 12), retrying in 5s...
  No response (attempt 13), retrying in 5s...
  No response (attempt 14), retrying in 5s...
  No response (attempt 15), retrying in 5s...
  No response (attempt 16), retrying in 5s...
  No response (attempt 17), retrying in 5s...
  No response (attempt 18), retrying in 5s...
  No response (attempt 19), retrying in 5s...
  No response (attempt 20), retrying in 5s...
  No response (attempt 21), retrying in 5s...
  No response (attempt 22), retrying in 5s...
  No response (attempt 23), retrying in 5s...
  No response (attempt 24), retrying in 5s...
  No response (attempt 25), retrying in 5s...
  No response (attempt 26), retrying in 5s...
  No response (attempt 27), retrying in 5s...
  No response (attempt 28), retrying in 5s...
  No response (attempt 29), retrying in 5s...
  No response (attempt 30), retrying in 5s...
  No response (attempt 31), retrying in 5s...
  No response (attempt 32), retrying in 5s...
  No response (attempt 33), retrying in 5s...
  No response (attempt 34), retrying in 5s...
  No response (attempt 35), retrying in 5s...
  No response (attempt 36), retrying in 5s...
  No response (attempt 37), retrying in 5s...
  No response (attempt 38), retrying in 5s...
Connected — receiving data from X-Plane (attempt 39)

Recording at 5 Hz to monitoring/run_AD/xplane_telemetry.csv
Max duration: 9000s. Press Ctrl+C to stop.

[    3.0s] FPS=19.9  CPU=0.00ms  GPU=1239.92ms  Lat=43.628674  GS=0.8kts  (1 samples)
[   12.9s] FPS=29.2  CPU=13.69ms  GPU=20.62ms  Lat=43.628674  GS=0.0kts  (43 samples)
[   22.9s] FPS=30.4  CPU=12.52ms  GPU=20.32ms  Lat=43.628674  GS=0.0kts  (88 samples)
[   33.1s] FPS=34.5  CPU=9.07ms  GPU=19.90ms  Lat=43.628674  GS=0.0kts  (134 samples)
[   43.2s] FPS=29.2  CPU=13.09ms  GPU=21.17ms  Lat=43.628674  GS=0.0kts  (179 samples)
[   53.4s] FPS=30.1  CPU=12.05ms  GPU=21.12ms  Lat=43.628674  GS=0.0kts  (225 samples)
[   63.5s] FPS=27.8  CPU=14.82ms  GPU=21.13ms  Lat=43.628674  GS=0.0kts  (271 samples)
[   73.5s] FPS=29.3  CPU=12.89ms  GPU=21.20ms  Lat=43.628674  GS=0.0kts  (316 samples)
[   83.5s] FPS=29.1  CPU=13.72ms  GPU=20.63ms  Lat=43.628674  GS=0.0kts  (361 samples)
[   93.6s] FPS=29.5  CPU=12.47ms  GPU=21.48ms  Lat=43.628674  GS=0.0kts  (407 samples)
[  103.7s] FPS=29.5  CPU=12.56ms  GPU=21.33ms  Lat=43.628674  GS=0.0kts  (453 samples)
[  113.7s] FPS=30.3  CPU=11.70ms  GPU=21.25ms  Lat=43.628674  GS=0.0kts  (498 samples)
[  123.9s] FPS=30.2  CPU=12.68ms  GPU=20.47ms  Lat=43.628674  GS=0.0kts  (544 samples)
[  134.0s] FPS=28.6  CPU=13.95ms  GPU=21.06ms  Lat=43.628674  GS=0.0kts  (591 samples)
[  144.2s] FPS=30.6  CPU=11.35ms  GPU=21.34ms  Lat=43.628674  GS=0.0kts  (637 samples)
[  154.2s] FPS=29.8  CPU=12.43ms  GPU=21.18ms  Lat=43.628674  GS=0.0kts  (683 samples)
[  164.4s] FPS=29.9  CPU=12.01ms  GPU=21.43ms  Lat=43.628674  GS=0.0kts  (730 samples)
[  174.6s] FPS=30.5  CPU=10.04ms  GPU=22.76ms  Lat=43.628674  GS=0.0kts  (777 samples)
[  184.7s] FPS=49.1  CPU=2.60ms  GPU=17.77ms  Lat=43.628674  GS=0.0kts  (823 samples)
[  194.7s] FPS=0.0  CPU=0.00ms  GPU=22.81ms  Lat=43.628674  GS=0.0kts  (869 samples)
  3 consecutive timeouts
Re-subscribing (X-Plane may have restarted)...
Subscribing to 13 datarefs at 5 Hz...
  [ 0] frame_time_s              = sim/operation/misc/frame_rate_period
  [ 1] gpu_time_s                = sim/time/gpu_time_per_frame_sec_approx
  [ 2] framerate_period_s        = sim/time/framerate_period
  [ 3] lat                       = sim/flightmodel/position/latitude
  [ 4] lon                       = sim/flightmodel/position/longitude
  [ 5] elev_m                    = sim/flightmodel/position/elevation
  [ 6] agl_m                     = sim/flightmodel/position/y_agl
  [ 7] gs_ms                     = sim/flightmodel/position/groundspeed
  [ 8] ias_ms                    = sim/flightmodel/position/indicated_airspeed
  [ 9] tas_ms                    = sim/flightmodel/position/true_airspeed
  [10] sim_time_s                = sim/time/total_running_time_sec
  [11] paused                    = sim/time/paused
  [12] sim_speed                 = sim/time/sim_speed
Connected — receiving data from X-Plane
[  211.3s] FPS=49.2  CPU=20.23ms  GPU=0.09ms  Lat=43.628777  GS=0.7kts  (898 samples)
[  221.3s] FPS=29.8  CPU=11.20ms  GPU=22.41ms  Lat=43.628780  GS=0.0kts  (944 samples)
[  231.3s] FPS=29.7  CPU=12.48ms  GPU=21.22ms  Lat=43.628780  GS=0.0kts  (989 samples)
[  241.4s] FPS=30.2  CPU=13.98ms  GPU=19.17ms  Lat=43.628780  GS=0.0kts  (1035 samples)
[  251.5s] FPS=29.6  CPU=12.42ms  GPU=21.36ms  Lat=43.628780  GS=0.0kts  (1081 samples)
[  261.6s] FPS=30.1  CPU=12.80ms  GPU=20.42ms  Lat=43.628780  GS=0.0kts  (1127 samples)
[  271.8s] FPS=29.2  CPU=13.79ms  GPU=20.51ms  Lat=43.628780  GS=0.0kts  (1173 samples)
[  281.9s] FPS=29.4  CPU=12.75ms  GPU=21.27ms  Lat=43.628780  GS=0.0kts  (1219 samples)
[  292.1s] FPS=43.7  CPU=0.00ms  GPU=22.92ms  Lat=43.628780  GS=0.0kts  (1266 samples)
[  302.3s] FPS=30.3  CPU=11.82ms  GPU=21.22ms  Lat=43.628780  GS=0.0kts  (1313 samples)
[  312.3s] FPS=30.0  CPU=13.14ms  GPU=20.21ms  Lat=43.628780  GS=0.0kts  (1359 samples)
[  322.4s] FPS=28.8  CPU=13.66ms  GPU=21.10ms  Lat=43.628780  GS=0.0kts  (1401 samples)
[  332.5s] FPS=30.3  CPU=11.78ms  GPU=21.20ms  Lat=43.628780  GS=0.0kts  (1447 samples)
[  342.7s] FPS=30.1  CPU=15.11ms  GPU=18.07ms  Lat=43.628780  GS=0.0kts  (1494 samples)
[  352.7s] FPS=30.6  CPU=11.97ms  GPU=20.71ms  Lat=43.628780  GS=0.0kts  (1540 samples)
[  362.9s] FPS=29.7  CPU=12.48ms  GPU=21.19ms  Lat=43.628780  GS=0.0kts  (1586 samples)
[  373.0s] FPS=29.5  CPU=20.55ms  GPU=13.34ms  Lat=43.628780  GS=0.0kts  (1633 samples)
[  383.2s] FPS=50.3  CPU=4.39ms  GPU=15.50ms  Lat=43.628780  GS=0.0kts  (1680 samples)
[  393.3s] FPS=31.4  CPU=10.24ms  GPU=21.60ms  Lat=43.628780  GS=0.0kts  (1727 samples)
[  403.4s] FPS=30.2  CPU=10.44ms  GPU=22.62ms  Lat=43.628780  GS=0.0kts  (1774 samples)
[  413.5s] FPS=29.4  CPU=9.80ms  GPU=24.24ms  Lat=43.628780  GS=0.0kts  (1820 samples)
[  423.5s] FPS=19.9  CPU=28.65ms  GPU=21.60ms  Lat=43.628780  GS=0.0kts  (1866 samples)
[  433.7s] FPS=30.3  CPU=10.99ms  GPU=22.04ms  Lat=43.628780  GS=0.0kts  (1912 samples)
[  443.9s] FPS=29.3  CPU=11.88ms  GPU=22.22ms  Lat=43.628780  GS=0.0kts  (1958 samples)
[  454.0s] FPS=30.4  CPU=11.17ms  GPU=21.78ms  Lat=43.628780  GS=0.0kts  (2004 samples)
[  464.2s] FPS=30.3  CPU=11.35ms  GPU=21.70ms  Lat=43.628780  GS=0.0kts  (2050 samples)
[  474.2s] FPS=29.8  CPU=11.21ms  GPU=22.36ms  Lat=43.628780  GS=0.0kts  (2096 samples)
[  484.3s] FPS=29.8  CPU=4.76ms  GPU=28.76ms  Lat=43.628780  GS=0.0kts  (2141 samples)
[  494.4s] FPS=30.3  CPU=10.37ms  GPU=22.60ms  Lat=43.628780  GS=0.0kts  (2187 samples)
[  504.6s] FPS=30.4  CPU=11.56ms  GPU=21.31ms  Lat=43.628780  GS=0.0kts  (2233 samples)
[  514.8s] FPS=30.2  CPU=10.93ms  GPU=22.21ms  Lat=43.628780  GS=0.0kts  (2279 samples)
[  524.8s] FPS=30.0  CPU=11.38ms  GPU=21.99ms  Lat=43.628780  GS=0.0kts  (2324 samples)
[  534.9s] FPS=29.3  CPU=11.11ms  GPU=22.98ms  Lat=43.628780  GS=0.0kts  (2370 samples)
[  545.1s] FPS=29.9  CPU=11.30ms  GPU=22.15ms  Lat=43.628780  GS=0.0kts  (2416 samples)
[  555.1s] FPS=30.5  CPU=10.78ms  GPU=22.06ms  Lat=43.628780  GS=0.0kts  (2461 samples)
[  565.1s] FPS=29.8  CPU=11.19ms  GPU=22.33ms  Lat=43.628780  GS=0.0kts  (2506 samples)
[  575.3s] FPS=30.1  CPU=11.74ms  GPU=21.53ms  Lat=43.628780  GS=0.0kts  (2553 samples)
[  585.5s] FPS=29.4  CPU=11.96ms  GPU=22.02ms  Lat=43.628780  GS=0.0kts  (2599 samples)
[  595.6s] FPS=30.0  CPU=12.02ms  GPU=21.35ms  Lat=43.628780  GS=0.0kts  (2644 samples)
[  605.7s] FPS=29.8  CPU=12.35ms  GPU=21.17ms  Lat=43.628780  GS=0.0kts  (2690 samples)
[  615.8s] FPS=29.8  CPU=12.47ms  GPU=21.11ms  Lat=43.628780  GS=0.0kts  (2736 samples)
[  626.0s] FPS=30.2  CPU=11.21ms  GPU=21.86ms  Lat=43.628780  GS=0.0kts  (2782 samples)
[  636.2s] FPS=29.7  CPU=12.38ms  GPU=21.26ms  Lat=43.628780  GS=0.0kts  (2828 samples)
[  646.3s] FPS=29.6  CPU=12.36ms  GPU=21.40ms  Lat=43.628780  GS=0.0kts  (2874 samples)
[  656.4s] FPS=29.7  CPU=11.62ms  GPU=22.07ms  Lat=43.628780  GS=0.0kts  (2919 samples)
[  666.6s] FPS=29.1  CPU=12.81ms  GPU=21.58ms  Lat=43.628780  GS=0.0kts  (2966 samples)
[  676.8s] FPS=36.6  CPU=5.68ms  GPU=21.63ms  Lat=43.628780  GS=0.0kts  (3012 samples)
[  686.8s] FPS=29.5  CPU=11.77ms  GPU=22.11ms  Lat=43.628780  GS=0.0kts  (3058 samples)
[  696.8s] FPS=29.6  CPU=12.17ms  GPU=21.58ms  Lat=43.628780  GS=0.0kts  (3104 samples)
[  706.9s] FPS=29.6  CPU=11.94ms  GPU=21.83ms  Lat=43.628780  GS=0.0kts  (3149 samples)
[  717.1s] FPS=30.1  CPU=11.50ms  GPU=21.69ms  Lat=43.628780  GS=0.0kts  (3195 samples)
[  727.3s] FPS=29.8  CPU=11.25ms  GPU=22.30ms  Lat=43.628780  GS=0.0kts  (3241 samples)
[  737.4s] FPS=30.0  CPU=10.89ms  GPU=22.45ms  Lat=43.628780  GS=0.0kts  (3286 samples)
[  747.4s] FPS=29.8  CPU=11.55ms  GPU=22.03ms  Lat=43.628780  GS=0.0kts  (3331 samples)
[  757.4s] FPS=30.0  CPU=11.03ms  GPU=22.34ms  Lat=43.628780  GS=0.0kts  (3376 samples)
[  767.6s] FPS=30.2  CPU=11.48ms  GPU=21.59ms  Lat=43.628780  GS=0.0kts  (3422 samples)
[  777.6s] FPS=29.9  CPU=11.81ms  GPU=21.65ms  Lat=43.628780  GS=0.0kts  (3468 samples)
[  787.7s] FPS=29.6  CPU=12.42ms  GPU=21.38ms  Lat=43.628780  GS=0.0kts  (3514 samples)
[  797.8s] FPS=29.7  CPU=11.72ms  GPU=21.96ms  Lat=43.628780  GS=0.0kts  (3559 samples)
[  807.9s] FPS=29.8  CPU=11.63ms  GPU=21.98ms  Lat=43.628780  GS=0.0kts  (3605 samples)
[  818.1s] FPS=30.2  CPU=11.47ms  GPU=21.69ms  Lat=43.628780  GS=0.0kts  (3652 samples)
[  828.3s] FPS=29.7  CPU=12.12ms  GPU=21.57ms  Lat=43.628780  GS=0.0kts  (3698 samples)
[  838.4s] FPS=29.3  CPU=13.07ms  GPU=21.00ms  Lat=43.628780  GS=0.0kts  (3744 samples)
[  848.5s] FPS=30.1  CPU=11.50ms  GPU=21.76ms  Lat=43.628780  GS=0.0kts  (3790 samples)
[  858.5s] FPS=29.9  CPU=12.51ms  GPU=20.92ms  Lat=43.628780  GS=0.0kts  (3836 samples)
[  868.7s] FPS=29.5  CPU=12.41ms  GPU=21.45ms  Lat=43.628780  GS=0.0kts  (3882 samples)
[  878.8s] FPS=29.4  CPU=12.09ms  GPU=21.95ms  Lat=43.628780  GS=0.0kts  (3928 samples)
[  888.9s] FPS=29.6  CPU=12.76ms  GPU=21.07ms  Lat=43.628780  GS=0.0kts  (3974 samples)
[  899.0s] FPS=30.1  CPU=11.23ms  GPU=21.94ms  Lat=43.628780  GS=0.0kts  (4020 samples)
[  909.1s] FPS=30.4  CPU=11.56ms  GPU=21.33ms  Lat=43.628780  GS=0.0kts  (4066 samples)
[  919.1s] FPS=29.6  CPU=12.65ms  GPU=21.16ms  Lat=43.628780  GS=0.0kts  (4112 samples)
[  929.3s] FPS=29.8  CPU=11.61ms  GPU=21.92ms  Lat=43.628780  GS=0.0kts  (4158 samples)
[  939.5s] FPS=28.9  CPU=13.22ms  GPU=21.36ms  Lat=43.628780  GS=0.0kts  (4204 samples)
[  949.6s] FPS=29.7  CPU=11.57ms  GPU=22.12ms  Lat=43.628780  GS=0.0kts  (4250 samples)
[  959.7s] FPS=29.8  CPU=11.71ms  GPU=21.80ms  Lat=43.628780  GS=0.0kts  (4295 samples)
[  969.9s] FPS=30.1  CPU=12.34ms  GPU=20.86ms  Lat=43.628780  GS=0.0kts  (4340 samples)
[  980.1s] FPS=30.6  CPU=11.72ms  GPU=21.00ms  Lat=43.628780  GS=0.0kts  (4386 samples)
[  990.3s] FPS=29.5  CPU=11.66ms  GPU=22.25ms  Lat=43.628780  GS=0.0kts  (4432 samples)
[ 1000.4s] FPS=29.3  CPU=12.26ms  GPU=21.90ms  Lat=43.628780  GS=0.0kts  (4479 samples)
[ 1010.6s] FPS=29.9  CPU=12.06ms  GPU=21.36ms  Lat=43.628780  GS=0.0kts  (4525 samples)
[ 1020.7s] FPS=29.8  CPU=11.47ms  GPU=22.09ms  Lat=43.628780  GS=0.0kts  (4571 samples)
[ 1030.8s] FPS=29.3  CPU=12.72ms  GPU=21.35ms  Lat=43.628780  GS=0.0kts  (4617 samples)
[ 1041.0s] FPS=30.5  CPU=10.68ms  GPU=22.14ms  Lat=43.628780  GS=0.0kts  (4664 samples)
[ 1051.2s] FPS=29.5  CPU=11.63ms  GPU=22.25ms  Lat=43.628780  GS=0.0kts  (4709 samples)
[ 1061.5s] FPS=30.2  CPU=11.05ms  GPU=22.03ms  Lat=43.628780  GS=0.0kts  (4756 samples)
[ 1071.6s] FPS=29.1  CPU=12.38ms  GPU=21.98ms  Lat=43.628780  GS=0.0kts  (4802 samples)
[ 1081.7s] FPS=29.5  CPU=11.66ms  GPU=22.28ms  Lat=43.628780  GS=0.0kts  (4848 samples)
[ 1091.7s] FPS=29.9  CPU=12.06ms  GPU=21.36ms  Lat=43.628780  GS=0.0kts  (4894 samples)
[ 1101.8s] FPS=30.0  CPU=11.92ms  GPU=21.42ms  Lat=43.628780  GS=0.0kts  (4939 samples)
[ 1111.9s] FPS=29.6  CPU=12.55ms  GPU=21.25ms  Lat=43.628780  GS=0.0kts  (4985 samples)
[ 1122.1s] FPS=29.7  CPU=11.82ms  GPU=21.91ms  Lat=43.628780  GS=0.0kts  (5031 samples)
[ 1132.3s] FPS=29.5  CPU=12.65ms  GPU=21.20ms  Lat=43.628780  GS=0.0kts  (5078 samples)
[ 1142.4s] FPS=29.2  CPU=12.89ms  GPU=21.34ms  Lat=43.628780  GS=0.0kts  (5124 samples)
[ 1152.6s] FPS=29.6  CPU=11.73ms  GPU=22.09ms  Lat=43.628780  GS=0.0kts  (5171 samples)
[ 1162.7s] FPS=30.2  CPU=11.70ms  GPU=21.44ms  Lat=43.628780  GS=0.0kts  (5217 samples)
[ 1172.9s] FPS=30.0  CPU=12.18ms  GPU=21.18ms  Lat=43.628780  GS=0.0kts  (5263 samples)
[ 1183.0s] FPS=29.5  CPU=11.75ms  GPU=22.15ms  Lat=43.628780  GS=0.0kts  (5309 samples)
[ 1193.1s] FPS=29.9  CPU=9.52ms  GPU=23.93ms  Lat=43.628780  GS=0.0kts  (5355 samples)
[ 1203.2s] FPS=40.2  CPU=3.75ms  GPU=21.14ms  Lat=43.628780  GS=0.0kts  (5402 samples)
[ 1213.3s] FPS=39.4  CPU=4.80ms  GPU=20.57ms  Lat=43.628780  GS=0.0kts  (5448 samples)
[ 1223.5s] FPS=28.8  CPU=12.68ms  GPU=21.99ms  Lat=43.628780  GS=0.0kts  (5494 samples)
[ 1233.6s] FPS=19.9  CPU=28.48ms  GPU=21.77ms  Lat=43.628780  GS=0.0kts  (5532 samples)
[ 1243.8s] FPS=29.8  CPU=9.28ms  GPU=24.33ms  Lat=43.628780  GS=0.0kts  (5575 samples)
[ 1253.8s] FPS=19.9  CPU=29.34ms  GPU=20.92ms  Lat=43.628780  GS=0.0kts  (5619 samples)
[ 1263.9s] FPS=19.9  CPU=27.42ms  GPU=22.83ms  Lat=43.628780  GS=0.0kts  (5657 samples)
[ 1274.0s] FPS=19.9  CPU=28.65ms  GPU=21.60ms  Lat=43.628780  GS=0.0kts  (5695 samples)
[ 1284.3s] FPS=19.9  CPU=28.51ms  GPU=21.74ms  Lat=43.628780  GS=0.0kts  (5739 samples)
[ 1294.4s] FPS=19.9  CPU=28.59ms  GPU=21.66ms  Lat=43.628780  GS=0.0kts  (5780 samples)
[ 1304.5s] FPS=19.9  CPU=28.48ms  GPU=21.78ms  Lat=43.628780  GS=0.0kts  (5818 samples)
[ 1314.7s] FPS=19.9  CPU=28.46ms  GPU=21.79ms  Lat=43.628780  GS=0.0kts  (5856 samples)
[ 1324.8s] FPS=19.9  CPU=26.76ms  GPU=23.49ms  Lat=43.628780  GS=0.0kts  (5894 samples)
[ 1334.9s] FPS=19.9  CPU=28.45ms  GPU=21.80ms  Lat=43.628780  GS=0.0kts  (5932 samples)
[ 1345.1s] FPS=19.9  CPU=26.98ms  GPU=23.27ms  Lat=43.628780  GS=0.0kts  (5970 samples)
[ 1355.3s] FPS=19.9  CPU=25.12ms  GPU=25.13ms  Lat=43.628780  GS=0.0kts  (6010 samples)
[ 1365.4s] FPS=19.9  CPU=27.19ms  GPU=23.06ms  Lat=43.628780  GS=0.0kts  (6057 samples)
[ 1375.6s] FPS=30.0  CPU=10.74ms  GPU=22.58ms  Lat=43.628780  GS=0.0kts  (6104 samples)
[ 1385.8s] FPS=30.0  CPU=11.89ms  GPU=21.49ms  Lat=43.628780  GS=0.0kts  (6150 samples)
[ 1395.9s] FPS=30.2  CPU=11.04ms  GPU=22.12ms  Lat=43.628780  GS=0.0kts  (6196 samples)
[ 1405.9s] FPS=30.2  CPU=10.39ms  GPU=22.76ms  Lat=43.628780  GS=0.0kts  (6241 samples)
[ 1416.0s] FPS=29.7  CPU=10.61ms  GPU=23.09ms  Lat=43.628780  GS=0.0kts  (6287 samples)
[ 1426.1s] FPS=27.3  CPU=13.90ms  GPU=22.71ms  Lat=43.628780  GS=0.0kts  (6333 samples)
[ 1436.2s] FPS=29.5  CPU=11.17ms  GPU=22.68ms  Lat=43.628780  GS=0.0kts  (6378 samples)
[ 1446.3s] FPS=49.1  CPU=0.00ms  GPU=20.49ms  Lat=43.628780  GS=0.0kts  (6424 samples)
[ 1456.4s] FPS=29.5  CPU=12.19ms  GPU=21.77ms  Lat=43.628780  GS=0.0kts  (6471 samples)
[ 1466.4s] FPS=29.3  CPU=11.50ms  GPU=22.63ms  Lat=43.628780  GS=0.0kts  (6516 samples)
[ 1476.5s] FPS=53.7  CPU=0.00ms  GPU=22.87ms  Lat=43.628780  GS=0.0kts  (6562 samples)
[ 1486.5s] FPS=30.1  CPU=11.47ms  GPU=21.80ms  Lat=43.628780  GS=0.0kts  (6608 samples)
[ 1496.6s] FPS=30.0  CPU=10.68ms  GPU=22.70ms  Lat=43.628780  GS=0.0kts  (6654 samples)
[ 1506.8s] FPS=29.4  CPU=11.93ms  GPU=22.07ms  Lat=43.628780  GS=0.0kts  (6700 samples)
[ 1516.8s] FPS=29.4  CPU=11.17ms  GPU=22.90ms  Lat=43.628780  GS=0.0kts  (6745 samples)
[ 1526.8s] FPS=29.6  CPU=12.63ms  GPU=21.18ms  Lat=43.628780  GS=0.0kts  (6791 samples)
[ 1537.0s] FPS=29.9  CPU=16.59ms  GPU=16.84ms  Lat=43.628780  GS=0.0kts  (6838 samples)
[ 1547.0s] FPS=29.9  CPU=17.90ms  GPU=15.55ms  Lat=43.628780  GS=0.0kts  (6884 samples)
[ 1557.1s] FPS=29.9  CPU=10.82ms  GPU=22.56ms  Lat=43.628780  GS=0.0kts  (6930 samples)
[ 1567.3s] FPS=29.9  CPU=11.69ms  GPU=21.79ms  Lat=43.628780  GS=0.0kts  (6975 samples)
[ 1577.2s] FPS=30.0  CPU=11.49ms  GPU=21.87ms  Lat=43.628780  GS=0.0kts  (7020 samples)
[ 1587.3s] FPS=29.5  CPU=10.85ms  GPU=22.99ms  Lat=43.628780  GS=0.0kts  (7066 samples)
[ 1597.4s] FPS=63.0  CPU=0.84ms  GPU=15.04ms  Lat=43.628780  GS=0.0kts  (7112 samples)
[ 1607.6s] FPS=29.3  CPU=16.84ms  GPU=17.25ms  Lat=43.628780  GS=0.0kts  (7159 samples)
[ 1617.7s] FPS=44.7  CPU=0.00ms  GPU=22.51ms  Lat=43.628780  GS=0.0kts  (7205 samples)
[ 1627.7s] FPS=30.1  CPU=12.02ms  GPU=21.23ms  Lat=43.628780  GS=0.0kts  (7251 samples)
[ 1637.8s] FPS=50.1  CPU=0.00ms  GPU=24.47ms  Lat=43.628780  GS=0.0kts  (7298 samples)
[ 1648.0s] FPS=31.8  CPU=7.01ms  GPU=24.48ms  Lat=43.628780  GS=0.0kts  (7345 samples)
[ 1658.2s] FPS=29.4  CPU=15.08ms  GPU=18.97ms  Lat=43.628780  GS=0.0kts  (7392 samples)
[ 1668.4s] FPS=40.2  CPU=2.62ms  GPU=22.28ms  Lat=43.628780  GS=0.0kts  (7439 samples)
[ 1678.4s] FPS=30.3  CPU=9.65ms  GPU=23.37ms  Lat=43.628780  GS=0.0kts  (7485 samples)
[ 1688.6s] FPS=29.8  CPU=10.80ms  GPU=22.76ms  Lat=43.628780  GS=0.0kts  (7531 samples)
[ 1698.7s] FPS=29.6  CPU=11.25ms  GPU=22.50ms  Lat=43.628780  GS=0.0kts  (7577 samples)
[ 1708.9s] FPS=29.9  CPU=10.11ms  GPU=23.32ms  Lat=43.628780  GS=0.0kts  (7623 samples)
[ 1719.1s] FPS=29.9  CPU=10.80ms  GPU=22.60ms  Lat=43.628780  GS=0.0kts  (7669 samples)
[ 1729.1s] FPS=29.8  CPU=10.44ms  GPU=23.17ms  Lat=43.628780  GS=0.0kts  (7715 samples)
[ 1739.2s] FPS=29.8  CPU=10.28ms  GPU=23.26ms  Lat=43.628780  GS=0.0kts  (7761 samples)
[ 1749.3s] FPS=30.3  CPU=9.55ms  GPU=23.47ms  Lat=43.628780  GS=0.0kts  (7807 samples)
[ 1759.4s] FPS=29.8  CPU=10.11ms  GPU=23.47ms  Lat=43.628780  GS=0.0kts  (7853 samples)
[ 1769.5s] FPS=30.0  CPU=15.79ms  GPU=17.59ms  Lat=43.628780  GS=0.0kts  (7899 samples)
[ 1779.6s] FPS=52.9  CPU=5.09ms  GPU=13.80ms  Lat=43.628780  GS=0.0kts  (7946 samples)
[ 1789.5s] FPS=30.0  CPU=16.23ms  GPU=17.13ms  Lat=43.628780  GS=0.0kts  (7993 samples)
[ 1799.7s] FPS=29.9  CPU=16.79ms  GPU=16.66ms  Lat=43.628780  GS=0.0kts  (8039 samples)
[ 1809.7s] FPS=29.5  CPU=11.63ms  GPU=22.24ms  Lat=43.628780  GS=0.0kts  (8085 samples)
[ 1819.8s] FPS=29.7  CPU=16.52ms  GPU=17.14ms  Lat=43.628780  GS=0.0kts  (8131 samples)
[ 1829.9s] FPS=30.0  CPU=16.33ms  GPU=16.97ms  Lat=43.628780  GS=0.0kts  (8177 samples)
[ 1840.0s] FPS=55.7  CPU=0.00ms  GPU=24.25ms  Lat=43.628780  GS=0.0kts  (8223 samples)
[ 1850.1s] FPS=59.6  CPU=0.00ms  GPU=22.36ms  Lat=43.628780  GS=0.0kts  (8269 samples)
[ 1860.1s] FPS=30.1  CPU=15.79ms  GPU=17.44ms  Lat=43.628780  GS=0.0kts  (8315 samples)
[ 1870.3s] FPS=29.8  CPU=10.59ms  GPU=22.97ms  Lat=43.628780  GS=0.0kts  (8361 samples)
[ 1880.4s] FPS=29.6  CPU=11.81ms  GPU=22.01ms  Lat=43.628780  GS=0.0kts  (8407 samples)
[ 1890.6s] FPS=30.2  CPU=10.69ms  GPU=22.41ms  Lat=43.628780  GS=0.0kts  (8453 samples)
[ 1900.7s] FPS=29.8  CPU=11.32ms  GPU=22.21ms  Lat=43.628780  GS=0.0kts  (8499 samples)
[ 1910.8s] FPS=29.7  CPU=12.42ms  GPU=21.23ms  Lat=43.628777  GS=0.0kts  (8545 samples)
[ 1920.9s] FPS=29.7  CPU=12.22ms  GPU=21.49ms  Lat=43.628777  GS=0.0kts  (8591 samples)
[ 1931.0s] FPS=29.6  CPU=11.39ms  GPU=22.43ms  Lat=43.628769  GS=1.7kts  (8637 samples)
[ 1941.1s] FPS=27.1  CPU=16.43ms  GPU=20.47ms  Lat=43.628677  GS=2.2kts  (8683 samples)
[ 1951.3s] FPS=29.9  CPU=11.71ms  GPU=21.70ms  Lat=43.628574  GS=2.2kts  (8729 samples)
[ 1961.3s] FPS=30.1  CPU=12.47ms  GPU=20.77ms  Lat=43.628479  GS=2.2kts  (8774 samples)
[ 1971.5s] FPS=30.5  CPU=13.18ms  GPU=19.63ms  Lat=43.628395  GS=2.2kts  (8820 samples)
[ 1981.5s] FPS=29.8  CPU=14.69ms  GPU=18.90ms  Lat=43.628334  GS=2.2kts  (8866 samples)
[ 1991.7s] FPS=30.0  CPU=14.13ms  GPU=19.18ms  Lat=43.628304  GS=2.2kts  (8912 samples)
[ 2001.8s] FPS=27.9  CPU=16.36ms  GPU=19.48ms  Lat=43.628304  GS=0.7kts  (8959 samples)
[ 2011.9s] FPS=47.8  CPU=1.33ms  GPU=19.59ms  Lat=43.628304  GS=0.1kts  (9005 samples)
[ 2022.1s] FPS=30.1  CPU=12.40ms  GPU=20.77ms  Lat=43.628304  GS=0.0kts  (9051 samples)
[ 2032.2s] FPS=45.1  CPU=6.60ms  GPU=15.57ms  Lat=43.628304  GS=0.0kts  (9097 samples)
[ 2042.3s] FPS=28.9  CPU=15.38ms  GPU=19.22ms  Lat=43.628304  GS=0.0kts  (9144 samples)
[ 2052.5s] FPS=27.3  CPU=17.87ms  GPU=18.79ms  Lat=43.628304  GS=0.0kts  (9190 samples)
[ 2062.6s] FPS=29.5  CPU=14.53ms  GPU=19.33ms  Lat=43.628304  GS=0.0kts  (9236 samples)
[ 2072.8s] FPS=32.0  CPU=12.77ms  GPU=18.50ms  Lat=43.628304  GS=0.0kts  (9282 samples)
[ 2083.0s] FPS=28.9  CPU=15.93ms  GPU=18.65ms  Lat=43.628304  GS=0.0kts  (9329 samples)
[ 2093.1s] FPS=27.8  CPU=17.30ms  GPU=18.67ms  Lat=43.628304  GS=0.0kts  (9375 samples)
[ 2103.1s] FPS=27.3  CPU=17.31ms  GPU=19.33ms  Lat=43.628304  GS=0.0kts  (9421 samples)
[ 2113.2s] FPS=27.2  CPU=17.67ms  GPU=19.10ms  Lat=43.628304  GS=0.0kts  (9466 samples)
[ 2123.3s] FPS=28.2  CPU=16.69ms  GPU=18.82ms  Lat=43.628304  GS=0.0kts  (9512 samples)
[ 2133.5s] FPS=32.7  CPU=11.51ms  GPU=19.03ms  Lat=43.628304  GS=0.0kts  (9558 samples)
[ 2143.7s] FPS=28.6  CPU=16.62ms  GPU=18.38ms  Lat=43.628304  GS=0.2kts  (9604 samples)
[ 2153.9s] FPS=28.6  CPU=16.14ms  GPU=18.88ms  Lat=43.628300  GS=2.4kts  (9650 samples)
[ 2164.0s] FPS=30.1  CPU=15.76ms  GPU=17.46ms  Lat=43.628227  GS=9.3kts  (9696 samples)
[ 2174.0s] FPS=30.8  CPU=15.04ms  GPU=17.40ms  Lat=43.628071  GS=11.2kts  (9742 samples)
[ 2184.1s] FPS=30.9  CPU=14.57ms  GPU=17.75ms  Lat=43.628136  GS=11.0kts  (9788 samples)
[ 2194.2s] FPS=30.5  CPU=14.48ms  GPU=18.28ms  Lat=43.628517  GS=11.1kts  (9834 samples)
[ 2204.4s] FPS=28.1  CPU=16.94ms  GPU=18.70ms  Lat=43.628929  GS=11.6kts  (9880 samples)
[ 2214.6s] FPS=29.0  CPU=16.38ms  GPU=18.16ms  Lat=43.628956  GS=12.9kts  (9926 samples)
[ 2224.7s] FPS=29.1  CPU=15.59ms  GPU=18.78ms  Lat=43.628624  GS=10.1kts  (9971 samples)
[ 2234.9s] FPS=29.8  CPU=16.03ms  GPU=17.52ms  Lat=43.628365  GS=15.6kts  (10017 samples)
[ 2245.1s] FPS=32.1  CPU=13.37ms  GPU=17.81ms  Lat=43.628967  GS=25.9kts  (10063 samples)
[ 2255.1s] FPS=31.7  CPU=13.59ms  GPU=17.92ms  Lat=43.630013  GS=30.5kts  (10109 samples)
[ 2265.3s] FPS=31.3  CPU=15.08ms  GPU=16.84ms  Lat=43.631210  GS=31.8kts  (10155 samples)
[ 2275.3s] FPS=27.6  CPU=19.20ms  GPU=16.99ms  Lat=43.632359  GS=30.3kts  (10200 samples)
[ 2285.4s] FPS=28.6  CPU=18.12ms  GPU=16.82ms  Lat=43.633457  GS=29.0kts  (10246 samples)
[ 2295.5s] FPS=28.8  CPU=18.78ms  GPU=15.99ms  Lat=43.634514  GS=27.8kts  (10291 samples)
[ 2305.6s] FPS=30.2  CPU=16.74ms  GPU=16.35ms  Lat=43.635536  GS=26.8kts  (10337 samples)
[ 2315.6s] FPS=30.7  CPU=16.36ms  GPU=16.18ms  Lat=43.636509  GS=25.8kts  (10383 samples)
[ 2325.6s] FPS=29.8  CPU=17.75ms  GPU=15.76ms  Lat=43.637455  GS=25.0kts  (10429 samples)
[ 2335.8s] FPS=28.7  CPU=19.69ms  GPU=15.17ms  Lat=43.637974  GS=11.3kts  (10476 samples)
[ 2345.8s] FPS=28.6  CPU=17.88ms  GPU=17.03ms  Lat=43.638191  GS=10.9kts  (10522 samples)
[ 2356.0s] FPS=29.1  CPU=16.97ms  GPU=17.43ms  Lat=43.637939  GS=5.7kts  (10569 samples)
[ 2366.1s] FPS=27.5  CPU=18.74ms  GPU=17.67ms  Lat=43.637924  GS=0.0kts  (10615 samples)
[ 2376.3s] FPS=29.8  CPU=15.77ms  GPU=17.79ms  Lat=43.637924  GS=0.0kts  (10661 samples)
[ 2386.5s] FPS=29.5  CPU=16.54ms  GPU=17.36ms  Lat=43.637924  GS=0.0kts  (10707 samples)
[ 2396.7s] FPS=31.5  CPU=13.56ms  GPU=18.21ms  Lat=43.637836  GS=6.2kts  (10753 samples)
[ 2406.7s] FPS=27.5  CPU=18.08ms  GPU=18.29ms  Lat=43.637634  GS=8.2kts  (10798 samples)
[ 2416.9s] FPS=32.3  CPU=12.96ms  GPU=18.04ms  Lat=43.637363  GS=9.2kts  (10844 samples)
[ 2427.0s] FPS=29.7  CPU=14.39ms  GPU=19.23ms  Lat=43.637226  GS=0.5kts  (10890 samples)
[ 2437.1s] FPS=29.4  CPU=14.83ms  GPU=19.17ms  Lat=43.637180  GS=2.4kts  (10936 samples)
[ 2447.2s] FPS=29.7  CPU=15.80ms  GPU=17.90ms  Lat=43.636940  GS=6.6kts  (10983 samples)
[ 2457.4s] FPS=29.7  CPU=15.74ms  GPU=17.95ms  Lat=43.636665  GS=7.1kts  (11030 samples)
[ 2467.5s] FPS=46.0  CPU=4.37ms  GPU=17.34ms  Lat=43.636581  GS=0.0kts  (11076 samples)
[ 2477.6s] FPS=30.1  CPU=15.52ms  GPU=17.74ms  Lat=43.636581  GS=0.0kts  (11122 samples)
[ 2487.7s] FPS=30.0  CPU=15.19ms  GPU=18.18ms  Lat=43.636581  GS=0.0kts  (11168 samples)
[ 2497.9s] FPS=30.0  CPU=15.74ms  GPU=17.54ms  Lat=43.636581  GS=0.0kts  (11215 samples)
[ 2507.9s] FPS=29.8  CPU=15.84ms  GPU=17.68ms  Lat=43.636581  GS=0.0kts  (11261 samples)
[ 2518.1s] FPS=29.6  CPU=15.30ms  GPU=18.51ms  Lat=43.636360  GS=26.0kts  (11307 samples)
[ 2528.2s] FPS=29.5  CPU=15.36ms  GPU=18.50ms  Lat=43.634384  GS=77.8kts  (11354 samples)
[ 2538.3s] FPS=29.9  CPU=14.28ms  GPU=19.13ms  Lat=43.630623  GS=124.2kts  (11399 samples)
[ 2548.3s] FPS=28.9  CPU=15.57ms  GPU=19.02ms  Lat=43.625263  GS=164.5kts  (11445 samples)
[ 2558.5s] FPS=29.3  CPU=16.27ms  GPU=17.85ms  Lat=43.618618  GS=184.8kts  (11491 samples)
[ 2568.4s] FPS=29.7  CPU=14.95ms  GPU=18.73ms  Lat=43.612034  GS=180.3kts  (11536 samples)
[ 2578.6s] FPS=30.3  CPU=13.72ms  GPU=19.32ms  Lat=43.605453  GS=178.9kts  (11582 samples)
[ 2588.6s] FPS=29.4  CPU=13.73ms  GPU=20.31ms  Lat=43.598946  GS=180.9kts  (11627 samples)
[ 2598.6s] FPS=19.9  CPU=30.60ms  GPU=19.65ms  Lat=43.592396  GS=180.4kts  (11673 samples)
[ 2608.8s] FPS=30.6  CPU=14.81ms  GPU=17.88ms  Lat=43.585732  GS=180.5kts  (11719 samples)
[ 2618.9s] FPS=30.5  CPU=17.35ms  GPU=15.47ms  Lat=43.579041  GS=180.8kts  (11766 samples)
[ 2629.0s] FPS=29.4  CPU=19.28ms  GPU=14.78ms  Lat=43.572453  GS=181.1kts  (11812 samples)
[ 2639.1s] FPS=30.2  CPU=19.22ms  GPU=13.90ms  Lat=43.565762  GS=181.5kts  (11858 samples)
[ 2649.1s] FPS=29.7  CPU=20.31ms  GPU=13.34ms  Lat=43.559113  GS=184.1kts  (11903 samples)
[ 2659.2s] FPS=29.8  CPU=19.95ms  GPU=13.56ms  Lat=43.551178  GS=195.3kts  (11949 samples)
[ 2669.2s] FPS=29.5  CPU=19.87ms  GPU=14.00ms  Lat=43.542034  GS=205.2kts  (11994 samples)
[ 2679.3s] FPS=29.9  CPU=19.73ms  GPU=13.70ms  Lat=43.533325  GS=214.6kts  (12039 samples)
[ 2689.5s] FPS=30.8  CPU=19.51ms  GPU=12.95ms  Lat=43.525257  GS=225.4kts  (12085 samples)
[ 2699.7s] FPS=40.9  CPU=12.42ms  GPU=12.01ms  Lat=43.518116  GS=241.4kts  (12131 samples)
[ 2709.7s] FPS=28.8  CPU=21.28ms  GPU=13.39ms  Lat=43.512753  GS=252.6kts  (12177 samples)
[ 2719.7s] FPS=29.5  CPU=20.08ms  GPU=13.84ms  Lat=43.509861  GS=263.3kts  (12222 samples)
[ 2729.7s] FPS=29.8  CPU=20.11ms  GPU=13.43ms  Lat=43.510185  GS=273.4kts  (12268 samples)
[ 2739.8s] FPS=29.7  CPU=20.44ms  GPU=13.26ms  Lat=43.514351  GS=278.7kts  (12314 samples)
[ 2749.9s] FPS=29.6  CPU=20.12ms  GPU=13.65ms  Lat=43.522198  GS=279.4kts  (12360 samples)
[ 2760.0s] FPS=29.5  CPU=20.61ms  GPU=13.26ms  Lat=43.532837  GS=279.5kts  (12405 samples)
[ 2770.2s] FPS=29.0  CPU=20.68ms  GPU=13.83ms  Lat=43.545288  GS=280.4kts  (12452 samples)
[ 2780.2s] FPS=26.5  CPU=24.76ms  GPU=13.04ms  Lat=43.558182  GS=282.3kts  (12497 samples)
[ 2790.4s] FPS=29.9  CPU=19.69ms  GPU=13.80ms  Lat=43.571480  GS=286.0kts  (12543 samples)
[ 2800.5s] FPS=30.0  CPU=19.85ms  GPU=13.43ms  Lat=43.585064  GS=296.2kts  (12589 samples)
[ 2810.7s] FPS=30.0  CPU=19.95ms  GPU=13.40ms  Lat=43.599220  GS=307.3kts  (12635 samples)
[ 2820.8s] FPS=29.8  CPU=20.78ms  GPU=12.76ms  Lat=43.613647  GS=316.9kts  (12681 samples)
[ 2830.8s] FPS=29.7  CPU=20.80ms  GPU=12.86ms  Lat=43.628616  GS=328.5kts  (12726 samples)
[ 2840.9s] FPS=29.7  CPU=21.31ms  GPU=12.30ms  Lat=43.644131  GS=340.2kts  (12771 samples)
[ 2851.1s] FPS=29.6  CPU=20.62ms  GPU=13.12ms  Lat=43.660385  GS=351.3kts  (12818 samples)
[ 2861.1s] FPS=29.0  CPU=21.84ms  GPU=12.66ms  Lat=43.676769  GS=357.6kts  (12863 samples)
[ 2871.1s] FPS=28.2  CPU=22.66ms  GPU=12.85ms  Lat=43.693390  GS=360.2kts  (12908 samples)
[ 2881.3s] FPS=29.6  CPU=21.11ms  GPU=12.71ms  Lat=43.710323  GS=361.7kts  (12954 samples)
[ 2891.4s] FPS=29.7  CPU=20.94ms  GPU=12.72ms  Lat=43.727119  GS=363.2kts  (13000 samples)
[ 2901.6s] FPS=30.6  CPU=19.97ms  GPU=12.67ms  Lat=43.744179  GS=365.4kts  (13047 samples)
[ 2911.8s] FPS=29.5  CPU=21.80ms  GPU=12.11ms  Lat=43.761395  GS=368.0kts  (13094 samples)
[ 2921.9s] FPS=29.4  CPU=21.79ms  GPU=12.17ms  Lat=43.778564  GS=370.5kts  (13140 samples)
[ 2931.9s] FPS=29.9  CPU=21.56ms  GPU=11.89ms  Lat=43.795830  GS=372.8kts  (13186 samples)
[ 2942.2s] FPS=29.6  CPU=21.72ms  GPU=12.06ms  Lat=43.813450  GS=375.1kts  (13232 samples)
[ 2952.3s] FPS=29.5  CPU=21.85ms  GPU=12.08ms  Lat=43.830933  GS=377.2kts  (13277 samples)
[ 2962.4s] FPS=29.4  CPU=22.26ms  GPU=11.76ms  Lat=43.848522  GS=379.2kts  (13323 samples)
[ 2972.4s] FPS=29.6  CPU=21.73ms  GPU=12.07ms  Lat=43.866138  GS=381.0kts  (13368 samples)
[ 2982.5s] FPS=30.7  CPU=20.97ms  GPU=11.61ms  Lat=43.883816  GS=383.4kts  (13414 samples)
[ 2992.6s] FPS=30.7  CPU=20.73ms  GPU=11.90ms  Lat=43.901737  GS=386.2kts  (13459 samples)
[ 3002.6s] FPS=30.3  CPU=21.95ms  GPU=11.01ms  Lat=43.919697  GS=388.7kts  (13504 samples)
[ 3012.7s] FPS=29.9  CPU=21.74ms  GPU=11.71ms  Lat=43.937832  GS=390.9kts  (13549 samples)
[ 3022.9s] FPS=29.6  CPU=22.30ms  GPU=11.52ms  Lat=43.956020  GS=392.8kts  (13594 samples)
[ 3032.9s] FPS=29.6  CPU=20.31ms  GPU=13.42ms  Lat=43.974243  GS=394.5kts  (13640 samples)
[ 3043.1s] FPS=29.9  CPU=21.68ms  GPU=11.73ms  Lat=43.992657  GS=397.1kts  (13686 samples)
[ 3053.3s] FPS=29.9  CPU=21.78ms  GPU=11.63ms  Lat=44.011276  GS=400.3kts  (13733 samples)
[ 3063.5s] FPS=29.8  CPU=21.91ms  GPU=11.60ms  Lat=44.030018  GS=403.3kts  (13780 samples)
[ 3073.7s] FPS=30.3  CPU=21.57ms  GPU=11.44ms  Lat=44.048981  GS=405.8kts  (13826 samples)
[ 3083.8s] FPS=30.1  CPU=21.73ms  GPU=11.49ms  Lat=44.067806  GS=407.7kts  (13872 samples)
[ 3093.8s] FPS=30.4  CPU=21.65ms  GPU=11.22ms  Lat=44.086617  GS=409.8kts  (13918 samples)
[ 3104.0s] FPS=29.9  CPU=21.89ms  GPU=11.59ms  Lat=44.105721  GS=412.5kts  (13965 samples)
[ 3114.1s] FPS=29.1  CPU=23.15ms  GPU=11.16ms  Lat=44.125065  GS=415.2kts  (14012 samples)
[ 3124.3s] FPS=29.6  CPU=21.53ms  GPU=12.25ms  Lat=44.144531  GS=417.7kts  (14059 samples)
[ 3134.4s] FPS=24.4  CPU=24.68ms  GPU=16.22ms  Lat=44.164116  GS=419.6kts  (14104 samples)
[ 3144.5s] FPS=27.0  CPU=22.02ms  GPU=15.03ms  Lat=44.183781  GS=421.7kts  (14149 samples)
[ 3154.7s] FPS=19.9  CPU=34.48ms  GPU=15.77ms  Lat=44.203808  GS=424.5kts  (14194 samples)
[ 3165.0s] FPS=23.0  CPU=37.51ms  GPU=5.94ms  Lat=44.224197  GS=426.6kts  (14240 samples)
[ 3175.0s] FPS=87.5  CPU=0.00ms  GPU=12.82ms  Lat=44.244110  GS=428.3kts  (14284 samples)
[ 3185.1s] FPS=29.4  CPU=22.33ms  GPU=11.67ms  Lat=44.264103  GS=430.0kts  (14329 samples)
[ 3195.2s] FPS=19.9  CPU=38.21ms  GPU=12.05ms  Lat=44.284210  GS=431.7kts  (14375 samples)
[ 3205.3s] FPS=29.8  CPU=21.47ms  GPU=12.06ms  Lat=44.304249  GS=433.3kts  (14421 samples)
[ 3215.6s] FPS=29.4  CPU=21.47ms  GPU=12.53ms  Lat=44.324505  GS=434.8kts  (14467 samples)
[ 3225.8s] FPS=30.8  CPU=19.85ms  GPU=12.67ms  Lat=44.344856  GS=436.2kts  (14514 samples)
[ 3235.9s] FPS=29.5  CPU=20.38ms  GPU=13.56ms  Lat=44.365173  GS=437.8kts  (14560 samples)
[ 3246.0s] FPS=29.6  CPU=19.94ms  GPU=13.80ms  Lat=44.385479  GS=439.0kts  (14606 samples)
[ 3256.2s] FPS=30.3  CPU=19.08ms  GPU=13.87ms  Lat=44.406086  GS=440.1kts  (14653 samples)
[ 3266.2s] FPS=30.1  CPU=20.81ms  GPU=12.43ms  Lat=44.426384  GS=441.6kts  (14698 samples)
[ 3276.4s] FPS=30.5  CPU=18.87ms  GPU=13.87ms  Lat=44.447136  GS=443.3kts  (14744 samples)
[ 3286.6s] FPS=29.3  CPU=20.07ms  GPU=14.07ms  Lat=44.467823  GS=444.6kts  (14791 samples)
[ 3296.8s] FPS=29.1  CPU=21.04ms  GPU=13.36ms  Lat=44.488739  GS=445.6kts  (14838 samples)
[ 3307.0s] FPS=30.1  CPU=21.48ms  GPU=11.77ms  Lat=44.509941  GS=445.9kts  (14885 samples)
[ 3317.1s] FPS=30.9  CPU=19.37ms  GPU=13.03ms  Lat=44.530613  GS=446.5kts  (14930 samples)
[ 3327.2s] FPS=29.4  CPU=20.52ms  GPU=13.50ms  Lat=44.551445  GS=447.5kts  (14976 samples)
[ 3337.3s] FPS=29.6  CPU=20.49ms  GPU=13.30ms  Lat=44.572094  GS=447.6kts  (15022 samples)
[ 3347.5s] FPS=31.5  CPU=17.56ms  GPU=14.17ms  Lat=44.593025  GS=446.9kts  (15068 samples)
[ 3357.6s] FPS=29.5  CPU=20.08ms  GPU=13.78ms  Lat=44.613689  GS=446.2kts  (15114 samples)
[ 3367.7s] FPS=30.9  CPU=18.86ms  GPU=13.54ms  Lat=44.634304  GS=445.6kts  (15160 samples)
[ 3377.7s] FPS=29.4  CPU=20.95ms  GPU=13.11ms  Lat=44.654819  GS=444.9kts  (15206 samples)
[ 3387.7s] FPS=29.9  CPU=17.26ms  GPU=16.23ms  Lat=44.675236  GS=444.0kts  (15252 samples)
[ 3397.8s] FPS=29.7  CPU=20.72ms  GPU=12.93ms  Lat=44.695877  GS=442.3kts  (15298 samples)
[ 3407.9s] FPS=30.0  CPU=20.51ms  GPU=12.78ms  Lat=44.716148  GS=439.9kts  (15344 samples)
[ 3418.0s] FPS=29.1  CPU=21.13ms  GPU=13.24ms  Lat=44.736549  GS=437.7kts  (15390 samples)
[ 3428.1s] FPS=29.1  CPU=21.21ms  GPU=13.14ms  Lat=44.756599  GS=436.2kts  (15436 samples)
[ 3438.1s] FPS=30.7  CPU=19.27ms  GPU=13.28ms  Lat=44.776608  GS=434.9kts  (15482 samples)
[ 3448.2s] FPS=29.5  CPU=21.22ms  GPU=12.68ms  Lat=44.796757  GS=434.6kts  (15528 samples)
[ 3458.3s] FPS=29.0  CPU=21.59ms  GPU=12.93ms  Lat=44.817005  GS=435.3kts  (15574 samples)
[ 3468.5s] FPS=30.1  CPU=20.52ms  GPU=12.73ms  Lat=44.837360  GS=435.4kts  (15620 samples)
[ 3478.6s] FPS=29.1  CPU=21.35ms  GPU=12.98ms  Lat=44.857487  GS=434.6kts  (15666 samples)
[ 3488.7s] FPS=30.2  CPU=22.30ms  GPU=10.80ms  Lat=44.877609  GS=433.5kts  (15712 samples)
[ 3498.6s] FPS=29.3  CPU=20.81ms  GPU=13.29ms  Lat=44.897575  GS=432.5kts  (15757 samples)
[ 3508.8s] FPS=30.0  CPU=20.51ms  GPU=12.82ms  Lat=44.917763  GS=431.7kts  (15804 samples)
[ 3518.9s] FPS=29.3  CPU=20.94ms  GPU=13.14ms  Lat=44.937634  GS=431.3kts  (15850 samples)
[ 3529.1s] FPS=29.7  CPU=20.48ms  GPU=13.16ms  Lat=44.957733  GS=430.7kts  (15896 samples)
[ 3539.2s] FPS=30.0  CPU=20.34ms  GPU=13.01ms  Lat=44.977787  GS=430.4kts  (15942 samples)
[ 3549.3s] FPS=29.6  CPU=20.67ms  GPU=13.14ms  Lat=44.997570  GS=430.3kts  (15987 samples)
[ 3559.4s] FPS=29.6  CPU=21.01ms  GPU=12.83ms  Lat=45.017399  GS=429.6kts  (16033 samples)
[ 3569.4s] FPS=28.8  CPU=22.10ms  GPU=12.62ms  Lat=45.037182  GS=428.8kts  (16079 samples)
[ 3579.4s] FPS=31.4  CPU=19.18ms  GPU=12.69ms  Lat=45.056870  GS=428.1kts  (16125 samples)
[ 3589.6s] FPS=29.4  CPU=20.80ms  GPU=13.18ms  Lat=45.076855  GS=427.2kts  (16172 samples)
[ 3599.8s] FPS=29.1  CPU=21.58ms  GPU=12.78ms  Lat=45.096786  GS=426.0kts  (16219 samples)
[ 3609.9s] FPS=19.9  CPU=38.62ms  GPU=11.63ms  Lat=45.116566  GS=425.4kts  (16265 samples)
[ 3620.1s] FPS=30.0  CPU=22.22ms  GPU=11.08ms  Lat=45.136364  GS=425.2kts  (16312 samples)
[ 3630.3s] FPS=30.9  CPU=21.46ms  GPU=10.86ms  Lat=45.156097  GS=425.0kts  (16359 samples)
[ 3640.4s] FPS=21.6  CPU=31.01ms  GPU=15.34ms  Lat=45.175953  GS=424.5kts  (16406 samples)
[ 3650.5s] FPS=29.5  CPU=22.48ms  GPU=11.38ms  Lat=45.195744  GS=423.7kts  (16452 samples)
[ 3660.7s] FPS=31.9  CPU=11.57ms  GPU=19.74ms  Lat=45.215595  GS=423.2kts  (16499 samples)
[ 3670.8s] FPS=54.2  CPU=6.57ms  GPU=11.89ms  Lat=45.235477  GS=423.5kts  (16545 samples)
[ 3680.9s] FPS=28.8  CPU=14.80ms  GPU=19.97ms  Lat=45.255245  GS=423.9kts  (16590 samples)
[ 3690.9s] FPS=29.1  CPU=21.70ms  GPU=12.62ms  Lat=45.274910  GS=424.2kts  (16635 samples)
[ 3701.0s] FPS=29.8  CPU=21.17ms  GPU=12.35ms  Lat=45.294590  GS=424.2kts  (16681 samples)
[ 3711.1s] FPS=29.9  CPU=20.83ms  GPU=12.63ms  Lat=45.314270  GS=423.9kts  (16727 samples)
[ 3721.4s] FPS=29.9  CPU=20.90ms  GPU=12.52ms  Lat=45.334103  GS=423.6kts  (16774 samples)
[ 3731.4s] FPS=30.9  CPU=19.62ms  GPU=12.75ms  Lat=45.353691  GS=423.8kts  (16820 samples)
[ 3741.6s] FPS=36.8  CPU=14.21ms  GPU=12.99ms  Lat=45.373707  GS=424.3kts  (16867 samples)
[ 3751.7s] FPS=29.6  CPU=21.13ms  GPU=12.63ms  Lat=45.393642  GS=424.9kts  (16914 samples)
[ 3761.9s] FPS=29.8  CPU=21.01ms  GPU=12.55ms  Lat=45.413300  GS=424.8kts  (16960 samples)
[ 3772.0s] FPS=29.7  CPU=21.59ms  GPU=12.07ms  Lat=45.433002  GS=424.3kts  (17006 samples)
[ 3782.1s] FPS=29.6  CPU=20.95ms  GPU=12.83ms  Lat=45.452618  GS=423.8kts  (17053 samples)
[ 3792.2s] FPS=29.9  CPU=21.07ms  GPU=12.34ms  Lat=45.472282  GS=423.7kts  (17099 samples)
[ 3802.4s] FPS=30.6  CPU=20.22ms  GPU=12.43ms  Lat=45.492027  GS=423.5kts  (17146 samples)
[ 3812.6s] FPS=30.0  CPU=21.05ms  GPU=12.29ms  Lat=45.511745  GS=423.5kts  (17192 samples)
[ 3822.7s] FPS=30.2  CPU=19.88ms  GPU=13.27ms  Lat=45.531406  GS=424.3kts  (17238 samples)
[ 3832.8s] FPS=29.4  CPU=21.77ms  GPU=12.30ms  Lat=45.551109  GS=425.2kts  (17283 samples)
[ 3843.0s] FPS=24.9  CPU=27.29ms  GPU=12.88ms  Lat=45.570900  GS=425.7kts  (17329 samples)
[ 3853.0s] FPS=29.5  CPU=21.02ms  GPU=12.90ms  Lat=45.590595  GS=426.1kts  (17375 samples)
[ 3863.1s] FPS=29.9  CPU=18.79ms  GPU=14.69ms  Lat=45.610184  GS=426.3kts  (17421 samples)
[ 3873.1s] FPS=30.3  CPU=20.07ms  GPU=12.88ms  Lat=45.629917  GS=426.7kts  (17467 samples)
[ 3883.3s] FPS=29.3  CPU=21.77ms  GPU=12.36ms  Lat=45.649761  GS=427.3kts  (17514 samples)
[ 3893.4s] FPS=30.0  CPU=20.66ms  GPU=12.69ms  Lat=45.669537  GS=427.8kts  (17560 samples)
[ 3903.5s] FPS=30.5  CPU=20.39ms  GPU=12.41ms  Lat=45.689400  GS=428.2kts  (17607 samples)
[ 3913.7s] FPS=29.4  CPU=21.65ms  GPU=12.36ms  Lat=45.709419  GS=428.6kts  (17654 samples)
[ 3923.7s] FPS=29.8  CPU=20.69ms  GPU=12.85ms  Lat=45.729111  GS=428.6kts  (17699 samples)
[ 3933.8s] FPS=30.0  CPU=21.18ms  GPU=12.18ms  Lat=45.748936  GS=428.6kts  (17745 samples)
[ 3943.9s] FPS=30.0  CPU=21.09ms  GPU=12.20ms  Lat=45.768723  GS=429.0kts  (17791 samples)
[ 3954.0s] FPS=30.1  CPU=20.75ms  GPU=12.43ms  Lat=45.788574  GS=429.6kts  (17837 samples)
[ 3964.1s] FPS=31.1  CPU=19.14ms  GPU=13.06ms  Lat=45.808460  GS=430.2kts  (17883 samples)
[ 3974.1s] FPS=19.9  CPU=38.65ms  GPU=11.60ms  Lat=45.828087  GS=430.2kts  (17929 samples)
[ 3984.2s] FPS=30.2  CPU=21.01ms  GPU=12.15ms  Lat=45.848164  GS=430.1kts  (17974 samples)
[ 3994.3s] FPS=29.5  CPU=21.28ms  GPU=12.58ms  Lat=45.868057  GS=430.5kts  (18020 samples)
[ 4004.3s] FPS=29.2  CPU=21.87ms  GPU=12.32ms  Lat=45.887844  GS=431.0kts  (18066 samples)
[ 4014.4s] FPS=30.0  CPU=20.83ms  GPU=12.49ms  Lat=45.907791  GS=431.6kts  (18112 samples)
[ 4024.6s] FPS=30.2  CPU=20.80ms  GPU=12.32ms  Lat=45.927929  GS=432.4kts  (18159 samples)
[ 4034.8s] FPS=30.0  CPU=20.96ms  GPU=12.40ms  Lat=45.948170  GS=433.3kts  (18205 samples)
[ 4044.8s] FPS=30.0  CPU=20.69ms  GPU=12.59ms  Lat=45.968113  GS=433.8kts  (18251 samples)
[ 4055.0s] FPS=29.9  CPU=21.59ms  GPU=11.86ms  Lat=45.988213  GS=433.8kts  (18298 samples)
[ 4065.0s] FPS=28.7  CPU=23.06ms  GPU=11.77ms  Lat=46.008110  GS=433.8kts  (18344 samples)
[ 4075.1s] FPS=29.8  CPU=20.84ms  GPU=12.74ms  Lat=46.028168  GS=433.9kts  (18390 samples)
[ 4085.2s] FPS=30.0  CPU=21.80ms  GPU=11.52ms  Lat=46.048313  GS=434.4kts  (18436 samples)
[ 4095.2s] FPS=28.7  CPU=22.68ms  GPU=12.21ms  Lat=46.068233  GS=434.7kts  (18482 samples)
[ 4105.4s] FPS=29.6  CPU=21.28ms  GPU=12.54ms  Lat=46.088543  GS=434.6kts  (18528 samples)
[ 4115.6s] FPS=30.4  CPU=21.05ms  GPU=11.89ms  Lat=46.108795  GS=435.0kts  (18573 samples)
[ 4125.6s] FPS=30.4  CPU=20.93ms  GPU=12.01ms  Lat=46.128883  GS=435.3kts  (18619 samples)
[ 4135.6s] FPS=30.2  CPU=21.72ms  GPU=11.39ms  Lat=46.148872  GS=435.3kts  (18664 samples)
[ 4145.7s] FPS=29.7  CPU=21.24ms  GPU=12.40ms  Lat=46.168911  GS=434.9kts  (18709 samples)
[ 4155.7s] FPS=29.9  CPU=20.01ms  GPU=13.39ms  Lat=46.189064  GS=435.0kts  (18755 samples)
[ 4165.7s] FPS=29.3  CPU=21.04ms  GPU=13.10ms  Lat=46.209007  GS=435.5kts  (18801 samples)
[ 4175.9s] FPS=19.9  CPU=37.02ms  GPU=13.23ms  Lat=46.229530  GS=435.6kts  (18847 samples)
[ 4186.1s] FPS=28.9  CPU=20.79ms  GPU=13.86ms  Lat=46.250168  GS=435.4kts  (18893 samples)
[ 4196.2s] FPS=29.4  CPU=20.38ms  GPU=13.67ms  Lat=46.270332  GS=434.4kts  (18939 samples)
[ 4206.4s] FPS=29.9  CPU=19.80ms  GPU=13.61ms  Lat=46.290592  GS=433.4kts  (18985 samples)
[ 4216.6s] FPS=27.9  CPU=22.04ms  GPU=13.85ms  Lat=46.310699  GS=433.1kts  (19031 samples)
[ 4226.6s] FPS=28.6  CPU=21.13ms  GPU=13.79ms  Lat=46.330715  GS=433.5kts  (19077 samples)
[ 4236.8s] FPS=29.7  CPU=19.76ms  GPU=13.92ms  Lat=46.351036  GS=434.1kts  (19124 samples)
[ 4246.9s] FPS=30.3  CPU=19.18ms  GPU=13.86ms  Lat=46.370987  GS=434.5kts  (19170 samples)
[ 4257.0s] FPS=29.3  CPU=20.72ms  GPU=13.36ms  Lat=46.391090  GS=434.9kts  (19216 samples)
[ 4267.1s] FPS=29.2  CPU=20.63ms  GPU=13.57ms  Lat=46.411228  GS=434.9kts  (19262 samples)
[ 4277.3s] FPS=31.6  CPU=18.15ms  GPU=13.50ms  Lat=46.431591  GS=434.8kts  (19309 samples)
[ 4287.4s] FPS=19.9  CPU=36.64ms  GPU=13.61ms  Lat=46.451813  GS=435.0kts  (19355 samples)
[ 4297.6s] FPS=29.7  CPU=19.80ms  GPU=13.91ms  Lat=46.472065  GS=434.8kts  (19401 samples)
[ 4307.7s] FPS=29.8  CPU=20.12ms  GPU=13.48ms  Lat=46.492237  GS=434.7kts  (19447 samples)
[ 4317.9s] FPS=29.8  CPU=20.10ms  GPU=13.42ms  Lat=46.512642  GS=434.5kts  (19494 samples)
[ 4328.0s] FPS=29.9  CPU=19.19ms  GPU=14.22ms  Lat=46.532967  GS=434.7kts  (19540 samples)
[ 4338.1s] FPS=29.9  CPU=18.42ms  GPU=15.01ms  Lat=46.553349  GS=434.3kts  (19587 samples)
[ 4348.2s] FPS=29.2  CPU=20.89ms  GPU=13.42ms  Lat=46.573368  GS=434.4kts  (19633 samples)
[ 4358.3s] FPS=29.9  CPU=19.98ms  GPU=13.52ms  Lat=46.593513  GS=434.7kts  (19679 samples)
[ 4368.5s] FPS=29.2  CPU=21.69ms  GPU=12.56ms  Lat=46.613770  GS=434.4kts  (19725 samples)
[ 4378.6s] FPS=29.9  CPU=19.72ms  GPU=13.71ms  Lat=46.634064  GS=434.5kts  (19771 samples)
[ 4388.7s] FPS=29.0  CPU=21.28ms  GPU=13.22ms  Lat=46.654232  GS=433.9kts  (19817 samples)
[ 4398.9s] FPS=29.6  CPU=20.43ms  GPU=13.32ms  Lat=46.674519  GS=432.9kts  (19863 samples)
[ 4409.0s] FPS=29.1  CPU=21.34ms  GPU=13.06ms  Lat=46.694511  GS=431.6kts  (19909 samples)
[ 4419.0s] FPS=30.0  CPU=19.64ms  GPU=13.74ms  Lat=46.714348  GS=432.5kts  (19955 samples)
[ 4429.2s] FPS=29.1  CPU=20.78ms  GPU=13.56ms  Lat=46.734467  GS=432.2kts  (20001 samples)
[ 4439.3s] FPS=29.7  CPU=20.22ms  GPU=13.45ms  Lat=46.754337  GS=432.1kts  (20047 samples)
[ 4449.4s] FPS=29.4  CPU=20.60ms  GPU=13.43ms  Lat=46.774307  GS=432.0kts  (20093 samples)
[ 4459.5s] FPS=30.4  CPU=19.38ms  GPU=13.48ms  Lat=46.794342  GS=432.4kts  (20140 samples)
[ 4469.4s] FPS=29.8  CPU=15.13ms  GPU=18.47ms  Lat=46.814358  GS=432.3kts  (20185 samples)
[ 4479.6s] FPS=29.0  CPU=21.51ms  GPU=13.03ms  Lat=46.834362  GS=432.6kts  (20231 samples)
[ 4489.8s] FPS=31.5  CPU=18.82ms  GPU=12.93ms  Lat=46.854553  GS=432.5kts  (20278 samples)
[ 4499.9s] FPS=29.1  CPU=21.34ms  GPU=13.08ms  Lat=46.874668  GS=431.9kts  (20325 samples)
[ 4509.9s] FPS=29.1  CPU=21.06ms  GPU=13.33ms  Lat=46.894772  GS=431.6kts  (20371 samples)
[ 4520.0s] FPS=35.6  CPU=14.30ms  GPU=13.83ms  Lat=46.915031  GS=431.5kts  (20417 samples)
[ 4530.0s] FPS=29.2  CPU=20.54ms  GPU=13.72ms  Lat=46.934948  GS=431.8kts  (20462 samples)
[ 4540.1s] FPS=30.7  CPU=19.00ms  GPU=13.60ms  Lat=46.955002  GS=431.8kts  (20507 samples)
[ 4550.4s] FPS=30.2  CPU=17.82ms  GPU=15.33ms  Lat=46.975330  GS=431.6kts  (20554 samples)
[ 4560.4s] FPS=30.2  CPU=20.14ms  GPU=13.03ms  Lat=46.995117  GS=431.0kts  (20599 samples)
[ 4570.5s] FPS=66.0  CPU=1.78ms  GPU=13.37ms  Lat=47.015099  GS=429.3kts  (20644 samples)
[ 4580.6s] FPS=29.2  CPU=20.93ms  GPU=13.29ms  Lat=47.035095  GS=427.0kts  (20690 samples)
[ 4590.7s] FPS=30.3  CPU=20.39ms  GPU=12.62ms  Lat=47.055180  GS=425.8kts  (20736 samples)
[ 4600.8s] FPS=30.5  CPU=19.54ms  GPU=13.28ms  Lat=47.075150  GS=424.6kts  (20781 samples)
[ 4610.9s] FPS=29.3  CPU=20.27ms  GPU=13.86ms  Lat=47.094879  GS=423.3kts  (20826 samples)
[ 4620.9s] FPS=31.0  CPU=18.11ms  GPU=14.16ms  Lat=47.114517  GS=423.0kts  (20871 samples)
[ 4631.0s] FPS=29.7  CPU=18.80ms  GPU=14.90ms  Lat=47.134510  GS=423.1kts  (20917 samples)
[ 4641.0s] FPS=29.9  CPU=19.26ms  GPU=14.18ms  Lat=47.154266  GS=422.6kts  (20963 samples)
[ 4651.1s] FPS=29.4  CPU=13.64ms  GPU=20.36ms  Lat=47.173847  GS=422.8kts  (21009 samples)
[ 4661.2s] FPS=29.4  CPU=16.77ms  GPU=17.29ms  Lat=47.193897  GS=422.4kts  (21056 samples)
[ 4671.4s] FPS=26.2  CPU=23.95ms  GPU=14.23ms  Lat=47.213886  GS=422.7kts  (21102 samples)
[ 4681.5s] FPS=19.9  CPU=41.02ms  GPU=9.23ms  Lat=47.233891  GS=422.9kts  (21149 samples)
[ 4691.6s] FPS=30.3  CPU=18.54ms  GPU=14.50ms  Lat=47.253838  GS=422.5kts  (21195 samples)
[ 4701.7s] FPS=29.3  CPU=20.01ms  GPU=14.12ms  Lat=47.273640  GS=422.3kts  (21242 samples)
[ 4711.9s] FPS=29.2  CPU=20.48ms  GPU=13.80ms  Lat=47.293415  GS=421.5kts  (21288 samples)
[ 4722.1s] FPS=30.0  CPU=17.90ms  GPU=15.39ms  Lat=47.313259  GS=421.0kts  (21335 samples)
[ 4732.3s] FPS=29.8  CPU=17.72ms  GPU=15.86ms  Lat=47.333134  GS=420.6kts  (21382 samples)
[ 4742.5s] FPS=30.1  CPU=19.99ms  GPU=13.23ms  Lat=47.353043  GS=420.5kts  (21429 samples)
[ 4752.6s] FPS=30.4  CPU=19.85ms  GPU=13.01ms  Lat=47.372684  GS=421.3kts  (21475 samples)
[ 4762.7s] FPS=31.0  CPU=19.08ms  GPU=13.23ms  Lat=47.392300  GS=421.8kts  (21521 samples)
[ 4772.8s] FPS=30.6  CPU=19.94ms  GPU=12.78ms  Lat=47.411968  GS=422.8kts  (21567 samples)
[ 4783.0s] FPS=29.1  CPU=20.86ms  GPU=13.54ms  Lat=47.431953  GS=421.6kts  (21613 samples)
[ 4793.0s] FPS=29.1  CPU=21.59ms  GPU=12.72ms  Lat=47.451363  GS=419.8kts  (21658 samples)
[ 4803.0s] FPS=29.6  CPU=20.86ms  GPU=12.91ms  Lat=47.470608  GS=418.4kts  (21703 samples)
[ 4813.0s] FPS=28.0  CPU=22.39ms  GPU=13.37ms  Lat=47.489628  GS=417.4kts  (21749 samples)
[ 4823.2s] FPS=28.8  CPU=22.12ms  GPU=12.65ms  Lat=47.508888  GS=416.0kts  (21796 samples)
[ 4833.3s] FPS=29.4  CPU=21.48ms  GPU=12.48ms  Lat=47.527851  GS=414.1kts  (21842 samples)
[ 4843.4s] FPS=28.8  CPU=21.99ms  GPU=12.67ms  Lat=47.546398  GS=412.3kts  (21888 samples)
[ 4853.5s] FPS=28.8  CPU=22.80ms  GPU=11.97ms  Lat=47.564713  GS=411.1kts  (21934 samples)
[ 4863.6s] FPS=30.0  CPU=21.15ms  GPU=12.16ms  Lat=47.582935  GS=411.1kts  (21980 samples)
[ 4873.7s] FPS=29.2  CPU=21.67ms  GPU=12.54ms  Lat=47.601177  GS=411.3kts  (22026 samples)
[ 4883.8s] FPS=29.9  CPU=21.54ms  GPU=11.88ms  Lat=47.619312  GS=410.7kts  (22072 samples)
[ 4893.9s] FPS=28.8  CPU=22.41ms  GPU=12.27ms  Lat=47.637550  GS=410.9kts  (22118 samples)
[ 4904.1s] FPS=29.4  CPU=21.44ms  GPU=12.60ms  Lat=47.655861  GS=411.4kts  (22164 samples)
[ 4914.3s] FPS=30.0  CPU=20.81ms  GPU=12.48ms  Lat=47.674297  GS=411.0kts  (22211 samples)
[ 4924.4s] FPS=28.3  CPU=23.11ms  GPU=12.20ms  Lat=47.692604  GS=411.1kts  (22258 samples)
[ 4934.6s] FPS=29.8  CPU=21.43ms  GPU=12.15ms  Lat=47.710899  GS=410.8kts  (22304 samples)
[ 4944.7s] FPS=30.9  CPU=19.94ms  GPU=12.43ms  Lat=47.729111  GS=411.5kts  (22350 samples)
[ 4954.7s] FPS=29.7  CPU=21.21ms  GPU=12.52ms  Lat=47.747215  GS=411.8kts  (22396 samples)
[ 4964.9s] FPS=29.2  CPU=22.12ms  GPU=12.10ms  Lat=47.765430  GS=411.7kts  (22442 samples)
[ 4974.8s] FPS=29.9  CPU=20.75ms  GPU=12.74ms  Lat=47.783455  GS=411.4kts  (22488 samples)
[ 4984.9s] FPS=29.5  CPU=21.61ms  GPU=12.26ms  Lat=47.801582  GS=410.7kts  (22534 samples)
[ 4995.0s] FPS=29.9  CPU=20.63ms  GPU=12.82ms  Lat=47.819656  GS=410.8kts  (22580 samples)
[ 5005.1s] FPS=29.4  CPU=21.69ms  GPU=12.28ms  Lat=47.837925  GS=411.1kts  (22626 samples)
[ 5015.2s] FPS=29.3  CPU=21.21ms  GPU=12.90ms  Lat=47.856098  GS=411.1kts  (22672 samples)
[ 5025.4s] FPS=30.7  CPU=19.78ms  GPU=12.80ms  Lat=47.874420  GS=410.2kts  (22718 samples)
[ 5035.4s] FPS=84.4  CPU=0.00ms  GPU=12.22ms  Lat=47.892365  GS=409.9kts  (22764 samples)
[ 5045.5s] FPS=29.5  CPU=21.48ms  GPU=12.46ms  Lat=47.910549  GS=409.6kts  (22810 samples)
[ 5055.6s] FPS=29.3  CPU=21.54ms  GPU=12.58ms  Lat=47.928638  GS=409.5kts  (22856 samples)
[ 5065.7s] FPS=29.8  CPU=21.54ms  GPU=12.02ms  Lat=47.946587  GS=408.9kts  (22902 samples)
[ 5075.7s] FPS=30.4  CPU=20.41ms  GPU=12.45ms  Lat=47.964596  GS=408.7kts  (22948 samples)
[ 5085.8s] FPS=29.4  CPU=22.34ms  GPU=11.68ms  Lat=47.982643  GS=408.7kts  (22995 samples)
[ 5096.0s] FPS=29.8  CPU=21.12ms  GPU=12.48ms  Lat=48.000832  GS=408.7kts  (23042 samples)
[ 5106.0s] FPS=30.2  CPU=20.77ms  GPU=12.35ms  Lat=48.018826  GS=409.5kts  (23088 samples)
[ 5116.1s] FPS=30.4  CPU=19.46ms  GPU=13.43ms  Lat=48.036983  GS=408.9kts  (23134 samples)
[ 5126.2s] FPS=28.0  CPU=21.89ms  GPU=13.85ms  Lat=48.054996  GS=408.6kts  (23180 samples)
[ 5136.3s] FPS=30.3  CPU=19.78ms  GPU=13.24ms  Lat=48.073154  GS=409.3kts  (23226 samples)
[ 5146.4s] FPS=29.8  CPU=21.11ms  GPU=12.44ms  Lat=48.091362  GS=410.1kts  (23272 samples)
[ 5156.5s] FPS=30.9  CPU=20.46ms  GPU=11.89ms  Lat=48.109493  GS=410.2kts  (23318 samples)
[ 5166.6s] FPS=26.4  CPU=25.74ms  GPU=12.17ms  Lat=48.128075  GS=409.4kts  (23365 samples)
[ 5176.8s] FPS=29.7  CPU=17.98ms  GPU=15.69ms  Lat=48.146729  GS=408.6kts  (23411 samples)
[ 5186.9s] FPS=29.9  CPU=20.13ms  GPU=13.29ms  Lat=48.164948  GS=408.8kts  (23456 samples)
[ 5197.1s] FPS=29.4  CPU=19.87ms  GPU=14.13ms  Lat=48.181747  GS=409.0kts  (23496 samples)
[ 5207.2s] FPS=29.6  CPU=20.40ms  GPU=13.39ms  Lat=48.200096  GS=408.7kts  (23542 samples)
[ 5217.4s] FPS=30.2  CPU=19.48ms  GPU=13.67ms  Lat=48.218147  GS=409.3kts  (23589 samples)
[ 5227.5s] FPS=29.9  CPU=19.98ms  GPU=13.48ms  Lat=48.236343  GS=409.3kts  (23636 samples)
[ 5237.7s] FPS=30.3  CPU=19.80ms  GPU=13.18ms  Lat=48.254555  GS=409.3kts  (23682 samples)
[ 5247.8s] FPS=28.4  CPU=22.53ms  GPU=12.73ms  Lat=48.272625  GS=409.6kts  (23728 samples)
[ 5257.8s] FPS=28.8  CPU=21.64ms  GPU=13.12ms  Lat=48.290539  GS=409.0kts  (23774 samples)
[ 5267.8s] FPS=30.1  CPU=21.30ms  GPU=11.88ms  Lat=48.308781  GS=408.3kts  (23819 samples)
[ 5278.0s] FPS=29.3  CPU=22.15ms  GPU=11.99ms  Lat=48.326916  GS=408.4kts  (23864 samples)
[ 5288.2s] FPS=29.5  CPU=21.85ms  GPU=12.04ms  Lat=48.345207  GS=409.4kts  (23911 samples)
[ 5298.4s] FPS=31.2  CPU=20.32ms  GPU=11.69ms  Lat=48.363430  GS=409.3kts  (23958 samples)
[ 5308.5s] FPS=29.9  CPU=21.42ms  GPU=12.05ms  Lat=48.381584  GS=409.0kts  (24004 samples)
[ 5318.6s] FPS=31.9  CPU=19.51ms  GPU=11.85ms  Lat=48.399452  GS=408.7kts  (24051 samples)
[ 5328.7s] FPS=28.7  CPU=22.95ms  GPU=11.84ms  Lat=48.417618  GS=409.2kts  (24098 samples)
[ 5338.8s] FPS=28.8  CPU=22.94ms  GPU=11.80ms  Lat=48.435749  GS=409.5kts  (24144 samples)
[ 5348.8s] FPS=30.5  CPU=20.94ms  GPU=11.81ms  Lat=48.453697  GS=409.4kts  (24190 samples)
[ 5359.0s] FPS=30.2  CPU=21.33ms  GPU=11.82ms  Lat=48.471897  GS=409.0kts  (24235 samples)
[ 5369.2s] FPS=29.3  CPU=22.34ms  GPU=11.74ms  Lat=48.490215  GS=408.8kts  (24282 samples)
[ 5379.3s] FPS=29.8  CPU=21.67ms  GPU=11.84ms  Lat=48.508236  GS=408.3kts  (24327 samples)
[ 5389.5s] FPS=29.2  CPU=22.51ms  GPU=11.75ms  Lat=48.526516  GS=408.5kts  (24374 samples)
[ 5399.5s] FPS=29.8  CPU=21.35ms  GPU=12.23ms  Lat=48.544392  GS=408.5kts  (24420 samples)
[ 5409.6s] FPS=29.9  CPU=21.32ms  GPU=12.14ms  Lat=48.562508  GS=408.1kts  (24466 samples)
[ 5419.7s] FPS=29.4  CPU=22.23ms  GPU=11.73ms  Lat=48.580406  GS=407.9kts  (24511 samples)
[ 5429.8s] FPS=30.4  CPU=21.12ms  GPU=11.76ms  Lat=48.598625  GS=407.9kts  (24558 samples)
[ 5439.9s] FPS=29.7  CPU=22.29ms  GPU=11.36ms  Lat=48.616653  GS=408.4kts  (24604 samples)
[ 5450.1s] FPS=30.3  CPU=21.41ms  GPU=11.61ms  Lat=48.634872  GS=408.7kts  (24651 samples)
[ 5460.2s] FPS=29.9  CPU=22.13ms  GPU=11.26ms  Lat=48.653023  GS=408.9kts  (24697 samples)
[ 5470.3s] FPS=30.0  CPU=21.51ms  GPU=11.79ms  Lat=48.671043  GS=408.5kts  (24743 samples)
[ 5480.4s] FPS=29.5  CPU=22.22ms  GPU=11.70ms  Lat=48.689240  GS=408.5kts  (24790 samples)
[ 5490.5s] FPS=29.5  CPU=21.86ms  GPU=12.05ms  Lat=48.707256  GS=408.8kts  (24836 samples)
[ 5500.6s] FPS=30.7  CPU=21.20ms  GPU=11.33ms  Lat=48.725388  GS=408.4kts  (24883 samples)
[ 5510.7s] FPS=29.0  CPU=22.67ms  GPU=11.78ms  Lat=48.743351  GS=408.5kts  (24929 samples)
[ 5520.8s] FPS=30.0  CPU=21.87ms  GPU=11.51ms  Lat=48.761459  GS=408.0kts  (24975 samples)
[ 5531.0s] FPS=29.2  CPU=22.47ms  GPU=11.76ms  Lat=48.779633  GS=407.3kts  (25021 samples)
[ 5541.2s] FPS=29.8  CPU=21.73ms  GPU=11.84ms  Lat=48.797817  GS=407.1kts  (25068 samples)
[ 5551.3s] FPS=29.5  CPU=22.66ms  GPU=11.18ms  Lat=48.815945  GS=407.6kts  (25115 samples)
[ 5561.5s] FPS=29.9  CPU=22.22ms  GPU=11.26ms  Lat=48.834084  GS=407.9kts  (25161 samples)
[ 5571.6s] FPS=29.5  CPU=22.83ms  GPU=11.13ms  Lat=48.852119  GS=407.8kts  (25207 samples)
[ 5581.7s] FPS=31.0  CPU=20.90ms  GPU=11.32ms  Lat=48.870152  GS=408.0kts  (25253 samples)
[ 5591.8s] FPS=29.4  CPU=22.36ms  GPU=11.67ms  Lat=48.888264  GS=408.0kts  (25299 samples)
[ 5601.9s] FPS=30.6  CPU=21.21ms  GPU=11.50ms  Lat=48.906250  GS=408.2kts  (25345 samples)
[ 5612.0s] FPS=29.7  CPU=22.43ms  GPU=11.19ms  Lat=48.924248  GS=407.7kts  (25391 samples)
[ 5622.0s] FPS=28.9  CPU=23.19ms  GPU=11.44ms  Lat=48.942230  GS=408.9kts  (25437 samples)
[ 5632.2s] FPS=30.4  CPU=20.99ms  GPU=11.94ms  Lat=48.960812  GS=410.1kts  (25484 samples)
[ 5642.3s] FPS=29.9  CPU=21.87ms  GPU=11.56ms  Lat=48.979313  GS=411.5kts  (25530 samples)
[ 5652.3s] FPS=29.1  CPU=22.61ms  GPU=11.70ms  Lat=48.997936  GS=412.5kts  (25576 samples)
[ 5662.4s] FPS=29.6  CPU=22.06ms  GPU=11.68ms  Lat=49.016884  GS=413.4kts  (25622 samples)
[ 5672.6s] FPS=29.8  CPU=22.29ms  GPU=11.32ms  Lat=49.036110  GS=413.7kts  (25668 samples)
[ 5682.8s] FPS=29.2  CPU=22.62ms  GPU=11.63ms  Lat=49.055382  GS=414.2kts  (25715 samples)
[ 5692.9s] FPS=30.2  CPU=21.47ms  GPU=11.66ms  Lat=49.074448  GS=413.7kts  (25761 samples)
[ 5703.0s] FPS=29.1  CPU=23.33ms  GPU=11.07ms  Lat=49.093582  GS=413.6kts  (25807 samples)
[ 5713.1s] FPS=30.1  CPU=21.10ms  GPU=12.16ms  Lat=49.112755  GS=414.4kts  (25853 samples)
[ 5723.2s] FPS=28.7  CPU=21.58ms  GPU=13.21ms  Lat=49.132240  GS=414.4kts  (25899 samples)
[ 5733.4s] FPS=29.2  CPU=20.20ms  GPU=14.03ms  Lat=49.151581  GS=413.4kts  (25946 samples)
[ 5743.5s] FPS=29.8  CPU=20.30ms  GPU=13.23ms  Lat=49.170544  GS=411.4kts  (25991 samples)
[ 5753.5s] FPS=29.6  CPU=21.73ms  GPU=12.07ms  Lat=49.189182  GS=409.2kts  (26037 samples)
[ 5763.7s] FPS=30.2  CPU=21.63ms  GPU=11.44ms  Lat=49.207722  GS=408.0kts  (26083 samples)
[ 5773.7s] FPS=28.9  CPU=26.00ms  GPU=8.62ms  Lat=49.225613  GS=406.9kts  (26129 samples)
[ 5783.8s] FPS=30.1  CPU=21.16ms  GPU=12.02ms  Lat=49.243076  GS=405.8kts  (26175 samples)
[ 5793.8s] FPS=28.2  CPU=23.52ms  GPU=11.89ms  Lat=49.259930  GS=404.5kts  (26221 samples)
[ 5803.9s] FPS=29.6  CPU=21.61ms  GPU=12.15ms  Lat=49.276440  GS=403.2kts  (26267 samples)
[ 5814.0s] FPS=29.3  CPU=22.32ms  GPU=11.78ms  Lat=49.292213  GS=401.9kts  (26313 samples)
[ 5824.1s] FPS=19.9  CPU=38.30ms  GPU=11.95ms  Lat=49.307434  GS=401.1kts  (26359 samples)
[ 5834.2s] FPS=24.3  CPU=29.48ms  GPU=11.75ms  Lat=49.321945  GS=400.4kts  (26405 samples)
[ 5844.3s] FPS=19.9  CPU=34.88ms  GPU=15.37ms  Lat=49.335548  GS=400.6kts  (26447 samples)
[ 5854.5s] FPS=81.0  CPU=0.00ms  GPU=17.09ms  Lat=49.349327  GS=399.8kts  (26491 samples)
[ 5864.5s] FPS=29.8  CPU=21.86ms  GPU=11.66ms  Lat=49.362885  GS=399.1kts  (26534 samples)
[ 5874.5s] FPS=29.8  CPU=21.09ms  GPU=12.50ms  Lat=49.376484  GS=399.0kts  (26580 samples)
[ 5884.7s] FPS=29.6  CPU=20.07ms  GPU=13.67ms  Lat=49.390369  GS=399.3kts  (26626 samples)
[ 5894.8s] FPS=31.0  CPU=20.39ms  GPU=11.91ms  Lat=49.403965  GS=399.7kts  (26670 samples)
[ 5904.8s] FPS=19.9  CPU=37.99ms  GPU=12.26ms  Lat=49.416077  GS=400.2kts  (26712 samples)
[ 5915.1s] FPS=72.2  CPU=2.06ms  GPU=11.78ms  Lat=49.430935  GS=400.9kts  (26759 samples)
[ 5925.2s] FPS=29.1  CPU=23.30ms  GPU=11.10ms  Lat=49.444481  GS=399.9kts  (26806 samples)
[ 5935.4s] FPS=29.4  CPU=22.64ms  GPU=11.41ms  Lat=49.458080  GS=399.4kts  (26853 samples)
[ 5945.4s] FPS=30.4  CPU=21.79ms  GPU=11.08ms  Lat=49.471405  GS=399.6kts  (26899 samples)
[ 5955.5s] FPS=28.9  CPU=20.88ms  GPU=13.71ms  Lat=49.485039  GS=399.8kts  (26946 samples)
[ 5965.7s] FPS=30.0  CPU=19.98ms  GPU=13.39ms  Lat=49.498711  GS=400.2kts  (26993 samples)
[ 5975.7s] FPS=29.0  CPU=22.98ms  GPU=11.49ms  Lat=49.512047  GS=400.6kts  (27039 samples)
[ 5985.8s] FPS=30.5  CPU=20.87ms  GPU=11.91ms  Lat=49.525547  GS=400.0kts  (27085 samples)
[ 5995.8s] FPS=29.7  CPU=21.74ms  GPU=11.96ms  Lat=49.538883  GS=399.2kts  (27131 samples)
[ 6005.9s] FPS=29.9  CPU=21.73ms  GPU=11.74ms  Lat=49.552204  GS=399.5kts  (27177 samples)
[ 6016.0s] FPS=30.8  CPU=18.71ms  GPU=13.71ms  Lat=49.565742  GS=400.3kts  (27223 samples)
[ 6026.1s] FPS=28.7  CPU=25.34ms  GPU=9.56ms  Lat=49.579350  GS=401.0kts  (27270 samples)
[ 6036.1s] FPS=30.2  CPU=21.60ms  GPU=11.47ms  Lat=49.592728  GS=400.1kts  (27316 samples)
[ 6046.2s] FPS=29.8  CPU=21.96ms  GPU=11.64ms  Lat=49.606129  GS=399.7kts  (27362 samples)
[ 6056.4s] FPS=29.8  CPU=21.84ms  GPU=11.67ms  Lat=49.619686  GS=400.0kts  (27409 samples)
[ 6066.6s] FPS=30.0  CPU=21.84ms  GPU=11.54ms  Lat=49.633228  GS=400.0kts  (27455 samples)
[ 6076.6s] FPS=29.8  CPU=21.85ms  GPU=11.73ms  Lat=49.646549  GS=399.8kts  (27500 samples)
[ 6086.8s] FPS=29.7  CPU=21.88ms  GPU=11.76ms  Lat=49.660069  GS=399.6kts  (27546 samples)
[ 6096.8s] FPS=19.9  CPU=37.60ms  GPU=12.65ms  Lat=49.673428  GS=399.1kts  (27592 samples)
[ 6106.9s] FPS=29.1  CPU=22.54ms  GPU=11.77ms  Lat=49.686855  GS=398.8kts  (27638 samples)
[ 6117.0s] FPS=28.1  CPU=23.62ms  GPU=11.96ms  Lat=49.700264  GS=399.1kts  (27684 samples)
[ 6127.1s] FPS=29.0  CPU=22.83ms  GPU=11.69ms  Lat=49.713692  GS=399.4kts  (27730 samples)
[ 6137.2s] FPS=29.2  CPU=22.49ms  GPU=11.75ms  Lat=49.726967  GS=399.5kts  (27776 samples)
[ 6147.3s] FPS=29.6  CPU=22.31ms  GPU=11.46ms  Lat=49.740295  GS=399.6kts  (27822 samples)
[ 6157.2s] FPS=30.1  CPU=21.16ms  GPU=12.05ms  Lat=49.753551  GS=399.7kts  (27868 samples)
[ 6167.4s] FPS=29.3  CPU=22.55ms  GPU=11.59ms  Lat=49.766968  GS=400.1kts  (27914 samples)
[ 6177.6s] FPS=30.0  CPU=21.34ms  GPU=12.03ms  Lat=49.780537  GS=400.6kts  (27961 samples)
[ 6187.7s] FPS=30.1  CPU=21.72ms  GPU=11.47ms  Lat=49.793922  GS=400.0kts  (28007 samples)
[ 6197.7s] FPS=29.3  CPU=21.92ms  GPU=12.19ms  Lat=49.807159  GS=400.2kts  (28053 samples)
[ 6207.7s] FPS=29.1  CPU=23.01ms  GPU=11.38ms  Lat=49.820404  GS=399.3kts  (28099 samples)
[ 6217.9s] FPS=29.4  CPU=21.34ms  GPU=12.64ms  Lat=49.833870  GS=398.2kts  (28144 samples)
[ 6228.1s] FPS=29.4  CPU=21.94ms  GPU=12.06ms  Lat=49.847301  GS=397.8kts  (28190 samples)
[ 6238.3s] FPS=29.8  CPU=21.52ms  GPU=12.01ms  Lat=49.860767  GS=398.6kts  (28236 samples)
[ 6248.5s] FPS=30.0  CPU=21.19ms  GPU=12.14ms  Lat=49.874138  GS=398.4kts  (28282 samples)
[ 6258.6s] FPS=30.1  CPU=21.08ms  GPU=12.16ms  Lat=49.887417  GS=398.8kts  (28328 samples)
[ 6268.7s] FPS=29.0  CPU=22.40ms  GPU=12.11ms  Lat=49.900764  GS=398.7kts  (28374 samples)
[ 6278.8s] FPS=30.0  CPU=21.42ms  GPU=11.88ms  Lat=49.914173  GS=398.6kts  (28420 samples)
[ 6288.9s] FPS=29.9  CPU=21.65ms  GPU=11.85ms  Lat=49.927914  GS=399.0kts  (28465 samples)
[ 6299.1s] FPS=30.0  CPU=21.24ms  GPU=12.14ms  Lat=49.942078  GS=399.4kts  (28511 samples)
[ 6309.3s] FPS=30.1  CPU=21.30ms  GPU=11.89ms  Lat=49.956772  GS=400.0kts  (28557 samples)
[ 6319.3s] FPS=29.8  CPU=21.18ms  GPU=12.35ms  Lat=49.971653  GS=401.0kts  (28603 samples)
[ 6329.3s] FPS=28.2  CPU=23.40ms  GPU=12.11ms  Lat=49.986927  GS=401.4kts  (28649 samples)
[ 6339.4s] FPS=64.7  CPU=4.80ms  GPU=10.64ms  Lat=50.002747  GS=402.3kts  (28695 samples)
[ 6349.6s] FPS=29.5  CPU=21.16ms  GPU=12.70ms  Lat=50.018963  GS=402.6kts  (28742 samples)
[ 6359.6s] FPS=30.8  CPU=20.48ms  GPU=11.97ms  Lat=50.035000  GS=401.5kts  (28787 samples)
[ 6369.7s] FPS=19.9  CPU=35.99ms  GPU=14.26ms  Lat=50.050934  GS=400.6kts  (28829 samples)
[ 6380.0s] FPS=56.4  CPU=4.69ms  GPU=13.04ms  Lat=50.067295  GS=401.2kts  (28873 samples)
[ 6390.2s] FPS=34.2  CPU=13.27ms  GPU=16.01ms  Lat=50.083721  GS=400.5kts  (28919 samples)
[ 6400.3s] FPS=29.6  CPU=20.74ms  GPU=13.07ms  Lat=50.099850  GS=400.9kts  (28964 samples)
[ 6410.6s] FPS=29.9  CPU=20.37ms  GPU=13.07ms  Lat=50.116161  GS=401.4kts  (29010 samples)
[ 6420.6s] FPS=27.9  CPU=24.06ms  GPU=11.82ms  Lat=50.132072  GS=401.2kts  (29056 samples)
[ 6430.6s] FPS=29.8  CPU=19.70ms  GPU=13.91ms  Lat=50.148079  GS=401.7kts  (29102 samples)
[ 6440.7s] FPS=29.9  CPU=19.60ms  GPU=13.87ms  Lat=50.164066  GS=402.2kts  (29148 samples)
[ 6450.7s] FPS=29.5  CPU=20.70ms  GPU=13.18ms  Lat=50.180046  GS=402.3kts  (29194 samples)
[ 6460.8s] FPS=27.6  CPU=22.39ms  GPU=13.82ms  Lat=50.196175  GS=401.7kts  (29240 samples)
[ 6470.9s] FPS=19.9  CPU=34.56ms  GPU=15.69ms  Lat=50.212353  GS=401.2kts  (29284 samples)
[ 6481.0s] FPS=30.4  CPU=23.65ms  GPU=9.28ms  Lat=50.228508  GS=401.1kts  (29326 samples)
[ 6491.2s] FPS=30.5  CPU=17.68ms  GPU=15.10ms  Lat=50.244686  GS=400.9kts  (29373 samples)
[ 6501.4s] FPS=29.8  CPU=18.06ms  GPU=15.53ms  Lat=50.260872  GS=401.2kts  (29420 samples)
[ 6511.4s] FPS=30.3  CPU=18.07ms  GPU=14.88ms  Lat=50.276783  GS=400.7kts  (29466 samples)
[ 6521.6s] FPS=29.0  CPU=19.45ms  GPU=15.04ms  Lat=50.292889  GS=400.4kts  (29512 samples)
[ 6531.8s] FPS=29.3  CPU=18.67ms  GPU=15.47ms  Lat=50.309093  GS=400.4kts  (29559 samples)
[ 6541.9s] FPS=54.3  CPU=2.82ms  GPU=15.58ms  Lat=50.325169  GS=400.9kts  (29606 samples)
[ 6552.1s] FPS=29.9  CPU=17.81ms  GPU=15.67ms  Lat=50.341179  GS=401.1kts  (29652 samples)
[ 6562.1s] FPS=32.0  CPU=16.29ms  GPU=14.96ms  Lat=50.357124  GS=401.8kts  (29698 samples)
[ 6572.2s] FPS=30.2  CPU=18.51ms  GPU=14.65ms  Lat=50.373146  GS=402.0kts  (29744 samples)
[ 6582.2s] FPS=28.9  CPU=19.28ms  GPU=15.34ms  Lat=50.389149  GS=402.3kts  (29790 samples)
[ 6592.3s] FPS=30.5  CPU=18.23ms  GPU=14.52ms  Lat=50.405102  GS=402.7kts  (29836 samples)
[ 6602.4s] FPS=29.9  CPU=18.02ms  GPU=15.43ms  Lat=50.421173  GS=402.6kts  (29882 samples)
[ 6612.6s] FPS=28.3  CPU=20.73ms  GPU=14.58ms  Lat=50.437370  GS=402.1kts  (29928 samples)
[ 6622.7s] FPS=28.3  CPU=20.00ms  GPU=15.33ms  Lat=50.453491  GS=402.1kts  (29974 samples)
[ 6632.8s] FPS=30.1  CPU=18.30ms  GPU=14.88ms  Lat=50.469570  GS=401.6kts  (30020 samples)
[ 6642.9s] FPS=29.8  CPU=18.11ms  GPU=15.49ms  Lat=50.485638  GS=401.9kts  (30066 samples)
[ 6653.0s] FPS=29.3  CPU=18.95ms  GPU=15.13ms  Lat=50.501587  GS=403.2kts  (30110 samples)
[ 6663.2s] FPS=28.7  CPU=19.65ms  GPU=15.23ms  Lat=50.517841  GS=403.7kts  (30156 samples)
[ 6673.3s] FPS=31.3  CPU=17.42ms  GPU=14.52ms  Lat=50.534031  GS=403.7kts  (30202 samples)
[ 6683.4s] FPS=28.5  CPU=19.92ms  GPU=15.11ms  Lat=50.550152  GS=403.3kts  (30249 samples)
[ 6693.5s] FPS=29.7  CPU=18.39ms  GPU=15.34ms  Lat=50.566254  GS=401.8kts  (30295 samples)
[ 6703.6s] FPS=29.9  CPU=18.77ms  GPU=14.68ms  Lat=50.582249  GS=401.3kts  (30341 samples)
[ 6713.7s] FPS=29.2  CPU=19.06ms  GPU=15.20ms  Lat=50.598248  GS=401.3kts  (30387 samples)
[ 6723.9s] FPS=29.5  CPU=19.24ms  GPU=14.70ms  Lat=50.614334  GS=400.8kts  (30434 samples)
[ 6733.9s] FPS=28.5  CPU=20.72ms  GPU=14.42ms  Lat=50.630154  GS=400.9kts  (30480 samples)
[ 6744.0s] FPS=29.7  CPU=19.16ms  GPU=14.56ms  Lat=50.646118  GS=400.8kts  (30526 samples)
[ 6754.1s] FPS=29.5  CPU=18.84ms  GPU=15.09ms  Lat=50.662067  GS=400.1kts  (30571 samples)
[ 6764.2s] FPS=30.2  CPU=19.07ms  GPU=14.02ms  Lat=50.678101  GS=401.0kts  (30618 samples)
[ 6774.2s] FPS=30.7  CPU=18.94ms  GPU=13.62ms  Lat=50.693913  GS=401.1kts  (30664 samples)
[ 6784.3s] FPS=29.2  CPU=20.15ms  GPU=14.05ms  Lat=50.709892  GS=401.9kts  (30710 samples)
[ 6794.3s] FPS=27.4  CPU=22.07ms  GPU=14.41ms  Lat=50.725971  GS=402.0kts  (30756 samples)
[ 6804.4s] FPS=29.1  CPU=20.19ms  GPU=14.21ms  Lat=50.742104  GS=402.2kts  (30802 samples)
[ 6814.6s] FPS=29.4  CPU=22.11ms  GPU=11.91ms  Lat=50.758190  GS=402.4kts  (30849 samples)
[ 6824.5s] FPS=29.6  CPU=19.22ms  GPU=14.56ms  Lat=50.774090  GS=403.1kts  (30894 samples)
[ 6834.6s] FPS=29.7  CPU=19.66ms  GPU=14.02ms  Lat=50.789986  GS=403.7kts  (30940 samples)
[ 6844.6s] FPS=29.7  CPU=19.19ms  GPU=14.43ms  Lat=50.805939  GS=403.6kts  (30986 samples)
[ 6854.7s] FPS=30.0  CPU=18.99ms  GPU=14.36ms  Lat=50.821964  GS=404.5kts  (31032 samples)
[ 6864.8s] FPS=30.1  CPU=18.80ms  GPU=14.37ms  Lat=50.838150  GS=405.2kts  (31078 samples)
[ 6874.8s] FPS=30.2  CPU=18.98ms  GPU=14.17ms  Lat=50.854095  GS=404.4kts  (31124 samples)
[ 6884.9s] FPS=29.1  CPU=20.23ms  GPU=14.10ms  Lat=50.870148  GS=404.5kts  (31170 samples)
[ 6895.1s] FPS=29.5  CPU=22.73ms  GPU=11.18ms  Lat=50.886379  GS=404.4kts  (31214 samples)
[ 6905.1s] FPS=30.5  CPU=18.93ms  GPU=13.90ms  Lat=50.902363  GS=404.4kts  (31260 samples)
[ 6915.1s] FPS=30.4  CPU=18.81ms  GPU=14.11ms  Lat=50.918373  GS=403.8kts  (31306 samples)
[ 6925.3s] FPS=29.0  CPU=20.09ms  GPU=14.36ms  Lat=50.934498  GS=403.7kts  (31352 samples)
[ 6935.3s] FPS=28.3  CPU=21.10ms  GPU=14.23ms  Lat=50.950485  GS=403.6kts  (31398 samples)
[ 6945.4s] FPS=30.0  CPU=19.05ms  GPU=14.33ms  Lat=50.966591  GS=404.5kts  (31444 samples)
[ 6955.5s] FPS=30.9  CPU=18.89ms  GPU=13.47ms  Lat=50.982613  GS=404.6kts  (31490 samples)
[ 6965.7s] FPS=29.2  CPU=19.97ms  GPU=14.30ms  Lat=50.998718  GS=403.7kts  (31536 samples)
[ 6975.8s] FPS=29.3  CPU=19.69ms  GPU=14.39ms  Lat=51.014915  GS=404.4kts  (31582 samples)
[ 6986.0s] FPS=30.1  CPU=18.98ms  GPU=14.21ms  Lat=51.031002  GS=405.0kts  (31628 samples)
[ 6996.1s] FPS=29.7  CPU=19.42ms  GPU=14.27ms  Lat=51.047215  GS=405.1kts  (31675 samples)
[ 7006.2s] FPS=30.0  CPU=19.41ms  GPU=13.89ms  Lat=51.063328  GS=405.2kts  (31721 samples)
[ 7016.4s] FPS=29.5  CPU=19.49ms  GPU=14.40ms  Lat=51.079575  GS=405.9kts  (31768 samples)
[ 7026.5s] FPS=30.1  CPU=19.40ms  GPU=13.78ms  Lat=51.095703  GS=406.9kts  (31814 samples)
[ 7036.6s] FPS=19.9  CPU=36.07ms  GPU=14.19ms  Lat=51.111858  GS=406.3kts  (31860 samples)
[ 7046.8s] FPS=26.0  CPU=23.32ms  GPU=15.14ms  Lat=51.128498  GS=404.4kts  (31907 samples)
[ 7056.8s] FPS=30.1  CPU=19.01ms  GPU=14.22ms  Lat=51.144707  GS=404.7kts  (31953 samples)
[ 7066.9s] FPS=28.9  CPU=16.82ms  GPU=17.73ms  Lat=51.160793  GS=405.8kts  (31997 samples)
[ 7076.9s] FPS=30.1  CPU=16.61ms  GPU=16.66ms  Lat=51.176861  GS=407.0kts  (32043 samples)
[ 7087.0s] FPS=30.0  CPU=18.02ms  GPU=15.36ms  Lat=51.193130  GS=407.7kts  (32089 samples)
[ 7097.1s] FPS=28.6  CPU=18.77ms  GPU=16.14ms  Lat=51.209370  GS=407.3kts  (32135 samples)
[ 7107.3s] FPS=29.2  CPU=19.14ms  GPU=15.10ms  Lat=51.225750  GS=407.7kts  (32182 samples)
[ 7117.4s] FPS=27.4  CPU=20.84ms  GPU=15.63ms  Lat=51.241955  GS=408.5kts  (32228 samples)
[ 7127.6s] FPS=29.9  CPU=18.04ms  GPU=15.42ms  Lat=51.258358  GS=407.8kts  (32274 samples)
[ 7137.8s] FPS=29.5  CPU=18.58ms  GPU=15.32ms  Lat=51.274742  GS=407.3kts  (32321 samples)
[ 7147.8s] FPS=29.9  CPU=18.50ms  GPU=14.94ms  Lat=51.290806  GS=407.0kts  (32367 samples)
[ 7157.9s] FPS=31.3  CPU=16.94ms  GPU=15.06ms  Lat=51.306816  GS=406.8kts  (32413 samples)
[ 7168.0s] FPS=29.8  CPU=18.18ms  GPU=15.40ms  Lat=51.323029  GS=406.2kts  (32459 samples)
[ 7178.2s] FPS=29.8  CPU=18.22ms  GPU=15.30ms  Lat=51.339203  GS=406.4kts  (32505 samples)
[ 7188.3s] FPS=29.5  CPU=19.15ms  GPU=14.77ms  Lat=51.355301  GS=406.3kts  (32550 samples)
[ 7198.3s] FPS=28.3  CPU=20.02ms  GPU=15.31ms  Lat=51.371300  GS=406.8kts  (32595 samples)
[ 7208.4s] FPS=29.2  CPU=18.61ms  GPU=15.61ms  Lat=51.387321  GS=407.7kts  (32641 samples)
[ 7218.4s] FPS=30.2  CPU=17.91ms  GPU=15.16ms  Lat=51.403519  GS=408.1kts  (32687 samples)
[ 7228.5s] FPS=29.0  CPU=19.11ms  GPU=15.31ms  Lat=51.419624  GS=408.4kts  (32734 samples)
[ 7238.6s] FPS=28.8  CPU=19.58ms  GPU=15.18ms  Lat=51.435688  GS=408.8kts  (32781 samples)
[ 7248.8s] FPS=30.1  CPU=18.07ms  GPU=15.13ms  Lat=51.452030  GS=408.9kts  (32828 samples)
[ 7259.0s] FPS=29.7  CPU=19.02ms  GPU=14.69ms  Lat=51.468616  GS=408.4kts  (32875 samples)
[ 7269.2s] FPS=30.8  CPU=17.48ms  GPU=14.95ms  Lat=51.485523  GS=408.4kts  (32921 samples)
[ 7279.2s] FPS=29.7  CPU=18.43ms  GPU=15.26ms  Lat=51.502415  GS=409.4kts  (32967 samples)
[ 7289.4s] FPS=28.6  CPU=20.05ms  GPU=14.90ms  Lat=51.519638  GS=409.0kts  (33014 samples)
[ 7299.3s] FPS=29.8  CPU=19.22ms  GPU=14.34ms  Lat=51.536762  GS=408.0kts  (33060 samples)
[ 7309.4s] FPS=29.4  CPU=19.27ms  GPU=14.75ms  Lat=51.553898  GS=407.4kts  (33106 samples)
[ 7319.4s] FPS=28.3  CPU=20.31ms  GPU=14.98ms  Lat=51.571033  GS=407.5kts  (33152 samples)
[ 7329.5s] FPS=29.8  CPU=18.89ms  GPU=14.65ms  Lat=51.588348  GS=407.8kts  (33198 samples)
[ 7339.6s] FPS=29.9  CPU=18.55ms  GPU=14.93ms  Lat=51.605553  GS=408.3kts  (33243 samples)
[ 7349.8s] FPS=30.1  CPU=18.37ms  GPU=14.86ms  Lat=51.622902  GS=409.4kts  (33288 samples)
[ 7359.8s] FPS=30.9  CPU=17.71ms  GPU=14.69ms  Lat=51.640194  GS=410.8kts  (33334 samples)
[ 7369.9s] FPS=29.2  CPU=20.34ms  GPU=13.89ms  Lat=51.657543  GS=411.6kts  (33379 samples)
[ 7379.9s] FPS=29.9  CPU=19.71ms  GPU=13.78ms  Lat=51.674812  GS=411.5kts  (33424 samples)
[ 7389.9s] FPS=29.9  CPU=19.84ms  GPU=13.66ms  Lat=51.692093  GS=410.8kts  (33469 samples)
[ 7400.0s] FPS=29.8  CPU=19.14ms  GPU=14.45ms  Lat=51.709385  GS=409.9kts  (33515 samples)
[ 7410.1s] FPS=29.9  CPU=19.07ms  GPU=14.41ms  Lat=51.726654  GS=409.6kts  (33561 samples)
[ 7420.1s] FPS=29.9  CPU=19.78ms  GPU=13.65ms  Lat=51.743801  GS=409.5kts  (33606 samples)
[ 7430.3s] FPS=29.3  CPU=20.23ms  GPU=13.88ms  Lat=51.761337  GS=409.5kts  (33653 samples)
[ 7440.4s] FPS=29.2  CPU=20.78ms  GPU=13.44ms  Lat=51.778553  GS=409.9kts  (33699 samples)
[ 7450.4s] FPS=29.4  CPU=20.30ms  GPU=13.76ms  Lat=51.795834  GS=410.7kts  (33744 samples)
[ 7460.6s] FPS=29.5  CPU=20.44ms  GPU=13.42ms  Lat=51.813381  GS=411.8kts  (33791 samples)
[ 7470.8s] FPS=30.0  CPU=20.04ms  GPU=13.24ms  Lat=51.830940  GS=412.8kts  (33837 samples)
[ 7480.9s] FPS=29.7  CPU=20.40ms  GPU=13.27ms  Lat=51.848446  GS=412.8kts  (33884 samples)
[ 7491.0s] FPS=29.7  CPU=20.46ms  GPU=13.17ms  Lat=51.865856  GS=412.3kts  (33930 samples)
[ 7501.1s] FPS=30.0  CPU=20.81ms  GPU=12.56ms  Lat=51.883327  GS=412.2kts  (33976 samples)
[ 7511.2s] FPS=29.8  CPU=21.11ms  GPU=12.44ms  Lat=51.900642  GS=412.2kts  (34022 samples)
[ 7521.3s] FPS=30.0  CPU=20.92ms  GPU=12.44ms  Lat=51.918083  GS=412.3kts  (34068 samples)
[ 7531.3s] FPS=30.5  CPU=20.20ms  GPU=12.60ms  Lat=51.935425  GS=412.0kts  (34114 samples)
[ 7541.4s] FPS=30.0  CPU=20.68ms  GPU=12.64ms  Lat=51.952824  GS=412.1kts  (34160 samples)
[ 7551.5s] FPS=29.6  CPU=21.32ms  GPU=12.44ms  Lat=51.970211  GS=411.3kts  (34206 samples)
[ 7561.6s] FPS=31.6  CPU=19.15ms  GPU=12.50ms  Lat=51.987572  GS=411.4kts  (34252 samples)
[ 7571.7s] FPS=29.0  CPU=21.92ms  GPU=12.62ms  Lat=52.005043  GS=412.4kts  (34298 samples)
[ 7581.8s] FPS=30.1  CPU=20.33ms  GPU=12.89ms  Lat=52.022526  GS=413.5kts  (34344 samples)
[ 7591.9s] FPS=29.7  CPU=20.49ms  GPU=13.18ms  Lat=52.040012  GS=414.5kts  (34390 samples)
[ 7602.1s] FPS=29.8  CPU=20.51ms  GPU=13.09ms  Lat=52.057613  GS=414.8kts  (34436 samples)
[ 7612.3s] FPS=30.1  CPU=20.79ms  GPU=12.48ms  Lat=52.075245  GS=413.3kts  (34483 samples)
[ 7622.4s] FPS=29.4  CPU=21.55ms  GPU=12.41ms  Lat=52.092579  GS=412.3kts  (34529 samples)
[ 7632.4s] FPS=29.9  CPU=21.16ms  GPU=12.27ms  Lat=52.109913  GS=412.3kts  (34575 samples)
[ 7642.5s] FPS=30.1  CPU=20.71ms  GPU=12.48ms  Lat=52.127415  GS=412.4kts  (34621 samples)
[ 7652.8s] FPS=24.9  CPU=27.33ms  GPU=12.89ms  Lat=52.145031  GS=412.4kts  (34667 samples)
[ 7663.0s] FPS=28.7  CPU=21.93ms  GPU=12.86ms  Lat=52.162594  GS=412.0kts  (34714 samples)
[ 7673.0s] FPS=29.6  CPU=20.17ms  GPU=13.67ms  Lat=52.180130  GS=411.5kts  (34760 samples)
[ 7683.2s] FPS=30.3  CPU=19.71ms  GPU=13.25ms  Lat=52.195759  GS=412.4kts  (34802 samples)
[ 7693.3s] FPS=30.0  CPU=20.16ms  GPU=13.14ms  Lat=52.213242  GS=413.5kts  (34848 samples)
[ 7703.3s] FPS=29.7  CPU=20.72ms  GPU=12.91ms  Lat=52.230633  GS=414.0kts  (34894 samples)
[ 7713.3s] FPS=29.7  CPU=20.75ms  GPU=12.95ms  Lat=52.247921  GS=414.3kts  (34940 samples)
[ 7723.4s] FPS=29.9  CPU=20.71ms  GPU=12.68ms  Lat=52.265278  GS=414.2kts  (34986 samples)
[ 7733.5s] FPS=30.2  CPU=20.72ms  GPU=12.37ms  Lat=52.282799  GS=414.4kts  (35033 samples)
[ 7743.6s] FPS=29.5  CPU=21.34ms  GPU=12.61ms  Lat=52.300293  GS=414.3kts  (35079 samples)
[ 7753.6s] FPS=30.4  CPU=19.99ms  GPU=12.91ms  Lat=52.317669  GS=414.5kts  (35125 samples)
[ 7763.6s] FPS=19.9  CPU=38.40ms  GPU=11.85ms  Lat=52.335148  GS=413.9kts  (35170 samples)
[ 7773.6s] FPS=19.9  CPU=31.47ms  GPU=18.78ms  Lat=52.352627  GS=413.4kts  (35214 samples)
[ 7783.8s] FPS=30.8  CPU=19.50ms  GPU=12.97ms  Lat=52.370518  GS=413.5kts  (35260 samples)
[ 7793.8s] FPS=34.6  CPU=16.07ms  GPU=12.84ms  Lat=52.387897  GS=413.6kts  (35307 samples)
[ 7804.0s] FPS=30.2  CPU=20.94ms  GPU=12.14ms  Lat=52.405403  GS=413.1kts  (35353 samples)
[ 7814.0s] FPS=29.4  CPU=21.48ms  GPU=12.56ms  Lat=52.422718  GS=413.7kts  (35398 samples)
[ 7824.2s] FPS=29.1  CPU=21.70ms  GPU=12.65ms  Lat=52.440231  GS=414.2kts  (35444 samples)
[ 7834.2s] FPS=29.6  CPU=21.09ms  GPU=12.70ms  Lat=52.457634  GS=414.4kts  (35490 samples)
[ 7844.3s] FPS=29.4  CPU=21.26ms  GPU=12.76ms  Lat=52.474644  GS=414.5kts  (35536 samples)
[ 7854.4s] FPS=29.1  CPU=21.57ms  GPU=12.83ms  Lat=52.491245  GS=413.9kts  (35582 samples)
[ 7864.5s] FPS=28.0  CPU=23.16ms  GPU=12.53ms  Lat=52.507423  GS=413.4kts  (35627 samples)
[ 7874.5s] FPS=29.8  CPU=21.39ms  GPU=12.18ms  Lat=52.523010  GS=414.0kts  (35673 samples)
[ 7884.7s] FPS=30.9  CPU=19.77ms  GPU=12.56ms  Lat=52.538223  GS=413.4kts  (35719 samples)
[ 7894.7s] FPS=30.8  CPU=20.12ms  GPU=12.35ms  Lat=52.552734  GS=412.8kts  (35765 samples)
[ 7904.9s] FPS=29.9  CPU=20.49ms  GPU=12.99ms  Lat=52.566921  GS=413.7kts  (35812 samples)
[ 7915.0s] FPS=30.7  CPU=20.01ms  GPU=12.53ms  Lat=52.580368  GS=414.7kts  (35859 samples)
[ 7925.2s] FPS=30.0  CPU=20.35ms  GPU=12.98ms  Lat=52.593300  GS=415.4kts  (35905 samples)
[ 7935.3s] FPS=29.7  CPU=20.91ms  GPU=12.73ms  Lat=52.605656  GS=416.0kts  (35951 samples)
[ 7945.4s] FPS=30.0  CPU=20.67ms  GPU=12.69ms  Lat=52.617733  GS=415.4kts  (35997 samples)
[ 7955.5s] FPS=30.8  CPU=19.89ms  GPU=12.58ms  Lat=52.629799  GS=414.6kts  (36044 samples)
[ 7965.6s] FPS=29.8  CPU=20.88ms  GPU=12.73ms  Lat=52.641693  GS=414.6kts  (36090 samples)
[ 7975.7s] FPS=29.4  CPU=21.13ms  GPU=12.83ms  Lat=52.653530  GS=408.3kts  (36136 samples)
[ 7985.8s] FPS=30.0  CPU=21.00ms  GPU=12.32ms  Lat=52.665119  GS=397.1kts  (36182 samples)
[ 7996.0s] FPS=30.1  CPU=20.86ms  GPU=12.40ms  Lat=52.676537  GS=387.9kts  (36229 samples)
[ 8006.1s] FPS=30.1  CPU=20.95ms  GPU=12.30ms  Lat=52.687672  GS=385.7kts  (36275 samples)
[ 8016.2s] FPS=30.1  CPU=21.10ms  GPU=12.10ms  Lat=52.698589  GS=385.3kts  (36321 samples)
[ 8026.4s] FPS=30.1  CPU=20.84ms  GPU=12.42ms  Lat=52.709007  GS=386.4kts  (36367 samples)
[ 8036.5s] FPS=29.7  CPU=21.47ms  GPU=12.18ms  Lat=52.718830  GS=388.1kts  (36413 samples)
[ 8046.5s] FPS=29.5  CPU=21.52ms  GPU=12.34ms  Lat=52.728119  GS=388.8kts  (36458 samples)
[ 8056.7s] FPS=28.9  CPU=22.16ms  GPU=12.49ms  Lat=52.736958  GS=389.2kts  (36504 samples)
[ 8066.8s] FPS=30.3  CPU=20.68ms  GPU=12.32ms  Lat=52.745262  GS=389.8kts  (36550 samples)
[ 8076.9s] FPS=29.4  CPU=22.06ms  GPU=11.96ms  Lat=52.752880  GS=390.4kts  (36596 samples)
[ 8087.0s] FPS=29.9  CPU=21.46ms  GPU=12.00ms  Lat=52.759853  GS=390.8kts  (36642 samples)
[ 8097.1s] FPS=30.9  CPU=20.72ms  GPU=11.61ms  Lat=52.766277  GS=390.8kts  (36688 samples)
[ 8107.3s] FPS=29.1  CPU=22.81ms  GPU=11.58ms  Lat=52.772503  GS=390.3kts  (36735 samples)
[ 8117.4s] FPS=29.5  CPU=22.12ms  GPU=11.80ms  Lat=52.778625  GS=390.0kts  (36781 samples)
[ 8127.4s] FPS=29.5  CPU=22.17ms  GPU=11.73ms  Lat=52.784653  GS=388.2kts  (36827 samples)
[ 8137.5s] FPS=30.1  CPU=21.27ms  GPU=12.00ms  Lat=52.790642  GS=389.5kts  (36873 samples)
[ 8147.5s] FPS=30.0  CPU=21.20ms  GPU=12.15ms  Lat=52.796665  GS=395.3kts  (36919 samples)
[ 8157.5s] FPS=29.2  CPU=21.98ms  GPU=12.26ms  Lat=52.802799  GS=402.2kts  (36965 samples)
[ 8167.7s] FPS=30.2  CPU=20.93ms  GPU=12.18ms  Lat=52.809105  GS=406.4kts  (37012 samples)
[ 8177.8s] FPS=27.9  CPU=23.18ms  GPU=12.65ms  Lat=52.815422  GS=408.4kts  (37058 samples)
[ 8187.9s] FPS=29.6  CPU=21.13ms  GPU=12.70ms  Lat=52.821743  GS=409.9kts  (37104 samples)
[ 8197.9s] FPS=29.7  CPU=21.39ms  GPU=12.32ms  Lat=52.828041  GS=411.0kts  (37150 samples)
[ 8208.1s] FPS=29.2  CPU=22.15ms  GPU=12.10ms  Lat=52.834419  GS=410.8kts  (37196 samples)
[ 8218.2s] FPS=29.8  CPU=18.53ms  GPU=15.01ms  Lat=52.840874  GS=410.7kts  (37242 samples)
[ 8228.4s] FPS=29.2  CPU=22.16ms  GPU=12.04ms  Lat=52.847359  GS=411.2kts  (37288 samples)
[ 8238.5s] FPS=29.5  CPU=20.72ms  GPU=13.19ms  Lat=52.853165  GS=414.9kts  (37334 samples)
[ 8248.5s] FPS=29.3  CPU=21.14ms  GPU=12.96ms  Lat=52.857056  GS=419.5kts  (37380 samples)
[ 8258.6s] FPS=33.3  CPU=17.26ms  GPU=12.81ms  Lat=52.859894  GS=421.3kts  (37425 samples)
[ 8268.8s] FPS=30.0  CPU=20.46ms  GPU=12.83ms  Lat=52.862522  GS=422.8kts  (37472 samples)
[ 8278.8s] FPS=30.2  CPU=19.93ms  GPU=13.18ms  Lat=52.865059  GS=424.6kts  (37517 samples)
[ 8288.9s] FPS=28.6  CPU=18.75ms  GPU=16.19ms  Lat=52.867561  GS=426.8kts  (37558 samples)
[ 8299.1s] FPS=19.9  CPU=31.50ms  GPU=18.75ms  Lat=52.870136  GS=428.7kts  (37602 samples)
[ 8309.3s] FPS=19.9  CPU=31.83ms  GPU=18.42ms  Lat=52.872704  GS=430.2kts  (37645 samples)
[ 8319.5s] FPS=38.7  CPU=10.45ms  GPU=15.42ms  Lat=52.875317  GS=430.2kts  (37689 samples)
[ 8329.5s] FPS=30.5  CPU=20.06ms  GPU=12.75ms  Lat=52.877853  GS=426.7kts  (37735 samples)
[ 8339.7s] FPS=29.9  CPU=20.76ms  GPU=12.71ms  Lat=52.880383  GS=421.5kts  (37781 samples)
[ 8349.9s] FPS=29.9  CPU=20.12ms  GPU=13.28ms  Lat=52.882885  GS=416.9kts  (37828 samples)
[ 8360.0s] FPS=30.0  CPU=20.11ms  GPU=13.26ms  Lat=52.885361  GS=413.2kts  (37874 samples)
[ 8370.2s] FPS=29.2  CPU=21.02ms  GPU=13.23ms  Lat=52.887806  GS=410.0kts  (37920 samples)
[ 8380.3s] FPS=30.1  CPU=20.28ms  GPU=12.96ms  Lat=52.890228  GS=404.9kts  (37966 samples)
[ 8390.5s] FPS=30.3  CPU=19.90ms  GPU=13.13ms  Lat=52.892639  GS=404.8kts  (38012 samples)
[ 8400.6s] FPS=29.4  CPU=20.91ms  GPU=13.09ms  Lat=52.895042  GS=406.3kts  (38058 samples)
[ 8410.7s] FPS=30.2  CPU=20.00ms  GPU=13.09ms  Lat=52.897484  GS=415.2kts  (38104 samples)
[ 8420.9s] FPS=30.6  CPU=19.78ms  GPU=12.93ms  Lat=52.900005  GS=423.7kts  (38150 samples)
[ 8431.0s] FPS=31.5  CPU=19.13ms  GPU=12.59ms  Lat=52.902550  GS=429.7kts  (38197 samples)
[ 8441.2s] FPS=28.8  CPU=21.63ms  GPU=13.11ms  Lat=52.905098  GS=433.1kts  (38243 samples)
[ 8451.3s] FPS=30.3  CPU=20.44ms  GPU=12.53ms  Lat=52.907635  GS=434.5kts  (38289 samples)
[ 8461.5s] FPS=29.8  CPU=20.61ms  GPU=12.98ms  Lat=52.910156  GS=434.1kts  (38335 samples)
[ 8471.6s] FPS=29.8  CPU=20.32ms  GPU=13.24ms  Lat=52.912655  GS=432.7kts  (38381 samples)
[ 8481.8s] FPS=29.6  CPU=20.98ms  GPU=12.81ms  Lat=52.915154  GS=432.5kts  (38427 samples)
[ 8492.0s] FPS=30.6  CPU=19.94ms  GPU=12.72ms  Lat=52.917652  GS=432.8kts  (38473 samples)
[ 8502.1s] FPS=30.1  CPU=20.71ms  GPU=12.56ms  Lat=52.920097  GS=430.8kts  (38519 samples)
[ 8512.2s] FPS=30.8  CPU=19.85ms  GPU=12.63ms  Lat=52.922516  GS=425.6kts  (38565 samples)
[ 8522.4s] FPS=30.1  CPU=20.68ms  GPU=12.51ms  Lat=52.924911  GS=421.3kts  (38612 samples)
[ 8532.5s] FPS=29.3  CPU=21.71ms  GPU=12.44ms  Lat=52.927330  GS=419.9kts  (38658 samples)
[ 8542.5s] FPS=30.3  CPU=20.30ms  GPU=12.69ms  Lat=52.929714  GS=419.5kts  (38704 samples)
[ 8552.6s] FPS=31.0  CPU=17.86ms  GPU=14.44ms  Lat=52.932095  GS=417.5kts  (38750 samples)
[ 8562.8s] FPS=28.9  CPU=21.72ms  GPU=12.88ms  Lat=52.934452  GS=413.7kts  (38796 samples)
[ 8572.8s] FPS=30.1  CPU=20.29ms  GPU=12.97ms  Lat=52.936733  GS=410.2kts  (38842 samples)
[ 8583.0s] FPS=30.4  CPU=19.86ms  GPU=13.09ms  Lat=52.938995  GS=407.3kts  (38888 samples)
[ 8593.1s] FPS=29.5  CPU=20.66ms  GPU=13.27ms  Lat=52.941257  GS=404.8kts  (38933 samples)
[ 8603.3s] FPS=29.2  CPU=21.25ms  GPU=12.97ms  Lat=52.943478  GS=403.0kts  (38979 samples)
[ 8613.4s] FPS=29.2  CPU=20.76ms  GPU=13.45ms  Lat=52.945705  GS=400.6kts  (39025 samples)
[ 8623.7s] FPS=29.5  CPU=20.41ms  GPU=13.49ms  Lat=52.947922  GS=397.2kts  (39073 samples)
[ 8633.8s] FPS=29.0  CPU=21.82ms  GPU=12.63ms  Lat=52.950058  GS=394.0kts  (39119 samples)
[ 8643.9s] FPS=30.0  CPU=20.12ms  GPU=13.25ms  Lat=52.952187  GS=390.8kts  (39165 samples)
[ 8654.0s] FPS=29.8  CPU=20.06ms  GPU=13.52ms  Lat=52.954288  GS=388.0kts  (39211 samples)
[ 8664.1s] FPS=30.4  CPU=19.16ms  GPU=13.72ms  Lat=52.956383  GS=386.2kts  (39257 samples)
[ 8674.1s] FPS=30.4  CPU=19.55ms  GPU=13.33ms  Lat=52.958450  GS=384.1kts  (39303 samples)
[ 8684.3s] FPS=30.1  CPU=19.40ms  GPU=13.81ms  Lat=52.960518  GS=381.8kts  (39350 samples)
[ 8694.4s] FPS=29.8  CPU=19.38ms  GPU=14.18ms  Lat=52.962563  GS=380.4kts  (39396 samples)

Done. 39419 samples in 8699.8s (4.5 Hz) → monitoring/run_AD/xplane_telemetry.csv
