WARNING: BPFTRACE_MAP_KEYS_MAX is deprecated. Use BPFTRACE_MAX_MAP_KEYS instead.
Attaching 4 probes...
08:05:05 KSWAPD_WAKE nid=0 order=0
08:05:05 KSWAPD_SLEEP nid=0
08:06:11 KSWAPD_WAKE nid=0 order=6
08:06:12 KSWAPD_WAKE nid=0 order=6
08:06:12 KSWAPD_SLEEP nid=0
08:06:16 KSWAPD_WAKE nid=0 order=0
08:06:16 KSWAPD_WAKE nid=0 order=4
08:06:17 KSWAPD_SLEEP nid=0
08:06:18 KSWAPD_WAKE nid=0 order=0
08:06:19 KSWAPD_WAKE nid=0 order=0
08:06:19 KSWAPD_SLEEP nid=0
08:06:20 KSWAPD_WAKE nid=0 order=0
08:06:20 KSWAPD_WAKE nid=0 order=0
08:06:21 KSWAPD_SLEEP nid=0
08:06:23 KSWAPD_WAKE nid=0 order=2
08:06:23 KSWAPD_SLEEP nid=0
08:06:27 KSWAPD_WAKE nid=0 order=0
08:06:28 KSWAPD_SLEEP nid=0
08:06:32 KSWAPD_WAKE nid=0 order=0
08:06:32 KSWAPD_SLEEP nid=0
08:06:33 KSWAPD_WAKE nid=0 order=2
08:06:34 KSWAPD_SLEEP nid=0
08:06:34 KSWAPD_WAKE nid=0 order=3
08:06:35 KSWAPD_SLEEP nid=0
08:06:37 KSWAPD_WAKE nid=0 order=0
08:06:37 KSWAPD_SLEEP nid=0
08:06:47 KSWAPD_WAKE nid=0 order=0
08:06:49 KSWAPD_SLEEP nid=0
08:06:50 KSWAPD_WAKE nid=0 order=4
08:06:50 KSWAPD_SLEEP nid=0
08:06:53 KSWAPD_WAKE nid=0 order=0
08:06:54 KSWAPD_SLEEP nid=0
08:06:55 KSWAPD_WAKE nid=0 order=0
08:06:56 KSWAPD_WAKE nid=0 order=0
08:06:56 KSWAPD_SLEEP nid=0
08:07:20 KSWAPD_WAKE nid=0 order=0
08:07:20 KSWAPD_SLEEP nid=0
08:07:25 KSWAPD_WAKE nid=0 order=0
08:07:26 KSWAPD_SLEEP nid=0
08:07:27 KSWAPD_WAKE nid=0 order=0
08:07:27 KSWAPD_SLEEP nid=0
08:07:29 KSWAPD_WAKE nid=0 order=2
08:07:30 KSWAPD_WAKE nid=0 order=0
08:07:31 KSWAPD_SLEEP nid=0
08:07:38 KSWAPD_WAKE nid=0 order=0
08:07:39 KSWAPD_WAKE nid=0 order=0
08:07:40 KSWAPD_SLEEP nid=0
08:07:57 KSWAPD_WAKE nid=0 order=0
08:07:58 KSWAPD_SLEEP nid=0
08:07:59 KSWAPD_WAKE nid=0 order=0
08:07:59 KSWAPD_SLEEP nid=0
08:08:12 KSWAPD_WAKE nid=0 order=0
08:08:12 KSWAPD_SLEEP nid=0
08:08:21 KSWAPD_WAKE nid=0 order=2
08:08:22 pid=15082 comm=Main Thread reclaim_us=100 nr_reclaimed=76
08:08:22 pid=15082 comm=Main Thread reclaim_us=10 nr_reclaimed=38
08:08:22 pid=15082 comm=Main Thread reclaim_us=68 nr_reclaimed=64
08:08:22 pid=15082 comm=Main Thread reclaim_us=77 nr_reclaimed=76
08:08:22 pid=15082 comm=Main Thread reclaim_us=53 nr_reclaimed=64
08:08:22 pid=15082 comm=Main Thread reclaim_us=66 nr_reclaimed=76
08:08:22 pid=15082 comm=Main Thread reclaim_us=71 nr_reclaimed=76
08:08:22 pid=15082 comm=Main Thread reclaim_us=9 nr_reclaimed=48
08:08:22 pid=15082 comm=Main Thread reclaim_us=79 nr_reclaimed=77
08:08:22 pid=15082 comm=Main Thread reclaim_us=94 nr_reclaimed=76
08:08:22 pid=15082 comm=Main Thread reclaim_us=116 nr_reclaimed=90
08:08:22 pid=15082 comm=Main Thread reclaim_us=5 nr_reclaimed=64
08:08:22 pid=15082 comm=Main Thread reclaim_us=5 nr_reclaimed=64
08:08:22 pid=15082 comm=Main Thread reclaim_us=7 nr_reclaimed=64
08:08:22 pid=15082 comm=Main Thread reclaim_us=7 nr_reclaimed=64
08:08:22 pid=15082 comm=Main Thread reclaim_us=6 nr_reclaimed=64
08:08:22 pid=15082 comm=Main Thread reclaim_us=2 nr_reclaimed=64
08:08:22 pid=15082 comm=Main Thread reclaim_us=3 nr_reclaimed=64
08:08:22 pid=15082 comm=Main Thread reclaim_us=12 nr_reclaimed=35
08:08:22 pid=15082 comm=Main Thread reclaim_us=62 nr_reclaimed=64
08:08:22 pid=15082 comm=Main Thread reclaim_us=71 nr_reclaimed=65
08:08:22 pid=15082 comm=Main Thread reclaim_us=51 nr_reclaimed=77
08:08:22 pid=15082 comm=Main Thread reclaim_us=56 nr_reclaimed=76
08:08:22 pid=15082 comm=Main Thread reclaim_us=47 nr_reclaimed=76
08:08:22 pid=15082 comm=Main Thread reclaim_us=68 nr_reclaimed=77
08:08:22 pid=15082 comm=Main Thread reclaim_us=70 nr_reclaimed=88
08:08:22 pid=15082 comm=Main Thread reclaim_us=6 nr_reclaimed=48
08:08:22 pid=15082 comm=Main Thread reclaim_us=8 nr_reclaimed=64
08:08:22 pid=15082 comm=Main Thread reclaim_us=10 nr_reclaimed=64
08:08:22 pid=15082 comm=Main Thread reclaim_us=70 nr_reclaimed=67
08:08:22 pid=15082 comm=Main Thread reclaim_us=3 nr_reclaimed=64
08:08:22 pid=15082 comm=Main Thread reclaim_us=4 nr_reclaimed=64
08:08:22 pid=15082 comm=Main Thread reclaim_us=2 nr_reclaimed=64
08:08:22 pid=15082 comm=Main Thread reclaim_us=62 nr_reclaimed=65
08:08:22 pid=15082 comm=Main Thread reclaim_us=69 nr_reclaimed=64
08:08:22 pid=15082 comm=Main Thread reclaim_us=4 nr_reclaimed=64
08:08:22 pid=15082 comm=Main Thread reclaim_us=5 nr_reclaimed=64
08:08:22 pid=15082 comm=Main Thread reclaim_us=50 nr_reclaimed=64
08:08:22 pid=15082 comm=Main Thread reclaim_us=54 nr_reclaimed=64
08:08:22 pid=15082 comm=Main Thread reclaim_us=76 nr_reclaimed=84
08:08:22 pid=15082 comm=Main Thread reclaim_us=56 nr_reclaimed=76
08:08:22 pid=15082 comm=Main Thread reclaim_us=64 nr_reclaimed=76
08:08:22 pid=15082 comm=Main Thread reclaim_us=52 nr_reclaimed=76
08:08:22 pid=15082 comm=Main Thread reclaim_us=58 nr_reclaimed=77
08:08:22 pid=15082 comm=Main Thread reclaim_us=61 nr_reclaimed=85
08:08:22 pid=15082 comm=Main Thread reclaim_us=64 nr_reclaimed=90
08:08:22 pid=15082 comm=Main Thread reclaim_us=66 nr_reclaimed=65
08:08:22 pid=15082 comm=Main Thread reclaim_us=48 nr_reclaimed=67
08:08:22 pid=15082 comm=Main Thread reclaim_us=53 nr_reclaimed=64
08:08:22 pid=15082 comm=Main Thread reclaim_us=60 nr_reclaimed=65
08:08:22 pid=15082 comm=Main Thread reclaim_us=73 nr_reclaimed=65
08:08:22 pid=15082 comm=Main Thread reclaim_us=76 nr_reclaimed=69
08:08:22 pid=8700 comm=tokio-rt-worker reclaim_us=7612 nr_reclaimed=76
08:08:22 pid=15082 comm=Main Thread reclaim_us=19 nr_reclaimed=64
08:08:22 pid=2303 comm=pipewire-pulse reclaim_us=27 nr_reclaimed=70
08:08:22 pid=8700 comm=tokio-rt-worker reclaim_us=21 nr_reclaimed=66
08:08:22 pid=2303 comm=pipewire-pulse reclaim_us=18 nr_reclaimed=66
08:08:22 pid=15082 comm=Main Thread reclaim_us=57 nr_reclaimed=65
08:08:22 pid=8700 comm=tokio-rt-worker reclaim_us=17 nr_reclaimed=65
08:08:22 pid=15082 comm=Main Thread reclaim_us=71 nr_reclaimed=64
08:08:22 pid=15082 comm=Main Thread reclaim_us=71 nr_reclaimed=65
08:08:22 pid=15082 comm=Main Thread reclaim_us=80 nr_reclaimed=65
08:08:22 pid=15082 comm=Main Thread reclaim_us=23 nr_reclaimed=66
08:08:22 pid=15082 comm=Main Thread reclaim_us=20 nr_reclaimed=66
08:08:22 pid=8700 comm=tokio-rt-worker reclaim_us=19 nr_reclaimed=65
08:08:22 pid=8700 comm=tokio-rt-worker reclaim_us=7855 nr_reclaimed=92
08:08:22 pid=15082 comm=Main Thread reclaim_us=19 nr_reclaimed=67
08:08:22 pid=15082 comm=Main Thread reclaim_us=18 nr_reclaimed=45
08:08:22 pid=8700 comm=tokio-rt-worker reclaim_us=12 nr_reclaimed=35
08:08:22 pid=15082 comm=Main Thread reclaim_us=57 nr_reclaimed=64
08:08:22 pid=8700 comm=tokio-rt-worker reclaim_us=19 nr_reclaimed=65
08:08:22 pid=15082 comm=Main Thread reclaim_us=17 nr_reclaimed=66
08:08:22 pid=15082 comm=Main Thread reclaim_us=24 nr_reclaimed=69
08:08:22 pid=15082 comm=Main Thread reclaim_us=27 nr_reclaimed=65
08:08:22 pid=15082 comm=Main Thread reclaim_us=16 nr_reclaimed=66
08:08:22 pid=15082 comm=Main Thread reclaim_us=69 nr_reclaimed=86
08:08:22 pid=15082 comm=Main Thread reclaim_us=67 nr_reclaimed=77
08:08:22 pid=15082 comm=Main Thread reclaim_us=73 nr_reclaimed=77
08:08:22 pid=15082 comm=Main Thread reclaim_us=74 nr_reclaimed=64
08:08:22 pid=15082 comm=Main Thread reclaim_us=24 nr_reclaimed=110
08:08:22 pid=15082 comm=Main Thread reclaim_us=17 nr_reclaimed=65
08:08:22 pid=15082 comm=Main Thread reclaim_us=11 nr_reclaimed=66
08:08:22 pid=15082 comm=Main Thread reclaim_us=54 nr_reclaimed=65
08:08:22 pid=15082 comm=Main Thread reclaim_us=54 nr_reclaimed=64
08:08:22 pid=15082 comm=Main Thread reclaim_us=19 nr_reclaimed=109
08:08:22 pid=15082 comm=Main Thread reclaim_us=53 nr_reclaimed=65
08:08:22 pid=15082 comm=Main Thread reclaim_us=78 nr_reclaimed=81
08:08:22 pid=15082 comm=Main Thread reclaim_us=86 nr_reclaimed=77
08:08:22 pid=15082 comm=Main Thread reclaim_us=20 nr_reclaimed=32
08:08:22 pid=15082 comm=Main Thread reclaim_us=19 nr_reclaimed=51
08:08:22 pid=15082 comm=Main Thread reclaim_us=12 nr_reclaimed=66
08:08:22 pid=15082 comm=Main Thread reclaim_us=86 nr_reclaimed=77
08:08:22 pid=15082 comm=Main Thread reclaim_us=84 nr_reclaimed=76
08:08:22 pid=15082 comm=Main Thread reclaim_us=61 nr_reclaimed=65
08:08:22 pid=15082 comm=Main Thread reclaim_us=200 nr_reclaimed=91
08:08:22 pid=15082 comm=Main Thread reclaim_us=52 nr_reclaimed=65
08:08:22 pid=15082 comm=Main Thread reclaim_us=67 nr_reclaimed=78
08:08:22 pid=15082 comm=Main Thread reclaim_us=72 nr_reclaimed=81
08:08:22 pid=15082 comm=Main Thread reclaim_us=65 nr_reclaimed=76
08:08:22 pid=15082 comm=Main Thread reclaim_us=61 nr_reclaimed=78
08:08:22 pid=15082 comm=Main Thread reclaim_us=86 nr_reclaimed=77
08:08:22 pid=15082 comm=Main Thread reclaim_us=208 nr_reclaimed=77
08:08:22 pid=15082 comm=Main Thread reclaim_us=22 nr_reclaimed=64
08:08:22 pid=15082 comm=Main Thread reclaim_us=22 nr_reclaimed=79
08:08:22 pid=15082 comm=Main Thread reclaim_us=259 nr_reclaimed=77
08:08:22 pid=15082 comm=Main Thread reclaim_us=12 nr_reclaimed=66
08:08:22 pid=15082 comm=Main Thread reclaim_us=51 nr_reclaimed=64
08:08:22 pid=15082 comm=Main Thread reclaim_us=79 nr_reclaimed=93
08:08:22 pid=15082 comm=Main Thread reclaim_us=53 nr_reclaimed=65
08:08:22 pid=15082 comm=Main Thread reclaim_us=63 nr_reclaimed=76
08:08:22 pid=15082 comm=Main Thread reclaim_us=179 nr_reclaimed=79
08:08:22 pid=15082 comm=Main Thread reclaim_us=68 nr_reclaimed=78
08:08:22 pid=15082 comm=Main Thread reclaim_us=75 nr_reclaimed=77
08:08:22 pid=15082 comm=Main Thread reclaim_us=53 nr_reclaimed=76
08:08:22 pid=15082 comm=Main Thread reclaim_us=60 nr_reclaimed=77
08:08:22 pid=15082 comm=Main Thread reclaim_us=60 nr_reclaimed=77
08:08:22 pid=15082 comm=Main Thread reclaim_us=81 nr_reclaimed=76
08:08:22 pid=15082 comm=Main Thread reclaim_us=60 nr_reclaimed=78
08:08:22 pid=15082 comm=Main Thread reclaim_us=60 nr_reclaimed=76
08:08:22 pid=15082 comm=Main Thread reclaim_us=69 nr_reclaimed=77
08:08:22 pid=15082 comm=Main Thread reclaim_us=66 nr_reclaimed=64
08:08:22 pid=15082 comm=Main Thread reclaim_us=382 nr_reclaimed=78
08:08:22 pid=15082 comm=Main Thread reclaim_us=9049 nr_reclaimed=65
08:08:22 pid=15082 comm=cuda-EvtHandlr reclaim_us=9433 nr_reclaimed=64
08:08:22 pid=15082 comm=Main Thread reclaim_us=9068 nr_reclaimed=76
08:08:22 pid=15082 comm=cuda-EvtHandlr reclaim_us=9874 nr_reclaimed=66
08:08:22 pid=15082 comm=Main Thread reclaim_us=9470 nr_reclaimed=70
08:08:22 pid=15082 comm=Main Thread reclaim_us=54 nr_reclaimed=76
08:08:22 pid=8700 comm=tokio-rt-worker reclaim_us=9100 nr_reclaimed=65
08:08:22 pid=8700 comm=tokio-rt-worker reclaim_us=9188 nr_reclaimed=64
08:08:22 pid=15082 comm=Main Thread reclaim_us=8426 nr_reclaimed=65
08:08:22 pid=15082 comm=Main Thread reclaim_us=49 nr_reclaimed=76
08:08:22 pid=15082 comm=Main Thread reclaim_us=8185 nr_reclaimed=64
08:08:22 pid=15082 comm=Main Thread reclaim_us=84 nr_reclaimed=76
08:08:22 pid=15082 comm=Main Thread reclaim_us=81 nr_reclaimed=64
08:08:22 pid=15082 comm=Main Thread reclaim_us=71 nr_reclaimed=65
08:08:22 pid=15082 comm=Main Thread reclaim_us=93 nr_reclaimed=77
08:08:22 pid=15082 comm=Main Thread reclaim_us=93 nr_reclaimed=78
08:08:22 pid=15082 comm=Main Thread reclaim_us=99 nr_reclaimed=77
08:08:22 pid=15082 comm=Main Thread reclaim_us=106 nr_reclaimed=78
08:08:22 pid=15082 comm=Main Thread reclaim_us=55 nr_reclaimed=77
08:08:22 pid=15082 comm=Main Thread reclaim_us=146 nr_reclaimed=77
08:08:22 pid=15082 comm=Main Thread reclaim_us=140 nr_reclaimed=78
08:08:22 pid=15082 comm=Main Thread reclaim_us=66 nr_reclaimed=80
08:08:22 pid=15082 comm=Main Thread reclaim_us=72 nr_reclaimed=64
08:08:22 pid=15082 comm=Main Thread reclaim_us=86 nr_reclaimed=78
08:08:22 pid=15082 comm=Main Thread reclaim_us=88 nr_reclaimed=76
08:08:22 pid=15082 comm=Main Thread reclaim_us=89 nr_reclaimed=78
08:08:22 pid=15082 comm=Main Thread reclaim_us=82 nr_reclaimed=77
08:08:22 pid=15082 comm=Main Thread reclaim_us=70 nr_reclaimed=77
08:08:22 pid=15082 comm=Main Thread reclaim_us=71 nr_reclaimed=65
08:08:22 pid=15082 comm=Main Thread reclaim_us=81 nr_reclaimed=65
08:08:22 pid=15082 comm=Main Thread reclaim_us=117 nr_reclaimed=78
08:08:22 pid=15082 comm=Main Thread reclaim_us=113 nr_reclaimed=76
08:08:22 pid=15082 comm=Main Thread reclaim_us=126 nr_reclaimed=64
08:08:22 pid=15082 comm=Main Thread reclaim_us=126 nr_reclaimed=77
08:08:22 pid=15082 comm=Main Thread reclaim_us=73 nr_reclaimed=77
08:08:22 pid=15082 comm=Main Thread reclaim_us=79 nr_reclaimed=76
08:08:22 pid=15082 comm=Main Thread reclaim_us=83 nr_reclaimed=79
08:08:22 pid=15082 comm=Main Thread reclaim_us=73 nr_reclaimed=76
08:08:22 pid=15082 comm=Main Thread reclaim_us=80 nr_reclaimed=75
08:08:22 pid=15082 comm=Main Thread reclaim_us=91 nr_reclaimed=78
08:08:22 pid=15082 comm=Main Thread reclaim_us=81 nr_reclaimed=65
08:08:22 pid=15082 comm=Main Thread reclaim_us=83 nr_reclaimed=75
08:08:22 pid=15082 comm=Main Thread reclaim_us=58 nr_reclaimed=77
08:08:22 pid=15082 comm=Main Thread reclaim_us=176 nr_reclaimed=75
08:08:22 pid=15082 comm=Main Thread reclaim_us=73 nr_reclaimed=76
08:08:22 pid=15082 comm=Main Thread reclaim_us=72 nr_reclaimed=75
08:08:22 pid=15082 comm=Main Thread reclaim_us=65 nr_reclaimed=77
08:08:22 pid=15082 comm=Main Thread reclaim_us=69 nr_reclaimed=76
08:08:22 pid=15082 comm=Main Thread reclaim_us=56 nr_reclaimed=75
08:08:22 pid=15082 comm=Main Thread reclaim_us=66 nr_reclaimed=76
08:08:22 pid=15082 comm=Main Thread reclaim_us=57 nr_reclaimed=77
08:08:22 pid=15082 comm=Main Thread reclaim_us=50 nr_reclaimed=76
08:08:22 pid=15082 comm=Main Thread reclaim_us=65 nr_reclaimed=76
08:08:22 pid=15082 comm=Main Thread reclaim_us=54 nr_reclaimed=66
08:08:22 pid=15082 comm=Main Thread reclaim_us=50 nr_reclaimed=75
08:08:22 pid=15082 comm=Main Thread reclaim_us=51 nr_reclaimed=64
08:08:22 pid=15082 comm=Main Thread reclaim_us=65 nr_reclaimed=75
08:08:22 pid=15082 comm=Main Thread reclaim_us=71 nr_reclaimed=76
08:08:22 pid=15082 comm=Main Thread reclaim_us=88 nr_reclaimed=76
08:08:22 pid=15082 comm=Main Thread reclaim_us=90 nr_reclaimed=77
08:08:22 pid=15082 comm=Main Thread reclaim_us=55 nr_reclaimed=65
08:08:22 pid=15082 comm=Main Thread reclaim_us=57 nr_reclaimed=75
08:08:22 pid=15082 comm=Main Thread reclaim_us=68 nr_reclaimed=65
08:08:22 pid=15082 comm=Main Thread reclaim_us=68 nr_reclaimed=76
08:08:22 pid=15082 comm=Main Thread reclaim_us=67 nr_reclaimed=76
08:08:22 pid=15082 comm=Main Thread reclaim_us=62 nr_reclaimed=75
08:08:22 pid=15082 comm=Main Thread reclaim_us=68 nr_reclaimed=75
08:08:22 pid=15082 comm=Main Thread reclaim_us=73 nr_reclaimed=77
08:08:22 pid=15082 comm=Main Thread reclaim_us=50 nr_reclaimed=64
08:08:22 pid=15082 comm=Main Thread reclaim_us=60 nr_reclaimed=65
08:08:22 pid=15082 comm=Main Thread reclaim_us=59 nr_reclaimed=75
08:08:22 pid=15082 comm=Main Thread reclaim_us=67 nr_reclaimed=76
08:08:22 pid=15082 comm=Main Thread reclaim_us=53 nr_reclaimed=65
08:08:22 pid=15082 comm=Main Thread reclaim_us=50 nr_reclaimed=76
08:08:22 pid=15082 comm=Main Thread reclaim_us=51 nr_reclaimed=66
08:08:22 pid=15082 comm=Main Thread reclaim_us=72 nr_reclaimed=76
08:08:22 pid=15082 comm=Main Thread reclaim_us=112 nr_reclaimed=64
08:08:22 pid=8700 comm=tokio-rt-worker reclaim_us=7007 nr_reclaimed=79
08:08:22 pid=8700 comm=tokio-rt-worker reclaim_us=6924 nr_reclaimed=77
08:08:22 pid=15082 comm=Main Thread reclaim_us=6857 nr_reclaimed=77
08:08:22 pid=15082 comm=Main Thread reclaim_us=7052 nr_reclaimed=77
08:08:22 pid=15082 comm=Main Thread reclaim_us=6712 nr_reclaimed=75
08:08:22 pid=15082 comm=Main Thread reclaim_us=50 nr_reclaimed=64
08:08:22 pid=15082 comm=Main Thread reclaim_us=6926 nr_reclaimed=75
08:08:22 pid=15082 comm=Main Thread reclaim_us=61 nr_reclaimed=64
08:08:22 pid=15082 comm=Main Thread reclaim_us=73 nr_reclaimed=75
08:08:22 pid=15082 comm=Main Thread reclaim_us=92 nr_reclaimed=76
08:08:22 pid=15082 comm=Main Thread reclaim_us=102 nr_reclaimed=75
08:08:22 pid=15082 comm=Main Thread reclaim_us=107 nr_reclaimed=77
08:08:22 pid=15082 comm=Main Thread reclaim_us=134 nr_reclaimed=65
08:08:22 pid=15082 comm=Main Thread reclaim_us=76 nr_reclaimed=75
08:08:22 pid=15082 comm=Main Thread reclaim_us=92 nr_reclaimed=76
08:08:22 pid=15082 comm=Main Thread reclaim_us=96 nr_reclaimed=76
08:08:22 pid=15082 comm=Main Thread reclaim_us=108 nr_reclaimed=76
08:08:22 pid=15082 comm=Main Thread reclaim_us=61 nr_reclaimed=77
08:08:22 pid=15082 comm=Main Thread reclaim_us=79 nr_reclaimed=76
08:08:22 pid=15082 comm=Main Thread reclaim_us=86 nr_reclaimed=76
08:08:22 pid=15082 comm=Main Thread reclaim_us=104 nr_reclaimed=76
08:08:22 pid=15082 comm=Main Thread reclaim_us=70 nr_reclaimed=77
08:08:22 pid=15082 comm=Main Thread reclaim_us=87 nr_reclaimed=75
08:08:22 pid=15082 comm=Main Thread reclaim_us=101 nr_reclaimed=76
08:08:22 pid=15082 comm=Main Thread reclaim_us=107 nr_reclaimed=77
08:08:22 pid=15082 comm=Main Thread reclaim_us=68 nr_reclaimed=76
08:08:22 pid=15082 comm=Main Thread reclaim_us=61 nr_reclaimed=64
08:08:22 pid=15082 comm=Main Thread reclaim_us=56 nr_reclaimed=77
08:08:22 pid=15082 comm=Main Thread reclaim_us=55 nr_reclaimed=77
08:08:22 pid=15082 comm=Main Thread reclaim_us=54 nr_reclaimed=64
08:08:22 pid=15082 comm=Main Thread reclaim_us=68 nr_reclaimed=76
08:08:22 pid=15082 comm=Main Thread reclaim_us=65 nr_reclaimed=76
08:08:22 pid=15082 comm=Main Thread reclaim_us=48 nr_reclaimed=65
08:08:22 pid=8700 comm=tokio-rt-worker reclaim_us=7507 nr_reclaimed=77
08:08:22 pid=8700 comm=tokio-rt-worker reclaim_us=8079 nr_reclaimed=76
08:08:22 pid=15082 comm=Main Thread reclaim_us=60 nr_reclaimed=77
08:08:22 pid=15082 comm=Main Thread reclaim_us=55 nr_reclaimed=64
08:08:22 pid=15082 comm=Main Thread reclaim_us=62 nr_reclaimed=64
08:08:22 pid=15082 comm=Main Thread reclaim_us=77 nr_reclaimed=76
08:08:22 pid=15082 comm=Main Thread reclaim_us=59 nr_reclaimed=77
08:08:22 pid=15082 comm=Main Thread reclaim_us=69 nr_reclaimed=76
08:08:22 pid=15082 comm=Main Thread reclaim_us=68 nr_reclaimed=77
08:08:22 pid=15082 comm=Main Thread reclaim_us=55 nr_reclaimed=65
08:08:22 pid=15082 comm=Main Thread reclaim_us=60 nr_reclaimed=65
08:08:22 pid=15082 comm=Main Thread reclaim_us=80 nr_reclaimed=75
08:08:22 pid=15082 comm=Main Thread reclaim_us=5530 nr_reclaimed=65
08:08:22 pid=8700 comm=tokio-rt-worker reclaim_us=5413 nr_reclaimed=77
08:08:22 pid=8700 comm=tokio-rt-worker reclaim_us=5278 nr_reclaimed=66
08:08:22 pid=15082 comm=Main Thread reclaim_us=4985 nr_reclaimed=74
08:08:22 pid=15082 comm=Main Thread reclaim_us=77 nr_reclaimed=75
08:08:22 pid=8700 comm=tokio-rt-worker reclaim_us=7002 nr_reclaimed=65
08:08:22 pid=8700 comm=tokio-rt-worker reclaim_us=7212 nr_reclaimed=75
08:08:22 pid=15082 comm=Main Thread reclaim_us=7202 nr_reclaimed=78
08:08:22 pid=15082 comm=Main Thread reclaim_us=7255 nr_reclaimed=75
08:08:22 pid=15082 comm=Main Thread reclaim_us=7554 nr_reclaimed=77
08:08:22 pid=15082 comm=Main Thread reclaim_us=7651 nr_reclaimed=75
08:08:22 pid=15082 comm=Main Thread reclaim_us=7849 nr_reclaimed=76
08:08:22 pid=15082 comm=Main Thread reclaim_us=149 nr_reclaimed=77
08:08:22 pid=15082 comm=Main Thread reclaim_us=171 nr_reclaimed=77
08:08:22 pid=15082 comm=Main Thread reclaim_us=69 nr_reclaimed=75
08:08:22 pid=15082 comm=Main Thread reclaim_us=87 nr_reclaimed=76
08:08:22 pid=15082 comm=Main Thread reclaim_us=96 nr_reclaimed=76
08:08:22 pid=15082 comm=Main Thread reclaim_us=96 nr_reclaimed=77
08:08:22 pid=15082 comm=Main Thread reclaim_us=49 nr_reclaimed=65
08:08:22 pid=15082 comm=Main Thread reclaim_us=58 nr_reclaimed=75
08:08:22 pid=15082 comm=Main Thread reclaim_us=70 nr_reclaimed=77
08:08:22 pid=15082 comm=Main Thread reclaim_us=73 nr_reclaimed=76
08:08:22 pid=15082 comm=Main Thread reclaim_us=54 nr_reclaimed=75
08:08:22 pid=15082 comm=Main Thread reclaim_us=69 nr_reclaimed=75
08:08:22 pid=15082 comm=Main Thread reclaim_us=76 nr_reclaimed=77
08:08:22 pid=15082 comm=Main Thread reclaim_us=99 nr_reclaimed=76
08:08:22 pid=15082 comm=Main Thread reclaim_us=95 nr_reclaimed=75
08:08:22 pid=15082 comm=Main Thread reclaim_us=68 nr_reclaimed=76
08:08:22 pid=8700 comm=tokio-rt-worker reclaim_us=8000 nr_reclaimed=77
08:08:22 pid=8700 comm=tokio-rt-worker reclaim_us=8407 nr_reclaimed=75
08:08:22 pid=15082 comm=Main Thread reclaim_us=7754 nr_reclaimed=77
08:08:22 pid=15082 comm=Main Thread reclaim_us=46 nr_reclaimed=65
08:08:22 pid=15082 comm=cuda-EvtHandlr reclaim_us=7894 nr_reclaimed=76
08:08:22 pid=15082 comm=cuda-EvtHandlr reclaim_us=8025 nr_reclaimed=75
08:08:22 pid=15082 comm=Main Thread reclaim_us=7924 nr_reclaimed=77
08:08:22 pid=15082 comm=Main Thread reclaim_us=7608 nr_reclaimed=76
08:08:22 pid=15082 comm=Main Thread reclaim_us=51 nr_reclaimed=75
08:08:22 pid=15082 comm=Main Thread reclaim_us=7578 nr_reclaimed=65
08:08:22 pid=15082 comm=Main Thread reclaim_us=101 nr_reclaimed=75
08:08:22 pid=15082 comm=Main Thread reclaim_us=132 nr_reclaimed=77
08:08:22 pid=15082 comm=Main Thread reclaim_us=64 nr_reclaimed=77
08:08:22 pid=15082 comm=Main Thread reclaim_us=72 nr_reclaimed=76
08:08:22 pid=8700 comm=tokio-rt-worker reclaim_us=6629 nr_reclaimed=64
08:08:22 pid=8700 comm=tokio-rt-worker reclaim_us=6743 nr_reclaimed=78
08:08:22 pid=15082 comm=Main Thread reclaim_us=6308 nr_reclaimed=76
08:08:22 pid=15082 comm=Main Thread reclaim_us=6368 nr_reclaimed=75
08:08:22 pid=15082 comm=Main Thread reclaim_us=6837 nr_reclaimed=65
08:08:22 pid=15082 comm=Main Thread reclaim_us=6868 nr_reclaimed=76
08:08:22 pid=15082 comm=Main Thread reclaim_us=91 nr_reclaimed=64
08:08:22 pid=15082 comm=Main Thread reclaim_us=97 nr_reclaimed=64
08:08:22 pid=15082 comm=Main Thread reclaim_us=107 nr_reclaimed=65
08:08:22 pid=15082 comm=Main Thread reclaim_us=112 nr_reclaimed=64
08:08:22 pid=15082 comm=Main Thread reclaim_us=131 nr_reclaimed=76
08:08:22 pid=15082 comm=Main Thread reclaim_us=130 nr_reclaimed=76
08:08:22 pid=15082 comm=Main Thread reclaim_us=132 nr_reclaimed=77
08:08:22 pid=15082 comm=Main Thread reclaim_us=198 nr_reclaimed=76
08:08:22 pid=15082 comm=Main Thread reclaim_us=209 nr_reclaimed=76
08:08:22 pid=15082 comm=Main Thread reclaim_us=91 nr_reclaimed=65
08:08:22 pid=15082 comm=Main Thread reclaim_us=91 nr_reclaimed=76
08:08:22 pid=15082 comm=Main Thread reclaim_us=92 nr_reclaimed=64
08:08:22 pid=15082 comm=Main Thread reclaim_us=95 nr_reclaimed=76
08:08:22 pid=15082 comm=Main Thread reclaim_us=109 nr_reclaimed=76
08:08:22 pid=15082 comm=Main Thread reclaim_us=153 nr_reclaimed=76
08:08:22 pid=15082 comm=Main Thread reclaim_us=250 nr_reclaimed=75
08:08:22 pid=15082 comm=Main Thread reclaim_us=59 nr_reclaimed=75
08:08:22 pid=15082 comm=Main Thread reclaim_us=69 nr_reclaimed=75
08:08:22 pid=15082 comm=Main Thread reclaim_us=45 nr_reclaimed=66
08:08:22 pid=15082 comm=Main Thread reclaim_us=61 nr_reclaimed=66
08:08:22 pid=15082 comm=Main Thread reclaim_us=66 nr_reclaimed=75
08:08:22 pid=15082 comm=Main Thread reclaim_us=74 nr_reclaimed=76
08:08:22 pid=15082 comm=Main Thread reclaim_us=460 nr_reclaimed=78
08:08:22 pid=15082 comm=Main Thread reclaim_us=70 nr_reclaimed=77
08:08:22 pid=15082 comm=Main Thread reclaim_us=79 nr_reclaimed=76
08:08:22 pid=15082 comm=Main Thread reclaim_us=94 nr_reclaimed=77
08:08:22 pid=15082 comm=Main Thread reclaim_us=96 nr_reclaimed=76
08:08:22 pid=15082 comm=Main Thread reclaim_us=76 nr_reclaimed=78
08:08:22 pid=15082 comm=Main Thread reclaim_us=76 nr_reclaimed=75
08:08:22 pid=15082 comm=Main Thread reclaim_us=65 nr_reclaimed=64
08:08:22 pid=15082 comm=Main Thread reclaim_us=56 nr_reclaimed=64
08:08:22 pid=15082 comm=Main Thread reclaim_us=58 nr_reclaimed=75
08:08:22 pid=15082 comm=Main Thread reclaim_us=60 nr_reclaimed=78
08:08:22 pid=8700 comm=tokio-rt-worker reclaim_us=6964 nr_reclaimed=75
08:08:22 pid=8700 comm=tokio-rt-worker reclaim_us=7349 nr_reclaimed=64
08:08:22 pid=15082 comm=Main Thread reclaim_us=76 nr_reclaimed=75
08:08:22 pid=15082 comm=cuda-EvtHandlr reclaim_us=7183 nr_reclaimed=75
08:08:22 pid=15323 comm=ltr_server1 reclaim_us=6096 nr_reclaimed=76
08:08:22 pid=15082 comm=Main Thread reclaim_us=6164 nr_reclaimed=76
08:08:22 pid=8700 comm=tokio-rt-worker reclaim_us=6357 nr_reclaimed=64
08:08:22 pid=8700 comm=tokio-rt-worker reclaim_us=6582 nr_reclaimed=75
08:08:22 pid=15082 comm=Main Thread reclaim_us=75 nr_reclaimed=76
08:08:22 pid=15082 comm=Main Thread reclaim_us=81 nr_reclaimed=77
08:08:22 pid=15082 comm=Main Thread reclaim_us=56 nr_reclaimed=65
08:08:22 pid=15082 comm=Main Thread reclaim_us=67 nr_reclaimed=76
08:08:22 pid=15082 comm=Main Thread reclaim_us=71 nr_reclaimed=75
08:08:22 pid=15082 comm=Main Thread reclaim_us=82 nr_reclaimed=75
08:08:22 pid=15082 comm=Main Thread reclaim_us=88 nr_reclaimed=76
08:08:22 pid=15082 comm=Main Thread reclaim_us=55 nr_reclaimed=75
08:08:22 pid=15082 comm=Main Thread reclaim_us=78 nr_reclaimed=65
08:08:22 pid=15082 comm=Main Thread reclaim_us=99 nr_reclaimed=76
08:08:22 pid=15082 comm=Main Thread reclaim_us=114 nr_reclaimed=76
08:08:22 pid=15082 comm=Main Thread reclaim_us=77 nr_reclaimed=76
08:08:22 pid=15082 comm=Main Thread reclaim_us=83 nr_reclaimed=75
08:08:22 pid=15082 comm=Main Thread reclaim_us=96 nr_reclaimed=76
08:08:22 pid=15082 comm=Main Thread reclaim_us=159 nr_reclaimed=77
08:08:22 pid=15082 comm=Main Thread reclaim_us=66 nr_reclaimed=65
08:08:22 pid=15082 comm=Main Thread reclaim_us=70 nr_reclaimed=76
08:08:22 pid=15082 comm=Main Thread reclaim_us=76 nr_reclaimed=77
08:08:22 pid=15082 comm=Main Thread reclaim_us=60 nr_reclaimed=65
08:08:22 pid=15082 comm=Main Thread reclaim_us=66 nr_reclaimed=76
08:08:22 pid=15082 comm=Main Thread reclaim_us=91 nr_reclaimed=76
08:08:22 pid=15082 comm=Main Thread reclaim_us=51 nr_reclaimed=64
08:08:22 pid=15082 comm=Main Thread reclaim_us=56 nr_reclaimed=64
08:08:22 pid=15082 comm=Main Thread reclaim_us=79 nr_reclaimed=76
08:08:22 pid=8700 comm=tokio-rt-worker reclaim_us=7407 nr_reclaimed=66
08:08:22 pid=8700 comm=tokio-rt-worker reclaim_us=6410 nr_reclaimed=64
08:08:22 pid=15082 comm=cuda-EvtHandlr reclaim_us=6032 nr_reclaimed=65
08:08:22 pid=15082 comm=cuda-EvtHandlr reclaim_us=6251 nr_reclaimed=65
08:08:22 pid=15082 comm=Main Thread reclaim_us=6092 nr_reclaimed=76
08:08:22 pid=15082 comm=Main Thread reclaim_us=5638 nr_reclaimed=77
08:08:23 KSWAPD_WAKE nid=0 order=6
08:08:23 KSWAPD_WAKE nid=0 order=0
08:08:23 KSWAPD_SLEEP nid=0
08:08:24 KSWAPD_WAKE nid=0 order=0
08:08:25 KSWAPD_SLEEP nid=0
08:08:30 KSWAPD_WAKE nid=0 order=0
08:08:31 KSWAPD_SLEEP nid=0
08:08:33 KSWAPD_WAKE nid=0 order=3
08:08:34 KSWAPD_WAKE nid=0 order=0
08:08:34 KSWAPD_SLEEP nid=0
08:08:38 KSWAPD_WAKE nid=0 order=0
08:08:39 KSWAPD_SLEEP nid=0
08:08:39 KSWAPD_WAKE nid=0 order=0
08:08:40 KSWAPD_WAKE nid=0 order=0
08:08:40 KSWAPD_WAKE nid=0 order=0
08:08:40 KSWAPD_SLEEP nid=0
08:08:43 KSWAPD_WAKE nid=0 order=1
08:08:43 KSWAPD_WAKE nid=0 order=0
08:08:43 KSWAPD_WAKE nid=0 order=0
08:08:44 KSWAPD_SLEEP nid=0
08:08:46 KSWAPD_WAKE nid=0 order=0
08:08:46 KSWAPD_WAKE nid=0 order=0
08:08:46 KSWAPD_SLEEP nid=0
08:08:52 KSWAPD_WAKE nid=0 order=8
08:08:53 KSWAPD_WAKE nid=0 order=0
08:08:53 KSWAPD_SLEEP nid=0
08:09:11 KSWAPD_WAKE nid=0 order=0
08:09:11 KSWAPD_WAKE nid=0 order=2
08:09:11 KSWAPD_SLEEP nid=0
08:09:13 KSWAPD_WAKE nid=0 order=0
08:09:13 KSWAPD_WAKE nid=0 order=0
08:09:13 KSWAPD_SLEEP nid=0
08:09:16 KSWAPD_WAKE nid=0 order=9
08:09:16 KSWAPD_WAKE nid=0 order=9
08:09:17 KSWAPD_WAKE nid=0 order=0
08:09:17 KSWAPD_WAKE nid=0 order=0
08:09:17 KSWAPD_WAKE nid=0 order=0
08:09:17 KSWAPD_WAKE nid=0 order=0
08:09:18 KSWAPD_SLEEP nid=0
08:09:21 KSWAPD_WAKE nid=0 order=0
08:09:21 KSWAPD_WAKE nid=0 order=0
08:09:22 KSWAPD_SLEEP nid=0
08:09:31 KSWAPD_WAKE nid=0 order=0
08:09:31 KSWAPD_SLEEP nid=0
08:09:36 KSWAPD_WAKE nid=0 order=3
08:09:36 KSWAPD_SLEEP nid=0
08:09:37 KSWAPD_WAKE nid=0 order=0
08:09:38 KSWAPD_SLEEP nid=0
08:09:41 KSWAPD_WAKE nid=0 order=1
08:09:42 KSWAPD_WAKE nid=0 order=2
08:09:42 KSWAPD_SLEEP nid=0
08:09:46 KSWAPD_WAKE nid=0 order=0
08:09:46 KSWAPD_SLEEP nid=0
08:09:52 KSWAPD_WAKE nid=0 order=0
08:09:52 KSWAPD_SLEEP nid=0
08:10:00 KSWAPD_WAKE nid=0 order=0
08:10:01 KSWAPD_SLEEP nid=0
08:10:03 KSWAPD_WAKE nid=0 order=0
08:10:04 KSWAPD_SLEEP nid=0
08:10:14 KSWAPD_WAKE nid=0 order=3
08:10:15 KSWAPD_SLEEP nid=0
08:10:19 KSWAPD_WAKE nid=0 order=9
08:10:19 KSWAPD_SLEEP nid=0
08:10:24 KSWAPD_WAKE nid=0 order=9
08:10:24 KSWAPD_SLEEP nid=0
08:10:31 KSWAPD_WAKE nid=0 order=0
08:10:32 KSWAPD_SLEEP nid=0
08:10:38 KSWAPD_WAKE nid=0 order=3
08:10:38 KSWAPD_SLEEP nid=0
08:10:44 KSWAPD_WAKE nid=0 order=3
08:10:45 KSWAPD_SLEEP nid=0
08:10:50 KSWAPD_WAKE nid=0 order=0
08:10:51 KSWAPD_SLEEP nid=0
08:11:01 KSWAPD_WAKE nid=0 order=6
08:11:01 KSWAPD_SLEEP nid=0
08:11:03 KSWAPD_WAKE nid=0 order=9
08:11:03 KSWAPD_SLEEP nid=0
08:11:07 KSWAPD_WAKE nid=0 order=9
08:11:07 KSWAPD_SLEEP nid=0
08:11:16 KSWAPD_WAKE nid=0 order=3
08:11:16 KSWAPD_SLEEP nid=0
08:11:23 KSWAPD_WAKE nid=0 order=9
08:11:23 KSWAPD_SLEEP nid=0
08:11:28 KSWAPD_WAKE nid=0 order=0
08:11:29 KSWAPD_SLEEP nid=0
08:11:35 KSWAPD_WAKE nid=0 order=1
08:11:35 KSWAPD_SLEEP nid=0
08:11:40 KSWAPD_WAKE nid=0 order=3
08:11:41 KSWAPD_SLEEP nid=0
08:11:49 KSWAPD_WAKE nid=0 order=1
08:11:50 KSWAPD_SLEEP nid=0
08:11:58 KSWAPD_WAKE nid=0 order=9
08:11:58 KSWAPD_WAKE nid=0 order=9
08:11:58 KSWAPD_SLEEP nid=0
08:12:03 KSWAPD_WAKE nid=0 order=9
08:12:03 KSWAPD_SLEEP nid=0
08:12:10 KSWAPD_WAKE nid=0 order=0
08:12:10 KSWAPD_SLEEP nid=0
08:12:17 KSWAPD_WAKE nid=0 order=0
08:12:18 KSWAPD_SLEEP nid=0
08:12:28 KSWAPD_WAKE nid=0 order=1
08:12:28 KSWAPD_SLEEP nid=0
08:12:31 KSWAPD_WAKE nid=0 order=0
08:12:32 KSWAPD_SLEEP nid=0
08:12:35 KSWAPD_WAKE nid=0 order=3
08:12:35 KSWAPD_SLEEP nid=0
08:12:40 KSWAPD_WAKE nid=0 order=3
08:12:40 KSWAPD_SLEEP nid=0
08:12:51 KSWAPD_WAKE nid=0 order=0
08:12:52 KSWAPD_SLEEP nid=0
08:12:56 KSWAPD_WAKE nid=0 order=3
08:12:56 KSWAPD_SLEEP nid=0
08:13:00 KSWAPD_WAKE nid=0 order=3
08:13:00 KSWAPD_SLEEP nid=0
08:13:07 KSWAPD_WAKE nid=0 order=0
08:13:07 KSWAPD_SLEEP nid=0
08:13:13 KSWAPD_WAKE nid=0 order=3
08:13:14 KSWAPD_SLEEP nid=0
08:13:21 KSWAPD_WAKE nid=0 order=2
08:13:21 KSWAPD_SLEEP nid=0
08:13:30 KSWAPD_WAKE nid=0 order=0
08:13:30 KSWAPD_SLEEP nid=0
08:14:07 KSWAPD_WAKE nid=0 order=0
08:14:07 KSWAPD_SLEEP nid=0
08:16:13 KSWAPD_WAKE nid=0 order=0
08:16:14 KSWAPD_SLEEP nid=0
08:16:51 KSWAPD_WAKE nid=0 order=0
08:16:51 KSWAPD_WAKE nid=0 order=0
08:16:51 KSWAPD_SLEEP nid=0
08:17:31 KSWAPD_WAKE nid=0 order=0
08:17:31 KSWAPD_WAKE nid=0 order=0
08:17:31 KSWAPD_SLEEP nid=0
08:20:38 KSWAPD_WAKE nid=0 order=9
08:20:38 KSWAPD_SLEEP nid=0
08:21:58 KSWAPD_WAKE nid=0 order=9
08:21:58 KSWAPD_SLEEP nid=0
08:22:59 KSWAPD_WAKE nid=0 order=0
08:22:59 KSWAPD_WAKE nid=0 order=0
08:23:00 KSWAPD_SLEEP nid=0
08:23:54 KSWAPD_WAKE nid=0 order=0
08:23:54 KSWAPD_WAKE nid=0 order=0
08:23:54 KSWAPD_SLEEP nid=0
08:24:45 KSWAPD_WAKE nid=0 order=0
08:24:45 KSWAPD_SLEEP nid=0
08:25:12 KSWAPD_WAKE nid=0 order=9
08:25:12 KSWAPD_WAKE nid=0 order=9
08:25:12 KSWAPD_WAKE nid=0 order=9
08:25:12 KSWAPD_WAKE nid=0 order=0
08:25:12 KSWAPD_WAKE nid=0 order=0
08:25:12 KSWAPD_WAKE nid=0 order=0
08:25:12 KSWAPD_WAKE nid=0 order=0
08:25:12 KSWAPD_WAKE nid=0 order=0
08:25:12 KSWAPD_WAKE nid=0 order=0
08:25:12 KSWAPD_WAKE nid=0 order=0
08:25:12 KSWAPD_WAKE nid=0 order=0
08:25:12 KSWAPD_WAKE nid=0 order=0
08:25:12 KSWAPD_WAKE nid=0 order=0
08:25:12 KSWAPD_WAKE nid=0 order=0
08:25:12 KSWAPD_WAKE nid=0 order=0
08:25:12 KSWAPD_WAKE nid=0 order=0
08:25:12 KSWAPD_WAKE nid=0 order=0
08:25:12 KSWAPD_WAKE nid=0 order=0
08:25:12 KSWAPD_WAKE nid=0 order=0
08:25:12 KSWAPD_WAKE nid=0 order=0
08:25:12 KSWAPD_WAKE nid=0 order=0
08:25:12 KSWAPD_SLEEP nid=0
08:25:15 KSWAPD_WAKE nid=0 order=9
08:25:15 KSWAPD_SLEEP nid=0
08:25:16 KSWAPD_WAKE nid=0 order=9
08:25:16 KSWAPD_SLEEP nid=0
08:25:33 KSWAPD_WAKE nid=0 order=9
08:25:34 KSWAPD_SLEEP nid=0
08:25:39 KSWAPD_WAKE nid=0 order=9
08:25:39 KSWAPD_WAKE nid=0 order=9
08:25:40 KSWAPD_WAKE nid=0 order=9
08:25:40 KSWAPD_WAKE nid=0 order=9
08:25:40 KSWAPD_WAKE nid=0 order=9
08:25:40 KSWAPD_WAKE nid=0 order=9
08:25:40 KSWAPD_WAKE nid=0 order=9
08:25:40 KSWAPD_WAKE nid=0 order=9
08:25:40 KSWAPD_WAKE nid=0 order=9
08:25:40 KSWAPD_WAKE nid=0 order=9
08:25:40 KSWAPD_WAKE nid=0 order=9
08:25:40 KSWAPD_WAKE nid=0 order=9
08:25:40 KSWAPD_WAKE nid=0 order=9
08:25:40 KSWAPD_WAKE nid=0 order=9
08:25:40 KSWAPD_SLEEP nid=0
08:25:42 KSWAPD_WAKE nid=0 order=9
08:25:42 KSWAPD_WAKE nid=0 order=9
08:25:43 KSWAPD_SLEEP nid=0
08:25:43 KSWAPD_WAKE nid=0 order=9
08:25:43 KSWAPD_WAKE nid=0 order=0
08:25:43 KSWAPD_WAKE nid=0 order=0
08:25:43 KSWAPD_WAKE nid=0 order=0
08:25:43 KSWAPD_WAKE nid=0 order=0
08:25:43 KSWAPD_WAKE nid=0 order=0
08:25:43 KSWAPD_WAKE nid=0 order=0
08:25:43 KSWAPD_WAKE nid=0 order=9
08:25:43 KSWAPD_WAKE nid=0 order=0
08:25:43 KSWAPD_WAKE nid=0 order=0
08:25:43 KSWAPD_SLEEP nid=0
08:25:45 KSWAPD_WAKE nid=0 order=9
08:25:45 KSWAPD_SLEEP nid=0
08:25:56 KSWAPD_WAKE nid=0 order=9
08:25:56 KSWAPD_WAKE nid=0 order=9
08:25:56 KSWAPD_WAKE nid=0 order=9
08:25:56 KSWAPD_WAKE nid=0 order=9
08:25:56 KSWAPD_WAKE nid=0 order=9
08:25:56 KSWAPD_WAKE nid=0 order=9
08:25:56 KSWAPD_WAKE nid=0 order=9
08:25:57 KSWAPD_SLEEP nid=0
08:25:57 KSWAPD_WAKE nid=0 order=9
08:25:58 KSWAPD_WAKE nid=0 order=9
08:25:58 KSWAPD_SLEEP nid=0
08:25:58 KSWAPD_WAKE nid=0 order=9
08:25:58 KSWAPD_SLEEP nid=0
08:26:00 KSWAPD_WAKE nid=0 order=9
08:26:00 KSWAPD_WAKE nid=0 order=9
08:26:00 KSWAPD_WAKE nid=0 order=9
08:26:00 KSWAPD_WAKE nid=0 order=9
08:26:00 KSWAPD_WAKE nid=0 order=9
08:26:00 KSWAPD_SLEEP nid=0
08:26:00 KSWAPD_WAKE nid=0 order=9
08:26:00 KSWAPD_WAKE nid=0 order=9
08:26:00 KSWAPD_SLEEP nid=0
08:26:01 KSWAPD_WAKE nid=0 order=9
08:26:01 KSWAPD_SLEEP nid=0
08:26:01 KSWAPD_WAKE nid=0 order=9
08:26:01 KSWAPD_SLEEP nid=0
08:26:01 KSWAPD_WAKE nid=0 order=9
08:26:02 KSWAPD_WAKE nid=0 order=9
08:26:02 KSWAPD_WAKE nid=0 order=9
08:26:02 KSWAPD_WAKE nid=0 order=9
08:26:02 KSWAPD_WAKE nid=0 order=9
08:26:02 KSWAPD_SLEEP nid=0
08:26:02 KSWAPD_WAKE nid=0 order=9
08:26:02 KSWAPD_SLEEP nid=0
08:26:02 KSWAPD_WAKE nid=0 order=9
08:26:02 KSWAPD_SLEEP nid=0
08:26:02 KSWAPD_WAKE nid=0 order=9
08:26:02 KSWAPD_WAKE nid=0 order=9
08:26:02 KSWAPD_WAKE nid=0 order=9
08:26:02 KSWAPD_WAKE nid=0 order=9
08:26:02 KSWAPD_WAKE nid=0 order=9
08:26:03 KSWAPD_SLEEP nid=0
08:26:09 KSWAPD_WAKE nid=0 order=9
08:26:09 KSWAPD_SLEEP nid=0
08:48:46 KSWAPD_WAKE nid=0 order=9
08:48:47 KSWAPD_SLEEP nid=0
08:48:56 KSWAPD_WAKE nid=0 order=9
08:48:56 KSWAPD_SLEEP nid=0
08:48:59 KSWAPD_WAKE nid=0 order=9
08:48:59 KSWAPD_SLEEP nid=0
08:49:27 KSWAPD_WAKE nid=0 order=9
08:49:28 KSWAPD_SLEEP nid=0
08:51:29 KSWAPD_WAKE nid=0 order=9
08:51:29 KSWAPD_SLEEP nid=0
08:53:31 KSWAPD_WAKE nid=0 order=9
08:53:31 KSWAPD_SLEEP nid=0
08:56:14 KSWAPD_WAKE nid=0 order=9
08:56:14 KSWAPD_SLEEP nid=0
08:58:53 KSWAPD_WAKE nid=0 order=0
08:58:53 KSWAPD_SLEEP nid=0
09:00:18 KSWAPD_WAKE nid=0 order=0
09:00:18 KSWAPD_SLEEP nid=0
09:00:26 KSWAPD_WAKE nid=0 order=0
09:00:26 KSWAPD_SLEEP nid=0
09:00:30 KSWAPD_WAKE nid=0 order=2
09:00:31 KSWAPD_SLEEP nid=0
09:00:32 KSWAPD_WAKE nid=0 order=9
09:00:32 KSWAPD_SLEEP nid=0
09:00:38 KSWAPD_WAKE nid=0 order=0
09:00:38 KSWAPD_SLEEP nid=0
09:02:07 KSWAPD_WAKE nid=0 order=0
09:02:07 KSWAPD_SLEEP nid=0
09:02:11 KSWAPD_WAKE nid=0 order=2
09:02:12 KSWAPD_SLEEP nid=0
09:02:32 KSWAPD_WAKE nid=0 order=0
09:02:33 KSWAPD_SLEEP nid=0
09:02:43 KSWAPD_WAKE nid=0 order=4
09:02:44 KSWAPD_SLEEP nid=0
09:03:13 pid=157 comm=khugepaged reclaim_us=952 nr_reclaimed=1037
09:07:59 KSWAPD_WAKE nid=0 order=0
09:07:59 KSWAPD_SLEEP nid=0
09:08:21 KSWAPD_WAKE nid=0 order=3
09:08:21 KSWAPD_SLEEP nid=0
09:08:26 KSWAPD_WAKE nid=0 order=2
09:08:26 KSWAPD_SLEEP nid=0
09:08:35 KSWAPD_WAKE nid=0 order=3
09:08:35 KSWAPD_SLEEP nid=0
09:08:42 KSWAPD_WAKE nid=0 order=2
09:08:42 KSWAPD_SLEEP nid=0
09:09:00 KSWAPD_WAKE nid=0 order=3
09:09:01 KSWAPD_SLEEP nid=0
09:11:07 KSWAPD_WAKE nid=0 order=9
09:11:07 KSWAPD_SLEEP nid=0
09:12:41 KSWAPD_WAKE nid=0 order=9
09:12:41 KSWAPD_WAKE nid=0 order=9
09:12:42 KSWAPD_SLEEP nid=0
09:12:42 KSWAPD_WAKE nid=0 order=9
09:12:42 KSWAPD_SLEEP nid=0
09:12:44 KSWAPD_WAKE nid=0 order=9
09:12:45 KSWAPD_SLEEP nid=0
09:15:17 KSWAPD_WAKE nid=0 order=9
09:15:18 KSWAPD_SLEEP nid=0
09:15:50 pid=157 comm=khugepaged reclaim_us=682 nr_reclaimed=1046
09:15:53 KSWAPD_WAKE nid=0 order=9
09:15:53 KSWAPD_SLEEP nid=0
09:16:01 pid=157 comm=khugepaged reclaim_us=3035 nr_reclaimed=1085
09:16:01 pid=157 comm=khugepaged reclaim_us=3686 nr_reclaimed=1024
09:16:01 pid=157 comm=khugepaged reclaim_us=2570 nr_reclaimed=1035
09:16:08 KSWAPD_WAKE nid=0 order=9
09:16:08 KSWAPD_SLEEP nid=0
09:16:14 KSWAPD_WAKE nid=0 order=9
09:16:14 KSWAPD_SLEEP nid=0
09:16:54 KSWAPD_WAKE nid=0 order=9
09:16:54 KSWAPD_SLEEP nid=0
09:17:04 pid=157 comm=khugepaged reclaim_us=2113 nr_reclaimed=1172
09:17:55 KSWAPD_WAKE nid=0 order=9
09:17:55 KSWAPD_SLEEP nid=0
09:18:56 KSWAPD_WAKE nid=0 order=9
09:18:56 KSWAPD_SLEEP nid=0
09:20:58 KSWAPD_WAKE nid=0 order=9
09:20:58 KSWAPD_SLEEP nid=0
09:21:14 KSWAPD_WAKE nid=0 order=9
09:21:14 KSWAPD_SLEEP nid=0
09:22:59 KSWAPD_WAKE nid=0 order=0
09:22:59 KSWAPD_SLEEP nid=0
09:23:00 KSWAPD_WAKE nid=0 order=9
09:23:00 KSWAPD_SLEEP nid=0
09:23:13 KSWAPD_WAKE nid=0 order=0
09:23:14 KSWAPD_SLEEP nid=0
09:25:02 KSWAPD_WAKE nid=0 order=9
09:25:02 KSWAPD_SLEEP nid=0
09:25:07 KSWAPD_WAKE nid=0 order=9
09:25:07 KSWAPD_SLEEP nid=0
09:26:03 KSWAPD_WAKE nid=0 order=9
09:26:03 KSWAPD_SLEEP nid=0
09:26:06 KSWAPD_WAKE nid=0 order=9
09:26:06 KSWAPD_SLEEP nid=0
09:26:14 KSWAPD_WAKE nid=0 order=9
09:26:14 KSWAPD_SLEEP nid=0
09:27:28 KSWAPD_WAKE nid=0 order=0
09:27:29 KSWAPD_SLEEP nid=0
09:30:08 KSWAPD_WAKE nid=0 order=9
09:30:08 KSWAPD_SLEEP nid=0
09:30:17 KSWAPD_WAKE nid=0 order=1
09:30:18 KSWAPD_WAKE nid=0 order=2
09:30:18 KSWAPD_WAKE nid=0 order=0
09:30:19 KSWAPD_SLEEP nid=0
09:30:24 KSWAPD_WAKE nid=0 order=3
09:30:25 KSWAPD_SLEEP nid=0
09:30:59 KSWAPD_WAKE nid=0 order=3
09:31:00 KSWAPD_SLEEP nid=0
09:31:09 KSWAPD_WAKE nid=0 order=9
09:31:10 KSWAPD_SLEEP nid=0
09:35:17 KSWAPD_WAKE nid=0 order=0
09:35:17 KSWAPD_SLEEP nid=0
09:38:48 KSWAPD_WAKE nid=0 order=0
09:38:49 KSWAPD_SLEEP nid=0
09:42:51 KSWAPD_WAKE nid=0 order=0
09:42:51 KSWAPD_SLEEP nid=0
09:51:04 KSWAPD_WAKE nid=0 order=0
09:51:05 KSWAPD_SLEEP nid=0
09:53:08 KSWAPD_WAKE nid=0 order=2
09:53:09 KSWAPD_SLEEP nid=0
09:53:26 KSWAPD_WAKE nid=0 order=0
09:53:27 KSWAPD_SLEEP nid=0
09:53:32 KSWAPD_WAKE nid=0 order=3
09:53:32 KSWAPD_SLEEP nid=0
09:53:36 KSWAPD_WAKE nid=0 order=1
09:53:36 KSWAPD_SLEEP nid=0
09:53:51 KSWAPD_WAKE nid=0 order=3
09:53:52 KSWAPD_SLEEP nid=0
09:53:58 KSWAPD_WAKE nid=0 order=0
09:53:58 KSWAPD_SLEEP nid=0
09:54:11 KSWAPD_WAKE nid=0 order=3
09:54:11 KSWAPD_SLEEP nid=0
09:54:22 KSWAPD_WAKE nid=0 order=2
09:54:23 KSWAPD_SLEEP nid=0
09:54:30 KSWAPD_WAKE nid=0 order=1
09:54:30 KSWAPD_SLEEP nid=0
09:54:47 KSWAPD_WAKE nid=0 order=3
09:54:47 KSWAPD_SLEEP nid=0
09:55:33 KSWAPD_WAKE nid=0 order=9
09:55:33 KSWAPD_SLEEP nid=0
09:56:08 KSWAPD_WAKE nid=0 order=9
09:56:08 KSWAPD_SLEEP nid=0
09:57:35 KSWAPD_WAKE nid=0 order=9
09:57:35 KSWAPD_SLEEP nid=0
10:01:14 KSWAPD_WAKE nid=0 order=9
10:01:14 KSWAPD_SLEEP nid=0
10:04:42 KSWAPD_WAKE nid=0 order=9
10:04:42 KSWAPD_SLEEP nid=0



