Subscribing to 13 datarefs at 5 Hz...
  [ 0] frame_time_s              = sim/operation/misc/frame_rate_period
  [ 1] gpu_time_s                = sim/time/gpu_time_per_frame_sec_approx
  [ 2] framerate_period_s        = sim/time/framerate_period
  [ 3] lat                       = sim/flightmodel/position/latitude
  [ 4] lon                       = sim/flightmodel/position/longitude
  [ 5] elev_m                    = sim/flightmodel/position/elevation
  [ 6] agl_m                     = sim/flightmodel/position/y_agl
  [ 7] gs_ms                     = sim/flightmodel/position/groundspeed
  [ 8] ias_ms                    = sim/flightmodel/position/indicated_airspeed
  [ 9] tas_ms                    = sim/flightmodel/position/true_airspeed
  [10] sim_time_s                = sim/time/total_running_time_sec
  [11] paused                    = sim/time/paused
  [12] sim_speed                 = sim/time/sim_speed
  No response (attempt 1), retrying in 2s...
  No response (attempt 2), retrying in 2s...
  No response (attempt 3), retrying in 2s...
  No response (attempt 4), retrying in 3s...
  No response (attempt 5), retrying in 4s...
  No response (attempt 6), retrying in 4s...
  No response (attempt 7), retrying in 4s...
  No response (attempt 8), retrying in 5s...
  No response (attempt 9), retrying in 5s...
  No response (attempt 10), retrying in 5s...
  No response (attempt 11), retrying in 5s...
  No response (attempt 12), retrying in 5s...
  No response (attempt 13), retrying in 5s...
  No response (attempt 14), retrying in 5s...
  No response (attempt 15), retrying in 5s...
  No response (attempt 16), retrying in 5s...
  No response (attempt 17), retrying in 5s...
  No response (attempt 18), retrying in 5s...
  No response (attempt 19), retrying in 5s...
  No response (attempt 20), retrying in 5s...
  No response (attempt 21), retrying in 5s...
  No response (attempt 22), retrying in 5s...
  No response (attempt 23), retrying in 5s...
  No response (attempt 24), retrying in 5s...
  No response (attempt 25), retrying in 5s...
  No response (attempt 26), retrying in 5s...
  No response (attempt 27), retrying in 5s...
  No response (attempt 28), retrying in 5s...
  No response (attempt 29), retrying in 5s...
  No response (attempt 30), retrying in 5s...
  No response (attempt 31), retrying in 5s...
  No response (attempt 32), retrying in 5s...
  No response (attempt 33), retrying in 5s...
  No response (attempt 34), retrying in 5s...
  No response (attempt 35), retrying in 5s...
  No response (attempt 36), retrying in 5s...
  No response (attempt 37), retrying in 5s...
  No response (attempt 38), retrying in 5s...
  No response (attempt 39), retrying in 5s...
  No response (attempt 40), retrying in 5s...
  No response (attempt 41), retrying in 5s...
  No response (attempt 42), retrying in 5s...
  No response (attempt 43), retrying in 5s...
  No response (attempt 44), retrying in 5s...
  No response (attempt 45), retrying in 5s...
  No response (attempt 46), retrying in 5s...
  No response (attempt 47), retrying in 5s...
  No response (attempt 48), retrying in 5s...
  No response (attempt 49), retrying in 5s...
  No response (attempt 50), retrying in 5s...
  No response (attempt 51), retrying in 5s...
  No response (attempt 52), retrying in 5s...
  No response (attempt 53), retrying in 5s...
  No response (attempt 54), retrying in 5s...
  No response (attempt 55), retrying in 5s...
  No response (attempt 56), retrying in 5s...
  No response (attempt 57), retrying in 5s...
  No response (attempt 58), retrying in 5s...
  No response (attempt 59), retrying in 5s...
  No response (attempt 60), retrying in 5s...
  No response (attempt 61), retrying in 5s...
  No response (attempt 62), retrying in 5s...
Connected — receiving data from X-Plane (attempt 63)

Recording at 5 Hz to monitoring/run_Z/xplane_telemetry.csv
Max duration: 9000s. Press Ctrl+C to stop.

[    3.0s] FPS=19.9  CPU=48.54ms  GPU=1.71ms  Lat=-37.671200  GS=1.0kts  (1 samples)
[   13.9s] FPS=33.9  CPU=3.74ms  GPU=25.77ms  Lat=-37.671200  GS=0.0kts  (44 samples)
[   24.0s] FPS=30.5  CPU=7.95ms  GPU=24.79ms  Lat=-37.671200  GS=0.0kts  (90 samples)
[   34.1s] FPS=0.0  CPU=0.00ms  GPU=26.66ms  Lat=-37.671200  GS=0.0kts  (137 samples)
[   44.3s] FPS=0.0  CPU=0.00ms  GPU=26.74ms  Lat=-37.671200  GS=0.0kts  (185 samples)
  3 consecutive timeouts
Re-subscribing (X-Plane may have restarted)...
Subscribing to 13 datarefs at 5 Hz...
  [ 0] frame_time_s              = sim/operation/misc/frame_rate_period
  [ 1] gpu_time_s                = sim/time/gpu_time_per_frame_sec_approx
  [ 2] framerate_period_s        = sim/time/framerate_period
  [ 3] lat                       = sim/flightmodel/position/latitude
  [ 4] lon                       = sim/flightmodel/position/longitude
  [ 5] elev_m                    = sim/flightmodel/position/elevation
  [ 6] agl_m                     = sim/flightmodel/position/y_agl
  [ 7] gs_ms                     = sim/flightmodel/position/groundspeed
  [ 8] ias_ms                    = sim/flightmodel/position/indicated_airspeed
  [ 9] tas_ms                    = sim/flightmodel/position/true_airspeed
  [10] sim_time_s                = sim/time/total_running_time_sec
  [11] paused                    = sim/time/paused
  [12] sim_speed                 = sim/time/sim_speed
  No response (attempt 1), retrying in 2s...
  No response (attempt 2), retrying in 2s...
Connected — receiving data from X-Plane (attempt 3)
[   68.0s] FPS=28.2  CPU=35.27ms  GPU=0.15ms  Lat=-37.671173  GS=0.5kts  (206 samples)
[   77.9s] FPS=27.4  CPU=4.09ms  GPU=32.46ms  Lat=-37.671173  GS=0.0kts  (258 samples)
[   88.1s] FPS=24.1  CPU=10.32ms  GPU=31.18ms  Lat=-37.671173  GS=0.0kts  (303 samples)
[   98.1s] FPS=24.6  CPU=9.05ms  GPU=31.52ms  Lat=-37.671173  GS=0.0kts  (347 samples)
[  108.2s] FPS=27.2  CPU=4.83ms  GPU=31.94ms  Lat=-37.671173  GS=0.0kts  (391 samples)
[  118.4s] FPS=27.0  CPU=5.11ms  GPU=32.00ms  Lat=-37.671173  GS=0.0kts  (435 samples)
[  128.6s] FPS=28.0  CPU=4.71ms  GPU=30.99ms  Lat=-37.671173  GS=0.0kts  (480 samples)
[  138.7s] FPS=26.1  CPU=6.50ms  GPU=31.85ms  Lat=-37.671173  GS=0.0kts  (525 samples)
[  148.7s] FPS=25.7  CPU=6.73ms  GPU=32.16ms  Lat=-37.671173  GS=0.0kts  (569 samples)
[  158.7s] FPS=26.2  CPU=5.44ms  GPU=32.66ms  Lat=-37.671173  GS=0.0kts  (613 samples)
[  168.8s] FPS=25.4  CPU=7.75ms  GPU=31.58ms  Lat=-37.671173  GS=0.0kts  (657 samples)
[  178.8s] FPS=27.5  CPU=4.33ms  GPU=32.06ms  Lat=-37.671173  GS=0.0kts  (701 samples)
[  188.8s] FPS=23.0  CPU=11.25ms  GPU=32.24ms  Lat=-37.671173  GS=0.0kts  (745 samples)
[  198.9s] FPS=25.9  CPU=7.29ms  GPU=31.28ms  Lat=-37.671173  GS=0.0kts  (789 samples)
[  208.9s] FPS=26.6  CPU=5.99ms  GPU=31.59ms  Lat=-37.671173  GS=0.0kts  (833 samples)
[  218.9s] FPS=27.1  CPU=4.74ms  GPU=32.15ms  Lat=-37.671173  GS=0.0kts  (876 samples)
[  229.0s] FPS=29.1  CPU=2.51ms  GPU=31.89ms  Lat=-37.671173  GS=0.0kts  (920 samples)
[  239.2s] FPS=27.0  CPU=7.10ms  GPU=29.99ms  Lat=-37.671173  GS=0.0kts  (964 samples)
[  249.3s] FPS=27.2  CPU=5.73ms  GPU=30.98ms  Lat=-37.671173  GS=0.0kts  (1009 samples)
[  259.3s] FPS=25.8  CPU=8.01ms  GPU=30.78ms  Lat=-37.671173  GS=0.0kts  (1054 samples)
[  269.5s] FPS=27.4  CPU=4.32ms  GPU=32.24ms  Lat=-37.671173  GS=0.0kts  (1100 samples)
[  279.6s] FPS=28.2  CPU=4.07ms  GPU=31.43ms  Lat=-37.671173  GS=0.0kts  (1148 samples)
[  289.8s] FPS=27.3  CPU=5.11ms  GPU=31.50ms  Lat=-37.671173  GS=0.0kts  (1196 samples)
[  299.9s] FPS=29.0  CPU=3.05ms  GPU=31.38ms  Lat=-37.671173  GS=0.0kts  (1244 samples)
[  310.0s] FPS=28.7  CPU=3.34ms  GPU=31.51ms  Lat=-37.671173  GS=0.0kts  (1292 samples)
[  320.1s] FPS=28.1  CPU=4.09ms  GPU=31.44ms  Lat=-37.671173  GS=0.0kts  (1340 samples)
[  330.2s] FPS=29.9  CPU=1.60ms  GPU=31.79ms  Lat=-37.671173  GS=0.0kts  (1388 samples)
[  340.3s] FPS=29.8  CPU=11.74ms  GPU=21.80ms  Lat=-37.671173  GS=0.0kts  (1435 samples)
[  350.3s] FPS=25.3  CPU=18.50ms  GPU=21.07ms  Lat=-37.671173  GS=0.0kts  (1481 samples)
[  360.4s] FPS=30.5  CPU=10.99ms  GPU=21.83ms  Lat=-37.671173  GS=0.0kts  (1527 samples)
[  370.5s] FPS=30.3  CPU=11.95ms  GPU=21.01ms  Lat=-37.671173  GS=0.0kts  (1573 samples)
[  380.5s] FPS=29.9  CPU=11.67ms  GPU=21.78ms  Lat=-37.671173  GS=0.0kts  (1619 samples)
[  390.7s] FPS=30.1  CPU=12.01ms  GPU=21.20ms  Lat=-37.671173  GS=0.0kts  (1666 samples)
[  400.8s] FPS=28.1  CPU=3.44ms  GPU=32.18ms  Lat=-37.671173  GS=0.0kts  (1712 samples)
[  410.9s] FPS=28.3  CPU=6.43ms  GPU=28.88ms  Lat=-37.671173  GS=0.0kts  (1757 samples)
[  421.0s] FPS=19.9  CPU=6.61ms  GPU=43.64ms  Lat=-37.671173  GS=0.0kts  (1802 samples)
[  431.2s] FPS=19.9  CPU=3.76ms  GPU=46.49ms  Lat=-37.671173  GS=0.0kts  (1849 samples)
[  441.3s] FPS=19.9  CPU=3.08ms  GPU=47.17ms  Lat=-37.671173  GS=0.0kts  (1894 samples)
[  451.4s] FPS=27.0  CPU=4.03ms  GPU=33.05ms  Lat=-37.671173  GS=0.0kts  (1939 samples)
[  461.6s] FPS=27.0  CPU=3.80ms  GPU=33.20ms  Lat=-37.671173  GS=0.0kts  (1986 samples)
[  471.7s] FPS=26.5  CPU=5.14ms  GPU=32.61ms  Lat=-37.671173  GS=0.0kts  (2033 samples)
[  481.9s] FPS=27.2  CPU=4.75ms  GPU=31.97ms  Lat=-37.671173  GS=0.0kts  (2080 samples)
[  491.9s] FPS=27.2  CPU=3.57ms  GPU=33.15ms  Lat=-37.671173  GS=0.0kts  (2126 samples)
[  502.1s] FPS=26.9  CPU=4.60ms  GPU=32.53ms  Lat=-37.671173  GS=0.0kts  (2172 samples)
[  512.1s] FPS=26.9  CPU=3.68ms  GPU=33.49ms  Lat=-37.671173  GS=0.0kts  (2218 samples)
[  522.3s] FPS=25.7  CPU=5.44ms  GPU=33.52ms  Lat=-37.671173  GS=0.0kts  (2265 samples)
[  532.4s] FPS=29.5  CPU=0.30ms  GPU=33.62ms  Lat=-37.671173  GS=0.0kts  (2312 samples)
[  542.6s] FPS=27.5  CPU=1.95ms  GPU=34.37ms  Lat=-37.671173  GS=0.0kts  (2359 samples)
[  552.6s] FPS=28.9  CPU=0.67ms  GPU=33.92ms  Lat=-37.671173  GS=0.0kts  (2405 samples)
[  562.6s] FPS=26.2  CPU=4.21ms  GPU=33.89ms  Lat=-37.671173  GS=0.0kts  (2451 samples)
[  572.7s] FPS=25.2  CPU=5.19ms  GPU=34.42ms  Lat=-37.671173  GS=0.0kts  (2497 samples)
[  582.9s] FPS=26.0  CPU=6.13ms  GPU=32.27ms  Lat=-37.671173  GS=0.0kts  (2544 samples)
[  593.0s] FPS=25.2  CPU=6.48ms  GPU=33.15ms  Lat=-37.671173  GS=0.0kts  (2590 samples)
[  603.2s] FPS=36.2  CPU=0.00ms  GPU=33.24ms  Lat=-37.671173  GS=0.0kts  (2633 samples)
[  613.3s] FPS=27.3  CPU=3.33ms  GPU=33.26ms  Lat=-37.671173  GS=0.0kts  (2680 samples)
[  623.4s] FPS=27.3  CPU=3.45ms  GPU=33.16ms  Lat=-37.671173  GS=0.0kts  (2727 samples)
[  633.5s] FPS=25.3  CPU=0.00ms  GPU=41.72ms  Lat=-37.671173  GS=0.0kts  (2773 samples)
[  643.7s] FPS=23.0  CPU=3.59ms  GPU=39.95ms  Lat=-37.671173  GS=0.0kts  (2819 samples)
[  653.9s] FPS=26.3  CPU=5.10ms  GPU=32.88ms  Lat=-37.671173  GS=0.0kts  (2866 samples)
[  664.0s] FPS=26.9  CPU=4.65ms  GPU=32.48ms  Lat=-37.671173  GS=0.0kts  (2912 samples)
[  674.2s] FPS=28.2  CPU=3.38ms  GPU=32.04ms  Lat=-37.671173  GS=0.0kts  (2958 samples)
[  684.2s] FPS=25.3  CPU=6.82ms  GPU=32.77ms  Lat=-37.671173  GS=0.0kts  (3004 samples)
[  694.2s] FPS=27.6  CPU=2.69ms  GPU=33.57ms  Lat=-37.671173  GS=0.0kts  (3050 samples)
[  704.3s] FPS=27.7  CPU=3.21ms  GPU=32.86ms  Lat=-37.671173  GS=0.0kts  (3096 samples)
[  714.4s] FPS=27.5  CPU=2.87ms  GPU=33.44ms  Lat=-37.671173  GS=0.0kts  (3142 samples)
[  724.5s] FPS=29.6  CPU=6.09ms  GPU=27.64ms  Lat=-37.671173  GS=0.0kts  (3189 samples)
[  734.5s] FPS=29.8  CPU=5.60ms  GPU=27.92ms  Lat=-37.671173  GS=0.0kts  (3234 samples)
[  744.6s] FPS=29.9  CPU=13.52ms  GPU=19.89ms  Lat=-37.671173  GS=0.0kts  (3281 samples)
[  754.7s] FPS=30.2  CPU=10.74ms  GPU=22.33ms  Lat=-37.671173  GS=0.0kts  (3328 samples)
[  764.9s] FPS=29.7  CPU=5.77ms  GPU=27.95ms  Lat=-37.671173  GS=0.0kts  (3375 samples)
[  775.1s] FPS=29.5  CPU=6.63ms  GPU=27.32ms  Lat=-37.671173  GS=0.0kts  (3422 samples)
[  785.3s] FPS=30.0  CPU=9.34ms  GPU=24.04ms  Lat=-37.671173  GS=0.0kts  (3468 samples)
[  795.4s] FPS=30.2  CPU=4.74ms  GPU=28.36ms  Lat=-37.671173  GS=0.0kts  (3515 samples)
[  805.5s] FPS=30.1  CPU=6.50ms  GPU=26.75ms  Lat=-37.671173  GS=0.0kts  (3561 samples)
[  815.7s] FPS=30.6  CPU=6.26ms  GPU=26.42ms  Lat=-37.671173  GS=0.0kts  (3607 samples)
[  825.8s] FPS=35.9  CPU=1.26ms  GPU=26.57ms  Lat=-37.671173  GS=0.0kts  (3651 samples)
[  836.0s] FPS=32.3  CPU=2.81ms  GPU=28.16ms  Lat=-37.671173  GS=0.0kts  (3698 samples)
[  846.2s] FPS=32.5  CPU=2.43ms  GPU=28.32ms  Lat=-37.671173  GS=0.0kts  (3744 samples)
[  856.4s] FPS=32.0  CPU=2.94ms  GPU=28.29ms  Lat=-37.671173  GS=0.0kts  (3790 samples)
[  866.5s] FPS=29.7  CPU=6.40ms  GPU=27.32ms  Lat=-37.671173  GS=0.0kts  (3836 samples)
[  876.6s] FPS=32.3  CPU=3.16ms  GPU=27.82ms  Lat=-37.671173  GS=0.0kts  (3881 samples)
[  886.7s] FPS=30.0  CPU=12.25ms  GPU=21.08ms  Lat=-37.671173  GS=0.0kts  (3926 samples)
[  896.7s] FPS=29.6  CPU=12.85ms  GPU=20.88ms  Lat=-37.671173  GS=0.0kts  (3972 samples)
[  906.7s] FPS=29.5  CPU=12.44ms  GPU=21.47ms  Lat=-37.671173  GS=0.0kts  (4017 samples)
[  916.8s] FPS=29.9  CPU=13.06ms  GPU=20.37ms  Lat=-37.671173  GS=0.0kts  (4063 samples)
[  927.0s] FPS=29.8  CPU=7.15ms  GPU=26.40ms  Lat=-37.671173  GS=0.0kts  (4109 samples)
[  937.0s] FPS=30.6  CPU=4.02ms  GPU=28.69ms  Lat=-37.671173  GS=0.0kts  (4155 samples)
[  947.0s] FPS=19.9  CPU=17.59ms  GPU=32.66ms  Lat=-37.671173  GS=0.0kts  (4198 samples)
[  957.2s] FPS=32.1  CPU=3.38ms  GPU=27.73ms  Lat=-37.671173  GS=0.0kts  (4240 samples)
[  967.3s] FPS=30.5  CPU=3.77ms  GPU=29.00ms  Lat=-37.671173  GS=0.0kts  (4286 samples)
[  977.5s] FPS=29.9  CPU=4.71ms  GPU=28.71ms  Lat=-37.671173  GS=0.0kts  (4333 samples)
[  987.5s] FPS=28.7  CPU=5.37ms  GPU=29.51ms  Lat=-37.671173  GS=0.0kts  (4380 samples)
[  997.6s] FPS=28.4  CPU=4.74ms  GPU=30.50ms  Lat=-37.671173  GS=0.0kts  (4428 samples)
[ 1007.7s] FPS=28.1  CPU=3.62ms  GPU=31.98ms  Lat=-37.671173  GS=0.0kts  (4476 samples)
[ 1017.8s] FPS=27.9  CPU=5.81ms  GPU=30.02ms  Lat=-37.671173  GS=0.0kts  (4524 samples)
[ 1027.9s] FPS=27.5  CPU=7.66ms  GPU=28.68ms  Lat=-37.671173  GS=0.0kts  (4572 samples)
[ 1037.9s] FPS=30.7  CPU=4.57ms  GPU=28.02ms  Lat=-37.671173  GS=0.0kts  (4619 samples)
[ 1048.0s] FPS=38.6  CPU=6.34ms  GPU=19.55ms  Lat=-37.671173  GS=0.0kts  (4663 samples)
[ 1058.1s] FPS=30.0  CPU=4.09ms  GPU=29.29ms  Lat=-37.671173  GS=0.0kts  (4709 samples)
[ 1068.2s] FPS=28.9  CPU=4.15ms  GPU=30.47ms  Lat=-37.671173  GS=0.0kts  (4757 samples)
[ 1078.3s] FPS=30.1  CPU=4.75ms  GPU=28.46ms  Lat=-37.671173  GS=0.0kts  (4804 samples)
[ 1088.5s] FPS=28.9  CPU=4.57ms  GPU=29.99ms  Lat=-37.671173  GS=0.0kts  (4852 samples)
[ 1098.6s] FPS=31.4  CPU=3.34ms  GPU=28.49ms  Lat=-37.671173  GS=0.0kts  (4898 samples)
[ 1108.6s] FPS=29.5  CPU=5.04ms  GPU=28.81ms  Lat=-37.671173  GS=0.0kts  (4943 samples)
[ 1118.8s] FPS=28.3  CPU=3.68ms  GPU=31.63ms  Lat=-37.671173  GS=0.0kts  (4990 samples)
[ 1128.9s] FPS=28.7  CPU=5.62ms  GPU=29.17ms  Lat=-37.671173  GS=0.0kts  (5036 samples)
[ 1138.9s] FPS=30.2  CPU=2.73ms  GPU=30.38ms  Lat=-37.671173  GS=0.0kts  (5083 samples)
[ 1149.1s] FPS=28.4  CPU=4.75ms  GPU=30.44ms  Lat=-37.671173  GS=0.0kts  (5131 samples)
[ 1159.3s] FPS=29.5  CPU=3.25ms  GPU=30.66ms  Lat=-37.671173  GS=0.0kts  (5179 samples)
[ 1169.4s] FPS=28.8  CPU=4.21ms  GPU=30.50ms  Lat=-37.671173  GS=0.0kts  (5226 samples)
[ 1179.5s] FPS=29.3  CPU=2.30ms  GPU=31.87ms  Lat=-37.671173  GS=0.0kts  (5273 samples)
[ 1189.6s] FPS=26.7  CPU=5.82ms  GPU=31.70ms  Lat=-37.671173  GS=0.0kts  (5320 samples)
[ 1199.8s] FPS=29.1  CPU=2.85ms  GPU=31.48ms  Lat=-37.671173  GS=0.0kts  (5368 samples)
[ 1209.9s] FPS=27.3  CPU=5.39ms  GPU=31.26ms  Lat=-37.671173  GS=0.0kts  (5416 samples)
[ 1220.1s] FPS=27.5  CPU=5.53ms  GPU=30.89ms  Lat=-37.671173  GS=0.0kts  (5464 samples)
[ 1230.2s] FPS=27.9  CPU=5.23ms  GPU=30.65ms  Lat=-37.671173  GS=0.0kts  (5512 samples)
[ 1240.2s] FPS=29.1  CPU=3.03ms  GPU=31.36ms  Lat=-37.671173  GS=0.0kts  (5559 samples)
[ 1250.4s] FPS=28.1  CPU=3.91ms  GPU=31.63ms  Lat=-37.671173  GS=0.0kts  (5606 samples)
[ 1260.5s] FPS=30.3  CPU=0.68ms  GPU=32.28ms  Lat=-37.671173  GS=0.0kts  (5653 samples)
[ 1270.6s] FPS=26.1  CPU=2.85ms  GPU=35.43ms  Lat=-37.671173  GS=0.0kts  (5699 samples)
[ 1280.6s] FPS=26.0  CPU=2.08ms  GPU=36.31ms  Lat=-37.671173  GS=0.0kts  (5745 samples)
[ 1290.8s] FPS=25.7  CPU=2.75ms  GPU=36.18ms  Lat=-37.671173  GS=0.0kts  (5790 samples)
[ 1301.0s] FPS=26.2  CPU=2.06ms  GPU=36.17ms  Lat=-37.671173  GS=0.0kts  (5834 samples)
[ 1311.2s] FPS=24.7  CPU=4.01ms  GPU=36.42ms  Lat=-37.671173  GS=0.0kts  (5878 samples)
[ 1321.4s] FPS=25.4  CPU=3.37ms  GPU=35.97ms  Lat=-37.671173  GS=0.0kts  (5922 samples)
[ 1331.7s] FPS=22.3  CPU=5.56ms  GPU=39.38ms  Lat=-37.671173  GS=0.0kts  (5967 samples)
[ 1341.7s] FPS=30.8  CPU=4.38ms  GPU=28.08ms  Lat=-37.671173  GS=0.0kts  (6013 samples)
[ 1351.8s] FPS=19.9  CPU=22.79ms  GPU=27.46ms  Lat=-37.671173  GS=0.0kts  (6060 samples)
[ 1362.0s] FPS=19.9  CPU=20.95ms  GPU=29.30ms  Lat=-37.671173  GS=0.0kts  (6107 samples)
[ 1372.2s] FPS=28.6  CPU=4.13ms  GPU=30.87ms  Lat=-37.671181  GS=1.3kts  (6154 samples)
[ 1382.3s] FPS=28.1  CPU=6.39ms  GPU=29.24ms  Lat=-37.671261  GS=2.1kts  (6202 samples)
[ 1392.4s] FPS=28.6  CPU=5.80ms  GPU=29.18ms  Lat=-37.671341  GS=2.2kts  (6249 samples)
[ 1402.5s] FPS=28.4  CPU=5.73ms  GPU=29.50ms  Lat=-37.671429  GS=2.2kts  (6297 samples)
[ 1412.6s] FPS=26.6  CPU=9.25ms  GPU=28.38ms  Lat=-37.671513  GS=2.2kts  (6344 samples)
[ 1422.5s] FPS=27.5  CPU=8.71ms  GPU=27.70ms  Lat=-37.671589  GS=1.2kts  (6389 samples)
[ 1432.8s] FPS=28.8  CPU=7.18ms  GPU=27.51ms  Lat=-37.671631  GS=2.3kts  (6435 samples)
[ 1442.8s] FPS=30.6  CPU=4.98ms  GPU=27.68ms  Lat=-37.671730  GS=2.3kts  (6481 samples)
[ 1452.8s] FPS=29.8  CPU=7.77ms  GPU=25.78ms  Lat=-37.671833  GS=2.3kts  (6527 samples)
[ 1463.0s] FPS=29.7  CPU=9.40ms  GPU=24.31ms  Lat=-37.671909  GS=2.3kts  (6573 samples)
[ 1473.1s] FPS=30.4  CPU=7.08ms  GPU=25.76ms  Lat=-37.671936  GS=1.0kts  (6620 samples)
[ 1483.2s] FPS=28.9  CPU=6.08ms  GPU=28.57ms  Lat=-37.671932  GS=2.0kts  (6666 samples)
[ 1493.3s] FPS=29.4  CPU=6.49ms  GPU=27.50ms  Lat=-37.671909  GS=1.0kts  (6713 samples)
[ 1503.5s] FPS=30.5  CPU=5.96ms  GPU=26.79ms  Lat=-37.671902  GS=0.0kts  (6759 samples)
[ 1513.6s] FPS=30.1  CPU=7.10ms  GPU=26.18ms  Lat=-37.671902  GS=0.0kts  (6805 samples)
[ 1523.6s] FPS=30.1  CPU=13.94ms  GPU=19.26ms  Lat=-37.671902  GS=0.0kts  (6851 samples)
[ 1533.7s] FPS=41.0  CPU=0.00ms  GPU=25.61ms  Lat=-37.671902  GS=0.0kts  (6897 samples)
[ 1543.9s] FPS=33.6  CPU=3.38ms  GPU=26.36ms  Lat=-37.671902  GS=0.0kts  (6944 samples)
[ 1554.0s] FPS=38.1  CPU=0.00ms  GPU=27.49ms  Lat=-37.671902  GS=0.0kts  (6991 samples)
[ 1564.1s] FPS=29.9  CPU=5.22ms  GPU=28.26ms  Lat=-37.671902  GS=0.0kts  (7037 samples)
[ 1574.2s] FPS=31.2  CPU=4.22ms  GPU=27.84ms  Lat=-37.671902  GS=0.0kts  (7083 samples)
[ 1584.3s] FPS=32.5  CPU=2.68ms  GPU=28.12ms  Lat=-37.671902  GS=0.0kts  (7129 samples)
[ 1594.5s] FPS=30.2  CPU=5.26ms  GPU=27.91ms  Lat=-37.671902  GS=0.0kts  (7175 samples)
[ 1604.7s] FPS=29.3  CPU=5.91ms  GPU=28.22ms  Lat=-37.671902  GS=0.0kts  (7221 samples)
[ 1614.8s] FPS=32.9  CPU=1.54ms  GPU=28.83ms  Lat=-37.671902  GS=0.0kts  (7267 samples)
[ 1625.0s] FPS=31.6  CPU=5.05ms  GPU=26.56ms  Lat=-37.671902  GS=0.0kts  (7314 samples)
[ 1635.0s] FPS=30.6  CPU=6.01ms  GPU=26.72ms  Lat=-37.671902  GS=0.0kts  (7360 samples)
[ 1645.0s] FPS=34.0  CPU=2.41ms  GPU=26.97ms  Lat=-37.671902  GS=0.0kts  (7406 samples)
[ 1655.1s] FPS=37.0  CPU=0.00ms  GPU=28.51ms  Lat=-37.671902  GS=0.0kts  (7452 samples)
[ 1665.1s] FPS=30.4  CPU=5.19ms  GPU=27.69ms  Lat=-37.671902  GS=0.0kts  (7498 samples)
[ 1675.2s] FPS=29.1  CPU=5.52ms  GPU=28.87ms  Lat=-37.671902  GS=0.1kts  (7543 samples)
[ 1685.3s] FPS=30.2  CPU=4.29ms  GPU=28.86ms  Lat=-37.671909  GS=2.2kts  (7589 samples)
[ 1695.4s] FPS=31.8  CPU=4.58ms  GPU=26.91ms  Lat=-37.671936  GS=6.9kts  (7635 samples)
[ 1705.5s] FPS=46.2  CPU=0.00ms  GPU=27.66ms  Lat=-37.671993  GS=11.7kts  (7682 samples)
[ 1715.7s] FPS=30.0  CPU=5.81ms  GPU=27.49ms  Lat=-37.672085  GS=12.9kts  (7729 samples)
[ 1725.7s] FPS=30.7  CPU=6.17ms  GPU=26.43ms  Lat=-37.672050  GS=13.1kts  (7775 samples)
[ 1735.8s] FPS=29.7  CPU=8.03ms  GPU=25.60ms  Lat=-37.671997  GS=12.9kts  (7821 samples)
[ 1745.8s] FPS=34.6  CPU=3.58ms  GPU=25.35ms  Lat=-37.672047  GS=10.5kts  (7867 samples)
[ 1755.8s] FPS=29.6  CPU=9.54ms  GPU=24.21ms  Lat=-37.671833  GS=10.6kts  (7913 samples)
[ 1766.0s] FPS=29.5  CPU=7.93ms  GPU=26.02ms  Lat=-37.671345  GS=12.4kts  (7959 samples)
[ 1776.2s] FPS=32.1  CPU=4.59ms  GPU=26.61ms  Lat=-37.670712  GS=14.6kts  (8006 samples)
[ 1786.3s] FPS=28.5  CPU=6.82ms  GPU=28.33ms  Lat=-37.669979  GS=16.6kts  (8053 samples)
[ 1796.5s] FPS=30.3  CPU=10.36ms  GPU=22.60ms  Lat=-37.669167  GS=18.3kts  (8099 samples)
[ 1806.6s] FPS=29.3  CPU=10.30ms  GPU=23.80ms  Lat=-37.668282  GS=19.9kts  (8145 samples)
[ 1816.7s] FPS=30.3  CPU=9.10ms  GPU=23.89ms  Lat=-37.667328  GS=21.3kts  (8191 samples)
[ 1826.9s] FPS=30.2  CPU=10.56ms  GPU=22.55ms  Lat=-37.666534  GS=11.1kts  (8238 samples)
[ 1836.9s] FPS=30.5  CPU=8.97ms  GPU=23.87ms  Lat=-37.666183  GS=3.8kts  (8284 samples)
[ 1847.1s] FPS=29.7  CPU=10.04ms  GPU=23.66ms  Lat=-37.665951  GS=9.7kts  (8331 samples)
[ 1857.2s] FPS=27.8  CPU=5.06ms  GPU=30.86ms  Lat=-37.665432  GS=11.7kts  (8378 samples)
[ 1867.3s] FPS=29.0  CPU=6.59ms  GPU=27.85ms  Lat=-37.665142  GS=5.1kts  (8425 samples)
[ 1877.5s] FPS=30.6  CPU=3.34ms  GPU=29.36ms  Lat=-37.665234  GS=13.8kts  (8472 samples)
[ 1887.6s] FPS=29.5  CPU=5.45ms  GPU=28.49ms  Lat=-37.665302  GS=18.8kts  (8518 samples)
[ 1897.8s] FPS=29.5  CPU=7.13ms  GPU=26.81ms  Lat=-37.665138  GS=18.5kts  (8564 samples)
[ 1907.9s] FPS=38.3  CPU=0.00ms  GPU=27.73ms  Lat=-37.664986  GS=18.4kts  (8611 samples)
[ 1918.1s] FPS=29.5  CPU=11.54ms  GPU=22.36ms  Lat=-37.664875  GS=18.4kts  (8657 samples)
[ 1928.3s] FPS=29.4  CPU=7.30ms  GPU=26.71ms  Lat=-37.664604  GS=17.5kts  (8703 samples)
[ 1938.5s] FPS=26.5  CPU=15.30ms  GPU=22.46ms  Lat=-37.663879  GS=15.7kts  (8750 samples)
[ 1948.7s] FPS=26.4  CPU=14.95ms  GPU=22.86ms  Lat=-37.663654  GS=0.0kts  (8796 samples)
[ 1958.8s] FPS=28.4  CPU=3.68ms  GPU=31.50ms  Lat=-37.663654  GS=0.0kts  (8843 samples)
[ 1968.9s] FPS=34.7  CPU=1.86ms  GPU=26.96ms  Lat=-37.663654  GS=0.0kts  (8890 samples)
[ 1979.0s] FPS=27.6  CPU=15.69ms  GPU=20.51ms  Lat=-37.663654  GS=0.0kts  (8936 samples)
[ 1989.0s] FPS=30.6  CPU=1.79ms  GPU=30.91ms  Lat=-37.663654  GS=0.0kts  (8982 samples)
[ 1999.1s] FPS=23.1  CPU=18.75ms  GPU=24.63ms  Lat=-37.663654  GS=0.0kts  (9028 samples)
[ 2009.2s] FPS=27.9  CPU=12.86ms  GPU=22.99ms  Lat=-37.663654  GS=0.0kts  (9075 samples)
[ 2019.3s] FPS=28.9  CPU=11.01ms  GPU=23.53ms  Lat=-37.663654  GS=0.0kts  (9121 samples)
[ 2029.4s] FPS=29.9  CPU=10.74ms  GPU=22.75ms  Lat=-37.663654  GS=0.0kts  (9167 samples)
[ 2039.5s] FPS=31.0  CPU=9.64ms  GPU=22.67ms  Lat=-37.663654  GS=0.1kts  (9214 samples)
[ 2049.6s] FPS=29.4  CPU=10.97ms  GPU=23.09ms  Lat=-37.663456  GS=12.6kts  (9261 samples)
[ 2059.7s] FPS=31.1  CPU=11.49ms  GPU=20.66ms  Lat=-37.662830  GS=13.7kts  (9308 samples)
[ 2069.8s] FPS=29.1  CPU=15.83ms  GPU=18.60ms  Lat=-37.662258  GS=12.9kts  (9355 samples)
[ 2079.8s] FPS=35.9  CPU=5.60ms  GPU=22.24ms  Lat=-37.662212  GS=0.1kts  (9401 samples)
[ 2089.9s] FPS=32.7  CPU=0.44ms  GPU=30.11ms  Lat=-37.662212  GS=0.0kts  (9447 samples)
[ 2100.0s] FPS=27.8  CPU=4.58ms  GPU=31.45ms  Lat=-37.662212  GS=0.0kts  (9496 samples)
[ 2110.2s] FPS=28.1  CPU=5.30ms  GPU=30.28ms  Lat=-37.662212  GS=0.0kts  (9545 samples)
[ 2120.2s] FPS=27.8  CPU=4.84ms  GPU=31.15ms  Lat=-37.662212  GS=0.0kts  (9593 samples)
[ 2130.4s] FPS=31.6  CPU=1.50ms  GPU=30.17ms  Lat=-37.662212  GS=0.0kts  (9642 samples)
[ 2140.6s] FPS=30.4  CPU=12.08ms  GPU=20.80ms  Lat=-37.662212  GS=0.0kts  (9689 samples)
[ 2150.6s] FPS=30.3  CPU=10.98ms  GPU=22.03ms  Lat=-37.662212  GS=0.0kts  (9736 samples)
[ 2160.8s] FPS=30.4  CPU=11.03ms  GPU=21.82ms  Lat=-37.662212  GS=0.0kts  (9783 samples)
[ 2170.9s] FPS=29.6  CPU=12.14ms  GPU=21.66ms  Lat=-37.662212  GS=0.0kts  (9830 samples)
[ 2181.0s] FPS=30.2  CPU=12.22ms  GPU=20.84ms  Lat=-37.662212  GS=0.0kts  (9877 samples)
[ 2191.1s] FPS=30.1  CPU=11.95ms  GPU=21.26ms  Lat=-37.662212  GS=0.0kts  (9923 samples)
[ 2201.3s] FPS=29.8  CPU=11.86ms  GPU=21.73ms  Lat=-37.662212  GS=0.0kts  (9969 samples)
[ 2211.5s] FPS=30.3  CPU=11.39ms  GPU=21.64ms  Lat=-37.662212  GS=0.0kts  (10016 samples)
[ 2221.5s] FPS=30.0  CPU=11.69ms  GPU=21.59ms  Lat=-37.662212  GS=0.0kts  (10062 samples)
[ 2231.6s] FPS=29.3  CPU=12.27ms  GPU=21.89ms  Lat=-37.662212  GS=0.0kts  (10108 samples)
[ 2241.6s] FPS=29.3  CPU=13.74ms  GPU=20.35ms  Lat=-37.662212  GS=0.0kts  (10154 samples)
[ 2251.7s] FPS=29.7  CPU=13.09ms  GPU=20.59ms  Lat=-37.662212  GS=0.0kts  (10201 samples)
[ 2261.9s] FPS=29.3  CPU=12.82ms  GPU=21.32ms  Lat=-37.662212  GS=0.0kts  (10248 samples)
[ 2272.0s] FPS=30.1  CPU=12.97ms  GPU=20.21ms  Lat=-37.662212  GS=0.0kts  (10294 samples)
[ 2282.0s] FPS=29.2  CPU=14.25ms  GPU=19.97ms  Lat=-37.662167  GS=39.6kts  (10340 samples)
[ 2292.1s] FPS=25.8  CPU=18.94ms  GPU=19.84ms  Lat=-37.661945  GS=88.9kts  (10386 samples)
[ 2302.3s] FPS=29.5  CPU=15.72ms  GPU=18.16ms  Lat=-37.661575  GS=132.7kts  (10433 samples)
[ 2312.4s] FPS=29.9  CPU=14.63ms  GPU=18.81ms  Lat=-37.661037  GS=166.6kts  (10479 samples)
[ 2322.5s] FPS=30.6  CPU=16.03ms  GPU=16.68ms  Lat=-37.660412  GS=172.5kts  (10525 samples)
[ 2332.6s] FPS=29.9  CPU=16.70ms  GPU=16.72ms  Lat=-37.659779  GS=188.9kts  (10571 samples)
[ 2342.8s] FPS=59.7  CPU=0.12ms  GPU=16.64ms  Lat=-37.659107  GS=211.6kts  (10618 samples)
[ 2352.8s] FPS=29.8  CPU=17.21ms  GPU=16.38ms  Lat=-37.658356  GS=237.6kts  (10664 samples)
[ 2362.9s] FPS=30.1  CPU=17.77ms  GPU=15.42ms  Lat=-37.657532  GS=254.9kts  (10711 samples)
[ 2373.0s] FPS=29.9  CPU=18.24ms  GPU=15.21ms  Lat=-37.656704  GS=256.2kts  (10757 samples)
[ 2383.2s] FPS=64.0  CPU=0.36ms  GPU=15.25ms  Lat=-37.655849  GS=252.0kts  (10803 samples)
[ 2393.3s] FPS=30.4  CPU=17.63ms  GPU=15.30ms  Lat=-37.654999  GS=250.6kts  (10849 samples)
[ 2403.3s] FPS=29.4  CPU=18.70ms  GPU=15.29ms  Lat=-37.654152  GS=250.5kts  (10895 samples)
[ 2413.5s] FPS=30.0  CPU=19.25ms  GPU=14.12ms  Lat=-37.653309  GS=253.7kts  (10942 samples)
[ 2423.6s] FPS=29.8  CPU=19.63ms  GPU=13.94ms  Lat=-37.651760  GS=252.7kts  (10989 samples)
[ 2433.6s] FPS=30.0  CPU=18.56ms  GPU=14.77ms  Lat=-37.646946  GS=251.9kts  (11034 samples)
[ 2443.8s] FPS=30.1  CPU=16.45ms  GPU=16.83ms  Lat=-37.638908  GS=252.9kts  (11081 samples)
[ 2453.9s] FPS=31.3  CPU=14.52ms  GPU=17.40ms  Lat=-37.628532  GS=256.9kts  (11128 samples)
[ 2464.1s] FPS=29.9  CPU=16.93ms  GPU=16.52ms  Lat=-37.616985  GS=258.3kts  (11175 samples)
[ 2474.1s] FPS=29.8  CPU=17.65ms  GPU=15.86ms  Lat=-37.605507  GS=259.6kts  (11221 samples)
[ 2484.3s] FPS=31.4  CPU=15.46ms  GPU=16.36ms  Lat=-37.593819  GS=261.0kts  (11268 samples)
[ 2494.5s] FPS=29.3  CPU=18.25ms  GPU=15.88ms  Lat=-37.582058  GS=262.9kts  (11315 samples)
[ 2504.7s] FPS=29.5  CPU=18.38ms  GPU=15.50ms  Lat=-37.570133  GS=266.7kts  (11362 samples)
[ 2514.9s] FPS=29.9  CPU=17.58ms  GPU=15.85ms  Lat=-37.557392  GS=279.4kts  (11408 samples)
[ 2525.0s] FPS=29.0  CPU=19.86ms  GPU=14.65ms  Lat=-37.544083  GS=298.7kts  (11454 samples)
[ 2535.2s] FPS=30.4  CPU=14.77ms  GPU=18.18ms  Lat=-37.531048  GS=319.8kts  (11501 samples)
[ 2545.3s] FPS=29.9  CPU=17.97ms  GPU=15.43ms  Lat=-37.519691  GS=338.1kts  (11547 samples)
[ 2555.5s] FPS=29.6  CPU=18.38ms  GPU=15.38ms  Lat=-37.510052  GS=344.1kts  (11594 samples)
[ 2565.6s] FPS=29.1  CPU=19.44ms  GPU=14.90ms  Lat=-37.500305  GS=346.2kts  (11641 samples)
[ 2575.6s] FPS=29.0  CPU=19.40ms  GPU=15.12ms  Lat=-37.490639  GS=347.3kts  (11688 samples)
[ 2585.7s] FPS=30.2  CPU=18.20ms  GPU=14.86ms  Lat=-37.481052  GS=350.7kts  (11734 samples)
[ 2595.8s] FPS=30.1  CPU=17.63ms  GPU=15.62ms  Lat=-37.471836  GS=357.0kts  (11780 samples)
[ 2605.8s] FPS=29.6  CPU=19.52ms  GPU=14.22ms  Lat=-37.463207  GS=362.7kts  (11826 samples)
[ 2615.9s] FPS=30.0  CPU=19.05ms  GPU=14.31ms  Lat=-37.454681  GS=366.0kts  (11872 samples)
[ 2626.1s] FPS=27.1  CPU=23.68ms  GPU=13.23ms  Lat=-37.446068  GS=368.4kts  (11918 samples)
[ 2636.3s] FPS=29.1  CPU=20.89ms  GPU=13.48ms  Lat=-37.437344  GS=371.3kts  (11965 samples)
[ 2646.4s] FPS=30.0  CPU=18.48ms  GPU=14.83ms  Lat=-37.428520  GS=374.6kts  (12012 samples)
[ 2656.5s] FPS=28.8  CPU=20.43ms  GPU=14.27ms  Lat=-37.419750  GS=377.9kts  (12059 samples)
[ 2666.5s] FPS=29.8  CPU=19.73ms  GPU=13.89ms  Lat=-37.410957  GS=381.8kts  (12106 samples)
[ 2676.7s] FPS=29.7  CPU=18.80ms  GPU=14.86ms  Lat=-37.401932  GS=384.9kts  (12153 samples)
[ 2686.7s] FPS=30.7  CPU=18.32ms  GPU=14.21ms  Lat=-37.392918  GS=388.2kts  (12199 samples)
[ 2696.8s] FPS=30.5  CPU=17.97ms  GPU=14.84ms  Lat=-37.383881  GS=391.1kts  (12246 samples)
[ 2706.9s] FPS=30.3  CPU=18.51ms  GPU=14.54ms  Lat=-37.374741  GS=393.5kts  (12292 samples)
[ 2717.0s] FPS=29.9  CPU=18.77ms  GPU=14.66ms  Lat=-37.365593  GS=394.9kts  (12338 samples)
[ 2727.1s] FPS=29.7  CPU=18.55ms  GPU=15.15ms  Lat=-37.356300  GS=397.5kts  (12385 samples)
[ 2737.1s] FPS=30.2  CPU=18.50ms  GPU=14.64ms  Lat=-37.347012  GS=400.7kts  (12431 samples)
[ 2747.2s] FPS=29.9  CPU=19.43ms  GPU=14.04ms  Lat=-37.337605  GS=404.0kts  (12477 samples)
[ 2757.3s] FPS=30.0  CPU=18.21ms  GPU=15.10ms  Lat=-37.328087  GS=406.2kts  (12524 samples)
[ 2767.5s] FPS=30.2  CPU=18.44ms  GPU=14.71ms  Lat=-37.318451  GS=408.2kts  (12571 samples)
[ 2777.6s] FPS=31.2  CPU=16.26ms  GPU=15.77ms  Lat=-37.308884  GS=410.5kts  (12617 samples)
[ 2787.6s] FPS=30.2  CPU=18.18ms  GPU=14.94ms  Lat=-37.299320  GS=412.5kts  (12664 samples)
[ 2797.8s] FPS=29.3  CPU=20.02ms  GPU=14.11ms  Lat=-37.289604  GS=415.3kts  (12711 samples)
[ 2807.9s] FPS=29.6  CPU=19.46ms  GPU=14.32ms  Lat=-37.279827  GS=418.1kts  (12758 samples)
[ 2817.9s] FPS=29.5  CPU=19.51ms  GPU=14.34ms  Lat=-37.270061  GS=419.2kts  (12805 samples)
[ 2828.1s] FPS=30.2  CPU=19.17ms  GPU=13.91ms  Lat=-37.260052  GS=420.8kts  (12852 samples)
[ 2838.3s] FPS=29.1  CPU=19.70ms  GPU=14.61ms  Lat=-37.250042  GS=423.0kts  (12899 samples)
[ 2848.4s] FPS=30.0  CPU=19.11ms  GPU=14.18ms  Lat=-37.240063  GS=424.1kts  (12946 samples)
[ 2858.4s] FPS=29.0  CPU=20.96ms  GPU=13.57ms  Lat=-37.230190  GS=426.0kts  (12992 samples)
[ 2868.4s] FPS=29.6  CPU=19.97ms  GPU=13.80ms  Lat=-37.220200  GS=429.2kts  (13037 samples)
[ 2878.6s] FPS=30.3  CPU=18.83ms  GPU=14.19ms  Lat=-37.209930  GS=430.2kts  (13084 samples)
[ 2888.8s] FPS=29.7  CPU=20.15ms  GPU=13.52ms  Lat=-37.199665  GS=430.2kts  (13131 samples)
[ 2898.9s] FPS=30.3  CPU=18.97ms  GPU=14.08ms  Lat=-37.189495  GS=428.2kts  (13178 samples)
[ 2908.9s] FPS=29.9  CPU=19.79ms  GPU=13.63ms  Lat=-37.179535  GS=425.3kts  (13224 samples)
[ 2919.2s] FPS=28.6  CPU=21.85ms  GPU=13.16ms  Lat=-37.169212  GS=427.1kts  (13271 samples)
[ 2929.2s] FPS=29.9  CPU=19.58ms  GPU=13.86ms  Lat=-37.158398  GS=425.9kts  (13318 samples)
[ 2939.3s] FPS=30.0  CPU=19.44ms  GPU=13.95ms  Lat=-37.146950  GS=423.9kts  (13365 samples)
[ 2949.4s] FPS=30.0  CPU=20.25ms  GPU=13.05ms  Lat=-37.135273  GS=421.5kts  (13412 samples)
[ 2959.6s] FPS=30.3  CPU=18.86ms  GPU=14.16ms  Lat=-37.123699  GS=423.1kts  (13459 samples)
[ 2969.8s] FPS=30.3  CPU=19.80ms  GPU=13.21ms  Lat=-37.111942  GS=423.4kts  (13505 samples)
[ 2979.9s] FPS=30.5  CPU=18.99ms  GPU=13.80ms  Lat=-37.100311  GS=421.6kts  (13552 samples)
[ 2990.0s] FPS=29.9  CPU=19.71ms  GPU=13.77ms  Lat=-37.088772  GS=420.8kts  (13598 samples)
[ 3000.0s] FPS=30.3  CPU=18.56ms  GPU=14.46ms  Lat=-37.077301  GS=421.5kts  (13644 samples)
[ 3010.0s] FPS=28.2  CPU=22.00ms  GPU=13.53ms  Lat=-37.065666  GS=425.0kts  (13690 samples)
[ 3020.1s] FPS=30.9  CPU=18.29ms  GPU=14.09ms  Lat=-37.054058  GS=424.1kts  (13736 samples)
[ 3030.2s] FPS=29.9  CPU=20.07ms  GPU=13.36ms  Lat=-37.042362  GS=422.5kts  (13783 samples)
[ 3040.3s] FPS=30.7  CPU=19.58ms  GPU=12.99ms  Lat=-37.030773  GS=423.5kts  (13830 samples)
[ 3050.4s] FPS=28.5  CPU=20.60ms  GPU=14.48ms  Lat=-37.019238  GS=422.6kts  (13876 samples)
[ 3060.5s] FPS=29.9  CPU=19.59ms  GPU=13.83ms  Lat=-37.007504  GS=423.2kts  (13922 samples)
[ 3070.7s] FPS=19.9  CPU=36.05ms  GPU=14.20ms  Lat=-36.995728  GS=424.3kts  (13968 samples)
[ 3080.9s] FPS=38.2  CPU=11.34ms  GPU=14.85ms  Lat=-36.983917  GS=429.5kts  (14012 samples)
[ 3091.0s] FPS=30.8  CPU=20.31ms  GPU=12.12ms  Lat=-36.971893  GS=432.4kts  (14059 samples)
[ 3101.1s] FPS=30.1  CPU=19.46ms  GPU=13.81ms  Lat=-36.959904  GS=432.1kts  (14105 samples)
[ 3111.2s] FPS=30.6  CPU=18.56ms  GPU=14.12ms  Lat=-36.948093  GS=430.6kts  (14151 samples)
[ 3121.3s] FPS=29.7  CPU=19.35ms  GPU=14.27ms  Lat=-36.936291  GS=430.1kts  (14197 samples)
[ 3131.3s] FPS=30.1  CPU=18.92ms  GPU=14.26ms  Lat=-36.924538  GS=431.2kts  (14243 samples)
[ 3141.4s] FPS=30.0  CPU=18.36ms  GPU=14.98ms  Lat=-36.912743  GS=434.4kts  (14289 samples)
[ 3151.5s] FPS=29.9  CPU=19.02ms  GPU=14.48ms  Lat=-36.900776  GS=437.3kts  (14336 samples)
[ 3161.6s] FPS=29.2  CPU=20.04ms  GPU=14.21ms  Lat=-36.888767  GS=439.5kts  (14382 samples)
[ 3171.8s] FPS=29.9  CPU=17.01ms  GPU=16.43ms  Lat=-36.876518  GS=440.5kts  (14429 samples)
[ 3181.8s] FPS=29.9  CPU=15.80ms  GPU=17.66ms  Lat=-36.864399  GS=442.7kts  (14475 samples)
[ 3192.0s] FPS=31.2  CPU=17.00ms  GPU=15.01ms  Lat=-36.852123  GS=444.4kts  (14522 samples)
[ 3202.0s] FPS=61.8  CPU=0.21ms  GPU=15.98ms  Lat=-36.839886  GS=446.6kts  (14569 samples)
[ 3212.0s] FPS=30.9  CPU=16.08ms  GPU=16.25ms  Lat=-36.827587  GS=448.1kts  (14614 samples)
[ 3222.2s] FPS=29.9  CPU=17.41ms  GPU=16.06ms  Lat=-36.815029  GS=450.3kts  (14661 samples)
[ 3232.3s] FPS=29.3  CPU=17.81ms  GPU=16.36ms  Lat=-36.802582  GS=451.9kts  (14708 samples)
[ 3242.5s] FPS=29.1  CPU=18.42ms  GPU=16.00ms  Lat=-36.789944  GS=453.4kts  (14755 samples)
[ 3252.6s] FPS=29.8  CPU=18.89ms  GPU=14.71ms  Lat=-36.777401  GS=455.2kts  (14802 samples)
[ 3262.8s] FPS=29.4  CPU=18.45ms  GPU=15.58ms  Lat=-36.764519  GS=457.8kts  (14849 samples)
[ 3272.9s] FPS=29.8  CPU=19.18ms  GPU=14.40ms  Lat=-36.751945  GS=460.2kts  (14895 samples)
[ 3283.0s] FPS=29.9  CPU=18.68ms  GPU=14.79ms  Lat=-36.739105  GS=463.3kts  (14942 samples)
[ 3293.0s] FPS=31.4  CPU=15.72ms  GPU=16.11ms  Lat=-36.726360  GS=465.6kts  (14988 samples)
[ 3303.2s] FPS=33.7  CPU=11.93ms  GPU=17.74ms  Lat=-36.713348  GS=467.6kts  (15035 samples)
[ 3313.4s] FPS=31.0  CPU=14.26ms  GPU=17.99ms  Lat=-36.700287  GS=469.8kts  (15082 samples)
[ 3323.4s] FPS=29.4  CPU=15.28ms  GPU=18.71ms  Lat=-36.687355  GS=469.8kts  (15128 samples)
[ 3333.5s] FPS=30.0  CPU=17.23ms  GPU=16.12ms  Lat=-36.674515  GS=468.7kts  (15174 samples)
[ 3343.5s] FPS=29.3  CPU=17.35ms  GPU=16.81ms  Lat=-36.661621  GS=468.5kts  (15220 samples)
[ 3353.6s] FPS=29.9  CPU=15.59ms  GPU=17.87ms  Lat=-36.648643  GS=468.9kts  (15267 samples)
[ 3363.6s] FPS=28.8  CPU=17.96ms  GPU=16.77ms  Lat=-36.635761  GS=469.4kts  (15313 samples)
[ 3373.7s] FPS=29.7  CPU=16.83ms  GPU=16.87ms  Lat=-36.622669  GS=470.4kts  (15360 samples)
[ 3383.9s] FPS=29.5  CPU=16.12ms  GPU=17.80ms  Lat=-36.609570  GS=471.0kts  (15407 samples)
[ 3393.9s] FPS=29.3  CPU=17.43ms  GPU=16.74ms  Lat=-36.596500  GS=472.1kts  (15454 samples)
[ 3403.9s] FPS=29.9  CPU=17.07ms  GPU=16.35ms  Lat=-36.583466  GS=474.3kts  (15500 samples)
[ 3414.0s] FPS=71.9  CPU=0.27ms  GPU=13.64ms  Lat=-36.570343  GS=476.0kts  (15546 samples)
[ 3424.2s] FPS=30.1  CPU=19.21ms  GPU=14.02ms  Lat=-36.557110  GS=475.7kts  (15592 samples)
[ 3434.3s] FPS=29.7  CPU=18.67ms  GPU=14.96ms  Lat=-36.543953  GS=474.9kts  (15638 samples)
[ 3444.3s] FPS=30.1  CPU=18.23ms  GPU=15.04ms  Lat=-36.530815  GS=476.3kts  (15684 samples)
[ 3454.5s] FPS=29.5  CPU=18.92ms  GPU=15.00ms  Lat=-36.517574  GS=477.0kts  (15731 samples)
[ 3464.7s] FPS=30.1  CPU=18.11ms  GPU=15.10ms  Lat=-36.504242  GS=478.0kts  (15777 samples)
[ 3474.8s] FPS=29.7  CPU=20.47ms  GPU=13.19ms  Lat=-36.491016  GS=478.6kts  (15823 samples)
[ 3485.0s] FPS=29.9  CPU=20.67ms  GPU=12.72ms  Lat=-36.477585  GS=479.7kts  (15870 samples)
[ 3495.1s] FPS=30.5  CPU=18.23ms  GPU=14.59ms  Lat=-36.464252  GS=481.4kts  (15916 samples)
[ 3505.2s] FPS=29.9  CPU=18.13ms  GPU=15.37ms  Lat=-36.450783  GS=482.7kts  (15963 samples)
[ 3515.3s] FPS=29.5  CPU=19.62ms  GPU=14.32ms  Lat=-36.437435  GS=483.8kts  (16009 samples)
[ 3525.4s] FPS=30.2  CPU=18.50ms  GPU=14.58ms  Lat=-36.423946  GS=485.3kts  (16056 samples)
[ 3535.6s] FPS=37.2  CPU=12.62ms  GPU=14.27ms  Lat=-36.410378  GS=485.4kts  (16104 samples)
[ 3545.8s] FPS=37.6  CPU=12.54ms  GPU=14.06ms  Lat=-36.396706  GS=485.2kts  (16151 samples)
[ 3556.0s] FPS=23.7  CPU=27.42ms  GPU=14.80ms  Lat=-36.383064  GS=486.0kts  (16196 samples)
[ 3566.1s] FPS=30.1  CPU=22.41ms  GPU=10.84ms  Lat=-36.369465  GS=486.8kts  (16242 samples)
[ 3576.2s] FPS=30.1  CPU=20.02ms  GPU=13.21ms  Lat=-36.355999  GS=487.2kts  (16287 samples)
[ 3586.2s] FPS=29.8  CPU=18.49ms  GPU=15.05ms  Lat=-36.342464  GS=486.3kts  (16333 samples)
[ 3596.3s] FPS=29.9  CPU=19.10ms  GPU=14.39ms  Lat=-36.328850  GS=485.0kts  (16380 samples)
[ 3606.4s] FPS=30.1  CPU=17.69ms  GPU=15.58ms  Lat=-36.315346  GS=486.1kts  (16426 samples)
[ 3616.4s] FPS=29.9  CPU=17.09ms  GPU=16.38ms  Lat=-36.301842  GS=487.5kts  (16472 samples)
[ 3626.5s] FPS=30.1  CPU=17.23ms  GPU=16.04ms  Lat=-36.288219  GS=489.8kts  (16518 samples)
[ 3636.4s] FPS=31.5  CPU=16.23ms  GPU=15.51ms  Lat=-36.274639  GS=492.0kts  (16564 samples)
[ 3646.6s] FPS=29.6  CPU=19.12ms  GPU=14.65ms  Lat=-36.260883  GS=493.8kts  (16611 samples)
[ 3656.6s] FPS=28.6  CPU=19.21ms  GPU=15.77ms  Lat=-36.247097  GS=494.9kts  (16657 samples)
[ 3666.6s] FPS=30.2  CPU=17.93ms  GPU=15.18ms  Lat=-36.233410  GS=496.0kts  (16703 samples)
[ 3676.8s] FPS=28.6  CPU=19.69ms  GPU=15.33ms  Lat=-36.219563  GS=497.3kts  (16750 samples)
[ 3686.8s] FPS=26.8  CPU=21.18ms  GPU=16.20ms  Lat=-36.205578  GS=497.4kts  (16797 samples)
[ 3697.0s] FPS=29.6  CPU=16.83ms  GPU=16.94ms  Lat=-36.191608  GS=497.1kts  (16844 samples)
[ 3707.1s] FPS=32.6  CPU=14.49ms  GPU=16.15ms  Lat=-36.177765  GS=496.8kts  (16890 samples)
[ 3717.2s] FPS=29.0  CPU=21.16ms  GPU=13.31ms  Lat=-36.163750  GS=495.3kts  (16937 samples)
[ 3727.4s] FPS=32.0  CPU=16.12ms  GPU=15.12ms  Lat=-36.149761  GS=496.7kts  (16984 samples)
[ 3737.4s] FPS=29.8  CPU=18.48ms  GPU=15.11ms  Lat=-36.136044  GS=495.5kts  (17030 samples)
[ 3747.5s] FPS=30.5  CPU=19.49ms  GPU=13.27ms  Lat=-36.122242  GS=495.4kts  (17076 samples)
[ 3757.6s] FPS=30.5  CPU=20.21ms  GPU=12.58ms  Lat=-36.108257  GS=496.3kts  (17123 samples)
[ 3767.7s] FPS=29.6  CPU=20.95ms  GPU=12.78ms  Lat=-36.094299  GS=497.2kts  (17170 samples)
[ 3777.7s] FPS=31.1  CPU=17.95ms  GPU=14.16ms  Lat=-36.080074  GS=497.5kts  (17216 samples)
[ 3787.8s] FPS=30.4  CPU=19.92ms  GPU=12.93ms  Lat=-36.065971  GS=497.2kts  (17262 samples)
[ 3798.0s] FPS=29.9  CPU=21.60ms  GPU=11.83ms  Lat=-36.051323  GS=496.6kts  (17308 samples)
[ 3808.1s] FPS=31.7  CPU=19.20ms  GPU=12.36ms  Lat=-36.036770  GS=496.1kts  (17354 samples)
[ 3818.2s] FPS=29.1  CPU=21.80ms  GPU=12.57ms  Lat=-36.022293  GS=497.9kts  (17400 samples)
[ 3828.3s] FPS=30.3  CPU=20.04ms  GPU=12.97ms  Lat=-36.007938  GS=497.1kts  (17446 samples)
[ 3838.4s] FPS=30.2  CPU=20.76ms  GPU=12.32ms  Lat=-35.993614  GS=496.9kts  (17492 samples)
[ 3848.4s] FPS=30.3  CPU=20.31ms  GPU=12.67ms  Lat=-35.979195  GS=495.7kts  (17538 samples)
[ 3858.5s] FPS=29.6  CPU=20.19ms  GPU=13.55ms  Lat=-35.965332  GS=496.1kts  (17584 samples)
[ 3868.6s] FPS=30.0  CPU=19.54ms  GPU=13.77ms  Lat=-35.951317  GS=494.9kts  (17631 samples)
[ 3878.7s] FPS=30.2  CPU=20.54ms  GPU=12.61ms  Lat=-35.937107  GS=495.3kts  (17678 samples)
[ 3888.9s] FPS=52.6  CPU=7.34ms  GPU=11.67ms  Lat=-35.922897  GS=496.6kts  (17725 samples)
[ 3899.0s] FPS=29.8  CPU=17.54ms  GPU=15.98ms  Lat=-35.908909  GS=496.1kts  (17772 samples)
[ 3909.1s] FPS=29.8  CPU=18.09ms  GPU=15.46ms  Lat=-35.895039  GS=494.2kts  (17818 samples)
[ 3919.2s] FPS=28.5  CPU=17.98ms  GPU=17.07ms  Lat=-35.880985  GS=494.7kts  (17864 samples)
[ 3929.4s] FPS=30.6  CPU=16.10ms  GPU=16.59ms  Lat=-35.866653  GS=496.2kts  (17911 samples)
[ 3939.6s] FPS=57.4  CPU=8.79ms  GPU=8.63ms  Lat=-35.852512  GS=495.7kts  (17957 samples)
[ 3949.7s] FPS=26.6  CPU=25.33ms  GPU=12.33ms  Lat=-35.838451  GS=497.4kts  (18003 samples)
[ 3959.7s] FPS=29.7  CPU=19.26ms  GPU=14.37ms  Lat=-35.824524  GS=495.4kts  (18048 samples)
[ 3969.7s] FPS=29.0  CPU=22.36ms  GPU=12.06ms  Lat=-35.810440  GS=496.4kts  (18094 samples)
[ 3979.9s] FPS=25.3  CPU=26.26ms  GPU=13.27ms  Lat=-35.796303  GS=496.1kts  (18141 samples)
[ 3989.9s] FPS=29.7  CPU=21.58ms  GPU=12.12ms  Lat=-35.782375  GS=495.9kts  (18187 samples)
[ 4000.1s] FPS=29.7  CPU=21.50ms  GPU=12.13ms  Lat=-35.768341  GS=495.1kts  (18234 samples)
[ 4010.2s] FPS=23.3  CPU=30.51ms  GPU=12.43ms  Lat=-35.754421  GS=494.1kts  (18281 samples)
[ 4020.4s] FPS=30.0  CPU=20.90ms  GPU=12.48ms  Lat=-35.740459  GS=494.0kts  (18327 samples)
[ 4030.4s] FPS=30.4  CPU=20.12ms  GPU=12.81ms  Lat=-35.726547  GS=494.8kts  (18373 samples)
[ 4040.6s] FPS=29.7  CPU=19.93ms  GPU=13.68ms  Lat=-35.712326  GS=497.4kts  (18420 samples)
[ 4050.7s] FPS=29.8  CPU=19.98ms  GPU=13.55ms  Lat=-35.698345  GS=497.7kts  (18467 samples)
[ 4060.7s] FPS=30.1  CPU=16.84ms  GPU=16.38ms  Lat=-35.684418  GS=497.5kts  (18513 samples)
[ 4070.7s] FPS=30.0  CPU=18.57ms  GPU=14.77ms  Lat=-35.670479  GS=496.1kts  (18559 samples)
[ 4080.8s] FPS=29.9  CPU=15.89ms  GPU=17.52ms  Lat=-35.656445  GS=495.4kts  (18606 samples)
[ 4090.8s] FPS=30.8  CPU=17.80ms  GPU=14.69ms  Lat=-35.642578  GS=494.6kts  (18652 samples)
[ 4101.0s] FPS=29.6  CPU=21.54ms  GPU=12.22ms  Lat=-35.628513  GS=494.2kts  (18699 samples)
[ 4111.0s] FPS=29.6  CPU=20.73ms  GPU=13.01ms  Lat=-35.614655  GS=494.5kts  (18745 samples)
[ 4121.2s] FPS=29.8  CPU=22.07ms  GPU=11.53ms  Lat=-35.600540  GS=494.3kts  (18791 samples)
[ 4131.3s] FPS=29.9  CPU=21.99ms  GPU=11.47ms  Lat=-35.586647  GS=495.2kts  (18837 samples)
[ 4141.4s] FPS=30.4  CPU=19.33ms  GPU=13.52ms  Lat=-35.572651  GS=495.8kts  (18883 samples)
[ 4151.5s] FPS=29.8  CPU=17.63ms  GPU=15.89ms  Lat=-35.558430  GS=496.2kts  (18930 samples)
[ 4161.5s] FPS=28.0  CPU=16.75ms  GPU=18.90ms  Lat=-35.544395  GS=496.6kts  (18977 samples)
[ 4171.6s] FPS=30.2  CPU=17.51ms  GPU=15.59ms  Lat=-35.530296  GS=495.7kts  (19024 samples)
[ 4181.8s] FPS=30.6  CPU=16.60ms  GPU=16.08ms  Lat=-35.516151  GS=496.0kts  (19071 samples)
[ 4192.0s] FPS=29.5  CPU=18.20ms  GPU=15.66ms  Lat=-35.501953  GS=496.5kts  (19118 samples)
[ 4202.0s] FPS=30.8  CPU=17.10ms  GPU=15.41ms  Lat=-35.487942  GS=496.6kts  (19164 samples)
[ 4212.2s] FPS=30.0  CPU=17.54ms  GPU=15.78ms  Lat=-35.473709  GS=497.9kts  (19211 samples)
[ 4222.3s] FPS=26.6  CPU=22.00ms  GPU=15.63ms  Lat=-35.459633  GS=496.2kts  (19258 samples)
[ 4232.6s] FPS=27.1  CPU=20.73ms  GPU=16.23ms  Lat=-35.445438  GS=496.1kts  (19305 samples)
[ 4242.7s] FPS=30.5  CPU=18.25ms  GPU=14.59ms  Lat=-35.431210  GS=497.1kts  (19352 samples)
[ 4252.8s] FPS=29.8  CPU=18.93ms  GPU=14.68ms  Lat=-35.416996  GS=496.4kts  (19399 samples)
[ 4263.0s] FPS=29.8  CPU=18.38ms  GPU=15.16ms  Lat=-35.402763  GS=496.8kts  (19446 samples)
[ 4273.2s] FPS=29.6  CPU=18.26ms  GPU=15.52ms  Lat=-35.388458  GS=496.2kts  (19493 samples)
[ 4283.4s] FPS=28.9  CPU=18.96ms  GPU=15.66ms  Lat=-35.374237  GS=496.7kts  (19540 samples)
[ 4293.4s] FPS=30.1  CPU=16.04ms  GPU=17.14ms  Lat=-35.360172  GS=496.3kts  (19587 samples)
[ 4303.5s] FPS=30.5  CPU=16.19ms  GPU=16.65ms  Lat=-35.345951  GS=496.0kts  (19634 samples)
[ 4313.7s] FPS=29.9  CPU=17.66ms  GPU=15.75ms  Lat=-35.331684  GS=496.5kts  (19681 samples)
[ 4323.7s] FPS=29.9  CPU=18.59ms  GPU=14.87ms  Lat=-35.317669  GS=496.5kts  (19727 samples)
[ 4333.8s] FPS=30.2  CPU=18.22ms  GPU=14.85ms  Lat=-35.303471  GS=497.8kts  (19774 samples)
[ 4343.8s] FPS=29.6  CPU=21.36ms  GPU=12.37ms  Lat=-35.289345  GS=498.7kts  (19820 samples)
[ 4354.0s] FPS=29.7  CPU=21.37ms  GPU=12.33ms  Lat=-35.275040  GS=499.5kts  (19867 samples)
[ 4364.1s] FPS=29.7  CPU=21.68ms  GPU=12.01ms  Lat=-35.260891  GS=498.4kts  (19913 samples)
[ 4374.2s] FPS=30.2  CPU=21.37ms  GPU=11.77ms  Lat=-35.246628  GS=497.5kts  (19960 samples)
[ 4384.3s] FPS=29.8  CPU=20.90ms  GPU=12.65ms  Lat=-35.232384  GS=498.5kts  (20007 samples)
[ 4394.5s] FPS=61.9  CPU=3.84ms  GPU=12.31ms  Lat=-35.217957  GS=500.6kts  (20054 samples)
[ 4404.6s] FPS=33.5  CPU=17.89ms  GPU=11.97ms  Lat=-35.203674  GS=499.7kts  (20101 samples)
[ 4414.8s] FPS=29.5  CPU=20.93ms  GPU=12.97ms  Lat=-35.189415  GS=499.1kts  (20148 samples)
[ 4425.0s] FPS=29.3  CPU=21.12ms  GPU=13.05ms  Lat=-35.175098  GS=498.3kts  (20195 samples)
[ 4435.2s] FPS=31.5  CPU=18.96ms  GPU=12.79ms  Lat=-35.160828  GS=495.7kts  (20241 samples)
[ 4445.1s] FPS=29.1  CPU=21.76ms  GPU=12.57ms  Lat=-35.146713  GS=495.6kts  (20287 samples)
[ 4455.1s] FPS=30.1  CPU=21.16ms  GPU=12.07ms  Lat=-35.132626  GS=495.9kts  (20333 samples)
[ 4465.2s] FPS=29.0  CPU=21.49ms  GPU=13.04ms  Lat=-35.118580  GS=494.9kts  (20379 samples)
[ 4475.2s] FPS=29.0  CPU=21.01ms  GPU=13.46ms  Lat=-35.104485  GS=496.2kts  (20426 samples)
[ 4485.3s] FPS=30.1  CPU=19.51ms  GPU=13.73ms  Lat=-35.090298  GS=496.9kts  (20472 samples)
[ 4495.5s] FPS=30.0  CPU=20.00ms  GPU=13.30ms  Lat=-35.075943  GS=497.3kts  (20519 samples)
[ 4505.7s] FPS=29.8  CPU=20.89ms  GPU=12.62ms  Lat=-35.061565  GS=497.5kts  (20566 samples)
[ 4515.8s] FPS=30.3  CPU=19.94ms  GPU=13.06ms  Lat=-35.047363  GS=496.6kts  (20613 samples)
[ 4525.9s] FPS=28.6  CPU=21.90ms  GPU=13.09ms  Lat=-35.033058  GS=496.5kts  (20660 samples)
[ 4536.0s] FPS=29.8  CPU=20.79ms  GPU=12.80ms  Lat=-35.018864  GS=495.6kts  (20706 samples)
[ 4546.1s] FPS=30.4  CPU=19.63ms  GPU=13.31ms  Lat=-35.004570  GS=495.6kts  (20753 samples)
[ 4556.3s] FPS=30.2  CPU=19.51ms  GPU=13.65ms  Lat=-34.990242  GS=496.4kts  (20800 samples)
[ 4566.4s] FPS=29.4  CPU=20.00ms  GPU=14.07ms  Lat=-34.975941  GS=500.6kts  (20847 samples)
[ 4576.4s] FPS=29.8  CPU=18.67ms  GPU=14.84ms  Lat=-34.961582  GS=505.5kts  (20893 samples)
[ 4586.6s] FPS=30.0  CPU=18.27ms  GPU=15.02ms  Lat=-34.946945  GS=506.9kts  (20940 samples)
[ 4596.8s] FPS=29.9  CPU=18.22ms  GPU=15.21ms  Lat=-34.932400  GS=504.4kts  (20987 samples)
[ 4606.9s] FPS=31.6  CPU=16.69ms  GPU=14.93ms  Lat=-34.917831  GS=502.2kts  (21034 samples)
[ 4617.1s] FPS=29.7  CPU=19.43ms  GPU=14.19ms  Lat=-34.903408  GS=500.2kts  (21081 samples)
[ 4627.2s] FPS=30.0  CPU=17.63ms  GPU=15.66ms  Lat=-34.889107  GS=499.0kts  (21127 samples)
[ 4637.2s] FPS=26.9  CPU=21.47ms  GPU=15.64ms  Lat=-34.874794  GS=497.5kts  (21173 samples)
[ 4647.2s] FPS=29.9  CPU=18.41ms  GPU=14.98ms  Lat=-34.860653  GS=495.4kts  (21219 samples)
[ 4657.4s] FPS=19.9  CPU=35.07ms  GPU=15.18ms  Lat=-34.846306  GS=493.3kts  (21265 samples)
[ 4667.6s] FPS=29.6  CPU=18.88ms  GPU=14.93ms  Lat=-34.832085  GS=492.3kts  (21312 samples)
[ 4677.7s] FPS=27.8  CPU=20.51ms  GPU=15.44ms  Lat=-34.817871  GS=492.0kts  (21358 samples)
[ 4687.8s] FPS=29.8  CPU=18.51ms  GPU=15.04ms  Lat=-34.803501  GS=492.4kts  (21405 samples)
[ 4697.8s] FPS=30.1  CPU=20.27ms  GPU=12.94ms  Lat=-34.789185  GS=491.9kts  (21451 samples)
[ 4707.9s] FPS=72.2  CPU=2.86ms  GPU=11.00ms  Lat=-34.775040  GS=490.3kts  (21498 samples)
[ 4717.9s] FPS=29.2  CPU=20.28ms  GPU=14.03ms  Lat=-34.761074  GS=489.5kts  (21544 samples)
[ 4727.9s] FPS=29.3  CPU=21.66ms  GPU=12.50ms  Lat=-34.747604  GS=490.4kts  (21590 samples)
[ 4738.0s] FPS=27.7  CPU=21.59ms  GPU=14.53ms  Lat=-34.735100  GS=488.4kts  (21637 samples)
[ 4748.1s] FPS=29.4  CPU=20.18ms  GPU=13.87ms  Lat=-34.723511  GS=485.1kts  (21684 samples)
[ 4758.1s] FPS=30.0  CPU=18.51ms  GPU=14.87ms  Lat=-34.712814  GS=481.1kts  (21730 samples)
[ 4768.2s] FPS=28.8  CPU=20.37ms  GPU=14.37ms  Lat=-34.702335  GS=477.4kts  (21777 samples)
[ 4778.3s] FPS=29.5  CPU=19.69ms  GPU=14.16ms  Lat=-34.692020  GS=474.5kts  (21823 samples)
[ 4788.5s] FPS=28.4  CPU=20.95ms  GPU=14.20ms  Lat=-34.681633  GS=471.3kts  (21870 samples)
[ 4798.7s] FPS=29.0  CPU=19.81ms  GPU=14.67ms  Lat=-34.671352  GS=468.7kts  (21916 samples)
[ 4808.8s] FPS=29.5  CPU=19.31ms  GPU=14.64ms  Lat=-34.661098  GS=465.5kts  (21962 samples)
[ 4818.9s] FPS=29.9  CPU=18.64ms  GPU=14.84ms  Lat=-34.650955  GS=462.5kts  (22008 samples)
[ 4829.1s] FPS=29.9  CPU=19.08ms  GPU=14.34ms  Lat=-34.640766  GS=459.5kts  (22055 samples)
[ 4839.1s] FPS=30.2  CPU=18.48ms  GPU=14.68ms  Lat=-34.630814  GS=458.4kts  (22101 samples)
[ 4849.3s] FPS=28.9  CPU=19.52ms  GPU=15.04ms  Lat=-34.620678  GS=454.2kts  (22148 samples)
[ 4859.3s] FPS=29.8  CPU=19.81ms  GPU=13.80ms  Lat=-34.610851  GS=446.5kts  (22194 samples)
[ 4869.5s] FPS=29.8  CPU=19.33ms  GPU=14.23ms  Lat=-34.601154  GS=435.2kts  (22241 samples)
[ 4879.6s] FPS=29.7  CPU=20.62ms  GPU=13.01ms  Lat=-34.591652  GS=428.2kts  (22287 samples)
[ 4889.7s] FPS=30.2  CPU=20.28ms  GPU=12.83ms  Lat=-34.582161  GS=427.1kts  (22334 samples)
[ 4899.8s] FPS=29.7  CPU=20.19ms  GPU=13.48ms  Lat=-34.572727  GS=427.9kts  (22380 samples)
[ 4910.0s] FPS=30.3  CPU=21.23ms  GPU=11.77ms  Lat=-34.563271  GS=426.9kts  (22427 samples)
[ 4919.9s] FPS=29.9  CPU=20.68ms  GPU=12.75ms  Lat=-34.553959  GS=425.4kts  (22473 samples)
[ 4930.1s] FPS=31.5  CPU=18.54ms  GPU=13.23ms  Lat=-34.544537  GS=427.6kts  (22520 samples)
[ 4940.3s] FPS=29.5  CPU=21.06ms  GPU=12.79ms  Lat=-34.535057  GS=426.6kts  (22567 samples)
[ 4950.3s] FPS=29.8  CPU=20.47ms  GPU=13.14ms  Lat=-34.525707  GS=427.7kts  (22613 samples)
[ 4960.3s] FPS=30.0  CPU=20.50ms  GPU=12.80ms  Lat=-34.516266  GS=426.1kts  (22659 samples)
[ 4970.5s] FPS=29.9  CPU=21.43ms  GPU=12.00ms  Lat=-34.506790  GS=431.0kts  (22706 samples)
[ 4980.7s] FPS=28.8  CPU=22.57ms  GPU=12.19ms  Lat=-34.497025  GS=442.4kts  (22753 samples)
[ 4990.8s] FPS=30.2  CPU=20.30ms  GPU=12.82ms  Lat=-34.487091  GS=452.4kts  (22799 samples)
[ 5000.9s] FPS=30.7  CPU=20.04ms  GPU=12.58ms  Lat=-34.476967  GS=462.1kts  (22845 samples)
[ 5011.0s] FPS=30.1  CPU=20.09ms  GPU=13.08ms  Lat=-34.466621  GS=462.7kts  (22892 samples)
[ 5021.0s] FPS=28.9  CPU=21.08ms  GPU=13.57ms  Lat=-34.456551  GS=455.2kts  (22938 samples)
[ 5031.1s] FPS=30.5  CPU=19.17ms  GPU=13.66ms  Lat=-34.446606  GS=449.2kts  (22984 samples)
[ 5041.2s] FPS=30.4  CPU=15.24ms  GPU=17.61ms  Lat=-34.436733  GS=446.5kts  (23031 samples)
[ 5051.4s] FPS=29.1  CPU=19.82ms  GPU=14.56ms  Lat=-34.426830  GS=444.0kts  (23078 samples)
[ 5061.6s] FPS=29.7  CPU=20.22ms  GPU=13.44ms  Lat=-34.416946  GS=439.7kts  (23125 samples)
[ 5071.7s] FPS=30.0  CPU=18.28ms  GPU=15.08ms  Lat=-34.407150  GS=433.3kts  (23172 samples)
[ 5081.8s] FPS=29.9  CPU=18.04ms  GPU=15.39ms  Lat=-34.397614  GS=427.4kts  (23219 samples)
[ 5091.9s] FPS=29.9  CPU=18.26ms  GPU=15.18ms  Lat=-34.388275  GS=423.0kts  (23266 samples)
[ 5102.1s] FPS=29.0  CPU=19.59ms  GPU=14.86ms  Lat=-34.378925  GS=419.3kts  (23313 samples)
[ 5112.2s] FPS=29.4  CPU=18.09ms  GPU=15.88ms  Lat=-34.369717  GS=415.4kts  (23359 samples)
[ 5122.2s] FPS=30.0  CPU=18.38ms  GPU=15.01ms  Lat=-34.360565  GS=409.9kts  (23405 samples)
[ 5132.3s] FPS=29.9  CPU=18.26ms  GPU=15.19ms  Lat=-34.351566  GS=407.5kts  (23452 samples)
[ 5142.4s] FPS=29.8  CPU=18.64ms  GPU=14.93ms  Lat=-34.342468  GS=407.0kts  (23499 samples)
[ 5152.5s] FPS=30.6  CPU=18.27ms  GPU=14.45ms  Lat=-34.333504  GS=403.7kts  (23545 samples)
[ 5162.7s] FPS=29.6  CPU=17.89ms  GPU=15.89ms  Lat=-34.324421  GS=399.3kts  (23592 samples)
[ 5172.7s] FPS=29.9  CPU=17.53ms  GPU=15.96ms  Lat=-34.315628  GS=394.6kts  (23638 samples)
[ 5182.8s] FPS=29.4  CPU=21.79ms  GPU=12.18ms  Lat=-34.306950  GS=387.5kts  (23685 samples)
[ 5192.9s] FPS=29.6  CPU=18.16ms  GPU=15.64ms  Lat=-34.298363  GS=384.9kts  (23731 samples)
[ 5203.1s] FPS=30.0  CPU=17.19ms  GPU=16.09ms  Lat=-34.289825  GS=382.2kts  (23778 samples)
[ 5213.0s] FPS=29.6  CPU=18.05ms  GPU=15.69ms  Lat=-34.281467  GS=379.1kts  (23824 samples)
[ 5223.2s] FPS=29.5  CPU=17.73ms  GPU=16.22ms  Lat=-34.273045  GS=375.5kts  (23871 samples)
[ 5233.3s] FPS=29.0  CPU=19.26ms  GPU=15.19ms  Lat=-34.264786  GS=371.8kts  (23918 samples)
[ 5243.5s] FPS=29.6  CPU=18.64ms  GPU=15.13ms  Lat=-34.256508  GS=368.0kts  (23965 samples)
[ 5253.7s] FPS=28.0  CPU=20.05ms  GPU=15.63ms  Lat=-34.248291  GS=362.9kts  (24012 samples)
[ 5263.8s] FPS=30.0  CPU=17.92ms  GPU=15.45ms  Lat=-34.240322  GS=352.6kts  (24059 samples)
[ 5273.7s] FPS=29.2  CPU=18.79ms  GPU=15.44ms  Lat=-34.232689  GS=340.1kts  (24105 samples)
[ 5283.9s] FPS=29.7  CPU=19.71ms  GPU=14.01ms  Lat=-34.225258  GS=327.7kts  (24151 samples)
[ 5294.0s] FPS=30.3  CPU=18.17ms  GPU=14.89ms  Lat=-34.218105  GS=319.6kts  (24198 samples)
[ 5304.0s] FPS=21.9  CPU=30.88ms  GPU=14.68ms  Lat=-34.211075  GS=316.3kts  (24244 samples)
[ 5314.1s] FPS=28.9  CPU=19.01ms  GPU=15.57ms  Lat=-34.204029  GS=310.9kts  (24291 samples)
[ 5324.2s] FPS=30.5  CPU=20.18ms  GPU=12.63ms  Lat=-34.197159  GS=299.7kts  (24338 samples)
[ 5334.3s] FPS=30.0  CPU=19.18ms  GPU=14.18ms  Lat=-34.190575  GS=291.5kts  (24385 samples)
[ 5344.5s] FPS=33.9  CPU=15.50ms  GPU=14.01ms  Lat=-34.184074  GS=290.3kts  (24432 samples)
[ 5354.6s] FPS=20.6  CPU=34.31ms  GPU=14.23ms  Lat=-34.177570  GS=288.5kts  (24479 samples)
[ 5364.8s] FPS=28.9  CPU=19.32ms  GPU=15.31ms  Lat=-34.171162  GS=287.2kts  (24525 samples)
[ 5374.9s] FPS=28.8  CPU=20.00ms  GPU=14.74ms  Lat=-34.164730  GS=286.0kts  (24572 samples)
[ 5385.0s] FPS=29.9  CPU=19.01ms  GPU=14.42ms  Lat=-34.158333  GS=284.8kts  (24619 samples)
[ 5395.2s] FPS=30.0  CPU=17.48ms  GPU=15.89ms  Lat=-34.151947  GS=283.5kts  (24666 samples)
[ 5405.3s] FPS=30.2  CPU=19.10ms  GPU=14.01ms  Lat=-34.145653  GS=282.5kts  (24712 samples)
[ 5415.5s] FPS=29.9  CPU=22.50ms  GPU=10.97ms  Lat=-34.139263  GS=281.5kts  (24759 samples)
[ 5425.6s] FPS=29.8  CPU=20.21ms  GPU=13.33ms  Lat=-34.132988  GS=280.6kts  (24806 samples)
[ 5435.6s] FPS=30.2  CPU=17.08ms  GPU=16.07ms  Lat=-34.126785  GS=277.7kts  (24852 samples)
[ 5445.6s] FPS=30.3  CPU=17.75ms  GPU=15.22ms  Lat=-34.120628  GS=277.5kts  (24898 samples)
[ 5455.8s] FPS=29.7  CPU=12.89ms  GPU=20.75ms  Lat=-34.114365  GS=278.9kts  (24945 samples)
[ 5466.0s] FPS=30.2  CPU=17.40ms  GPU=15.68ms  Lat=-34.108055  GS=279.8kts  (24992 samples)
[ 5476.1s] FPS=31.7  CPU=15.38ms  GPU=16.18ms  Lat=-34.101746  GS=280.1kts  (25039 samples)
[ 5486.3s] FPS=28.8  CPU=18.57ms  GPU=16.18ms  Lat=-34.095448  GS=280.5kts  (25086 samples)
[ 5496.3s] FPS=30.4  CPU=16.95ms  GPU=15.90ms  Lat=-34.089249  GS=281.0kts  (25132 samples)
[ 5506.3s] FPS=29.6  CPU=16.95ms  GPU=16.88ms  Lat=-34.083221  GS=282.4kts  (25179 samples)
[ 5516.3s] FPS=30.4  CPU=16.25ms  GPU=16.67ms  Lat=-34.079876  GS=284.0kts  (25225 samples)
[ 5526.3s] FPS=30.0  CPU=16.14ms  GPU=17.16ms  Lat=-34.081360  GS=285.0kts  (25271 samples)
[ 5536.5s] FPS=29.5  CPU=17.43ms  GPU=16.46ms  Lat=-34.087349  GS=285.2kts  (25318 samples)
[ 5546.6s] FPS=30.3  CPU=17.05ms  GPU=15.96ms  Lat=-34.095215  GS=284.3kts  (25365 samples)
[ 5556.7s] FPS=29.1  CPU=19.00ms  GPU=15.41ms  Lat=-34.103397  GS=283.8kts  (25411 samples)
[ 5566.8s] FPS=30.0  CPU=17.05ms  GPU=16.26ms  Lat=-34.111408  GS=282.7kts  (25457 samples)
[ 5577.0s] FPS=51.6  CPU=3.16ms  GPU=16.22ms  Lat=-34.119312  GS=282.1kts  (25504 samples)
[ 5587.0s] FPS=30.1  CPU=16.22ms  GPU=16.96ms  Lat=-34.126835  GS=281.1kts  (25550 samples)
[ 5597.2s] FPS=29.8  CPU=13.63ms  GPU=19.88ms  Lat=-34.134258  GS=279.1kts  (25598 samples)
[ 5607.3s] FPS=26.5  CPU=21.54ms  GPU=16.17ms  Lat=-34.141521  GS=277.4kts  (25645 samples)
[ 5617.5s] FPS=29.5  CPU=17.41ms  GPU=16.48ms  Lat=-34.148727  GS=276.8kts  (25692 samples)
[ 5627.5s] FPS=29.8  CPU=17.82ms  GPU=15.75ms  Lat=-34.155727  GS=276.9kts  (25739 samples)
[ 5637.7s] FPS=30.3  CPU=12.57ms  GPU=20.48ms  Lat=-34.162735  GS=273.4kts  (25786 samples)
[ 5647.8s] FPS=30.0  CPU=12.41ms  GPU=20.96ms  Lat=-34.169701  GS=273.2kts  (25833 samples)
[ 5657.9s] FPS=29.5  CPU=18.68ms  GPU=15.16ms  Lat=-34.176624  GS=274.6kts  (25880 samples)
[ 5668.0s] FPS=29.8  CPU=18.99ms  GPU=14.62ms  Lat=-34.183472  GS=269.9kts  (25926 samples)
[ 5678.2s] FPS=29.9  CPU=19.59ms  GPU=13.87ms  Lat=-34.190186  GS=259.1kts  (25973 samples)
[ 5688.2s] FPS=30.0  CPU=19.89ms  GPU=13.48ms  Lat=-34.196648  GS=249.1kts  (26019 samples)
[ 5698.2s] FPS=30.0  CPU=19.78ms  GPU=13.58ms  Lat=-34.204216  GS=242.9kts  (26065 samples)
[ 5708.2s] FPS=29.9  CPU=19.99ms  GPU=13.40ms  Lat=-34.213650  GS=241.8kts  (26111 samples)
[ 5718.4s] FPS=29.9  CPU=19.95ms  GPU=13.46ms  Lat=-34.224525  GS=244.1kts  (26158 samples)
[ 5728.6s] FPS=29.0  CPU=20.82ms  GPU=13.65ms  Lat=-34.235386  GS=242.8kts  (26204 samples)
[ 5738.6s] FPS=29.8  CPU=19.80ms  GPU=13.77ms  Lat=-34.244747  GS=238.0kts  (26250 samples)
[ 5748.6s] FPS=29.8  CPU=20.44ms  GPU=13.13ms  Lat=-34.251080  GS=232.6kts  (26296 samples)
[ 5758.8s] FPS=29.9  CPU=20.02ms  GPU=13.46ms  Lat=-34.253670  GS=224.8kts  (26342 samples)
[ 5768.9s] FPS=30.1  CPU=19.95ms  GPU=13.30ms  Lat=-34.252686  GS=210.0kts  (26388 samples)
[ 5779.0s] FPS=29.4  CPU=18.34ms  GPU=15.63ms  Lat=-34.248226  GS=194.7kts  (26435 samples)
[ 5789.2s] FPS=30.0  CPU=16.66ms  GPU=16.63ms  Lat=-34.241116  GS=191.1kts  (26482 samples)
[ 5799.4s] FPS=31.9  CPU=17.93ms  GPU=13.42ms  Lat=-34.233265  GS=191.0kts  (26529 samples)
[ 5809.5s] FPS=30.1  CPU=19.01ms  GPU=14.17ms  Lat=-34.225235  GS=191.4kts  (26576 samples)
[ 5819.5s] FPS=30.0  CPU=19.13ms  GPU=14.20ms  Lat=-34.217098  GS=190.1kts  (26622 samples)
[ 5829.6s] FPS=29.7  CPU=19.09ms  GPU=14.55ms  Lat=-34.208740  GS=189.1kts  (26668 samples)
[ 5839.7s] FPS=29.9  CPU=19.07ms  GPU=14.40ms  Lat=-34.200127  GS=189.5kts  (26715 samples)
[ 5849.8s] FPS=30.2  CPU=19.25ms  GPU=13.80ms  Lat=-34.191555  GS=189.8kts  (26762 samples)
[ 5859.8s] FPS=29.9  CPU=18.83ms  GPU=14.60ms  Lat=-34.182896  GS=190.2kts  (26808 samples)
[ 5869.9s] FPS=29.7  CPU=21.15ms  GPU=12.54ms  Lat=-34.174244  GS=189.0kts  (26854 samples)
[ 5880.1s] FPS=29.8  CPU=18.97ms  GPU=14.53ms  Lat=-34.165451  GS=189.1kts  (26900 samples)
[ 5890.2s] FPS=30.2  CPU=18.01ms  GPU=15.11ms  Lat=-34.156681  GS=188.9kts  (26946 samples)
[ 5900.4s] FPS=29.5  CPU=19.22ms  GPU=14.69ms  Lat=-34.147732  GS=189.4kts  (26993 samples)
[ 5910.5s] FPS=29.2  CPU=18.81ms  GPU=15.48ms  Lat=-34.138912  GS=190.2kts  (27040 samples)
[ 5920.6s] FPS=29.3  CPU=18.21ms  GPU=15.89ms  Lat=-34.130077  GS=189.4kts  (27087 samples)
[ 5930.7s] FPS=29.5  CPU=18.03ms  GPU=15.89ms  Lat=-34.121597  GS=178.7kts  (27134 samples)
[ 5940.7s] FPS=29.8  CPU=17.09ms  GPU=16.50ms  Lat=-34.113613  GS=172.2kts  (27180 samples)
[ 5950.9s] FPS=29.8  CPU=17.54ms  GPU=15.98ms  Lat=-34.105892  GS=163.5kts  (27227 samples)
[ 5961.0s] FPS=30.1  CPU=17.81ms  GPU=15.45ms  Lat=-34.098454  GS=162.1kts  (27274 samples)
[ 5971.1s] FPS=29.7  CPU=17.13ms  GPU=16.56ms  Lat=-34.091091  GS=161.7kts  (27321 samples)
[ 5981.2s] FPS=29.4  CPU=17.81ms  GPU=16.20ms  Lat=-34.083702  GS=160.9kts  (27367 samples)
[ 5991.3s] FPS=30.0  CPU=16.82ms  GPU=16.48ms  Lat=-34.076519  GS=151.7kts  (27414 samples)
[ 6001.3s] FPS=30.4  CPU=18.81ms  GPU=14.10ms  Lat=-34.069771  GS=143.7kts  (27460 samples)
[ 6011.5s] FPS=29.7  CPU=16.47ms  GPU=17.21ms  Lat=-34.063320  GS=136.7kts  (27507 samples)
[ 6021.6s] FPS=29.7  CPU=17.01ms  GPU=16.61ms  Lat=-34.057091  GS=136.1kts  (27553 samples)
[ 6031.7s] FPS=30.2  CPU=15.92ms  GPU=17.17ms  Lat=-34.050892  GS=135.9kts  (27599 samples)
[ 6041.8s] FPS=29.8  CPU=17.14ms  GPU=16.47ms  Lat=-34.044624  GS=135.6kts  (27645 samples)
[ 6051.8s] FPS=30.2  CPU=15.09ms  GPU=18.00ms  Lat=-34.038475  GS=135.4kts  (27691 samples)
[ 6062.0s] FPS=30.0  CPU=16.10ms  GPU=17.29ms  Lat=-34.032188  GS=135.2kts  (27738 samples)
[ 6072.2s] FPS=39.5  CPU=9.63ms  GPU=15.71ms  Lat=-34.025917  GS=135.2kts  (27785 samples)
[ 6082.3s] FPS=30.3  CPU=13.35ms  GPU=19.63ms  Lat=-34.019665  GS=135.1kts  (27832 samples)
[ 6092.5s] FPS=29.7  CPU=15.19ms  GPU=18.49ms  Lat=-34.013458  GS=134.7kts  (27878 samples)
[ 6102.5s] FPS=29.6  CPU=15.20ms  GPU=18.55ms  Lat=-34.007343  GS=134.5kts  (27924 samples)
[ 6112.6s] FPS=29.6  CPU=14.93ms  GPU=18.90ms  Lat=-34.001083  GS=134.1kts  (27970 samples)
[ 6122.6s] FPS=29.6  CPU=14.96ms  GPU=18.85ms  Lat=-33.994915  GS=134.0kts  (28016 samples)
[ 6132.7s] FPS=30.1  CPU=14.71ms  GPU=18.53ms  Lat=-33.988659  GS=133.7kts  (28062 samples)
[ 6142.8s] FPS=30.4  CPU=14.45ms  GPU=18.49ms  Lat=-33.982491  GS=133.7kts  (28109 samples)
[ 6152.9s] FPS=29.5  CPU=14.12ms  GPU=19.82ms  Lat=-33.976425  GS=133.2kts  (28155 samples)
[ 6163.0s] FPS=30.2  CPU=13.16ms  GPU=19.98ms  Lat=-33.970367  GS=132.5kts  (28201 samples)
[ 6173.1s] FPS=30.7  CPU=11.90ms  GPU=20.66ms  Lat=-33.964325  GS=131.4kts  (28247 samples)
[ 6183.1s] FPS=29.4  CPU=12.33ms  GPU=21.65ms  Lat=-33.958469  GS=119.9kts  (28293 samples)
[ 6193.3s] FPS=30.4  CPU=9.09ms  GPU=23.85ms  Lat=-33.953613  GS=92.8kts  (28339 samples)
[ 6203.4s] FPS=29.9  CPU=8.98ms  GPU=24.44ms  Lat=-33.949554  GS=84.6kts  (28385 samples)
[ 6213.6s] FPS=29.8  CPU=7.98ms  GPU=25.55ms  Lat=-33.946384  GS=50.7kts  (28432 samples)
[ 6223.6s] FPS=29.2  CPU=8.59ms  GPU=25.61ms  Lat=-33.944839  GS=17.5kts  (28478 samples)
[ 6233.9s] FPS=29.9  CPU=7.76ms  GPU=25.72ms  Lat=-33.944637  GS=0.0kts  (28525 samples)
[ 6244.1s] FPS=23.7  CPU=16.98ms  GPU=25.28ms  Lat=-33.944637  GS=0.0kts  (28572 samples)
[ 6254.2s] FPS=30.3  CPU=8.29ms  GPU=24.70ms  Lat=-33.944637  GS=0.0kts  (28619 samples)
[ 6264.2s] FPS=28.9  CPU=9.79ms  GPU=24.78ms  Lat=-33.944637  GS=0.0kts  (28666 samples)
[ 6274.2s] FPS=31.7  CPU=5.99ms  GPU=25.52ms  Lat=-33.944637  GS=0.0kts  (28713 samples)
[ 6284.3s] FPS=26.4  CPU=13.45ms  GPU=24.40ms  Lat=-33.944637  GS=0.0kts  (28760 samples)
[ 6294.5s] FPS=28.0  CPU=10.66ms  GPU=25.09ms  Lat=-33.944637  GS=0.0kts  (28807 samples)
[ 6304.6s] FPS=24.6  CPU=16.61ms  GPU=24.02ms  Lat=-33.944405  GS=8.1kts  (28853 samples)
[ 6314.6s] FPS=27.6  CPU=12.31ms  GPU=23.88ms  Lat=-33.944317  GS=0.0kts  (28899 samples)
[ 6324.7s] FPS=30.0  CPU=9.15ms  GPU=24.15ms  Lat=-33.944317  GS=0.0kts  (28946 samples)
[ 6334.8s] FPS=28.2  CPU=11.26ms  GPU=24.24ms  Lat=-33.944313  GS=0.5kts  (28992 samples)
[ 6344.9s] FPS=29.0  CPU=9.39ms  GPU=25.09ms  Lat=-33.943901  GS=16.0kts  (29039 samples)
[ 6355.0s] FPS=30.0  CPU=9.35ms  GPU=23.95ms  Lat=-33.943062  GS=18.8kts  (29086 samples)
[ 6365.2s] FPS=34.3  CPU=5.73ms  GPU=23.41ms  Lat=-33.942207  GS=18.6kts  (29132 samples)
[ 6375.2s] FPS=30.3  CPU=9.70ms  GPU=23.36ms  Lat=-33.941750  GS=0.0kts  (29179 samples)
[ 6385.3s] FPS=29.4  CPU=10.91ms  GPU=23.12ms  Lat=-33.941750  GS=0.0kts  (29227 samples)
[ 6395.4s] FPS=30.3  CPU=9.62ms  GPU=23.41ms  Lat=-33.941750  GS=0.0kts  (29272 samples)
[ 6405.5s] FPS=34.4  CPU=5.37ms  GPU=23.71ms  Lat=-33.941750  GS=0.0kts  (29318 samples)
[ 6415.6s] FPS=28.2  CPU=12.85ms  GPU=22.61ms  Lat=-33.941750  GS=0.0kts  (29364 samples)
[ 6425.7s] FPS=28.6  CPU=11.50ms  GPU=23.47ms  Lat=-33.941750  GS=0.0kts  (29410 samples)
[ 6435.8s] FPS=29.5  CPU=10.56ms  GPU=23.31ms  Lat=-33.941750  GS=0.1kts  (29456 samples)
[ 6445.8s] FPS=26.3  CPU=14.07ms  GPU=24.00ms  Lat=-33.941635  GS=8.7kts  (29502 samples)
[ 6455.8s] FPS=30.0  CPU=10.23ms  GPU=23.08ms  Lat=-33.940872  GS=23.7kts  (29548 samples)
[ 6466.0s] FPS=30.8  CPU=10.19ms  GPU=22.31ms  Lat=-33.939770  GS=22.6kts  (29595 samples)
[ 6476.0s] FPS=28.6  CPU=12.25ms  GPU=22.69ms  Lat=-33.939396  GS=0.2kts  (29641 samples)
[ 6486.1s] FPS=29.4  CPU=10.00ms  GPU=23.96ms  Lat=-33.939396  GS=0.0kts  (29687 samples)
[ 6496.2s] FPS=30.2  CPU=10.13ms  GPU=23.03ms  Lat=-33.939396  GS=0.0kts  (29734 samples)
[ 6506.3s] FPS=28.1  CPU=11.54ms  GPU=24.08ms  Lat=-33.939396  GS=0.0kts  (29780 samples)
[ 6516.5s] FPS=44.9  CPU=0.00ms  GPU=23.92ms  Lat=-33.939396  GS=0.0kts  (29826 samples)
[ 6526.7s] FPS=30.6  CPU=8.82ms  GPU=23.81ms  Lat=-33.939396  GS=0.0kts  (29873 samples)
[ 6536.9s] FPS=29.3  CPU=10.22ms  GPU=23.87ms  Lat=-33.939396  GS=0.0kts  (29920 samples)
[ 6547.0s] FPS=29.9  CPU=8.75ms  GPU=24.74ms  Lat=-33.939396  GS=0.0kts  (29966 samples)
[ 6557.1s] FPS=30.8  CPU=7.98ms  GPU=24.48ms  Lat=-33.939388  GS=1.0kts  (30012 samples)
[ 6567.1s] FPS=29.4  CPU=9.59ms  GPU=24.47ms  Lat=-33.938774  GS=21.6kts  (30058 samples)
[ 6577.2s] FPS=29.6  CPU=10.16ms  GPU=23.58ms  Lat=-33.937786  GS=21.3kts  (30105 samples)
[ 6587.5s] FPS=29.2  CPU=8.60ms  GPU=25.60ms  Lat=-33.937267  GS=0.1kts  (30154 samples)
[ 6597.5s] FPS=25.6  CPU=14.80ms  GPU=24.25ms  Lat=-33.937267  GS=0.0kts  (30203 samples)
[ 6607.7s] FPS=29.7  CPU=9.63ms  GPU=24.02ms  Lat=-33.937267  GS=0.0kts  (30252 samples)
[ 6617.9s] FPS=31.5  CPU=8.07ms  GPU=23.68ms  Lat=-33.937267  GS=0.0kts  (30298 samples)
[ 6628.1s] FPS=33.2  CPU=7.62ms  GPU=22.54ms  Lat=-33.937267  GS=0.0kts  (30344 samples)
[ 6638.2s] FPS=30.3  CPU=9.59ms  GPU=23.45ms  Lat=-33.937267  GS=0.0kts  (30391 samples)
[ 6648.3s] FPS=29.6  CPU=8.62ms  GPU=25.19ms  Lat=-33.937267  GS=0.0kts  (30437 samples)
[ 6658.4s] FPS=32.6  CPU=6.75ms  GPU=23.96ms  Lat=-33.937267  GS=0.0kts  (30483 samples)
[ 6668.5s] FPS=28.2  CPU=10.51ms  GPU=24.89ms  Lat=-33.937267  GS=0.0kts  (30529 samples)
[ 6678.7s] FPS=30.3  CPU=8.91ms  GPU=24.09ms  Lat=-33.937267  GS=0.0kts  (30575 samples)
[ 6688.8s] FPS=29.1  CPU=11.23ms  GPU=23.19ms  Lat=-33.937267  GS=0.0kts  (30621 samples)
[ 6698.8s] FPS=32.1  CPU=6.86ms  GPU=24.25ms  Lat=-33.937267  GS=0.0kts  (30667 samples)
[ 6709.0s] FPS=28.8  CPU=11.28ms  GPU=23.39ms  Lat=-33.937267  GS=0.0kts  (30713 samples)
[ 6719.1s] FPS=30.4  CPU=11.26ms  GPU=21.67ms  Lat=-33.937267  GS=0.0kts  (30759 samples)
[ 6729.3s] FPS=29.6  CPU=9.87ms  GPU=23.94ms  Lat=-33.937267  GS=0.0kts  (30805 samples)
[ 6739.3s] FPS=34.5  CPU=4.97ms  GPU=23.98ms  Lat=-33.937267  GS=0.0kts  (30851 samples)
[ 6749.5s] FPS=30.2  CPU=9.34ms  GPU=23.78ms  Lat=-33.937267  GS=0.0kts  (30898 samples)
[ 6759.5s] FPS=29.8  CPU=9.22ms  GPU=24.31ms  Lat=-33.937267  GS=0.0kts  (30944 samples)
[ 6769.7s] FPS=30.0  CPU=8.96ms  GPU=24.35ms  Lat=-33.937267  GS=0.0kts  (30991 samples)
[ 6780.0s] FPS=23.5  CPU=18.93ms  GPU=23.61ms  Lat=-33.937267  GS=0.0kts  (31038 samples)
[ 6790.1s] FPS=29.4  CPU=11.43ms  GPU=22.57ms  Lat=-33.937267  GS=0.0kts  (31085 samples)
[ 6800.2s] FPS=29.6  CPU=10.29ms  GPU=23.51ms  Lat=-33.937263  GS=0.3kts  (31131 samples)
[ 6810.3s] FPS=29.6  CPU=7.47ms  GPU=26.31ms  Lat=-33.937054  GS=8.3kts  (31177 samples)
[ 6820.4s] FPS=26.7  CPU=11.24ms  GPU=26.28ms  Lat=-33.936573  GS=14.4kts  (31225 samples)
[ 6830.4s] FPS=31.7  CPU=6.64ms  GPU=24.88ms  Lat=-33.935970  GS=13.9kts  (31273 samples)
[ 6840.6s] FPS=30.1  CPU=8.89ms  GPU=24.38ms  Lat=-33.935493  GS=6.4kts  (31321 samples)
[ 6850.7s] FPS=28.7  CPU=7.55ms  GPU=27.29ms  Lat=-33.935478  GS=6.7kts  (31369 samples)
[ 6860.8s] FPS=27.6  CPU=6.14ms  GPU=30.15ms  Lat=-33.935570  GS=3.1kts  (31417 samples)
[ 6871.0s] FPS=29.6  CPU=4.19ms  GPU=29.61ms  Lat=-33.935593  GS=1.4kts  (31466 samples)
[ 6881.1s] FPS=31.3  CPU=2.48ms  GPU=29.48ms  Lat=-33.935604  GS=1.0kts  (31515 samples)
[ 6891.2s] FPS=26.9  CPU=7.73ms  GPU=29.40ms  Lat=-33.935604  GS=0.0kts  (31563 samples)
[ 6901.3s] FPS=26.7  CPU=7.93ms  GPU=29.50ms  Lat=-33.935604  GS=0.0kts  (31610 samples)
[ 6911.4s] FPS=28.0  CPU=6.03ms  GPU=29.65ms  Lat=-33.935604  GS=0.0kts  (31657 samples)
[ 6921.4s] FPS=28.3  CPU=6.58ms  GPU=28.81ms  Lat=-33.935604  GS=0.0kts  (31705 samples)
[ 6931.4s] FPS=28.9  CPU=5.66ms  GPU=28.89ms  Lat=-33.935604  GS=0.0kts  (31751 samples)
[ 6941.5s] FPS=30.6  CPU=4.19ms  GPU=28.50ms  Lat=-33.935604  GS=0.0kts  (31798 samples)
[ 6951.5s] FPS=27.0  CPU=8.12ms  GPU=28.89ms  Lat=-33.935604  GS=0.0kts  (31845 samples)
[ 6961.6s] FPS=27.7  CPU=7.14ms  GPU=29.00ms  Lat=-33.935604  GS=0.0kts  (31887 samples)
[ 6971.8s] FPS=27.4  CPU=9.04ms  GPU=27.40ms  Lat=-33.935604  GS=0.0kts  (31934 samples)
[ 6981.9s] FPS=32.5  CPU=2.92ms  GPU=27.85ms  Lat=-33.935604  GS=0.0kts  (31981 samples)
[ 6992.0s] FPS=28.6  CPU=6.63ms  GPU=28.39ms  Lat=-33.935604  GS=0.0kts  (32027 samples)
[ 7002.1s] FPS=24.8  CPU=13.89ms  GPU=26.38ms  Lat=-33.935604  GS=0.0kts  (32074 samples)
[ 7012.2s] FPS=29.6  CPU=4.20ms  GPU=29.53ms  Lat=-33.935604  GS=0.0kts  (32122 samples)
[ 7022.2s] FPS=30.6  CPU=3.32ms  GPU=29.39ms  Lat=-33.935604  GS=0.0kts  (32169 samples)
[ 7032.3s] FPS=30.8  CPU=7.46ms  GPU=25.03ms  Lat=-33.935604  GS=0.0kts  (32214 samples)
[ 7042.4s] FPS=28.0  CPU=8.59ms  GPU=27.13ms  Lat=-33.935604  GS=0.0kts  (32260 samples)
[ 7052.5s] FPS=29.5  CPU=4.80ms  GPU=29.05ms  Lat=-33.935604  GS=0.0kts  (32307 samples)
[ 7062.7s] FPS=27.5  CPU=5.87ms  GPU=30.46ms  Lat=-33.935604  GS=0.0kts  (32354 samples)
[ 7072.7s] FPS=27.1  CPU=7.29ms  GPU=29.58ms  Lat=-33.935604  GS=0.0kts  (32399 samples)
[ 7082.8s] FPS=29.4  CPU=5.61ms  GPU=28.37ms  Lat=-33.935604  GS=0.0kts  (32447 samples)
[ 7092.9s] FPS=36.2  CPU=9.42ms  GPU=18.22ms  Lat=-33.977146  GS=133.3kts  (32492 samples)
[ 7102.9s] FPS=39.4  CPU=6.69ms  GPU=18.71ms  Lat=-33.971111  GS=132.6kts  (32538 samples)
[ 7113.0s] FPS=29.8  CPU=16.35ms  GPU=17.18ms  Lat=-33.965088  GS=131.6kts  (32584 samples)
[ 7123.0s] FPS=28.8  CPU=15.38ms  GPU=19.38ms  Lat=-33.959190  GS=123.2kts  (32630 samples)
[ 7133.1s] FPS=29.8  CPU=10.48ms  GPU=23.08ms  Lat=-33.954220  GS=94.1kts  (32676 samples)
[ 7143.2s] FPS=49.9  CPU=3.81ms  GPU=16.25ms  Lat=-34.012806  GS=134.7kts  (32723 samples)
[ 7153.3s] FPS=29.1  CPU=17.78ms  GPU=16.54ms  Lat=-34.006733  GS=134.5kts  (32769 samples)
[ 7163.3s] FPS=30.0  CPU=16.30ms  GPU=17.04ms  Lat=-34.000645  GS=134.1kts  (32815 samples)
[ 7173.5s] FPS=39.1  CPU=6.35ms  GPU=19.22ms  Lat=-33.994465  GS=134.0kts  (32862 samples)
[ 7183.6s] FPS=30.6  CPU=14.93ms  GPU=17.79ms  Lat=-33.988354  GS=133.7kts  (32909 samples)
[ 7193.7s] FPS=29.6  CPU=16.64ms  GPU=17.20ms  Lat=-33.982265  GS=133.6kts  (32955 samples)
[ 7203.8s] FPS=30.7  CPU=14.79ms  GPU=17.78ms  Lat=-33.976170  GS=133.2kts  (33001 samples)
[ 7213.9s] FPS=29.5  CPU=16.26ms  GPU=17.65ms  Lat=-33.970093  GS=132.4kts  (33047 samples)
[ 7224.0s] FPS=30.8  CPU=13.88ms  GPU=18.56ms  Lat=-33.964081  GS=131.4kts  (33093 samples)
[ 7234.1s] FPS=29.5  CPU=14.02ms  GPU=19.93ms  Lat=-33.958214  GS=118.9kts  (33139 samples)
[ 7244.2s] FPS=29.6  CPU=14.02ms  GPU=19.79ms  Lat=-33.953468  GS=92.8kts  (33185 samples)
[ 7254.4s] FPS=29.8  CPU=12.50ms  GPU=21.03ms  Lat=-33.949356  GS=83.0kts  (33232 samples)
[ 7264.6s] FPS=26.8  CPU=12.92ms  GPU=24.39ms  Lat=-33.935604  GS=0.0kts  (33279 samples)
[ 7274.8s] FPS=30.1  CPU=7.52ms  GPU=25.73ms  Lat=-33.935604  GS=0.0kts  (33326 samples)
[ 7284.9s] FPS=26.3  CPU=12.14ms  GPU=25.89ms  Lat=-33.935604  GS=0.0kts  (33372 samples)
  3 consecutive timeouts
Re-subscribing (X-Plane may have restarted)...
Subscribing to 13 datarefs at 5 Hz...
  [ 0] frame_time_s              = sim/operation/misc/frame_rate_period
  [ 1] gpu_time_s                = sim/time/gpu_time_per_frame_sec_approx
  [ 2] framerate_period_s        = sim/time/framerate_period
  [ 3] lat                       = sim/flightmodel/position/latitude
  [ 4] lon                       = sim/flightmodel/position/longitude
  [ 5] elev_m                    = sim/flightmodel/position/elevation
  [ 6] agl_m                     = sim/flightmodel/position/y_agl
  [ 7] gs_ms                     = sim/flightmodel/position/groundspeed
  [ 8] ias_ms                    = sim/flightmodel/position/indicated_airspeed
  [ 9] tas_ms                    = sim/flightmodel/position/true_airspeed
  [10] sim_time_s                = sim/time/total_running_time_sec
  [11] paused                    = sim/time/paused
  [12] sim_speed                 = sim/time/sim_speed
  No response (attempt 1), retrying in 2s...
  No response (attempt 2), retrying in 2s...
  No response (attempt 3), retrying in 2s...
  No response (attempt 4), retrying in 3s...
  No response (attempt 5), retrying in 4s...
  No response (attempt 6), retrying in 4s...
